[ 2022-02-15T17:58:16.524730900Z ] MOVE | white P e2 e4 | rnbqkbnr/pppppppp/8/8/4P3/8/PPPP1PPP/RNBQKBNR b KQkq - 0 1
[ 2022-02-15T17:58:17.855489Z ] MOVE | black p e7 e5 | rnbqkbnr/pppp1ppp/8/4p3/4P3/8/PPPP1PPP/RNBQKBNR w KQkq - 0 2
[ 2022-02-15T17:58:25.501247100Z ] MOVE | white P d2 d4 | rnbqkbnr/pppp1ppp/8/4p3/3PP3/8/PPP2PPP/RNBQKBNR b KQkq - 0 2
[ 2022-02-15T17:58:31.320892700Z ] MOVE | black p d7 d6 | rnbqkbnr/ppp2ppp/3p4/4p3/3PP3/8/PPP2PPP/RNBQKBNR w KQkq - 0 3
[ 2022-02-15T17:58:32.906610700Z ] MOVE | white P d4 d5 | rnbqkbnr/ppp2ppp/3p4/3Pp3/4P3/8/PPP2PPP/RNBQKBNR b KQkq - 0 3
[ 2022-02-15T17:58:39.519531100Z ] MOVE | black n g8 f6 | rnbqkb1r/ppp2ppp/3p1n2/3Pp3/4P3/8/PPP2PPP/RNBQKBNR w KQkq - 1 4
[ 2022-02-15T17:58:40.501592700Z ] MOVE | white P c2 c4 | rnbqkb1r/ppp2ppp/3p1n2/3Pp3/2P1P3/8/PP3PPP/RNBQKBNR b KQkq - 0 4
[ 2022-02-15T17:58:45.111651400Z ] MOVE | black n f6 e4 | rnbqkb1r/ppp2ppp/3p4/3Pp3/2P1n3/8/PP3PPP/RNBQKBNR w KQkq - 0 5
[ 2022-02-15T17:59:08.089858500Z ] MOVE | white Q d1 g4 | rnbqkb1r/ppp2ppp/3p4/3Pp3/2P1n1Q1/8/PP3PPP/RNB1KBNR b KQkq - 1 5
[ 2022-02-15T17:59:09.505920500Z ] MOVE | black b c8 g4 | rn1qkb1r/ppp2ppp/3p4/3Pp3/2P1n1b1/8/PP3PPP/RNB1KBNR w KQkq - 0 6
[ 2022-02-15T17:59:11.013254900Z ] MOVE | white P f2 f3 | rn1qkb1r/ppp2ppp/3p4/3Pp3/2P1n1b1/5P2/PP4PP/RNB1KBNR b KQkq - 0 6
[ 2022-02-15T17:59:12.437820200Z ] MOVE | black n e4 f6 | rn1qkb1r/ppp2ppp/3p1n2/3Pp3/2P3b1/5P2/PP4PP/RNB1KBNR w KQkq - 1 7
[ 2022-02-15T17:59:13.282499700Z ] MOVE | white P f3 g4 | rn1qkb1r/ppp2ppp/3p1n2/3Pp3/2P3P1/8/PP4PP/RNB1KBNR b KQkq - 0 7
[ 2022-02-15T17:59:16.119290600Z ] MOVE | black n f6 g4 | rn1qkb1r/ppp2ppp/3p4/3Pp3/2P3n1/8/PP4PP/RNB1KBNR w KQkq - 0 8
[ 2022-02-15T17:59:17.363897200Z ] MOVE | white P h2 h3 | rn1qkb1r/ppp2ppp/3p4/3Pp3/2P3n1/7P/PP4P1/RNB1KBNR b KQkq - 0 8
[ 2022-02-15T17:59:19.557006600Z ] MOVE | black n g4 f6 | rn1qkb1r/ppp2ppp/3p1n2/3Pp3/2P5/7P/PP4P1/RNB1KBNR w KQkq - 1 9
[ 2022-02-15T17:59:20.522759600Z ] MOVE | white P b2 b3 | rn1qkb1r/ppp2ppp/3p1n2/3Pp3/2P5/1P5P/P5P1/RNB1KBNR b KQkq - 0 9
[ 2022-02-15T17:59:21.499816600Z ] MOVE | black p e5 e4 | rn1qkb1r/ppp2ppp/3p1n2/3P4/2P1p3/1P5P/P5P1/RNB1KBNR w KQkq - 0 10
[ 2022-02-15T17:59:23.105039700Z ] MOVE | white B c1 g5 | rn1qkb1r/ppp2ppp/3p1n2/3P2B1/2P1p3/1P5P/P5P1/RN2KBNR b KQkq - 1 10
[ 2022-02-15T17:59:29.347301900Z ] MOVE | black q d8 d7 | rn2kb1r/pppq1ppp/3p1n2/3P2B1/2P1p3/1P5P/P5P1/RN2KBNR w KQkq - 2 11
[ 2022-02-15T17:59:30.412094200Z ] MOVE | white B g5 f6 | rn2kb1r/pppq1ppp/3p1B2/3P4/2P1p3/1P5P/P5P1/RN2KBNR b KQkq - 0 11
[ 2022-02-15T17:59:31.010094Z ] MOVE | black p g7 f6 | rn2kb1r/pppq1p1p/3p1p2/3P4/2P1p3/1P5P/P5P1/RN2KBNR w KQkq - 0 12
[ 2022-02-15T17:59:33.189809100Z ] MOVE | white B f1 e2 | rn2kb1r/pppq1p1p/3p1p2/3P4/2P1p3/1P5P/P3B1P1/RN2K1NR b KQkq - 1 12
[ 2022-02-15T17:59:33.704808500Z ] MOVE | black p e4 e3 | rn2kb1r/pppq1p1p/3p1p2/3P4/2P5/1P2p2P/P3B1P1/RN2K1NR w KQkq - 0 13
[ 2022-02-15T17:59:37.675712600Z ] MOVE | white N b1 c3 | rn2kb1r/pppq1p1p/3p1p2/3P4/2P5/1PN1p2P/P3B1P1/R3K1NR b KQkq - 1 13
[ 2022-02-15T17:59:40.692010800Z ] MOVE | black p f6 f5 | rn2kb1r/pppq1p1p/3p4/3P1p2/2P5/1PN1p2P/P3B1P1/R3K1NR w KQkq - 0 14
[ 2022-02-15T17:59:42.194614300Z ] MOVE | white B e2 h5 | rn2kb1r/pppq1p1p/3p4/3P1p1B/2P5/1PN1p2P/P5P1/R3K1NR b KQkq - 1 14
[ 2022-02-15T17:59:43.248154700Z ] MOVE | black p e3 e2 | rn2kb1r/pppq1p1p/3p4/3P1p1B/2P5/1PN4P/P3p1P1/R3K1NR w KQkq - 0 15
[ 2022-02-15T17:59:44.016242Z ] MOVE | white N c3 e2 | rn2kb1r/pppq1p1p/3p4/3P1p1B/2P5/1P5P/P3N1P1/R3K1NR b KQkq - 0 15
