white win | rnb1qrQ1/8/p1pb1p1p/4k1P1/1p1PPp2/1P2p2P/PRP1N1B1/2BK2N1 b - - 0 30
white win | 6nr/1B2r1pq/2p5/P2PN2p/4k2R/4N1B1/1n3PP1/K4R2 b - - 5 52
black win | 3kbb1r/4p3/4Pp2/p5P1/p6P/1qp2N2/2K4R/1rn3B1 w - - 4 48
draw by insufficient material | 8/5k2/8/2n5/6K1/8/8/8 b - - 0 129
white win | 1nbqkbn1/r2pp1pr/pp3pB1/8/QPp2P1P/2P1P1pR/P2P4/RNB1K1N1 b Q - 2 14
white win | r3Bb1r/pb3B2/1pnk2Q1/1PpN2B1/2P4p/N5P1/P1K2P1P/R3R3 b - - 2 31
draw by insufficient material | 1N6/8/8/8/8/8/k5K1/8 b - - 0 207
white win | 2k4R/8/2K5/8/8/8/6n1/8 b - - 54 147
white win | rnbk1Qnr/1ppp2p1/p6p/2P1p3/8/4P3/PP1P1PqP/RNB1KBNR b KQ - 0 8
white win | kb6/p7/1nB4B/1p3B2/1P2P1Pp/b1K4N/1P6/5b2 b - - 2 55
draw by insufficient material | 7N/8/8/8/6K1/8/2k5/8 b - - 0 189
draw by insufficient material | 2bK4/8/8/8/8/7k/8/8 w - - 0 192
draw by insufficient material | 8/1N2k3/8/8/8/8/2K5/8 b - - 0 192
white win | 8/n3R3/6b1/1PK1k1P1/4Pp1R/2p5/4B3/R1B3N1 b - - 2 60
black win | r1b1kbnr/p1pp1ppp/n7/1p2p3/5PPq/1P5P/P1PPP3/RNBQKBNR w KQkq - 1 5
draw by insufficient material | 8/7k/8/8/7K/8/8/8 b - - 0 117
black win | 1r1qk1nr/ppp3p1/1B1Qp1P1/n2P1p2/b4b1p/3P3P/P3PP2/3KRBNR w - - 5 23
white win | 2nR2k1/4Q3/8/5ppp/p7/7r/8/5K2 b - - 4 92
draw by insufficient material | 8/8/8/2k5/8/8/6K1/8 w - - 0 193
white win | R7/1k1R4/p5P1/P4P2/4B3/2pp4/7K/8 b - - 0 88
white win | 1R3kn1/3p4/3N1P2/2P4P/3K2p1/P1Q5/2b5/2B3r1 b - - 0 58
white win | r6B/1n1B1kQ1/p3b3/Ppp3pp/8/3P1P2/1PR4P/1NK4R b - - 4 44
white win | rnq2b1r/8/p3p2n/PPpkPpP1/2B2Pb1/2P3p1/3N4/R1B1N1KR b - - 0 33
white win | 2Qr4/k7/7p/2B4P/p7/2K2p2/3n4/8 b - - 2 91
black win | B6b/3P4/4bk2/4p1p1/2P2r2/7K/8/6q1 w - - 3 94
black win | 1rb2b1r/pp1p2kp/1Q5n/4pp1R/N2pB3/3KP3/q4PP1/2n5 w - - 2 32
black win | 5rrk/3n4/4p3/p2pr3/3P1K2/R7/1BR4p/8 w - - 4 75
draw by 50 move rule | 5R2/8/4k3/8/8/8/8/5K2 b - - 100 250
black win | 3k3r/2p2b2/3p2pn/3P4/1P1P2pP/2PRB1R1/r1q4b/2K4B w - - 12 40
black win | 2b1kr2/r2ppp2/1p4p1/2p1PB1p/2PQ3n/p3Kq2/PP1P4/RNB5 w - - 0 29
white win | 5b2/r2p4/bBnkB3/p1Q3pr/4Rp1P/R1K2p2/1P6/8 b - - 13 44
black win | 1Q6/3k1r2/5n1b/4p1pp/3pP3/RPnP4/1Q2NP1P/3qK2R w K - 0 29
black win | 7B/N2k4/Kp1n4/7p/1r5P/3P4/r7/8 w - - 0 89
white win | 2b2bn1/r2n1kp1/3pQ3/1pp2P1r/N2R2pP/P1PP1N1B/8/2BK2R1 b - - 1 33
white win | 2R4k/8/n4P1P/3P4/8/1P6/p4K2/1B5r b - - 3 105
black win | 8/5k2/2p4R/8/4q3/1p3K2/8/4q3 w - - 4 86
black win | 1k6/4p3/2R1P3/P3R2P/1p1P1bp1/8/7K/5q2 w - - 2 94
white win | B7/kQ6/1p3N2/r6P/5pp1/3ppPR1/6K1/8 b - - 0 89
white win | 8/PN1Q4/8/4k3/3Q4/7K/8/8 b - - 4 160
draw by insufficient material | 8/6k1/8/4B3/6K1/8/8/8 b - - 0 118
white win | rkQ5/pB6/P6n/1P5P/5pN1/3b4/1b1B1K2/8 b - - 0 51
white win | 6n1/1r2R3/1P1k4/2Q4R/P3bP2/P2p2N1/8/B3K3 b - - 0 49
black win | 3k4/6r1/7r/1B1P4/p2RP2K/P5pp/7P/6b1 w - - 5 61
white win | 1r2qr2/1bppkp2/1pn2Q2/p3P3/2P2P2/N5Pn/PP4BP/R3K1NR b - - 6 19
white win | R7/4n1b1/4p2P/4P3/2Rp1r2/k2p1P1K/Bp6/1R6 b - - 5 74
white win | r1bqkbr1/1ppnpB1p/8/p5p1/4n1P1/4pQN1/PPPP1P1P/R1B1K1NR b Kq - 0 10
black win | 8/1p2b1r1/3p4/pP1k2pR/n2Pb1p1/P1P1KqP1/5r2/1N2R3 w - - 14 50
black win | 3kr3/8/3P4/1p1n1p1p/5pP1/p3q2P/n4KR1/1R2r1N1 w - - 2 56
white win | r1bk2R1/1R6/1P6/p2ppBPr/n2P1P1p/8/3K4/1N4N1 b - - 2 54
white win | 8/8/8/4r3/3B4/3K4/8/R3kN2 b - - 0 135
draw by insufficient material | 8/7b/8/8/5k2/8/5K2/8 b - - 0 218
white win | 3Nqr2/2r1p3/1P3Pk1/2p3Pp/p1p1QK1p/2BP1R2/P5B1/R1N3b1 b - - 4 52
white win | 1q6/1nr2r2/p3kppn/1Q1p1p1p/1b1P1B1P/7B/PP2RK2/8 b - - 1 40
black win | 3k3r/8/5n2/7B/p2P3p/8/5rn1/1q1K4 w - - 0 72
black win | 7r/3bp2p/np2k1p1/1pr5/p3p3/P1PnP3/1K5q/RB3R2 w - - 6 46
black win | r1b2b1r/p2qpk2/np6/K1p2p1n/1P1p1P1p/P2P3P/R1PQ3R/1NB2BN1 w - - 0 18
black win | rn2kbr1/1p2pp1p/2p2nP1/p2P4/PP4b1/8/N1QPP1P1/R1BK1q2 w q - 0 15
white win | 2k3R1/2rpB3/3p1p2/n6B/p2pP3/P6r/3q3P/1RBb1K2 b - - 0 45
black win | 2N5/5k2/p7/P5nr/1B1b4/p5P1/4q3/2N3K1 w - - 0 68
draw by insufficient material | 5k2/8/3K4/8/8/8/8/8 w - - 0 201
white win | 3k1Q2/1rrq4/1np1p1p1/p1P5/3RBPPp/PP6/2K2PR1/1N6 b - - 8 49
draw by insufficient material | 6k1/8/8/2K5/8/8/8/7b w - - 0 229
black win | 1r1qkbr1/Q1pbpp2/p6p/P2p2p1/8/R1P1n3/1PnPPP2/1NB1KBNR w K - 3 16
black win | 3r2nr/q3p3/1p2kp2/p1P3pp/bP3bKP/B1N1pNPB/1R6/7R w - h6 0 33
white win | k7/Q7/pp1rP3/1N1n2P1/2p2BP1/1n3B2/PP2K2P/1r6 b - - 7 46
black win | 1b6/8/8/2r3Pk/1p2p3/5p2/8/3r3K w - - 3 100
black win | 1n6/6pk/1N1B1P1p/1p1B3n/6PP/1p6/r7/1b2r1K1 w - - 0 45
white win | N3k1QB/2R2p2/1P5P/3Pbn2/1P6/1b6/6K1/8 b - - 14 69
black win | r1bk3b/7P/2pP1p2/1Pn2P1R/2n1P1P1/N5R1/1q6/1K5B w - - 0 60
black win | rnb1kbnr/p1p2ppp/1p1p4/P3p3/4q3/N7/RPPPKPPP/2BQ1B1R w kq - 0 10
black win | r3kb1r/p1p1pp1p/8/6P1/Pp2p1n1/4Bb1N/1PPqnK1P/1N1R1B1R w - - 4 20
white win | 4rb1N/3b4/pp1p2Qk/5p1p/B1p3p1/P1P2nPP/5PR1/6RK b - - 3 42
draw by insufficient material | 5k2/8/8/8/8/8/2K5/8 b - - 0 206
white win | 2R2k2/5p2/K4P2/P7/7P/2B5/b7/7N b - - 0 75
black win | 5b1r/P4bp1/3Pkn2/2B1p1Pp/2p1p2P/1r2KP2/nq6/5N2 w - - 5 54
draw by 50 move rule | K2k4/8/6p1/6P1/6P1/8/8/8 b - - 100 234
black win | 1r3kn1/pbQ5/5B1b/1PpN3p/1P3P1P/3P2Kp/4BNq1/5Rn1 w - - 0 35
black win | k7/8/8/1P2BP1p/3P3p/8/4r3/2r4K w - - 1 81
white win | rnbqkbnr/ppppp2p/8/5ppQ/2B5/4P3/PPPP1PPP/RNB1K1NR b KQkq - 1 3
white win | 2b3n1/2p3bp/1q6/r1P2Pk1/1p3Q2/Pp1P1K2/2nN3R/B1R5 b - - 2 51
black win | 2b5/6rp/7P/2b4k/p7/1b5K/5r2/8 w - - 14 103
black win | r4k1r/n2P2p1/2b4p/P2pP3/B2B4/1Pb2p2/2Kq1P1N/1R2R3 w - - 1 41
black win | r1b3n1/p1nk2Pr/4p2p/1pP2B2/N2PPb2/P4P2/2P3Kq/R1B2R2 w - - 2 27
black win | 1k6/7p/2P4P/2N2p2/BP2bPp1/8/2r5/B3r1KR w - - 5 59
white win | 8/1pr2RQ1/p1p1P1k1/P4p1p/1PN4b/3P1pq1/3N4/2B3RK b - - 2 58
white win | 3qr3/2Rn1n2/b3B1p1/bk1Pp1Pp/2p4P/NPP2P2/4PQR1/B4K2 b - - 0 35
black win | 1r3k2/1Bp2pr1/3b2pp/2Pp1b2/1p3p1P/6n1/1BqP3R/R1K3N1 w - - 2 39
black win | 8/8/P7/2P1b2k/5PpP/1Np1n3/2P3q1/2R3K1 w - - 1 74
white win | 7k/1P6/6Q1/4B2p/6pP/3p2n1/8/K6R b - - 1 81
black win | 8/n3k3/p4b2/p5p1/2p2pP1/5P2/K7/r7 w - - 6 68
white win | rnb1qb1r/p1pppn1p/1p2kp2/3Q4/2P2Pp1/1PN1P1P1/PB1P3P/R3KBNR b KQ - 1 10
draw by insufficient material | 4K3/8/8/8/B7/8/8/2k5 w - - 0 201
black win | 4k1n1/1p1r4/1P2Pr2/p1p1P3/1N3P2/3b2RB/Pb1Kq3/8 w - - 0 42
draw by insufficient material | 2b5/6K1/8/8/k7/8/8/4B3 w - - 0 215
white win | rnb1kQ2/pp1p4/4pbrB/3n1P2/Pp1P2p1/8/4p1PP/RN2K2R b KQq - 1 22
white win | 8/8/1Qn4p/1k5P/3Qp3/2PP2r1/1B3K2/7N b - - 0 69
white win | 5Bnr/p2n1R1k/6b1/2p5/P1P5/1P2b1Pp/4N2P/RQ1K4 b - - 0 61
black win | 4k3/2b5/1P1p3p/3Pp2P/5p2/B1P2KrB/P2p4/R1N1q1N1 w - - 5 50
black win | k7/8/4b3/4R3/3p1Kq1/8/8/8 w - - 6 111
black win | 8/8/8/8/5p1p/2k5/Kq6/8 w - - 2 134
