black win | rnb1kbn1/p1p1pp2/2p5/8/Pq6/2K5/8/1q6 w q - 2 28
black win | rnb1kbn1/pppp1p2/8/4K1q1/q7/8/8/8 w q - 3 30
black win | rnbqkbnr/pppp1p2/8/8/3q1P2/3K4/1q1PP3/8 w kq - 1 21
black win | rnbqkbn1/pppp1p2/5p2/1P6/2P5/5P2/P7/K1q5 w q - 2 21
black win | rnbqkbn1/pppppp2/8/1PP5/8/8/P2PP3/RNBQK1q1 w q - 0 15
black win | rnb1kb2/p7/8/4Pp2/7P/3p1p2/P4P2/2r2K2 w q - 0 27
black win | rnbqkbnr/p2q2q1/2pp4/3q4/8/8/2K5/3q4 w kq - 2 40
black win | rnbqkbnr/pppppp2/8/8/P7/B1QP4/1PP1PP2/RN3K1q w kq - 0 13
black win | rnbqkbn1/pppp1p2/3p4/8/4P3/1PPP1P2/P3K2r/RNq3N1 w q - 2 13
black win | rnbqqbn1/ppp5/2k5/8/5K2/8/5q2/8 w - - 2 34
white win | rnR1kbn1/p2pppp1/p7/8/P2PP3/8/3K4/r7 b q - 0 16
black win | rnbqkbnr/pppp4/8/1q2K3/q7/8/8/8 w kq - 4 37
black win | rnbqkbn1/p1p5/8/8/8/5q2/5K2/3q4 w q - 2 44
draw by threefold repitition | rnbq1bnr/pppkpp2/3q4/8/8/8/8/6K1 b - - 23 33
black win | rnbqk1nr/pqpp1p2/p7/b7/8/q7/8/K7 w kq - 6 36
draw by threefold repitition | rnbqkbn1/pp1pp1p1/1p6/8/8/8/2K5/4q3 b q - 13 42
draw by threefold repitition | rnbqkbnr/ppppppp1/8/8/8/q7/5K2/8 b kq - 29 33
black win | rnb1k1n1/pppp4/7r/6q1/P4q2/8/3b4/6K1 w q - 2 26
black win | rnb1kbn1/pppp4/8/8/PPPP3q/2R2p2/5P1K/3q4 w q - 1 22
draw by threefold repitition | rnbqkbn1/ppppppp1/8/r7/8/2K5/8/8 b q - 35 53
black win | rnb1k1n1/pp6/8/3q4/8/8/K7/2q5 w - - 2 62
draw by threefold repitition | rnbqkbnr/pppp4/1q6/8/8/7p/7P/3K4 b kq - 11 33
black win | rnbqk1n1/pppp4/8/P7/1b2p3/5q2/3BK3/r7 w q - 2 23
black win | rnb1kbn1/pp6/8/1p6/4p3/8/4Kq2/6q1 w q - 2 38
black win | rnbqkbn1/pppppp2/8/8/P7/8/1q6/3K3r w q - 2 24
black win | rnbqk1n1/p2p1p2/8/2b5/1p6/1q1K4/8/4q3 w q - 2 30
draw by threefold repitition | rnbqkbn1/p1pp1pp1/p2p4/8/r7/8/2K5/8 b q - 27 34
white win | rnbqkbnr/pp1pp3/6Q1/1p3p2/1P6/3PP3/P1P2K2/R1B2BR1 b kq - 1 13
black win | rnb1kbnr/p7/8/1P4K1/6q1/2p5/8/8 w kq - 4 40
black win | rnbqkbnq/ppppp3/2P5/P7/8/8/Kq6/8 w q - 1 28
draw by threefold repitition | 1nbqkbnr/rpppp3/q7/4K3/8/8/8/8 b k - 15 36
draw by threefold repitition | rnbqkbn1/ppppppp1/8/7r/5P2/8/2K5/8 b q - 32 55
draw by threefold repitition | rn1k1bn1/ppp5/2p5/7r/8/8/5K2/8 b - - 27 44
white win | rnbqk1n1/pppp3N/6Q1/bN6/8/B7/P4K2/R1q5 b q - 1 21
draw by threefold repitition | rnbqkbn1/ppppppp1/8/8/5P2/8/r7/6K1 b q - 9 23
draw by threefold repitition | rnbqkbn1/ppppppp1/5q2/8/1P6/3K4/3P4/8 b q - 11 23
draw by threefold repitition | rnbqkbn1/pp1pp3/q7/8/8/1K6/8/8 b q - 24 46
draw by threefold repitition | rnbqkbn1/pp1p2p1/1p1p4/8/6K1/8/8/4q3 w q - 8 44
white win | rnbqkbn1/ppppp1p1/4p1Q1/4P3/1P6/8/P1Pr4/1RB3K1 b q - 1 12
black win | rnb1kbn1/ppp1p1p1/2p3p1/8/8/6K1/r4q2/8 w q - 4 23
black win | rnbqkbnr/ppppppp1/8/3P4/8/N1P2PqP/PP1BP3/R2QKB2 w KQkq - 1 8
draw by threefold repitition | rnbqkbn1/pp1pp1p1/1p2p3/8/r7/8/5K2/8 w q - 20 33
draw by threefold repitition | rnbqkbn1/pppp1pp1/3p4/7r/8/8/4K3/8 b q - 31 39
draw by threefold repitition | rnbqk1nr/pppp2q1/1b6/8/8/8/3K4/8 b kq - 27 49
black win | rnbqkbn1/ppp1ppp1/2p5/8/8/1P6/P1PPPP2/RNBQK2r w Qq - 0 9
draw by threefold repitition | rnbqkbn1/ppppp3/8/8/8/8/qK6/8 w q - 12 36
draw by threefold repitition | rnbqkbnr/pppppp2/8/q7/8/8/1K6/8 b kq - 17 37
black win | 1nbqkbn1/rpp5/2qp4/1q6/8/1K6/8/8 w - - 4 34
white win | rnbqkbn1/ppppp3/6Q1/3P1p2/2P5/8/P7/R1K5 b q - 1 17
draw by threefold repitition | rn1qk1n1/p7/p2p4/3p4/b2bp3/8/7r/4K3 w q - 10 35
black win | rnbqkbn1/ppq5/8/8/3q4/4K3/8/3q4 w q - 2 44
black win | rnbqk1nr/pppp4/8/P1b5/8/8/5qK1/1R6 w kq - 1 28
black win | r1bqk1n1/p1pn4/p7/3q4/2K5/8/3q4/8 w q - 2 34
white win | rnbqkbn1/ppppp3/6B1/8/P4p2/R1P1PP2/2PPQ1Pp/2B1K2R b Kq - 1 12
white win | rnbqkbn1/ppppp3/6Q1/4Pp2/N7/PPR5/8/7K b q - 1 18
draw by threefold repitition | rnbqkbn1/pppppp2/8/q7/8/8/8/6K1 b q - 41 49
draw by threefold repitition | rnbqkbn1/ppppppp1/8/8/7r/8/5K2/8 b q - 29 40
black win | rnbqkbn1/ppppp3/7p/6q1/2P1Q2K/PP1P4/8/RN3q2 w q - 2 18
black win | rnb1kbn1/pp1p4/3p4/8/1PPp3q/8/5q2/6K1 w q - 2 26
black win | rnbqkb1r/ppppp3/5n2/3K4/P5p1/2qP4/6P1/8 w kq - 2 18
draw by threefold repitition | rnbqkbn1/ppppp1p1/4p3/8/r7/1K6/8/8 b q - 23 31
black win | rnbqkbnr/pppppp2/6q1/6K1/5P2/8/8/8 w kq - 8 26
black win | rn1qkbnr/ppp5/P4p2/8/2p1b3/4P3/6K1/4q3 w kq - 2 30
white win | rnbqkbn1/ppppp3/8/4P2Q/5p2/P7/1PPP1p2/RNB2K2 b q - 1 14
white win | rnbqkbn1/ppppp1p1/6B1/3pP3/8/6P1/7r/3K4 b q - 3 19
black win | rnbqkbnr/pppp1p2/3p1B2/8/P4P2/1P6/2PPP3/R2QK1q1 w KQkq - 0 12
black win | rn2kbnr/p1pbp3/p3p3/7p/K6p/2q5/PP4P1/1R6 w kq - 2 17
black win | rnbqkbnr/pppp1pp1/4p3/2K1N3/3N4/P2q4/1P2PP1P/8 w kq - 0 13
black win | rnbqkbnr/ppppp3/8/1PB5/2PK4/3P1q2/P7/q7 w kq - 2 22
black win | rnb1k1n1/ppp5/5p2/8/q2q4/2K5/8/8 w q - 4 57
draw by threefold repitition | rnbqkbn1/ppppppp1/8/8/8/2PPP3/5PK1/r7 w q - 8 19
black win | rnbqkbn1/p1ppppp1/8/8/8/8/q7/3K3r w q - 6 34
black win | rnbqk1n1/bppp4/8/3Kp3/3q4/8/8/8 w q - 2 27
black win | rnb1kbnr/pppp4/6p1/4pP2/1P3P1q/7p/P1PPP2P/RNBQKB1R w KQkq - 1 9
draw by threefold repitition | rnbqk1n1/pppp4/1b6/8/5p2/5P2/4K3/8 b q - 21 39
black win | rnbq1kn1/pp5q/8/3p3K/8/8/8/8 w - - 2 34
black win | rnb1kbn1/pppp4/8/4p3/PPPP3q/8/7K/NRB2q2 w q - 2 23
black win | rnbqk1nr/pppp1pb1/4p3/6K1/2q5/P6P/3P1P2/8 w kq - 0 16
draw by threefold repitition | rnbqkbn1/pppp4/8/q7/8/3K4/8/8 b q - 13 33
black win | r1b1kbn1/ppp1p1p1/n3p1p1/8/1K6/3q4/r7/8 w q - 4 41
black win | rnbqk1nr/pppp4/1b6/8/P1P4p/7P/7K/6q1 w kq - 2 25
black win | rnb1k1nr/ppp5/8/b7/1p5q/6K1/8/7q w kq - 2 38
black win | rnb1kbnr/ppp1p3/2p5/P7/R4P2/NP3p1p/4q2P/2B1K3 w kq - 2 16
black win | rnb1kbnr/pp1pp3/8/1P6/8/5q2/6K1/3q4 w kq - 2 26
black win | rnb1kbnr/p1pp4/p7/7p/P6q/8/6K1/7q w kq - 2 23
black win | rnb1kbn1/pp6/3p4/3p1p2/8/8/4q3/4q2K w q - 2 30
black win | rnbqkbnr/ppppppp1/8/8/P1P2P1q/2N5/RP1PP3/2BQKBN1 w Kkq - 0 7
black win | rnbqkbn1/ppppppp1/8/2K4r/P4q2/1P1P4/4P3/8 w q - 2 15
black win | rnb1kbnr/ppp1q3/1qq5/8/8/2qK4/8/8 w - - 2 42
black win | rnb1k1n1/ppp5/5p2/4pP2/1PP1p3/R7/3q4/1NB2K1r w q - 1 19
white win | rnbqkbn1/ppppp3/8/2P2p1Q/P7/1P4P1/3N4/R1B2KR1 b q - 1 12
white win | rnbqkbn1/ppppp3/8/5p1Q/3PP3/N7/PP1K4/1R6 b q - 1 15
black win | rnb1kbn1/ppp1ppp1/2p5/8/8/1PP1P3/P2q3r/1R1K4 w q - 0 12
black win | rn2k1nr/ppp5/5p2/8/4P3/P3Kq1p/7P/3q4 w kq - 2 27
black win | rnb1kbn1/p7/8/8/8/8/q7/3q2K1 w q - 12 47
black win | 1nb1kbn1/rpp5/8/8/3q4/4K3/8/3q4 w - - 2 51
black win | 1nbqk1n1/1ppp1p2/3b4/8/8/8/7K/5q2 w - - 38 48
draw by threefold repitition | rnb1kbn1/ppp1ppp1/2p5/8/7r/8/3K4/8 b q - 34 38
black win | rnbqkbn1/ppppppp1/8/8/4P1q1/2N5/PPPP1P2/R1B2K1r w q - 2 9
draw by threefold repitition | rnbqkbn1/ppppppp1/8/8/8/7r/2K5/8 b q - 21 30
100 game(s) computed in 134177ms
