black win | r5n1/1b6/n1qp1k1p/ppP4p/5P2/b2p1KP1/P3r3/R2Q1BN1 w - - 0 39
black win | 6Q1/1b2n3/7k/5P2/7p/NB4nP/nP6/2qK4 w - - 2 45
white win | 4kr2/3n1p2/1b1N2p1/3p2BP/2R1P2P/2pQ4/2R5/4K3 b - - 5 47
black win | 2B5/8/2P4p/8/2p3p1/p7/4r2k/K5r1 w - - 4 108
black win | nk3b2/4pppr/4P2p/2rpK2P/p1PNq3/B7/3P1P1P/5R2 w - - 1 33
black win | 2kr2K1/4q2p/6pP/8/7P/8/8/B7 w - - 16 115
black win | 1B6/8/4r3/2k1b3/8/1R1n3p/p7/3q1K2 w - - 0 86
black win | 7r/4k3/p3P3/7K/3p3p/2p5/4B3/b2N2r1 w - - 1 51
draw by insufficient material | 8/8/b7/8/8/1k6/5K2/8 b - - 0 191
black win | 6n1/pb2Q2r/5P1k/1pNpp2p/P4P2/1P2K2q/R1r1PB2/6q1 w - - 0 35
white win | 3k2Q1/1R6/1r6/8/K7/5B2/4p1N1/8 b - - 0 106
black win | 2b1k2r/r3p2p/2n5/BpPp1pn1/8/P1N4K/RP2PbPP/3Q1B1R w k - 0 19
white win | 2Q5/8/2k1pN2/1rP1P1P1/1nP5/3pB2P/5R2/1b4K1 b - - 6 68
black win | 6Q1/1p6/2p1bb1R/2n1kP1N/8/3qK3/P1r5/2B3N1 w - - 1 38
white win | 8/8/1p3R2/r4k1P/4p1NK/p1p1P3/8/8 b - - 2 100
black win | r5nr/p1p2k1p/b2pp3/q1b5/3P1P2/1NK3BP/nPP3P1/1R4NR w - - 6 25
black win | 4n1r1/p4k1p/b2B1q2/2P2K2/Ppp1PpnP/8/2P2P2/3NR3 w - - 16 50
white win | rn3rk1/3q1p1Q/pP3bp1/4p3/6b1/2pNp1P1/RPP1BP1R/2BK4 b - - 0 23
black win | rnQr4/Npp2p2/p4Bkn/1R6/6P1/PP2b3/4Pp2/R3KB2 w Q - 0 26
white win | r6r/5R2/k7/p1P1B1Pp/5P1P/3B4/4R3/6Kn b - - 0 59
white win | 2r5/3p2Qk/3P1B1p/p1p5/b1P2P2/p5PP/2Rn1KB1/6R1 b - - 2 55
white win | 8/1p5r/1Pk3R1/p2R4/P1p1P3/8/2NK4/2B5 b - - 8 80
white win | 2r1kr2/N2Q4/1pn1P2b/1B5P/5ppP/3P4/5K2/NnB1R3 b - - 3 46
black win | 2n1kb2/1r2p3/pp3ppP/1N1PB3/P1N2q2/4Q2b/1P4rP/1R4KR w - - 0 32
black win | 3B4/8/p5N1/P4k2/7P/8/5r2/3r3K w - - 0 115
white win | 3k1Q2/6Q1/8/5p1p/5P2/2PN3P/4p3/2R1K3 b - - 0 67
white win | 3Qk1nr/4ppbb/p1N5/Pp6/1q4Pp/N1P5/1B1PB2R/R4K2 b - - 3 28
white win | 4N1Q1/r6k/1R6/p3p2n/P1p5/b2Pp2P/4B1Rn/3KB3 b - - 5 57
draw by insufficient material | 8/1k6/6n1/8/8/4K3/8/7N b - - 0 127
black win | rn3kn1/6N1/2pbb2r/1p1pBp2/1PP2Pp1/qKNp3P/P3P1B1/R6R w - - 0 23
draw by insufficient material | 1B6/8/1b6/k7/8/8/3K4/8 b - - 0 165
draw by insufficient material | 8/4B3/2K5/8/8/6k1/8/8 w - - 0 234
white win | b4Rk1/2r3pr/1P6/p6P/P1pp4/BR1N4/3P3K/8 b - - 0 57
white win | 7k/1P3N2/8/B2p4/p3B1R1/6P1/8/2K2b2 b - - 2 62
draw by insufficient material | 8/k7/8/8/7K/8/8/6b1 b - - 0 114
black win | rnk5/p3pp2/bpp2n1b/3pK2r/P1PPP1p1/RP5B/7P/1N1Q2qR w - - 6 23
white win | b7/2Q5/8/k3p1N1/pp2Pr1p/1P3RP1/r7/B3RBK1 b - - 2 53
white win | rBN1kb2/pp1Qpp1r/4P1pp/2p5/2P4n/5N1P/P3PP2/3RKB1R b Kq - 0 21
black win | r3k1r1/4p1bp/n4p2/pp1NB1p1/1P6/P3PnP1/3q1P1P/Rb1KR3 w - - 0 27
black win | 4k2r/rb2pp1p/n5pb/p1Np3n/2RPP2P/1P6/1BPq2PN/3K1B1R w k - 4 26
draw by insufficient material | 8/7k/8/5K2/8/8/8/8 b - - 0 174
white win | 2R5/4k1R1/rppp3B/1P3K1P/P1P1p3/3P3B/7P/8 b - - 2 42
white win | 6QN/4b2k/2b4p/8/p1p2P1B/1pp5/7p/1N3KR1 b - - 0 49
black win | 4rk2/7p/ppnp3P/1PP1pb1P/4P3/2BPn3/3N2r1/RNq1KR2 w Q - 1 45
black win | rn2k2r/2p3b1/p4P2/Pp2p2p/6p1/1p1P3b/2q5/2K2B2 w - - 0 51
black win | 7n/8/3k3r/1P6/p4nP1/1B6/3N3K/4q3 w - - 2 74
black win | r4kr1/pbRn2p1/3p4/4P2p/1b2p1pP/3P1qPR/PP2K3/3Q4 w - - 2 27
black win | rnbqkb1r/ppppp1pp/5p2/8/2P1P3/3n1P2/PP1PN1PP/RNBQKB1R w KQkq - 1 6
black win | 1r2kb2/4p3/b2p3n/N1P3P1/1P1PPn2/1P6/1B2q3/RB2K3 w - - 7 44
white win | 7R/8/8/8/7k/P4K1N/8/8 b - - 17 127
black win | r7/p3B3/1p1p2k1/1PqP4/P4P2/N4b1P/P7/2q2K2 w - - 0 46
white win | 4Q1nr/2r3p1/b2p3p/1p1k3P/1Pp4K/B7/P1P1P3/3R1NNR b - - 4 33
white win | 3R1k2/8/8/3p1NN1/P2P4/K7/7B/8 b - - 56 132
white win | 2rk2r1/2pb4/p4Q1b/Pq1p1p1p/3N1PpP/1nR5/4R1B1/1N1K4 b - - 2 50
black win | rnb3r1/p3k2p/7b/4pP2/1ppqK1pP/NP4P1/P1P1PP2/1RB2BNR w - - 1 20
black win | r1b2bn1/3kpp2/p2p2pr/1p5p/PB1q3P/5Pn1/N1PPK3/RN1QR3 w - - 0 20
white win | 5Bk1/1b4Q1/8/8/1p6/4r3/2K5/8 b - - 3 114
draw by insufficient material | 8/1B6/8/8/5k2/8/8/3K4 b - - 0 200
black win | 2r1Bb2/4n3/1p1p4/p2k3p/P2r4/1PB1p2p/4Kq2/2R5 w - - 6 53
white win | 5b2/7n/p4p2/P1kQp3/1p1nKNr1/1rP5/6B1/8 b - - 7 65
black win | r1b1kbnr/p1pp1ppp/n3p3/1p6/2P3Pq/N4P2/PP1PP2P/R1BQKBNR w KQkq - 1 5
white win | 8/N7/8/8/7B/k1K5/8/R7 b - - 26 179
white win | 8/2Q3P1/k7/4P3/8/K7/8/5B2 b - - 8 113
black win | 4kbnr/1b2p3/rp1p2pp/p1p1np2/2BK4/P1P1PPP1/1P1PQ2P/RNB3NR w k c6 0 17
black win | rnk5/7n/2p4b/p1N2p1p/pPp1P3/2P2PRP/3q4/1q3K2 w - - 0 54
black win | r1k3r1/6pN/P5b1/2p2p1p/2Pp4/2N3qK/P1QPB2b/1R2R3 w - - 4 49
draw by insufficient material | 8/8/7k/1K6/8/3B4/8/7b w - - 0 145
black win | k1b4r/1p4b1/2PPp2p/2p1B1nP/p2Q1KP1/P4r1B/1PR2b2/6R1 w - - 5 48
white win | rnbqkb1r/ppppnp1p/4pNp1/8/1P6/8/P1PPPPPP/R1BQKBNR b KQkq - 1 4
white win | 2bqkbnr/3pp3/r1p1NpB1/Pp4p1/P4P1p/N3P1PP/2PPQ3/R1B2K1R b - - 7 19
white win | 5kR1/2bb4/1B2Qp2/pP3P1r/PR2p3/2P4P/K3B3/8 b - - 5 50
black win | r7/7N/2n5/2B1k1pp/4P3/3b1BbP/1p6/bK6 w - - 6 78
white win | 1nb1k2r/r2pQ3/pNpB2pn/2P2p2/PP2pPPp/N3P3/6BP/4K2R b K - 6 25
black win | 6r1/1kB5/7p/p2R3P/Pp3P2/1P6/5R1p/6qK w - - 2 76
draw by insufficient material | K7/8/8/4B3/8/8/2k5/8 w - - 0 210
black win | r7/7p/2pnP3/3b2k1/K7/3n3p/8/B7 w - - 3 84
white win | 8/8/8/pn3k2/6Q1/2Bp1P1p/3PNP2/5K2 b - - 5 78
black win | 1r6/2N1k3/8/q4p1p/6P1/K7/4B3/1N6 w - - 0 78
black win | 1N2bbr1/5k2/p5p1/3pPp1p/1R1K1n2/3r3P/N7/8 w - - 6 63
draw by 50 move rule | 8/8/8/3k4/8/K6p/7P/8 w - - 100 240
black win | 6n1/6p1/1p1b4/5k1p/PpN2p1P/2p2PqK/8/RN4B1 w - - 6 59
black win | 4R3/p7/2k3p1/n2n1p2/P1b1KB2/1P2P2r/1q6/8 w - - 0 60
black win | 3r2n1/3Pkpb1/5p2/1p1R1P2/4P3/1pp3BP/1q2B1R1/1K4N1 w - - 2 47
white win | r1bQ1k2/7r/1p4Q1/2p1n3/PpP3n1/1P1P4/R5K1/2b5 b - - 0 51
white win | 1nbQ1k1r/rp4p1/p1p1p3/2q2pN1/Rb5p/1PP1PP2/3P1KPP/1NB2B1R b - - 2 17
draw by threefold repitition | 8/8/8/P7/3K4/4B3/4k3/8 w - - 17 215
white win | 6r1/2pp2r1/B5pp/5p2/1P1Qk1P1/P1P1P1P1/6K1/1RB5 b - - 8 40
white win | rn1Q1k2/5ppr/1p1P3p/p6n/PP1Pb2P/R3b2R/4PPP1/1N2KBN1 b - - 0 20
white win | rnb1kQ2/1p1p4/7B/1pn2ppp/1b6/P1p2PPP/1p1NP2R/3RKB2 b q - 3 26
white win | rnbqk1nr/5Qp1/3pP2p/pppP4/PbP5/2N4B/1P2PP1P/R1B1K1NR b K - 2 16
black win | 2b1k2r/p2pn2p/n1p5/q3pp2/2pP4/4Q3/P2BPPPP/1r2KBNR w Kk - 0 18
black win | r3kbnr/1b2p1p1/2p2Q1p/3p2p1/1p3PP1/P3Pn1B/NPPK3P/1RB2q2 w - - 2 24
white win | 1rk5/2Q1pp2/7r/1p1pPP2/3B4/PP2P2p/2R2K1P/R7 b - - 0 39
black win | 7k/3P4/8/2p3p1/1p5K/2r5/6r1/3b4 w - - 0 83
white win | r1Nk1R2/3n4/4p3/1p2B1P1/4P1bK/8/p7/3R1n2 b - - 12 67
white win | 3R1k2/2R5/4B3/6p1/pp6/P6r/1b3r2/1K6 b - - 11 73
black win | 6n1/N7/5p2/5rk1/2p5/p3Pp2/1q6/1K6 w - - 6 77
black win | r4b2/5k2/ppnp4/3N1b1r/8/PP3P1p/2P1p1q1/1R4KR w - - 0 37
white win | 1R5b/r7/7P/k3r1p1/6P1/R2N4/3K4/3n4 b - - 1 101
white win | 3b1R1k/2n3rp/2p3p1/8/r1p1p1P1/p1Q4P/P1B5/2N3KR b - - 0 47
