black win | 4rrk1/pp3ppp/B4q2/2ppp3/1bP1n1P1/5b2/P1nP1P1P/R1B1KQ1R w KQ - 0 15
black win | 4rrk1/pp3p1p/8/1P1p4/4bp1P/2Q3p1/p4qP1/3RKBR1 w - - 2 26
black win | 4rrk1/p6p/4p1P1/1P1qp3/2pnp1b1/4P1P1/4PPB1/2q1K1R1 w - - 0 26
black win | 4rrk1/ppp2ppp/3q1n2/3pp3/6b1/P1b1P2P/1PnQ1PPR/R1B1KBN1 w - - 0 13
black win | 6k1/7p/7P/8/6b1/8/pp3K2/4q1r1 w - - 0 91
black win | r1bqk2r/ppp2ppp/8/3pp2Q/3nnP1P/8/PPPb2P1/R2NKBNR w KQkq - 0 9
white win | 4rrk1/p5Qp/3q3B/1ppp1p2/1b1pn1b1/N1PK4/PP2NPPP/R4B1R b - - 0 16
black win | 4rrk1/ppp3pp/3q3B/3p1p2/1b1p2b1/N4P1P/PPP2nB1/2RK2NR w - - 2 15
black win | 4rrk1/pp5p/3N3B/P1ppp1p1/4n3/Q1PP1b2/2n1pP1P/R3K1NR w K - 1 21
black win | 4rk2/7p/2B5/8/3p3P/p5p1/P3p1p1/2q1K1R1 w - - 0 36
black win | 3r4/p2B2kp/4r3/2pq4/4n3/B1Pn1b2/PR2p2P/4K3 w - - 2 24
black win | r4rk1/ppp2ppp/8/3p4/1b1qn1b1/2NnP2N/PPPK2PP/4RB1R w - - 2 14
black win | 4rrk1/p6p/3q4/1p1pp3/3nn1bP/1PN1Q3/R2P2R1/2B1Kr2 w - - 0 25
white win | 4rrk1/1R4Qp/p7/P2q3P/3n1p2/5P2/2p1p1p1/6K1 b - - 7 39
black win | 4rrk1/p6p/P3p3/4q3/6pP/1Qn3p1/1pp3P1/4Kn1R w - - 0 35
black win | 1R2r1k1/7p/8/3pp3/P3n3/2p2nP1/2P5/6qK w - - 2 46
black win | 4rrk1/p6p/8/2pbq3/P1ppn2P/1PP3PR/4K3/1RB2q2 w - - 0 28
black win | 4rrk1/pp4p1/8/3p4/3bn2P/P3ppq1/1P6/3RKB1R w - - 0 24
black win | 4rrk1/pp3p1p/B4q2/2ppp1p1/1b4bP/4P3/PBnP1PP1/RN2KRN1 w Q - 0 14
black win | 4rrk1/8/6p1/3p3P/p2q4/8/pB2K1b1/6R1 w - - 0 37
draw by threefold repitition | 6k1/3r4/5K1p/7P/8/3p4/3p4/8 w - - 12 89
black win | 4rNk1/p6p/7P/2b1p3/P2pn3/1q3b1R/1p1PPp2/1R1K1B2 w - - 1 29
black win | 4rrk1/pp5p/8/1B1ppp2/1R1nbqp1/P1P4P/2P2PP1/3r1K1R w - - 0 24
black win | 4r1k1/7p/8/8/2q3pP/3bp1P1/rK2p3/8 w - - 2 44
black win | 4rrk1/5p1p/5q2/pN1pp3/3p2pP/2bb2PR/p4PB1/R4KQ1 w - - 2 25
black win | r2qk2r/ppp2ppp/2n5/3pp3/1b4b1/3P3P/PPP1QnPR/RNBK1BN1 w kq - 0 9
black win | 4r1k1/7p/3q3P/1B1np3/3n4/2pb4/p7/3K2r1 w - - 0 36
black win | 4rrk1/p7/7R/1ppn2p1/Q2n4/P2Kq1p1/1P1NP1P1/R1B2BN1 w - - 2 20
white win | 4rrk1/pp3p1Q/5q2/2pBp1p1/1b1n2P1/PPP2P2/1B1P2P1/RN2K1NR b KQ - 0 14
black win | 4rrk1/p6p/3n4/2pp1p2/3pb3/2b2p1P/2P3BR/r2K3R w - - 0 27
draw by threefold repitition | 3K2k1/8/8/8/8/8/4pp2/8 b - - 14 137
black win | 4rrk1/5pNp/8/p2ppb2/2pnn2q/2N4P/2pPB1p1/R1B1K1R1 w - - 2 26
black win | 6k1/4r2p/7P/4q3/4b3/1p1p2p1/p5B1/2q1K1R1 w - - 0 41
black win | 4rk2/3r3p/5B2/1P1pq3/4b3/1nb3RP/2p1Pp2/2K2B2 w - - 3 27
black win | 4rrk1/ppp2ppp/3q1n2/P2p4/Nb4bP/1PPn4/R2PPP2/2BQKB1R w K - 1 12
black win | 4rrk1/ppp2pp1/2nq4/3pp3/4n1PR/P4PP1/1PPPPb2/R1BQKBN1 w - - 5 14
black win | 4rrk1/ppp2ppp/2n5/P2pp1B1/1b2n1bP/2NP2P1/RPP1Nq2/3QKB1R w K - 0 12
black win | 4rrk1/Np3ppp/8/2pp4/1b2n1bP/2PQ2P1/PP3q2/R1B1KB1R w KQ - 0 15
black win | 4rrk1/7p/2R5/p7/P2n1p1P/RP2p3/3Q1p2/5K1q w - - 1 36
black win | r2qk2r/ppp2ppp/8/3ppn2/1bP1n1bP/P2BK3/RP3PP1/1NBQ2NR w kq - 4 10
black win | 4rk2/7p/8/3b4/3r2pP/2p3P1/1Rpp1K2/4q3 w - - 0 43
black win | 4rrk1/p6p/3q3P/Pp1pp1N1/4npp1/3b1PR1/B1pP1b2/R1B1K3 w Q - 2 27
black win | 4rrk1/p6p/8/3qpp2/3nnpbP/B6R/1K1bPPP1/2q2B2 w - - 0 24
black win | 4rrk1/p6p/8/P2q4/1b2np2/5b2/2QPppPP/3RK3 w - - 0 26
black win | 4rrk1/p1p3p1/2p3p1/P2p1p2/1P2n1bP/3P2q1/RP2p3/1NB1K1NR w - - 0 18
black win | 4rrk1/ppp3p1/2n5/3ppp2/1P2n1b1/4P2Q/RP1P1PPP/2q1KBNR w K - 0 15
draw by threefold repitition | 4r1k1/8/8/p1qpp3/P2nn3/7K/8/8 b - - 16 46
black win | r4rk1/ppp2ppp/5q2/3pp3/1b1n2b1/PP1B2nP/2P2PP1/RNBQ1KNR w - - 3 12
black win | 4r1k1/p6p/3q4/3p1r2/4n3/P2p1n2/1BpPp2P/4K3 w - - 0 28
black win | 4rrk1/pp3ppp/8/2p1p3/1b2n1bP/2P1B1PQ/PPn1p2R/RN2K3 w Q - 2 18
black win | 4rk2/7p/7P/3q4/pb1np3/P1pbpp2/4P3/2r2K2 w - - 0 38
black win | r2q1k1r/ppp2ppp/8/3pQ3/1b2nPb1/2P3PN/PPnB3P/RN2KB1R w KQ - 1 11
black win | 4rrk1/ppp2ppp/5n2/3p4/Pb1p2bP/Q6R/2P1P1P1/RN1K1qN1 w - - 0 14
black win | 4rrk1/p6p/8/3qp3/3P3P/N1pb2P1/PB6/R1K3r1 w - - 0 29
black win | 4rrk1/p1p4p/1Rpq4/3pp1p1/2P3bP/P3b1nN/3P1pBR/2B2K2 w - - 2 21
black win | 1r4k1/r7/8/3nn2p/3P3P/1K1b2p1/4p1p1/8 w - - 2 61
black win | 4rrk1/p4p1p/5q2/1Bppp2P/P2nn3/RpbP1b2/1B4P1/2K3r1 w - - 0 23
black win | r2q1rk1/ppp2ppp/8/3pp3/1bP1nPb1/P7/1PnN2PP/1RB1KBNR w K - 0 11
black win | 4rrk1/ppp2ppp/2nq4/3Pp3/P3nPb1/RP6/3PPb1P/2BQKBNR w K - 1 14
black win | 4rrk1/ppp3pp/B7/3p1p2/1b1p1qb1/PPPP3N/3n2PP/RNB1K2R w - - 0 16
black win | 4rrk1/p6N/7B/7P/1ppn1p2/N1b3p1/PP4B1/4qK1R w - - 2 28
black win | 3r2k1/4r2p/p7/P1Rqn2P/4n3/1P1pP2b/3P1p2/5K2 w - - 2 37
black win | 2rr1k2/p6p/8/3qn3/2pbbp1P/5p2/2nP1K2/1N3R2 w - - 2 34
black win | r4rk1/ppp2ppp/2n2q2/P2p4/1b2npbP/N2PK2R/1PP3P1/R1BQ1BN1 w - - 0 11
white win | 5k2/5Q2/3N4/p6P/P7/8/3K1pp1/r7 b - - 5 53
black win | 4rrk1/p6p/8/1p1n1p2/1b1pqp1P/1P1K1R2/P7/3RB3 w - - 3 26
black win | r3k2r/ppp2ppp/8/3qp3/1b2n1b1/P5P1/2nP1P1P/RNB1KBR1 w Qkq - 0 11
draw by threefold repitition | 6k1/4r2p/8/3n4/3nq3/6K1/ppp5/8 b - - 13 56
black win | 4rrk1/pp5p/8/2ppp1p1/3nnq2/P1P4P/2PP4/1RBK2r1 w - - 0 22
black win | 4r1k1/7p/8/3pq3/3pp2P/p3b2R/2K1P1B1/n4r2 w - - 0 36
black win | B3rrk1/7p/8/p2qp3/Pb1nn2P/3P1p1b/Q1P2p2/1R3K2 w - - 0 29
black win | 4rr2/p6k/3q4/3ppp2/3pn2P/2P2b2/p1P2P2/2R1K2r w K - 0 28
black win | 4r1k1/7p/1R6/4p1p1/p2n2P1/B3n3/3P2q1/6K1 w - - 4 35
black win | 4r1k1/8/7P/3q4/p1p5/P1P5/3p1K2/4q3 w - - 0 45
black win | 4rrk1/p4p1p/5q2/P3p1N1/1bp1p2P/5bpR/1pnP2P1/BN2KB2 w - - 1 24
black win | 4rrk1/p1p4p/8/2np2p1/3b2p1/3P3N/3R1P1P/1q1K1R2 w - - 0 25
black win | 4r1k1/p6p/8/3pp3/1b1nn3/6PP/1pp1q2K/4r3 w - - 2 35
black win | 4rrk1/Qp5p/3q4/1Pppp2P/4n1b1/2P5/1Pn1pR2/RNB1KB2 w - - 1 22
black win | 4rk2/p6Q/4q3/1P1pp3/3nn2R/1pbPK3/P2P2B1/R1B1r3 w - - 3 27
black win | 4rrk1/8/p2q2p1/P2pp2P/Rb1np3/4PbP1/2pP1Q2/1Nr1K2R w - - 0 27
draw by threefold repitition | 4r1k1/7p/7P/4p3/3nq1p1/p3b1P1/Ppp4K/8 b - - 9 51
black win | 4rrk1/p4p1p/3p4/Pppnn1p1/3bP1bP/6P1/1P1P1q2/1RBQ1KRB w - - 0 18
black win | 4rrk1/p1p4p/8/P1bqppp1/3nn3/3P1bP1/4P2P/1Nr1KBNR w K - 0 21
black win | 4rrk1/pp4pp/8/2ppq3/P1Pnn3/2Q5/1P1BP3/1R2KrN1 w - - 0 20
black win | 4rrk1/p4p1p/5q2/4p3/3nnp2/2p2b1B/7P/2r2K1R w - - 0 27
black win | 4rrk1/pp4pp/8/2npqp2/1b1p2bP/P2K3R/2P1P1P1/RNB2BN1 w - - 2 17
black win | 4r1k1/p6p/3q4/2ppp3/3nn1p1/PP1pb1p1/3PP1RP/1RBK1r1N w - - 0 26
black win | 4rrk1/2R4p/7P/3qp3/P2nn1b1/1p1pP2N/1B1b4/R3K3 w - - 0 28
black win | 4rrk1/p1p3p1/2nq2p1/P2pp3/RP2nBbP/7B/4pb2/1N2K1NR w K - 0 23
draw by threefold repitition | 5k2/8/4r3/4p3/3qn1p1/1p4P1/1p1p2K1/8 b - - 17 48
black win | 4rrk1/ppp2ppp/3p3P/3np3/1P1nP3/1Q1b2P1/PP1P2R1/R1B1KqN1 w Q - 0 15
black win | B3r1k1/7p/8/4q3/2n1b2P/P2p4/1p1K2p1/1RB2r2 w - - 2 41
black win | 4rrk1/ppp2ppp/2n5/P2pp3/1b2n1P1/BPP1P3/3P1qP1/2RQKBNR w K - 1 13
black win | 4rk2/7p/6R1/p2pp3/3nn3/N2b4/4PpRP/2r2K2 w - - 0 33
black win | B3rrk1/p4p1p/5q2/4p1p1/p2nn3/N2PbPPb/3p3P/R4K1R w - - 0 21
black win | 4rrk1/pp3ppp/5n1Q/P1pp4/1B4b1/4p3/RPP2qPP/1N2KB1R w K - 1 16
black win | 4r1k1/p6p/8/1B1np3/P2pb1p1/6PP/2R5/3Kqr1R w - - 0 29
black win | 5rk1/p6p/4r3/1p1p2p1/4n2P/6PQ/2p1pqBR/2B1K3 w - - 2 26
black win | 5k2/7p/8/1P1pr3/1P1nn2P/3B4/p7/RNr1K3 w - - 0 34
black win | 4rr2/p1p3kp/B7/3pp3/pb1np3/8/3q1PPP/1R2KR2 w - - 0 21
100 game(s) computed in 305848ms
