[ 2022-02-16T20:09:28.3515473 ]	 MOVE | white P @ c2 -> c3 | rnbqkbnr/pppppppp/8/8/8/2P5/PP1PPPPP/RNBQKBNR b KQkq - 0 1
[ 2022-02-16T20:09:29.8353102 ]	 MOVE | black p @ d7 -> d5 | rnbqkbnr/ppp1pppp/8/3p4/8/2P5/PP1PPPPP/RNBQKBNR w KQkq - 0 2
[ 2022-02-16T20:09:30.5387087 ]	 MOVE | white P @ d2 -> d3 | rnbqkbnr/ppp1pppp/8/3p4/8/2PP4/PP2PPPP/RNBQKBNR b KQkq - 0 2
[ 2022-03-13T15:27:40.0189653 ]	 MOVE | white P @ d2 -> d4 | rnbqkbnr/pppppppp/8/8/3P4/8/PPP1PPPP/RNBQKBNR b KQkq - 0 1
[ 2022-03-16T18:27:49.9998576 ]	 MOVE | white P @ a2 -> a3 | rnbqkbnr/pppppppp/8/8/8/P7/1PPPPPPP/RNBQKBNR b KQkq - 0 1
[ 2022-03-16T18:27:50.3495066 ]	 MOVE | white P @ a2 -> a4 | rnbqkbnr/pppppppp/8/8/P7/8/1PPPPPPP/RNBQKBNR b KQkq - 0 1
[ 2022-03-16T18:27:50.710728 ]	 MOVE | white P @ b2 -> b3 | rnbqkbnr/pppppppp/8/8/8/1P6/P1PPPPPP/RNBQKBNR b KQkq - 0 1
[ 2022-03-16T18:27:51.05683 ]	 MOVE | white P @ b2 -> b4 | rnbqkbnr/pppppppp/8/8/1P6/8/P1PPPPPP/RNBQKBNR b KQkq - 0 1
[ 2022-03-16T18:27:51.2558213 ]	 MOVE | white P @ c2 -> c3 | rnbqkbnr/pppppppp/8/8/8/2P5/PP1PPPPP/RNBQKBNR b KQkq - 0 1
[ 2022-03-16T18:27:51.431771 ]	 MOVE | white P @ c2 -> c4 | rnbqkbnr/pppppppp/8/8/2P5/8/PP1PPPPP/RNBQKBNR b KQkq - 0 1
[ 2022-03-16T18:27:51.6033207 ]	 MOVE | white P @ d2 -> d3 | rnbqkbnr/pppppppp/8/8/8/3P4/PPP1PPPP/RNBQKBNR b KQkq - 0 1
[ 2022-03-16T18:27:51.7403833 ]	 MOVE | white P @ d2 -> d4 | rnbqkbnr/pppppppp/8/8/3P4/8/PPP1PPPP/RNBQKBNR b KQkq - 0 1
[ 2022-03-16T18:27:51.9051971 ]	 MOVE | white P @ e2 -> e3 | rnbqkbnr/pppppppp/8/8/8/4P3/PPPP1PPP/RNBQKBNR b KQkq - 0 1
[ 2022-03-16T18:27:52.0742977 ]	 MOVE | white P @ e2 -> e4 | rnbqkbnr/pppppppp/8/8/4P3/8/PPPP1PPP/RNBQKBNR b KQkq - 0 1
[ 2022-03-16T18:27:52.2114549 ]	 MOVE | white P @ f2 -> f3 | rnbqkbnr/pppppppp/8/8/8/5P2/PPPPP1PP/RNBQKBNR b KQkq - 0 1
[ 2022-03-16T18:27:52.5255993 ]	 MOVE | white P @ f2 -> f4 | rnbqkbnr/pppppppp/8/8/5P2/8/PPPPP1PP/RNBQKBNR b KQkq - 0 1
[ 2022-03-16T18:27:52.7023704 ]	 MOVE | white P @ g2 -> g3 | rnbqkbnr/pppppppp/8/8/8/6P1/PPPPPP1P/RNBQKBNR b KQkq - 0 1
[ 2022-03-16T18:27:52.8840841 ]	 MOVE | white P @ g2 -> g4 | rnbqkbnr/pppppppp/8/8/6P1/8/PPPPPP1P/RNBQKBNR b KQkq - 0 1
[ 2022-03-16T18:27:53.0445285 ]	 MOVE | white P @ h2 -> h3 | rnbqkbnr/pppppppp/8/8/8/7P/PPPPPPP1/RNBQKBNR b KQkq - 0 1
[ 2022-03-16T18:27:53.2086926 ]	 MOVE | white P @ h2 -> h4 | rnbqkbnr/pppppppp/8/8/7P/8/PPPPPPP1/RNBQKBNR b KQkq - 0 1
[ 2022-03-16T18:27:53.3714857 ]	 MOVE | white N @ b1 -> c3 | rnbqkbnr/pppppppp/8/8/8/2N5/PPPPPPPP/R1BQKBNR b KQkq - 1 1
[ 2022-03-16T18:27:53.539961 ]	 MOVE | white N @ b1 -> a3 | rnbqkbnr/pppppppp/8/8/8/N7/PPPPPPPP/R1BQKBNR b KQkq - 1 1
[ 2022-03-16T18:27:53.7185962 ]	 MOVE | white N @ g1 -> h3 | rnbqkbnr/pppppppp/8/8/8/7N/PPPPPPPP/RNBQKB1R b KQkq - 1 1
[ 2022-03-16T18:27:53.9005967 ]	 MOVE | white N @ g1 -> f3 | rnbqkbnr/pppppppp/8/8/8/5N2/PPPPPPPP/RNBQKB1R b KQkq - 1 1
[ 2022-03-16T18:28:00.8824105 ]	 MOVE | white P @ d2 -> d4 | rnbqkbnr/pppppppp/8/8/3P4/8/PPP1PPPP/RNBQKBNR b KQkq - 0 1
[ 2022-03-16T18:28:02.9702089 ]	 MOVE | black p @ e7 -> e5 | rnbqkbnr/pppp1ppp/8/4p3/3P4/8/PPP1PPPP/RNBQKBNR w KQkq - 0 2
[ 2022-03-16T18:28:04.3066772 ]	 MOVE | white P @ d4 -> d5 | rnbqkbnr/pppp1ppp/8/3Pp3/8/8/PPP1PPPP/RNBQKBNR b KQkq - 0 2
[ 2022-03-16T18:28:05.2487142 ]	 MOVE | black p @ c7 -> c5 | rnbqkbnr/pp1p1ppp/8/2pPp3/8/8/PPP1PPPP/RNBQKBNR w KQkq - 0 3
[ 2022-03-16T18:39:25.5728464 ]	 MOVE | white P @ d2 -> d4 | rnbqkbnr/pppppppp/8/8/3P4/8/PPP1PPPP/RNBQKBNR b KQkq 8 0 1
[ 2022-03-16T18:39:26.5738984 ]	 MOVE | black p @ d7 -> d5 | rnbqkbnr/ppp1pppp/8/3p4/3P4/8/PPP1PPPP/RNBQKBNR w KQkq 8 0 2
[ 2022-03-16T19:10:07.8813674 ]	 MOVE | white P @ c2 -> c4 | rnbqkbnr/pppppppp/8/8/2P5/8/PP1PPPPP/RNBQKBNR b KQkq 8 0 1
[ 2022-03-16T19:10:21.6776188 ]	 MOVE | white P @ c2 -> c4 | rnbqkbnr/pppppppp/8/8/2P5/8/PP1PPPPP/RNBQKBNR b KQkq 8 0 1
[ 2022-03-16T19:10:23.0304908 ]	 MOVE | black p @ c7 -> c5 | rnbqkbnr/pp1ppppp/8/2p5/2P5/8/PP1PPPPP/RNBQKBNR w KQkq 8 0 2
[ 2022-03-16T19:10:25.475531 ]	 MOVE | white N @ b1 -> c3 | rnbqkbnr/pp1ppppp/8/2p5/2P5/2N5/PP1PPPPP/R1BQKBNR b KQkq 8 1 2
[ 2022-03-16T19:10:26.7142409 ]	 MOVE | black p @ d7 -> d6 | rnbqkbnr/pp2pppp/3p4/2p5/2P5/2N5/PP1PPPPP/R1BQKBNR w KQkq 8 0 3
[ 2022-03-16T19:10:27.465948 ]	 MOVE | white P @ d2 -> d3 | rnbqkbnr/pp2pppp/3p4/2p5/2P5/2NP4/PP2PPPP/R1BQKBNR b KQkq 8 0 3
[ 2022-03-16T19:10:29.441796 ]	 MOVE | black p @ d6 -> d5 | rnbqkbnr/pp2pppp/8/2pp4/2P5/2NP4/PP2PPPP/R1BQKBNR w KQkq 8 0 4
[ 2022-03-16T19:10:30.2067318 ]	 MOVE | white P @ d3 -> d4 | rnbqkbnr/pp2pppp/8/2pp4/2PP4/2N5/PP2PPPP/R1BQKBNR b KQkq 8 0 4
[ 2022-03-16T19:10:31.2545663 ]	 MOVE | black p @ d5 -> c4 | rnbqkbnr/pp2pppp/8/2p5/2pP4/2N5/PP2PPPP/R1BQKBNR w KQkq 8 0 5
[ 2022-03-16T19:10:31.8853384 ]	 MOVE | white P @ d4 -> c5 | rnbqkbnr/pp2pppp/8/2P5/2p5/2N5/PP2PPPP/R1BQKBNR b KQkq 8 0 5
[ 2022-03-16T19:10:36.7777464 ]	 MOVE | black q @ d8 -> d1 | rnb1kbnr/pp2pppp/8/2P5/2p5/2N5/PP2PPPP/R1BqKBNR w KQkq 8 0 6
[ 2022-03-16T19:30:33.6638322 ]	 MOVE | white P @ d2 -> d4 | rnbqkbnr/pppppppp/8/8/3P4/8/PPP1PPPP/RNBQKBNR b KQkq 8 0 1
[ 2022-03-16T19:30:34.6510632 ]	 MOVE | black p @ d7 -> d5 | rnbqkbnr/ppp1pppp/8/3p4/3P4/8/PPP1PPPP/RNBQKBNR w KQkq 8 0 2
[ 2022-03-16T19:30:36.2767082 ]	 MOVE | white P @ e2 -> e3 | rnbqkbnr/ppp1pppp/8/3p4/3P4/4P3/PPP2PPP/RNBQKBNR b KQkq 8 0 2
[ 2022-03-16T19:30:37.0104977 ]	 MOVE | black p @ e7 -> e6 | rnbqkbnr/ppp2ppp/4p3/3p4/3P4/4P3/PPP2PPP/RNBQKBNR w KQkq 8 0 3
[ 2022-03-16T19:30:38.2492414 ]	 MOVE | white P @ e3 -> e4 | rnbqkbnr/ppp2ppp/4p3/3p4/3PP3/8/PPP2PPP/RNBQKBNR b KQkq 8 0 3
[ 2022-03-16T19:30:39.2244927 ]	 MOVE | black p @ d5 -> e4 | rnbqkbnr/ppp2ppp/4p3/8/3Pp3/8/PPP2PPP/RNBQKBNR w KQkq 8 0 4
[ 2022-03-16T19:30:40.0833902 ]	 MOVE | white P @ f2 -> f3 | rnbqkbnr/ppp2ppp/4p3/8/3Pp3/5P2/PPP3PP/RNBQKBNR b KQkq 8 0 4
[ 2022-03-16T19:30:40.605218 ]	 MOVE | black p @ e4 -> f3 | rnbqkbnr/ppp2ppp/4p3/8/3P4/5p2/PPP3PP/RNBQKBNR w KQkq 8 0 5
[ 2022-03-16T19:30:41.420346 ]	 MOVE | white P @ g2 -> f3 | rnbqkbnr/ppp2ppp/4p3/8/3P4/5P2/PPP4P/RNBQKBNR b KQkq 8 0 5
[ 2022-03-16T19:30:42.405924 ]	 MOVE | black p @ e6 -> e5 | rnbqkbnr/ppp2ppp/8/4p3/3P4/5P2/PPP4P/RNBQKBNR w KQkq 8 0 6
[ 2022-03-16T19:30:42.8828166 ]	 MOVE | white P @ d4 -> e5 | rnbqkbnr/ppp2ppp/8/4P3/8/5P2/PPP4P/RNBQKBNR b KQkq 8 0 6
[ 2022-03-16T19:30:46.2271455 ]	 MOVE | black p @ f7 -> f6 | rnbqkbnr/ppp3pp/5p2/4P3/8/5P2/PPP4P/RNBQKBNR w KQkq 8 0 7
[ 2022-03-16T19:30:46.8044499 ]	 MOVE | white P @ f3 -> f4 | rnbqkbnr/ppp3pp/5p2/4P3/5P2/8/PPP4P/RNBQKBNR b KQkq 8 0 7
[ 2022-03-16T19:30:49.3895706 ]	 MOVE | black p @ f6 -> e5 | rnbqkbnr/ppp3pp/8/4p3/5P2/8/PPP4P/RNBQKBNR w KQkq 8 0 8
[ 2022-03-16T19:30:49.9642176 ]	 MOVE | white P @ f4 -> e5 | rnbqkbnr/ppp3pp/8/4P3/8/8/PPP4P/RNBQKBNR b KQkq 8 0 8
[ 2022-03-16T19:30:51.0786974 ]	 MOVE | black p @ g7 -> g6 | rnbqkbnr/ppp4p/6p1/4P3/8/8/PPP4P/RNBQKBNR w KQkq 8 0 9
[ 2022-03-16T19:30:52.0752995 ]	 MOVE | white P @ e5 -> e6 | rnbqkbnr/ppp4p/4P1p1/8/8/8/PPP4P/RNBQKBNR b KQkq 8 0 9
[ 2022-03-16T19:30:53.7059125 ]	 MOVE | black n @ g8 -> f6 | rnbqkb1r/ppp4p/4Pnp1/8/8/8/PPP4P/RNBQKBNR w KQkq 8 1 10
[ 2022-03-16T19:30:54.3741295 ]	 MOVE | white P @ e6 -> e7 | rnbqkb1r/ppp1P2p/5np1/8/8/8/PPP4P/RNBQKBNR b KQkq 8 0 0
[ 2022-03-16T19:30:55.6456505 ]	 MOVE | black b @ f8 -> e7 | rnbqk2r/ppp1b2p/5np1/8/8/8/PPP4P/RNBQKBNR w KQkq 8 0 1
[ 2022-03-16T19:30:58.1117266 ]	 MOVE | white Q @ d1 -> d4 | rnbqk2r/ppp1b2p/5np1/8/3Q4/8/PPP4P/RNB1KBNR b KQkq 8 1 1
[ 2022-03-16T19:31:01.3375131 ]	 MOVE | black n @ f6 -> d5 | rnbqk2r/ppp1b2p/6p1/3n4/3Q4/8/PPP4P/RNB1KBNR w KQkq 8 2 2
[ 2022-03-16T19:31:01.7448995 ]	 MOVE | white Q @ d4 -> d5 | rnbqk2r/ppp1b2p/6p1/3Q4/8/8/PPP4P/RNB1KBNR b KQkq 8 0 2
[ 2022-03-17T17:50:23.8451883 ]	 MOVE | white P @ d2 -> d4 | rnbqkbnr/pppppppp/8/8/3P4/8/PPP1PPPP/RNBQKBNR b KQkq 8 0 1
[ 2022-03-17T17:50:27.2413305 ]	 MOVE | black p @ d7 -> d5 | rnbqkbnr/ppp1pppp/8/3p4/3P4/8/PPP1PPPP/RNBQKBNR w KQkq 8 0 2
