draw by threefold repitition | 3N4/8/6k1/1B6/5P2/N7/PPPPKPP1/R1B4Q w - - 11 40
draw by threefold repitition | 8/4k3/8/8/P1P5/3B3p/PP1P1P1P/RNB1KR2 w Q - 26 66
draw by threefold repitition | B7/6k1/P2Q4/8/8/N6P/PP1PPPKP/1RB5 b - - 16 35
draw by threefold repitition | 7k/8/8/7N/1p6/4P3/PPPPP1PP/R1BQKB1R w Q - 9 56
white win | 8/8/2P1N3/8/B1k1Q3/5P2/PPPP1P1P/RNB1KR2 b Q - 14 50
draw by threefold repitition | 2N3k1/8/5R2/8/8/1P3B1P/P1QPPPKP/R7 w - - 23 54
draw by threefold repitition | 6k1/8/8/8/5P2/NP4P1/PPKPP1P1/R1B2B2 w - - 29 59
white win | 1n2kr2/rN1pn2p/p1pN4/4p3/8/8/PPPPPPPP/R1BQKBR1 b Q - 1 15
draw by threefold repitition | 6N1/6k1/p7/2p2p2/1p6/3P4/P1PP1PPP/RN1QKB1R b Q - 8 42
white win | 1n2n2r/2b1r1pp/2p5/1p3p2/p2Qk3/2K5/PPP1PPPP/RNB2B1R b - - 2 29
draw by threefold repitition | 8/k5B1/8/8/8/5P1B/P1PPPP2/RNQ1K3 w - - 60 73
draw by threefold repitition | 8/2N5/6k1/8/P7/N4P1B/PPKPPP1P/7R w - - 34 61
draw by threefold repitition | 8/8/8/N2p1k2/1p1P3p/5P2/PPPPP2P/RNBQKB1R w Q - 8 44
white win | 1n4R1/b7/8/8/p2P1k1p/5P2/PPQ1PP1P/RNB1KB2 b Q d3 0 50
draw by threefold repitition | 8/4N3/8/6k1/8/8/PP1PPP1P/RNB1K2R w Q - 42 77
white win | 6n1/8/1pp2kQ1/p4B2/4R3/N2K4/PPPP1PPP/R1B5 b - - 3 32
draw by threefold repitition | 7N/6R1/8/1N6/4k3/P7/PBPPPPP1/RQ1K1B2 w - - 15 53
draw by threefold repitition | 8/8/4k3/1P6/P3B2P/8/PP1P1P2/RNB1KR2 w Q - 21 86
draw by threefold repitition | 8/4k3/8/7R/5P2/N7/PPKPPPP1/R1B2B2 w - - 16 58
white win | 5k1R/Q7/8/8/8/6P1/PP1PPPP1/RNB1KB2 b Q - 4 29
white win | 2R1kb1r/3ppp1p/1pp5/6pn/8/5N2/1PPPPPPP/1NBQKB1R b - - 0 10
draw by threefold repitition | 1k5N/8/1p6/1P6/Q7/5P1B/PP1PPK1P/RNBR4 b - - 14 48
draw by threefold repitition | Q1QQ2QQ/1K1P1R2/1P3P2/8/8/1k6/8/5B2 w - - 11 77
draw by threefold repitition | 3N1k2/N7/7R/8/4P3/7B/PPPPPPKP/R1BQ4 w - - 23 47
draw by threefold repitition | 7k/8/8/2p3P1/2Np4/N7/PPPPPPP1/1RBQKB2 b - - 12 40
white win | 8/1N6/2B5/3Q4/3k4/N4K1P/PPPP1P1P/1RB5 b - - 16 46
draw by threefold repitition | 8/8/8/1N1k4/P6N/8/PP1PPPPP/R1BQKB1R w Q - 17 39
draw by threefold repitition | 6R1/p7/Np6/4k3/8/3P3P/PPPPKPBP/RNB4Q w - - 13 28
black win | 1n6/1r1k4/2p3pr/ppb5/8/3P4/PPPP1qPP/RNBQKB1R w Q - 0 30
draw by threefold repitition | 5r2/5pbp/b2r2k1/2p3p1/8/8/PPPPPPPP/R1BQKB1R w Q - 10 35
draw by threefold repitition | 3N4/8/8/8/Q1P2k2/8/PP1PPP1P/R1B1KR2 w Q - 18 74
draw by threefold repitition | 7N/8/8/3k4/8/P1P1P1P1/PBPKPQP1/4RB2 w - - 8 51
draw by threefold repitition | 2k5/5B2/N7/5p2/8/3P4/PP1P1PPP/R1BQK2R b Q - 12 48
white win | 8/8/8/kQ6/P7/8/P2P1PPP/RN2K2R b Q - 4 76
draw by threefold repitition | 4k3/8/6P1/8/8/6P1/PPPPPPK1/RNB4Q w - - 27 56
draw by threefold repitition | 8/k7/8/8/1N6/5P1K/PPPPPPQP/R1B5 w - - 18 69
white win | rk1R4/r1p2p2/Qp6/7p/8/2NP2P1/PP1PPPP1/1RB1KB2 b - - 2 39
draw by threefold repitition | 8/4k3/8/8/1R6/4P3/1PPPP2P/1NBQKR2 w - - 13 74
white win | Q7/8/8/4p3/N2k4/4P3/PP1P1PPP/R1B1KBR1 b Q - 0 39
draw by threefold repitition | N6N/8/8/7p/p5k1/4K3/PPPPP1PP/R1BQ1BR1 w - - 10 40
draw by threefold repitition | Q4R2/2k5/B7/8/7p/4P2P/PPPPPK1P/R1B5 w - - 19 39
white win | 4k2R/6R1/8/2N5/8/1p3P2/1PPPPP1P/1NBQKB2 b - - 1 23
draw by threefold repitition | 8/8/8/4k3/5p2/5P1B/PPPPPPK1/R1BQ4 w - - 8 48
draw by threefold repitition | 8/4N3/8/3Nk3/7p/7P/PPPPPPKP/R1BQ4 w - - 20 38
draw by threefold repitition | 5k2/8/8/8/8/N6B/PPPPPP1P/R1BQKR2 w Q - 24 56
draw by threefold repitition | 8/5k2/8/7p/N7/7P/PPPPPPKP/R1BQ4 w - - 8 48
white win | r6k/4p3/2p5/p1q2P1Q/1p6/3P4/PPPP1P1P/RNB1KBR1 b Q - 3 30
draw by threefold repitition | 7N/1k6/3P4/8/4P3/B7/2PP1P1P/3QK2R w - - 61 84
draw by threefold repitition | 1N4R1/Nk6/8/8/4P3/8/PPPPBPP1/1RBQ1K2 w - - 13 37
draw by threefold repitition | 1Q6/8/4k3/8/8/7P/PPPP1P1P/RNB1K2R w Q - 33 64
draw by threefold repitition | 6k1/8/R7/8/8/2N4P/PPPPPPBP/R1BQK3 w - - 13 35
white win | 8/7r/6kp/p1P5/B3p1Q1/8/PPPP2PP/RNB1KR2 b Q - 18 51
draw by threefold repitition | 8/B7/3QB2k/8/8/N7/P1PPPK1P/R7 w - - 31 60
draw by threefold repitition | BQ6/8/5k2/8/P1P5/1P6/1P1P1P1P/RNB1KR2 w Q - 33 68
white win | 2Q1kb1r/3ppp2/1p4p1/2p1N2p/6n1/8/PP1PPPPP/RNB1KBR1 b Qk - 0 17
draw by threefold repitition | 1k5N/8/5B2/8/8/Q2P4/P1PP1PPP/2KR1BR1 w - - 29 63
draw by threefold repitition | 8/7k/3Q4/8/7K/N7/PPPPP2P/R1B5 w - - 27 65
white win | B4k2/6Q1/2NN4/3K4/8/P6n/PBPPPP2/7R b - - 1 36
draw by threefold repitition | 8/8/8/4kN2/P1P5/N2B3P/PPQP1PK1/R1B5 w - - 19 46
draw by threefold repitition | 7R/8/1R6/8/3k2B1/N5P1/1PPPPPK1/2BQ4 w - - 17 41
draw by threefold repitition | 8/8/8/4k2N/p7/P7/P1PPPPPP/R1BQKB1R b Q - 12 49
draw by threefold repitition | Q6N/8/8/N5k1/8/4P2P/PPPKPP1P/R1B5 w - - 19 68
draw by threefold repitition | 8/8/6k1/8/5P2/N2P4/PPPPBPP1/R1BQK3 b - - 30 75
draw by threefold repitition | 8/8/8/6kB/2P5/N7/PP1P1PPP/R1B1K2R w Q - 21 43
draw by threefold repitition | 8/8/8/7k/6N1/3P1Q1P/1PPP1P1P/1NB1KBR1 b - - 16 57
white win | 3Q4/4n3/2p5/2k3N1/pp1P4/8/PPPP1PPP/RNB1KB1R b Q - 0 41
white win | 1N2k2N/4Qp2/8/6B1/8/2P4p/PPP1PPPP/R3KB1R b Q - 1 25
draw by threefold repitition | 8/8/N4k2/2B5/8/5B1P/P1PPPPKP/RQ6 b - - 15 49
white win | 1Q4k1/R7/7p/2p5/4B3/7P/PPPKPP1P/RNB5 b - - 2 27
draw by threefold repitition | 8/8/8/1P4k1/Q7/2N3P1/PP1PPKP1/1RB2B2 w - - 20 75
draw by threefold repitition | 8/8/8/N5k1/6P1/7B/PPPPPK1P/RNBQR3 b - - 10 44
draw by threefold repitition | 8/2k5/8/N7/8/2P5/PPPKPPB1/1RB4Q w - - 66 67
white win | 1N2k3/1R2Q3/1N6/8/P4P2/4K3/PP1PP1P1/R1B2B2 b - - 4 48
draw by threefold repitition | 8/1k6/7N/1NP1B3/4P3/8/P1PP2PP/R2QKB1R w Q - 9 57
white win | 8/8/3b1N1Q/8/7k/8/PP1PPPPP/RNB1KBR1 b Q - 0 26
draw by threefold repitition | 6R1/4k3/8/8/2PK3p/2N2P1B/1P2PP1P/R7 w - - 24 78
white win | 3Q1r2/5nNp/2p1k3/6p1/5B2/2K5/PPP1PPPP/R4BR1 b - - 2 26
draw by threefold repitition | 1k6/8/8/6R1/7N/N1P1P2P/PBPQPKBP/7R w - - 21 65
white win | 8/8/5pNp/1R6/1N3k2/7P/PPPPPKBP/R1BQ4 b - - 8 33
draw by threefold repitition | 8/1k6/1r6/8/8/6P1/PPQPPPP1/RNB1KBR1 b Q - 8 52
draw by threefold repitition | 8/p7/P2P2k1/8/8/5PPB/PP1PP3/RNBQK2R w Q - 23 49
draw by threefold repitition | 5N2/N7/7B/4k3/8/P2P3B/P1K2P1P/7R w - - 41 61
draw by threefold repitition | 4N3/1k6/8/5P2/8/N3P3/PPPPP2P/R1BQKBR1 w Q - 25 70
white win | 5b1N/N1Q1p3/4n2p/8/k4P2/1PP5/P1P1P1PP/R1B1KB1R b Q - 0 41
draw by threefold repitition | 8/5k2/8/8/3B4/Q1N2P1B/P1PPPPKP/R7 w - - 30 42
white win | 3k3r/3Q1pp1/1p3N2/2p5/8/N2B4/PPPP1PPP/R1B1KR2 b Q - 1 17
draw by threefold repitition | 8/8/2P3k1/8/5P2/1P6/P2P2PP/RN1QKB1R w Q - 8 61
draw by threefold repitition | 8/8/B7/1N1k4/8/7P/PP1P1P1P/R1B1KR2 w Q - 29 55
draw by threefold repitition | 8/4k3/N7/8/8/P3P2P/P1PKP1BP/R1B4Q w - - 23 46
draw by threefold repitition | 8/k7/8/6Q1/3p4/3P4/PPPP1PPP/RNB1KB1R w Q - 18 34
draw by threefold repitition | B5k1/8/8/8/1N2K1N1/7P/PPPPPPQ1/R1B5 w - - 23 57
draw by threefold repitition | 8/8/7k/8/2N1P3/7B/1PPPPP1P/2BQK2R w - - 14 75
draw by threefold repitition | 8/4k3/8/1R6/7p/7P/PPPPPPBP/RNBQK3 w - - 36 48
draw by threefold repitition | 1k5N/8/2P5/5Q2/8/N4P1B/PP1PPPKP/R1B5 b - - 8 38
draw by threefold repitition | 6k1/8/8/8/8/1P1P4/1P1P1PPP/1NBQKBR1 w - - 28 52
draw by threefold repitition | 2N5/7k/8/8/3p4/N7/PPPP1PPP/R1BQK2R w Q - 8 32
draw by threefold repitition | BN6/8/6k1/8/1Q6/N6P/PPPPPK1P/R1B5 w - - 23 32
draw by threefold repitition | 7N/3B3k/8/2Q5/8/N3P3/PPPP1KPP/R1B5 w - - 11 53
draw by threefold repitition | 8/8/6R1/8/3k4/P6B/P1KPPP1P/R7 b - - 30 81
draw by threefold repitition | 8/8/1k6/N7/4P3/N4Q1P/PPPPKP1P/1RB5 b - - 8 46
100 game(s) computed in 142898ms
