white win | r1bqkb2/p2pnp1r/n4N1p/1B2N1B1/1pPQPPP1/8/PP5P/4RRK1 b q - 2 15
draw by threefold repitition | 8/3P4/8/3R4/8/4k3/8/6K1 w - - 23 106
draw by threefold repitition | r1b4r/1ppp1N2/4k3/pB1N3p/3PP3/8/PPP2PPP/4bRK1 w - - 11 22
white win | rnb1k2r/p1ppQ1p1/1p5p/1B3pB1/4P3/2N5/PPP2PPP/R4RK1 b kq - 0 12
draw by threefold repitition | rn1q1bn1/p1N1pkp1/4Bp1r/2p3Bp/3PP3/5N2/PPP2PPP/R2Q1RK1 b - - 8 15
white win | 1n4r1/r4kp1/p2PR1N1/1P3Q1p/1P1P2P1/8/7P/6K1 b - - 2 29
white win | 1r1kq3/p1QP4/P2Pp1pr/4P1Pp/3P2P1/8/6bP/3R2K1 b - - 8 33
white win | rnb1kbnr/2N2p1p/ppppp1p1/4N1B1/3PPP2/3Q4/P1P3PP/4qRK1 b kq - 1 13
white win | rnbk1b1r/ppBp4/4pNp1/1pQ5/3PP2p/5N2/PPP2PPP/4RRK1 b - - 2 16
white win | r1kQ2n1/p3p1Pb/P1N1N1p1/2P5/2P1P1P1/8/5r1P/4R1K1 b - - 2 29
draw by threefold repitition | 6R1/P2P4/P6k/3B4/8/7p/7P/6K1 b - - 10 67
white win | r1bqk1r1/p1pp1Q2/np4np/1B2N1B1/3PP3/b1N5/PPP2PPP/R4RK1 b q - 0 10
white win | rnbk2Q1/3p2p1/1p2p1p1/pBpN4/1PPPP1P1/8/P6P/4R1K1 b - - 0 23
white win | rnQ1kbnr/p4ppp/2pp4/1Bq1N1B1/3PP3/2N5/PPP2PPP/R4RK1 b kq - 2 10
white win | r1bq3r/pppp1Npp/n2k2n1/1B1N1QB1/1b1PP3/8/PPP2PPP/R4RK1 b - - 2 12
white win | 2bqkbn1/1r1pp3/pp4Q1/2P1P1Bp/4P3/2N5/PPP3PP/4R1K1 b - - 2 20
white win | rnbq3r/1pppN1kp/4pQ2/1p1N2P1/3PP3/8/PPP3PP/4R1K1 b - - 3 21
draw by threefold repitition | rn4n1/p2p2k1/b7/4P1B1/1PPPPNP1/6P1/P7/4R1K1 w - - 9 34
draw by threefold repitition | r1k2bnr/pp1Bpp1p/n2Q2p1/6B1/4P3/2N2N2/PPP2PPP/R4RK1 b - - 10 15
white win | rnbk3r/ppp1BQ1p/2q5/1B2Np2/3PP3/2N5/PPP2PPP/R4RK1 b - - 2 13
white win | 1r1k2nr/p2R4/3NB1q1/6P1/3PP3/8/PPP3PP/4R1K1 b - - 6 25
white win | 7R/pPPP4/5B1k/4N3/4P3/8/2n4P/4b1K1 b - - 0 39
white win | r1bq1bnr/p1pp2pp/1p2k3/1B3QB1/1nNPP3/2N5/PPP2PPP/R4RK1 b - - 0 11
white win | 1R2k1rb/5p2/4pB2/2P1N2p/r1P1P1p1/5QP1/5P1P/4RRK1 b - - 0 24
white win | r1bq1b1r/pppnkQ1p/3p1p2/1B2N1B1/3PP3/2N5/PPP2PPP/R4RK1 b - - 2 11
white win | rnb4r/1p1p3p/p2N4/1BP2N2/3QP3/5RP1/k5P1/R5K1 b - - 1 28
white win | rn1k1Q2/p1qpp1p1/bppN4/1B2N1B1/1PPP1PPr/7p/P6P/4RRK1 b - - 0 18
draw by threefold repitition | 8/8/8/4R3/7k/8/8/6K1 b - - 18 139
white win | 1nb1k1R1/4p2p/rppp4/pB2N1B1/3PPP2/2NQ4/1PP4P/4RRK1 b k - 0 17
draw by threefold repitition | 6R1/4P3/7k/4B3/8/8/8/1K6 b - - 10 86
white win | 2b5/1pPp4/1P1N3k/2PNBP2/4PP2/7R/7P/3R2K1 b - - 0 49
draw by threefold repitition | 8/3pPP2/3P4/3B3p/8/8/1k6/6K1 w - - 12 91
white win | 3r4/8/P1kNB1pp/P3P3/3PR1P1/8/7P/2R3K1 b - - 2 44
white win | 2bq1bn1/1p1p1r2/2k1Npp1/1pPP2Bp/r3P3/3Q4/PP3PPP/4RRK1 b - - 0 17
white win | r5rk/pbn2Nb1/2P5/5QBp/4PP2/2N3P1/P1P3P1/4RRK1 b - - 4 22
white win | rn2kbn1/3ppNp1/bp1N1pP1/1BP5/pP1Q2P1/8/P6P/4R1K1 b - - 4 21
white win | rnb1qbnr/ppp2ppp/3kp3/1B1N4/2NPP3/8/PPP2PPP/R1BQK2R b KQ - 2 8
draw by threefold repitition | 8/2PP2k1/3N2p1/3BP1P1/p7/P6p/7P/5RK1 b - - 10 50
white win | 1r2bQ1R/1P4k1/2p1B1p1/2P3P1/3P4/8/6K1/8 b - - 0 47
white win | 1rb5/1p2Npp1/1PNk1p1r/5P1p/3QPR2/8/n6P/4R1K1 b - - 1 30
white win | b1r1k2r/3pPPp1/p1pq4/PP4Bp/3PP1P1/8/8/4RR1K b - - 0 32
white win | 2bQkb1r/rpP1p3/6p1/2P1NpB1/4PPn1/p6p/P1P3PP/4RRK1 b k - 1 21
draw by threefold repitition | 2rq2nr/kbNpn1pp/5p2/p2N1QB1/P2PPP2/8/1PP3PP/4RRK1 w - - 9 23
draw by threefold repitition | 4R3/8/4k3/8/8/8/5K2/7q b - - 11 115
white win | b5nr/1kQn1p1p/rp1BN3/p7/4P3/5N2/PPP2PPP/4RRK1 b - - 3 17
draw by threefold repitition | 4rb2/2p1p3/1p2R1P1/6B1/k3R1p1/8/7P/6K1 b - - 12 50
white win | r4br1/2p4p/3PP3/p3R1B1/k2NP3/2P5/R5PP/6K1 b - - 3 35
white win | rnbq1knr/p1pp1Q1p/1p1b4/1B2Np2/4P3/2N5/PPPP1PPP/R1B2RK1 b - - 2 9
white win | 8/P1P3R1/2p5/4P3/1P3N1k/8/5B2/b5K1 b - - 13 73
white win | r1b1kbnr/1ppp1B1p/6p1/p3N1B1/3PPPP1/2NQ4/PqP4P/4RRK1 b k - 0 16
50 game(s) computed in 2958409ms
white win | r1b1k1nr/p1qp1Qbp/n7/1Bp1N1B1/3PP3/2N5/PPP2PPP/R4RK1 b k - 0 10
white win | 1nb1Qb1r/rp1p1Npp/pq1k4/1BpN2p1/3PP1n1/8/PPP2PPP/R4RK1 b - - 9 13
white win | rk3b1r/ppQ1pp2/3pN1pn/1P2N1B1/3PPPPp/8/PP5P/4RRK1 b - - 2 19
draw by threefold repitition | R7/4P1p1/6P1/8/1k4p1/8/8/6K1 w - - 22 82
draw by threefold repitition | 5R2/8/4k3/8/8/8/K7/8 b - - 48 148
white win | r1bk1Qnr/1pqpp1p1/7p/pB2N1B1/3PP3/2N5/PPP2PPP/4RRK1 b - - 0 13
white win | 1nbqk2r/1p1p1Qb1/3r3p/pB2N1Bn/3PP3/2N5/PPP2PPP/4RRK1 b k - 0 12
white win | r1bqnbr1/ppp1pp1p/2Bpk1p1/3P2B1/4P3/2N2N2/PPP2PPP/R2Q1RK1 b - - 0 9
white win | 3Q1Rn1/1PP1k3/8/8/3B1N1p/8/8/6K1 b - - 0 53
white win | rnb4r/p2p1ppp/1p5k/2PNN3/4PP1Q/b7/PPP1B2P/4RRK1 b - - 0 26
white win | r1bq1bnr/pppp1Qp1/7p/1B3p2/1nNkP3/2N1B3/PPP2PPP/R3K2R b KQ - 1 10
white win | r1b2r2/pppp2pp/7n/1B1kNP2/1B3P2/4R3/PPP3PP/3R2K1 b - - 1 22
white win | rnbqk2r/p1ppnQ2/1p1b4/1B2N1p1/3PP3/2N5/PPP2PPP/R4RK1 b kq - 0 11
white win | r3kbnr/p1pQpp1p/1N1p2p1/6B1/3PP3/5N2/PPP2PPP/R4RK1 b - - 0 13
white win | r3kb2/1pnB4/p2ppBp1/4N2r/2PP1PP1/8/PP5P/4RRK1 b - - 0 19
white win | r1b1k2r/2qpPB2/6p1/p3NPB1/3PPP1p/2NQ4/P1P4P/4RRK1 b kq - 2 21
draw by threefold repitition | 1R6/2PP1P2/8/3B4/8/3k4/8/6K1 b - - 22 66
draw by threefold repitition | 6R1/8/8/4B3/7k/8/8/6K1 w - - 33 107
white win | 1n1q1bn1/rb1pp1pr/1p1k3p/pN2N1B1/3PP1Q1/8/PPP2PPP/R4RK1 b - - 5 12
draw by threefold repitition | k5nr/r1N1p2p/2n3pb/3PP1B1/4P1p1/6P1/2b5/4R1K1 b - - 13 33
white win | 2bkQb2/2p2P2/P1p5/1r1N2p1/P1PP2P1/8/7P/4R1K1 b - - 2 29
white win | 6R1/P1PP1P2/7R/4B3/4P2k/7p/7P/4R1K1 b - - 4 58
white win | 1nbq1kr1/1pNp2b1/r1n1BpNp/6B1/p2PPP2/3Q4/PPP3PP/4RRK1 b - - 0 16
white win | rnbkQbnr/1pp5/5ppp/pB1q2B1/3PP3/2N5/PPP2PPP/R4RK1 b - - 4 11
draw by threefold repitition | 6R1/1PP2P2/8/3R4/8/8/2k5/6K1 w - - 34 81
white win | rn3knr/p1qp1Qbp/8/1b2N1B1/3PP3/2N5/PPP2PPP/4RRK1 b - - 0 13
draw by threefold repitition | 6R1/P2P4/3N4/3B4/8/7p/4k2P/6K1 w - - 31 91
white win | r1bk1r2/pp1pBQ1p/6pb/1q1N4/3pP3/3P4/PPP2PPP/4RRK1 b - - 0 13
draw by threefold repitition | rnbk2nr/2Np2p1/pp3q1p/1B2NpB1/3QPP2/b7/PPP3PP/4RRK1 w - - 11 19
white win | r1bk1Q2/p1ppq3/1p2p1pr/nB1NN1Bp/3PP3/8/PPP2PPP/R4RK1 b - - 0 12
white win | r1bq2nr/pppB1p1p/5k2/3NN3/3PP1Q1/1P6/PP3PPP/R4RK1 b - - 3 14
white win | 1nbq2kr/1p1ppQ2/1P6/1B2N1p1/2PPN1P1/8/P6P/4R1K1 b - - 3 21
white win | rnb1k3/1p1pQp2/pqp3pr/1B2N1Bp/3PP3/2N5/PPP2PPP/4RRK1 b q - 0 12
white win | 1rbq1bn1/pppp2pr/n6p/1B1N1Q2/2NkP3/4B3/PPP2PPP/R4RK1 b - - 1 12
white win | r1bqkbnr/p1np1Q2/2p4p/1B2N1B1/3PP3/2N5/PPP2PPP/R4RK1 b - - 0 10
white win | 2R1Q3/3k2br/1p1p2p1/1ppP2B1/4P1P1/8/rPP4P/4R1K1 b - - 0 26
white win | r1bq1b1r/ppp2ppp/3p4/1B2NkB1/3PnNQ1/8/PPn2PPP/R4RK1 b - - 3 11
draw by threefold repitition | 6R1/6P1/8/8/8/8/8/3k2K1 w - - 21 139
white win | rn2R2k/p4R1p/1ppr4/1B2N1P1/3PP3/1q1Q4/PP4PP/4R1K1 b - - 0 26
white win | 3R2k1/PP6/4pBP1/4P3/3QP3/p7/8/6K1 b - - 0 52
white win | 1rbkR3/2qP2p1/1p1b2rn/1B6/pPPP1PP1/8/P6P/5RK1 b - - 2 21
white win | R2k3r/p7/7p/1BnN2pn/P1PPPP2/6P1/5K2/4RR2 b - - 0 28
white win | 1r3bn1/1R2p1pr/3pN3/p3NpBp/k2PPP2/8/1P4PP/R5K1 b - - 1 34
white win | rnb1k2R/1pbpP3/5B1p/qBP1N3/P2P4/8/7P/4RRK1 b - - 0 30
white win | rnbq1bnr/3p1N1p/3k1p2/pBpN1Q2/4P3/8/PPPP1PPP/R1B1K2R b KQ - 6 10
white win | rnQ1k1nr/1p1p1p1p/4p1pb/pB2N1B1/3PPP2/2N5/1qP3PP/4RRK1 b kq - 0 13
white win | rnbq1bnr/pp1pk2p/6Q1/2pNN3/4Pp2/8/PPPP1PPP/R1B1KB1R b KQ - 2 7
white win | rnbq1b1r/p2p1pp1/4k3/1Bp3Bp/2NPPNn1/8/PPP2PPP/R4RK1 b - - 1 12
white win | 2k4r/P3P1p1/3P2P1/4N3/4BP2/4R3/P1R4P/6K1 b - - 2 35
white win | r1b2bn1/3p1Bpr/p1pB1k1p/5Q2/3PP3/2N5/PPP2PPP/R4RK1 b - - 0 15
minimax2--random 50 game(s) computed in 2482771ms
