white win | 1r2kbr1/p1pp1B2/b7/Pq2N1Bp/3PP1P1/2NQ4/2P4P/4RRK1 b - - 0 21
white win | 2R1k3/4Pp2/2P5/3NN1Bp/3QP3/r7/P7/4R1K1 b - - 0 33
white win | 3k1R2/3P4/np3p2/1PPNN2p/4P3/3Q4/7P/3R2K1 b - - 0 31
white win | rnb1q2r/1p1pk2p/p1pb1Q1n/1B2N1B1/3PP3/2N5/PPP2PPP/R4RK1 b - - 0 10
white win | 2r1k3/P1PQP3/bp6/4N3/4P1p1/8/8/3R2K1 b - - 2 37
white win | 1nbk4/r2p1Nb1/1p4pr/1BPN1PP1/pP1Q4/8/P7/4RRK1 b - - 2 28
white win | 1nR1kb1r/p1p4p/5pp1/3NN1B1/PP1QPPP1/8/7P/4RRK1 b - - 0 21
white win | rnQ1k1n1/pp2ppbr/6pp/3N2B1/3NPq2/8/PPP3PP/4RRK1 b q - 1 14
white win | r1b2kR1/P2pbP1p/1p3p2/3NNP2/1P2P3/1P6/7P/3R2K1 b - - 0 29
white win | 5b2/2PQkPPr/1r2P3/PP2P1p1/8/8/7P/4RRK1 b - - 2 34
white win | r1bk3Q/pq2n2p/3P4/1P1NN1B1/3PPPP1/b7/P6P/4RRK1 b - - 0 20
white win | rnb2bnr/ppp2kpp/1q2p3/1B1NNpB1/3PP3/8/PPP2PPP/R2Q1RK1 b - - 4 9
white win | 3r4/p1pP1R2/b1P4k/Pq1BN2p/3PP3/4Q3/7P/4R1K1 b - - 2 31
white win | rnbqkb1r/pp1pnQ2/2p3pp/1B2N1B1/3PP3/2N5/PPP2PPP/R4RK1 b q - 0 10
white win | r1b1kb2/2P2Qp1/5BP1/4P3/4P2p/p7/P4K1P/q7 b - - 2 33
white win | 8/2PP1P2/1p1P3p/3PNRk1/4Q3/8/3R4/6K1 b - - 1 46
white win | rnbqk1n1/5Q2/ppp3p1/PBPNN1B1/1P1PPPpr/8/7P/2b1RRK1 b q - 2 20
white win | r1b1kR2/2qpP1r1/1p5p/pBPPN1B1/P2PP1n1/3Q4/7P/4R1K1 b - - 0 25
white win | r1b1k2r/pppp1Q1p/2n3pq/1Bb1N1B1/3PPP2/2N5/PPP3PP/4RRK1 b q - 0 13
white win | 1r6/2P5/8/3NN1kp/5Q2/1p6/8/4R1K1 b - - 1 77
white win | 1nb1kR2/3p3p/1p1BP3/rP6/1P1PP3/8/7P/4R1K1 b - - 0 28
white win | r1b1k1nr/2pp1Q2/1p2n1p1/pB2N1Bp/3PP3/b1N5/PPP2PP1/R4RK1 b kq - 0 12
white win | 1rbq1n2/1ppp2Qk/4N3/pB1N2B1/PbP1PPPp/3P4/1P5P/4RRK1 b - - 0 19
white win | rnb1kbr1/3pPQ2/pp1P4/PBPNN3/3PP1p1/8/7P/3R2K1 b q - 0 25
white win | 3rkb1r/1bNpn1Pp/1P1B4/1B2N3/p1PQP3/8/P6P/4R1K1 b k - 2 25
white win | r1b1k1R1/2pp1R2/8/1BP1N3/p3N2p/3Q4/Pb5P/4R1K1 b q - 0 26
white win | 5rk1/p1ppNp1p/bp4pn/1BP1Q1B1/P1PNP1P1/3P4/7P/4RRK1 b - - 1 21
white win | 2b2kr1/1P2Q3/1P3Bp1/r3P1P1/4P2p/2N5/2P4P/4R1K1 b - - 2 28
white win | r1bk1r2/p2pBPp1/np6/1B1NN2p/2QPPP2/8/PPP4P/4RRK1 b - - 2 20
white win | r1b3kr/3pPP2/3P1B2/PpPNN2p/4Q3/8/7P/4RRK1 b - - 0 32
draw by 50 move rule | 8/8/3k4/8/8/4K2p/b6P/8 b - - 100 192
white win | 5knr/1bpPp1b1/1p4N1/r2B1pBp/p2PPPp1/2NQ4/P1P3PP/4RRK1 b - - 2 18
white win | 1rbq1r1B/3pkp2/ppp5/1BPP3p/2PN1PP1/3Q4/P6P/4RRK1 b - - 2 20
draw by threefold repitition | 8/PPP5/6k1/3NQ3/4P3/7p/7P/3R2K1 w - - 10 58
white win | rn1Qk3/1b2P2r/pp4pb/4N1P1/4N3/8/1P5P/4RRK1 b q - 2 22
white win | 5RQ1/1PPP2k1/6p1/p3N1P1/4P2p/8/7P/4R1K1 b - - 1 36
white win | r2nkbr1/2Nbp1pp/1p6/pq2NpB1/2PPQP2/8/PP4PP/4RRK1 b q - 0 15
white win | r1b3rk/pp1npNb1/3B4/1BPN1Q1p/2PP1Pp1/8/P5PP/4RRK1 b - - 2 20
white win | rn2bkr1/5Pbp/1P4P1/2QPN1B1/4P3/8/7P/3qRRK1 b - - 2 27
white win | rn2kb1r/1bNn1p1p/ppp2Bp1/1B2N3/3PP3/3Q4/PPP2PPP/4RRK1 b kq - 1 13
white win | 6nr/1p1Pp2p/4P1k1/1P2Q1B1/5Np1/p7/P5PP/4RRK1 b - - 2 29
white win | 6n1/1Pr5/2PB3r/1B1QNRk1/p3P2p/P7/7P/4R1K1 b - - 0 37
white win | 2k2b2/r4P1r/1NB1p3/2P1B1p1/4P2p/3Q4/7P/4RbK1 b - - 2 37
white win | r1bq1br1/2pp3p/n2k3n/pB3QB1/2NPP3/2N5/PPP2PPP/4RRK1 b - - 2 12
white win | rn2kbnr/p1N2pp1/bpp4p/1Bq1N1B1/3PP3/8/PPP2PPP/R2Q1RK1 b kq - 4 10
white win | r1b1kQ2/1p1p2pr/n1p1P2n/1B2N1p1/1pPPN3/4P3/P6P/4RRK1 b - - 1 18
draw by threefold repitition | 4R3/P1PP3k/2B5/3NB2p/7P/8/8/6K1 w - - 19 50
white win | 1rb1kb1r/2NpP3/1PpR2pn/2P1N1Bp/P2PP1P1/3Q4/7P/4R1K1 b k - 0 26
white win | 1n2k3/1pN1Pnbp/3p1P2/1P2N3/1P1PP3/r2Q2rb/6P1/4RRK1 b - - 0 25
white win | r1bqkbnr/1ppp1Q2/6pp/p2BN1B1/3PP1P1/2N5/PPP2P1P/4RRK1 b - - 0 14
white win | 2bqk2r/rpp2Qpp/1n1b4/1p1NN1p1/3PPP2/8/PPP3PP/4RRK1 b k - 1 14
white win | 8/2P3P1/3p4/k2N2B1/3N4/4R2p/7P/R5K1 b - - 7 46
white win | 6Q1/1PP2P1k/r3R3/1p1NN3/p2PP2p/P7/7P/4R1K1 b - - 0 37
white win | 2Q1kbn1/q3p1r1/1p6/3PN1Bp/3P1P2/2P5/P5PP/4RRK1 b - - 2 20
white win | 5k2/1P1P3p/1P3Q1b/3P3r/4P3/p5R1/7P/3R2K1 b - - 0 35
white win | 2N2R2/4k1P1/3p2p1/3PN2p/rP1PQ1P1/8/7P/4R1K1 b - - 0 27
white win | 1rk2br1/p6p/1PQ1P1p1/1PP1P1B1/8/8/7n/4R1K1 b - - 1 30
white win | 1R1k2n1/4b1p1/4PBP1/r2NN3/p2QP2r/P7/4R3/4R1K1 b - - 0 35
white win | r1bq1knr/pp1pbQp1/n7/1Bp1N1Bp/3PP3/2N5/PPP2PPP/R4RK1 b - - 0 10
draw by threefold repitition | 1k6/3P2P1/3P4/1B1PN3/p2Q4/8/8/6K1 w - - 12 64
white win | rnb1kb2/ppNp1ppr/7p/1qp1p1B1/3PP3/3Q1N2/PPP2PPP/4RRK1 b q - 1 11
white win | r1bR2k1/2p4p/np2P3/1B1P4/p2QP1n1/6P1/P7/4R1K1 b - - 2 26
white win | r1b4r/1pbkPPPp/2p2N2/2P5/8/8/7P/4R1K1 b - - 2 32
white win | r5nr/3p1Qkp/b1nb2p1/PP1NN1B1/3PP3/8/P4P1P/4RRK1 b - - 2 19
white win | rqk5/3QP3/8/p3P1p1/6P1/8/5P1P/3RR1K1 b - - 1 31
white win | 3r2rb/2P1pRk1/2B3Pp/P1PNN1B1/3PQ1b1/8/8/4R1K1 b - - 2 29
white win | rnb2knr/p2p1Qpp/1p6/1Bp1N1B1/1b1PP3/2N5/PPP2PPP/4RRK1 b - - 0 12
white win | r1b2nr1/6kp/p3PBpb/PpPNP3/2PPP3/3Q4/7P/4RRK1 b - - 1 25
white win | 1nb1qbnr/1pp2ppp/r2pk3/pB2NQB1/3PP3/2N5/PPP2PPP/R4RK1 b - - 6 10
draw by threefold repitition | 5R2/k2PP3/8/4Q1Bp/1p5P/4R3/8/6K1 w - - 10 51
white win | R4k2/3p1pbn/5p2/1P1NNP2/3PB2p/3Q4/7P/2R2RK1 b - - 0 28
white win | 3R2k1/1p2Pp2/5BP1/1n2N2p/1p2P3/2b5/r6P/3R2K1 b - - 2 41
white win | 1nbk3r/3p1Np1/3P2P1/pB3P1p/P2PQ2b/8/7P/4RRK1 b - - 2 27
white win | r1b2q2/pp1p1p1r/4kB1p/1BPNNPp1/P1PPP1P1/8/7P/4RRK1 b - - 0 20
white win | 2r1kb2/2P1pp2/5B1r/pQPNNP1p/1P1PP3/8/7P/4RRK1 b - - 1 26
white win | rnb1kbnr/2Np1pp1/4p2p/1p2P1B1/3QP3/8/1PP3PP/4RRK1 b kq - 1 14
white win | 2R1kb2/3ppr2/8/1P1NN1Bp/3PP3/r2QR3/7P/4R1K1 b - - 0 29
draw by threefold repitition | 8/PP1PPPP1/4P3/8/3BQ3/1k6/8/4R1K1 b - - 26 87
white win | 5b2/1Qk1Pp2/3N1p1r/1p5p/1P5r/8/7P/3R2K1 b - - 0 34
white win | 5Rkr/3P2p1/1P2N1P1/3bB2p/p2NP3/2Q5/7P/4R1K1 b - - 0 36
white win | 6N1/p1pP3p/b1P2P1k/P3NR2/4P3/8/1r5P/4R1K1 b - - 0 32
white win | rn1qkb2/1p2pp1p/2pp1N2/pB4r1/3P4/3Q1N1b/PPP2PPP/4RRK1 b q - 1 11
white win | rq2kbnr/pppB1p2/3p2p1/4NnBp/3PP3/2N2Q2/PPP2PPP/R4RK1 b kq - 0 10
white win | r5r1/PP2n1kp/2p1PQpb/3N1R2/3PP3/8/6bP/4R1K1 b - - 0 33
white win | 3R3r/2k1P1p1/ppQ4p/1p1PN3/3PP1P1/8/P6P/4R1K1 b - - 0 24
white win | rn1n2r1/P1NPp3/2B1kBPp/1P2P3/3QP3/8/7P/4RRK1 b - - 2 30
white win | r1b1kb1r/p1Ppn3/3PpNpp/PB2N1P1/1P1QP1P1/6P1/8/4RRK1 b - - 2 26
white win | r1bnq1nr/ppp1p3/4k1pb/1B1pN1Bp/2PPN3/7Q/PP3PPP/4RRK1 b - - 1 13
white win | 1nbqkb1r/rp3Q2/3p2p1/PP2N1Pp/3P2P1/8/P6P/4RRK1 b k - 2 21
white win | 3k2rb/2qPB2p/b2R4/pB1NP3/P2PP1P1/3Q4/6P1/4R1K1 b - - 0 27
white win | rnb1kb1r/3p1Q2/ppp3p1/1Bq1N1Bp/3PP3/2N3P1/PPP2PP1/4RRK1 b kq - 0 12
white win | rnbqkb2/4nQpr/1pp4p/1B1PN1B1/p1PP4/8/PP3PPP/4RRK1 b q - 1 15
white win | rnQkr3/pP1pp2p/5B2/PB1NNP2/3P1P2/2P5/7P/4RRK1 b - - 0 25
white win | r2qkbnr/2pn3p/bp3p2/pB1NN1BQ/3PP3/8/PPP2PPP/R4RK1 b kq - 2 10
draw by threefold repitition | 6k1/1P6/8/3N4/4R2p/4R2P/8/6K1 w - - 13 54
white win | r2qkb1r/2ppp3/bpn3Qp/1B1NB3/p1PP4/5N2/PP3PPP/4RRK1 b kq - 2 15
draw by threefold repitition | 8/p5k1/P7/4N3/3Q4/6p1/3R4/6K1 b - - 14 70
white win | rn2k3/3p1prp/p1p2BNb/1B1P1PP1/PP1P4/3Q4/7P/4RRK1 b q - 0 22
white win | 1q2kbnr/1bPB4/1r2ppp1/3NN1B1/P1PPPPp1/3Q4/7P/4RRK1 b k - 0 20
white win | rnbkr3/1p1p3p/1Q1P1p2/pB1N4/2P1PP2/8/PP4PP/4RRK1 b - - 2 19
100 game(s) computed in 178208ms
