White wins | 8/6Pr/3R2P1/kQK5/8/8/8/8 b - - 2 105
50 move count reached | K7/8/8/4b3/7k/8/8/7r w - - 100 224
50 move count reached | 8/8/8/8/8/6k1/8/3K4 b - - 100 263
50 move count reached | 8/8/4p3/4P3/k2B4/8/1K6/7n w - - 100 208
50 move count reached | 8/8/2k5/p7/P7/5K2/8/7n w - - 100 216
50 move count reached | 8/8/6r1/6k1/8/8/7K/8 b - - 100 169
draw - no checkmate possible | 1k6/8/8/6B1/1K1b4/8/8/8 b - - 0 118
50 move count reached | 8/6k1/8/8/8/4K3/8/8 b - - 100 212
draw - no checkmate possible | 8/3N3b/8/8/k7/8/7K/8 b - - 0 109
50 move count reached | 8/8/K7/5k2/8/8/8/8 b - - 100 218
50 move count reached | 8/8/7k/5R2/8/7p/7P/7K w - - 100 174
50 move count reached | 8/8/2K5/8/k7/8/8/7b w - - 100 192
50 move count reached | 8/5k2/8/8/8/1K6/8/8 w - - 100 196
Stalemate | 8/8/8/8/1K6/8/8/7k b - - 19 182
50 move count reached | 8/8/8/8/4K3/8/5k2/8 b - - 100 180
50 move count reached | 8/8/1K6/3k4/8/7p/7P/8 w - - 100 219
50 move count reached | 8/8/2K5/8/8/8/k7/8 b - - 100 243
50 move count reached | 6K1/8/8/1k6/7p/7P/8/7b w - - 100 179
50 move count reached | 4k3/8/8/8/8/8/4K3/8 b - - 100 218
50 move count reached | 8/8/4p3/1k2P3/8/8/8/2K5 w - - 100 240
Stalemate | 8/8/8/8/8/1B6/2K5/k7 b - - 28 170
Stalemate | 1N6/8/p5B1/P1R3N1/2P4k/7P/R6K/8 b - - 10 101
50 move count reached | 8/8/8/6n1/3K4/8/8/7k b - - 100 190
50 move count reached | 1k6/8/4K3/8/8/8/8/8 w - - 100 179
50 move count reached | 8/2K5/8/8/8/5k2/8/8 w - - 100 283
50 move count reached | 8/2N1K3/8/5k2/8/8/8/8 w - - 100 194
50 move count reached | 8/5k2/8/8/8/8/8/1K6 w - - 100 247
50 move count reached | 8/8/4k3/8/6K1/8/8/8 b - - 100 243
Stalemate | 8/8/8/8/2K5/8/8/7k b - - 72 174
Stalemate | 7K/5kr1/8/8/8/1p6/8/7r w - - 31 162
50 move count reached | 8/8/1K6/8/8/8/8/k7 w - - 100 256
Black wins | 6n1/1P1r4/2p2kbP/2R5/pP1p3p/5pqK/Q7/3R4 w - - 10 55
50 move count reached | 8/1K6/8/3k4/8/8/8/7r b - - 100 174
50 move count reached | 1K6/8/8/1k6/8/8/8/8 w - - 100 219
50 move count reached | 3k4/8/8/8/1N6/4K3/8/8 w - - 100 164
50 move count reached | 8/8/3k1K2/8/8/8/8/8 b - - 100 207
Stalemate | k7/8/1Q6/8/8/8/K7/8 b - - 100 230
50 move count reached | 4K3/8/8/8/8/5k2/7p/7r w - - 100 149
50 move count reached | 8/8/8/6k1/3R4/5K2/8/8 w - - 100 186
draw - no checkmate possible | 8/8/B7/k1b5/8/5K2/8/8 b - - 0 160
Stalemate | 8/8/8/8/8/3K4/8/7k b - - 100 211
50 move count reached | 8/k7/8/p7/P7/P5K1/8/8 w - - 100 235
White wins | 8/7R/5b2/1p4pk/1pn1B3/3K3p/5N2/8 b - - 3 89
50 move count reached | 3k4/8/6N1/8/7K/2B5/8/8 w - - 100 232
50 move count reached | 2k2K2/8/8/8/8/8/8/8 b - - 100 194
draw - no checkmate possible | 8/3k4/8/2K4N/8/8/8/7b w - - 0 125
50 move count reached | 8/8/8/2k5/8/8/8/3K4 w - - 100 220
50 move count reached | 8/1k6/8/8/8/8/8/4K2b b - - 100 235
50 move count reached | 2K5/8/8/5k2/8/8/8/7n b - - 100 182
50 move count reached | 8/8/8/8/k7/8/2K5/7b b - - 100 261
50 move count reached | 8/8/8/8/3k2K1/8/8/8 b - - 100 205
50 move count reached | 8/8/8/8/8/4k3/2K5/8 w - - 100 276
50 move count reached | 8/8/8/8/2K5/8/7k/8 w - - 100 244
50 move count reached | 5k2/8/8/8/8/8/5K2/8 w - - 100 183
White wins | 8/8/p3n3/P7/8/8/6K1/7k b - - 7 161
White wins | 8/8/N4b2/8/1Pr4n/p7/8/6Kk b - - 28 170
50 move count reached | 8/8/8/8/2k5/8/3K4/8 b - - 100 246
50 move count reached | 4n3/2k5/8/1K6/6b1/8/8/8 b - - 100 216
Stalemate | 2q5/4K3/6b1/4k3/8/8/8/6n1 w - - 82 117
White wins | 5R2/8/3Prk1K/1p6/3P3p/2N2p1N/4p3/8 b - - 1 79
50 move count reached | 8/8/8/8/8/2k5/7p/1K5b w - - 100 164
50 move count reached | 2K5/8/8/8/6k1/8/8/7n w - - 100 198
White wins | 2r3k1/6Q1/5B2/n1P5/6p1/3R3P/8/1K6 b - - 0 88
50 move count reached | 8/8/1rk4K/8/8/8/8/8 b - - 100 233
50 move count reached | 8/8/8/3k4/7K/8/8/7q b - - 100 161
50 move count reached | 8/5k2/8/2R5/8/4K3/8/8 b - - 100 219
Stalemate | 8/8/2K5/8/8/8/8/7k b - - 49 179
50 move count reached | 8/8/6k1/8/8/8/8/4K2b w - - 100 214
50 move count reached | 8/8/8/2K5/4k3/8/4B3/8 b - - 100 189
50 move count reached | 8/8/8/3K4/6k1/8/8/8 w - - 100 205
50 move count reached | 8/8/2k3B1/8/8/8/5K2/8 w - - 100 233
Black wins | rn1k2nr/p1p3pp/bp2p1N1/3p1p2/Pb1PP3/7N/3q1PPP/R3KB1R w K - 0 16
50 move count reached | 6K1/3N4/8/6k1/8/8/8/8 b - - 100 199
50 move count reached | 8/8/8/8/k5K1/8/8/7r b - - 100 184
50 move count reached | 8/8/8/8/K2k4/8/8/8 b - - 100 168
White wins | 8/R7/3B4/k4PK1/8/1R5P/8/8 b - - 20 132
50 move count reached | 8/5k2/8/1K6/8/8/8/8 b - - 100 251
50 move count reached | 7k/p7/P7/4K3/8/8/8/8 w - - 100 190
50 move count reached | 8/8/1K6/8/3k4/8/8/8 b - - 100 224
Stalemate | 8/8/8/8/K7/8/7N/7k b - - 99 183
50 move count reached | 8/8/7K/8/8/4k3/8/7r w - - 100 246
draw - no checkmate possible | 3n2k1/7N/8/8/8/8/K7/8 b - - 0 136
50 move count reached | 8/8/3R4/8/8/7K/4k3/8 b - - 100 160
50 move count reached | 8/8/5K2/8/8/3k4/8/8 w - - 100 233
50 move count reached | 8/1k6/4K3/8/8/8/8/7b w - - 100 159
50 move count reached | 8/8/8/1k2K3/8/8/8/8 b - - 100 221
50 move count reached | 3k4/8/8/8/6K1/8/8/7n w - - 100 188
Stalemate | 8/8/8/8/8/5K2/8/7k b - - 89 226
50 move count reached | 1K6/8/8/8/8/1k6/8/8 b - - 100 200
50 move count reached | 8/1k6/8/p7/P6p/3K3P/8/8 b - - 100 160
Stalemate | 6K1/8/8/8/8/8/8/7k b - - 23 182
draw - no checkmate possible | 8/8/8/2n5/2N1k3/8/8/7K w - - 0 166
Stalemate | 8/4K3/8/8/8/8/8/7k b - - 38 207
50 move count reached | 8/1k6/8/8/8/8/2K5/8 w - - 100 234
Stalemate | 8/8/2K5/8/8/8/8/7k b - - 0 174
Stalemate | 8/6B1/8/8/1K6/8/8/7k b - - 0 119
White wins | k1B5/1Q3p2/P4P1b/2p1p2p/b1P1P2n/8/2R2P2/N4K1q b - - 0 58
Stalemate | 1R6/8/8/8/8/3P4/6R1/k3B2K b - - 46 90
50 move count reached | 8/4K3/8/8/8/8/3k4/8 w - - 100 213
Stalemate | 8/8/8/8/2K5/8/8/7k b - - 37 141
50 move count reached | 2k5/7K/8/8/p7/Pp6/1P6/8 b - - 100 174
50 move count reached | K5k1/8/2B5/p7/P7/8/8/8 w - - 100 220
50 move count reached | 8/6K1/8/8/k7/8/8/7q b - - 100 282
Stalemate | 8/6K1/8/8/8/8/8/7k b - - 63 163
50 move count reached | 8/8/8/8/7k/K7/8/7b b - - 100 257
draw - no checkmate possible | 8/8/6k1/8/B2n4/6K1/8/8 w - - 0 98
50 move count reached | 8/7K/8/2k5/8/8/8/8 b - - 100 204
50 move count reached | 7k/8/8/8/8/6K1/8/8 b - - 100 279
50 move count reached | 1K6/8/k7/8/1b6/8/8/7n w - - 100 224
50 move count reached | 8/8/3b4/8/3K4/k7/8/8 b - - 100 184
draw - no checkmate possible | 2k5/8/8/7B/1b6/8/6K1/8 w - - 0 148
50 move count reached | 8/8/K7/8/8/8/7p/1k5r w - - 100 279
50 move count reached | 8/5K2/8/8/8/8/8/3k4 b - - 100 212
Stalemate | 8/8/8/1K6/8/8/8/7k b - - 89 201
50 move count reached | 8/8/8/8/1K6/8/8/3k4 w - - 100 209
50 move count reached | 8/1k6/8/8/8/8/8/1K6 w - - 100 200
50 move count reached | 8/k7/8/8/8/K7/8/8 w - - 100 179
draw - no checkmate possible | 8/8/7k/5Kb1/4B3/8/8/8 b - - 0 114
50 move count reached | 8/8/7K/2k5/8/8/8/8 b - - 100 173
50 move count reached | 8/3K4/8/8/8/8/3k4/7b w - - 100 187
Stalemate | 8/8/8/8/8/3K4/8/7k b - - 67 169
Stalemate | 8/8/8/8/8/2K5/8/7k b - - 41 210
50 move count reached | 8/8/7p/7P/5k2/8/8/6K1 w - - 100 201
Stalemate | 8/8/6K1/8/8/8/8/7k b - - 0 150
50 move count reached | 8/8/4k3/8/8/K7/8/7q b - - 100 161
50 move count reached | 8/8/8/8/8/3K4/8/1k5r b - - 100 230
Black wins | 2b2k1r/2ppn3/rp4p1/P3BpNp/2P1pn2/3P1Pb1/P3P3/RNqQKB1R w - - 0 24
Stalemate | 8/8/1K6/7p/7P/8/8/7k b - - 80 219
50 move count reached | 8/8/8/3K2k1/8/8/8/8 b - - 100 211
50 move count reached | 8/8/6k1/8/4N3/8/8/3K4 w - - 100 209
draw - no checkmate possible | 8/7k/8/8/8/8/4N3/5K1b b - - 0 112
50 move count reached | 8/1K6/8/8/8/8/1k6/7r b - - 100 219
50 move count reached | 8/p7/P7/6K1/8/4k3/3N4/8 b - - 100 170
White wins | rq3b1r/kp2p1p1/p3bp1p/1N1pP2n/1nP5/3P1P2/PB1K2P1/1R3BQR b - - 14 26
50 move count reached | 8/1k2K3/8/8/8/8/8/8 b - - 100 245
50 move count reached | 2k5/5K2/8/8/8/8/8/7q b - - 100 242
50 move count reached | 8/8/4k1B1/8/8/8/2K5/8 w - - 100 212
50 move count reached | 8/4K3/8/8/8/8/4k3/7b b - - 100 187
50 move count reached | 8/8/8/4K3/8/8/8/2k4q b - - 100 228
50 move count reached | 8/3K3k/8/8/8/8/8/8 w - - 100 218
Stalemate | 8/8/1pN5/1P2R3/2k5/1RP1K3/P7/B7 b - - 0 73
50 move count reached | 8/8/k7/8/8/8/8/5K2 b - - 100 296
50 move count reached | 8/8/8/7p/7P/3k2K1/8/8 w - - 100 188
50 move count reached | 5b2/8/8/8/8/8/6K1/4k3 b - - 100 192
50 move count reached | 4K3/8/k7/8/8/8/8/8 w - - 100 262
50 move count reached | 4k3/8/8/8/1K6/8/8/8 w - - 100 161
50 move count reached | 4k3/8/8/7p/7P/2K5/8/8 w - - 100 207
50 move count reached | 8/8/8/8/1K6/5k2/8/7r b - - 100 178
50 move count reached | 8/8/8/8/8/1K6/3k4/7b b - - 100 173
50 move count reached | 8/3K1n2/1k6/8/8/8/8/7q w - - 100 200
Stalemate | 8/8/3K4/8/8/8/8/7k b - - 51 168
50 move count reached | 8/8/8/8/1k6/8/8/2K5 w - - 100 213
Stalemate | 8/8/3K4/8/8/8/8/7k b - - 71 191
50 move count reached | 8/8/8/1k6/8/8/8/6K1 b - - 100 323
50 move count reached | 8/8/1b6/8/2K3k1/8/8/8 w - - 100 204
50 move count reached | 8/2K5/8/8/8/2k5/8/8 w - - 100 186
50 move count reached | 3k4/8/8/p6K/P7/8/8/8 w - - 100 203
50 move count reached | 8/8/8/8/8/8/4k3/2K5 w - - 100 202
50 move count reached | 8/8/8/8/8/7K/1B2k3/8 w - - 100 165
Stalemate | 8/8/8/8/8/8/4K3/7k b - - 37 175
50 move count reached | 8/5k2/K7/8/8/8/8/7r b - - 100 222
50 move count reached | 8/8/7k/8/K7/8/8/8 b - - 100 223
50 move count reached | 8/5k2/8/8/8/8/8/4K3 b - - 100 175
50 move count reached | 8/8/8/8/1k6/8/2K5/8 b - - 100 208
50 move count reached | 8/8/8/K5k1/8/8/8/8 b - - 100 202
Black wins | 1r3k2/5p2/8/b1pqpP1P/4P1r1/P1K5/2B5/2B1R2R w - - 0 72
50 move count reached | 8/8/2k5/8/5K2/8/8/8 b - - 100 235
50 move count reached | 8/3nK3/8/5k1p/7P/8/8/7b w - - 100 162
White wins | 1Qk4r/p2r3n/1pp5/1P3Ppp/P3PBpP/2P5/RK4N1/5q2 b - - 2 51
50 move count reached | 7k/8/8/8/8/8/8/1K6 w - - 100 301
draw - no checkmate possible | 8/k7/8/8/8/5K2/N7/7b w - - 0 135
Stalemate | R7/8/8/3K3P/8/1QB5/8/2k5 b - - 4 113
50 move count reached | 8/5B2/8/8/8/6k1/3K4/7r w - - 100 186
50 move count reached | 2k5/8/8/3K3p/7P/8/8/8 b - - 100 266
Black wins | 8/3R2B1/1P6/pk6/r7/K1p2P2/1r5p/8 w - - 3 108
Black wins | 1rk2b2/1b3Q2/6p1/1p1p2P1/P2n4/2B1Pp1P/6q1/4R2K w - - 0 58
draw - no checkmate possible | 2k5/8/8/8/8/8/1K3B2/7b w - - 0 130
50 move count reached | 2k5/8/4K3/8/8/8/8/7b w - - 100 242
50 move count reached | 8/8/8/8/1k6/8/8/1K5r b - - 100 200
Black wins | 8/5P2/p1r4k/Pp2p1n1/3q4/1P1K4/1N5r/6R1 w - - 0 76
White wins | 8/2P4R/7k/p3nQ2/Pp3n2/1P2B1P1/8/5B1K b - - 3 65
50 move count reached | 8/8/8/8/8/1k4K1/8/8 w - - 100 199
50 move count reached | 8/1k6/8/8/5K2/8/8/7r b - - 100 225
50 move count reached | 3K4/8/2k4r/8/8/8/8/8 b - - 100 329
50 move count reached | 7K/8/8/8/7p/7P/5k2/4n3 b - - 100 175
50 move count reached | 8/8/5K2/8/8/2k5/8/8 b - - 100 204
50 move count reached | 1R6/8/8/8/2P3k1/K7/7p/B6r b - - 100 139
Black wins | 3r1b2/n3kp2/N3b1p1/1p1p4/P5B1/2p1n1p1/RB5P/1Q2Kq2 w - - 0 39
draw - no checkmate possible | 8/8/k7/3b4/6B1/8/8/2K5 w - - 0 117
50 move count reached | 8/8/6K1/8/8/8/7k/7r b - - 100 212
50 move count reached | 8/8/8/5K2/8/8/8/1k6 w - - 100 217
50 move count reached | 8/8/8/8/8/2k1K3/8/8 w - - 100 169
Stalemate | 8/3Q4/4B3/P7/8/8/5K2/7k b - - 0 104
Stalemate | 8/8/8/3K4/8/8/8/7k b - - 37 170
50 move count reached | 8/8/2k5/8/8/8/2K4p/7n w - - 100 216
Black wins | 3r1b2/5q2/1p2kpK1/p1Pn2p1/P3pr2/5PP1/7P/2N2RRB w - - 1 47
50 move count reached | 8/8/8/6K1/8/8/6k1/8 w - - 100 209
50 move count reached | 8/8/8/8/8/5K1k/8/8 w - - 100 170
draw - no checkmate possible | 8/5k2/5N2/8/3b4/3K4/8/8 b - - 0 156
Stalemate | 8/8/8/7P/8/R7/PK6/7k b - - 2 96
50 move count reached | 3r4/8/3k4/p7/P7/8/5K2/7b w - - 100 215
50 move count reached | 8/8/8/8/5k2/8/8/1K6 w - - 100 214
50 move count reached | 8/1K6/6k1/8/8/8/7p/7b w - - 100 155
50 move count reached | K7/8/8/N7/8/8/8/1k6 w - - 100 230
50 move count reached | 8/8/8/2BK4/8/7k/8/8 w - - 100 230
50 move count reached | 2k5/8/4K3/8/8/7p/7P/7b w - - 100 196
White wins | 8/8/8/8/8/6K1/8/3R2k1 b - - 53 190
White wins | 8/Q7/8/p6p/p1P2P1P/1r4r1/8/4K2b b - - 0 91
50 move count reached | 8/8/8/7P/1k4p1/6P1/R4B2/3K4 b - - 100 191
Black wins | 1nN5/8/6r1/4p2p/1k2P3/3r1K2/4n3/4q3 w - - 11 96
50 move count reached | 8/1k6/8/1K6/8/8/8/8 w - - 100 233
Stalemate | 8/8/8/P7/2K5/8/8/7k b - - 5 108
Black wins | 1b4k1/6P1/4p2p/1bp1Pp1R/8/3qK1P1/8/5r2 w - - 0 53
50 move count reached | 8/4K3/8/8/8/5k2/8/8 w - - 100 215
50 move count reached | 1B6/5K2/8/8/8/8/3k4/8 w - - 100 306
Stalemate | 3k4/1K6/5r2/r7/p7/8/7b/8 w - - 12 94
50 move count reached | 8/8/8/6K1/2k5/8/8/8 w - - 100 253
50 move count reached | 8/8/6K1/8/1k6/8/8/8 w - - 100 240
Stalemate | r7/5K2/5b2/5k2/8/8/8/8 w - - 71 163
White wins | 8/8/p7/P7/6b1/8/6K1/7k b - - 44 151
White wins | n3k1b1/3B2Q1/2P2p2/B7/3PPR1N/8/6K1/8 b - - 9 79
50 move count reached | 8/8/8/8/8/1K6/8/k7 w - - 100 177
White wins | 4R3/3R3B/5k2/3N3p/2P4P/6K1/4b3/5N2 b - - 2 114
50 move count reached | 8/6k1/8/8/8/5K2/6R1/2b5 b - - 100 222
50 move count reached | 8/8/k7/8/5K2/8/8/7r b - - 100 245
Stalemate | 8/2K5/8/8/8/8/8/7k b - - 0 125
50 move count reached | 8/8/8/8/6p1/3K2P1/k7/8 b - - 100 200
50 move count reached | 8/8/8/5k2/3K4/8/8/8 b - - 100 231
Stalemate | 7K/8/4B3/8/8/8/8/7k b - - 25 210
Stalemate | 6k1/6P1/6PK/r7/8/8/1p6/8 w - - 6 135
50 move count reached | 3k4/8/8/2K5/8/8/8/8 w - - 100 254
50 move count reached | 8/8/8/7p/K6P/8/8/5k2 w - - 100 193
50 move count reached | 8/8/8/8/4K1k1/8/8/7n w - - 100 219
White wins | 2Bk1R2/1R6/8/1p6/8/1n6/4K3/8 b - - 1 109
Stalemate | 8/8/8/8/8/8/1K6/2B4k b - - 15 136
50 move count reached | 4K3/8/8/8/8/8/4k3/8 w - - 100 221
draw - no checkmate possible | 1b6/8/1K6/8/8/7k/8/7N b - - 0 129
draw - no checkmate possible | 1n6/3N4/2k5/8/8/8/8/7K b - - 0 124
draw - no checkmate possible | 8/6k1/n7/8/2B2K2/8/8/8 w - - 0 135
Stalemate | 4k3/6Q1/8/7p/7P/3R4/8/2N1K3 b - - 11 64
White wins | 4kB2/4Ppr1/8/1B4P1/3Pp1p1/1b2b3/5N2/4K3 b - - 3 72
50 move count reached | 8/4k3/5R2/8/8/5K2/8/8 w - - 100 224
50 move count reached | 8/8/7p/7P/1k5K/8/8/8 b - - 100 244
50 move count reached | 8/3k4/8/8/8/1K6/8/8 b - - 100 226
50 move count reached | 8/8/1k6/8/8/1K6/8/8 b - - 100 170
Stalemate | 8/8/3B4/3K4/8/7p/7P/7k b - - 59 134
50 move count reached | 8/4K3/8/8/8/1k6/8/8 b - - 100 188
50 move count reached | 8/8/8/4k3/7K/B7/8/7r b - - 100 219
50 move count reached | 8/8/8/3k4/8/5K2/8/8 w - - 100 178
Black wins | 8/5k1B/8/2N1P1p1/5b2/2n3P1/4rR2/3K4 w - - 3 85
50 move count reached | 3k4/8/7p/7P/8/1K6/8/7b b - - 100 189
50 move count reached | 8/2n5/8/2K4k/8/8/8/8 b - - 100 247
50 move count reached | 8/8/8/1k6/8/8/5K2/8 w - - 100 281
Stalemate | 8/8/8/1K6/8/8/8/7k b - - 80 228
50 move count reached | 8/K6n/8/8/8/8/5k2/8 w - - 100 167
Stalemate | 5K1k/3P4/5Np1/6P1/8/7P/7B/8 b - - 14 142
50 move count reached | 8/8/1k6/2r5/8/8/8/K7 w - - 100 213
White wins | 1R3k2/1Q6/8/4pP2/P3P3/3pP3/7p/3K3q b - - 0 103
50 move count reached | 3K4/8/8/8/7R/8/4k3/7r w - - 100 202
50 move count reached | 8/8/8/8/1K6/8/2k5/8 w - - 100 270
50 move count reached | 8/4K3/8/8/8/8/8/3k3b w - - 100 164
50 move count reached | 7K/2k5/8/8/5p1b/1B3P2/8/7r w - - 100 151
50 move count reached | 8/3k4/8/8/8/3K4/8/7b b - - 100 191
50 move count reached | 5N2/8/1n6/8/7R/7K/8/2k5 b - - 100 160
50 move count reached | 8/8/p7/P3k3/6K1/8/8/8 b - - 100 255
50 move count reached | 8/3K4/8/5k2/8/8/8/8 w - - 100 162
50 move count reached | 3r4/2k5/5p2/6b1/7n/1K6/8/7b w - - 100 198
Stalemate | rk5K/8/6q1/8/1p5p/8/8/8 w - - 9 136
50 move count reached | 5k2/7p/7P/p5p1/P5P1/2K5/8/8 b - - 100 153
Stalemate | 8/8/8/8/8/6p1/5k2/7K w - - 0 145
50 move count reached | 8/8/8/1k2K3/8/8/8/8 b - - 100 201
50 move count reached | 8/6k1/8/8/8/5K2/5B2/8 w - - 100 239
draw - no checkmate possible | 8/8/8/8/1kB5/8/5K2/7n w - - 0 117
50 move count reached | 8/4k3/8/8/8/1K6/8/8 w - - 100 207
Stalemate | 8/3B4/8/p7/P7/2K5/7p/7k b - - 1 156
50 move count reached | 8/8/8/8/6k1/8/8/4K3 b - - 100 272
Stalemate | 8/8/5R2/8/7K/8/8/7k b - - 3 182
50 move count reached | 8/1k6/8/5R2/8/8/4N3/6K1 w - - 100 198
Stalemate | 8/1K6/8/8/8/8/8/7k b - - 70 214
Stalemate | 8/8/8/8/8/1K6/8/7k b - - 1 180
50 move count reached | 4K1N1/8/8/3k4/8/8/8/8 w - - 100 174
Black wins | 1r2k2r/p4pb1/2b4p/1NP1p3/1Rp1p1PQ/1n4pP/1P1q3N/4KB1R w - - 12 40
White wins | rn1qkbnr/pppbp3/6Q1/7p/4p3/1P6/PBPP1PPP/RN2KB1R b KQkq - 1 8
Stalemate | 8/8/3P2N1/P5P1/5K1P/3R4/8/7k b - - 2 80
Stalemate | 8/8/8/8/8/8/4K3/7k b - - 43 188
50 move count reached | 4k3/8/8/8/8/7n/8/1K6 b - - 100 180
50 move count reached | 8/8/8/5k2/8/6K1/8/8 w - - 100 180
50 move count reached | 8/8/5k2/8/1B6/8/8/6K1 b - - 100 229
50 move count reached | 8/8/8/6K1/8/8/7k/8 b - - 100 168
Stalemate | 8/8/8/8/6K1/8/8/7k b - - 80 246
50 move count reached | 4b3/8/7k/8/8/8/8/6K1 b - - 100 181
50 move count reached | 8/6K1/8/8/8/k7/8/7r w - - 100 176
50 move count reached | 8/8/8/8/8/4k3/1K6/8 b - - 100 181
Stalemate | 8/8/8/7K/7P/8/8/7k b - - 10 132
50 move count reached | 8/5k2/8/8/8/8/4K3/8 w - - 100 190
50 move count reached | 8/8/8/8/8/1k6/4K3/8 b - - 100 205
White wins | 4r3/p1b1P2b/3R2p1/2P2k2/1p1P1P2/5P1N/1BB3R1/4K3 b - - 0 64
50 move count reached | b7/8/1K6/8/7k/8/8/6Br b - - 100 177
50 move count reached | 8/8/8/8/8/1K6/8/4k3 b - - 100 230
Stalemate | k1K5/6N1/1P6/8/1P6/8/8/7b b - - 1 97
Black wins | 1n1k4/N3p2r/1p1pp1rb/p2q3p/2B2K2/B1Q2n1P/P1P5/2R2R2 w - - 3 39
50 move count reached | 8/7K/8/8/8/3k4/8/8 b - - 100 277
White wins | 3r1Bkr/2pP1Q1p/ppn3pq/PP6/8/2P2R1N/3NP1P1/2KR1B2 b - - 0 27
50 move count reached | 8/8/8/8/8/3K4/8/4k2r b - - 100 208
50 move count reached | 8/8/2K5/8/5k2/8/8/8 w - - 100 239
50 move count reached | 8/6K1/8/8/8/4k3/8/7r w - - 100 227
50 move count reached | 8/2K4k/8/4p2p/4P2P/8/8/8 b - - 100 147
50 move count reached | 8/8/8/B1k5/8/1K6/8/8 w - - 100 193
Stalemate | 8/8/8/8/3R3p/7P/8/4K2k b - - 2 128
Black wins | 4n3/pk1b2Q1/4R2B/K1r4p/1N5q/3P1P2/1P6/1N5R w - - 2 56
50 move count reached | 8/8/8/8/8/8/4K2k/8 b - - 100 215
Stalemate | 8/2K5/1N6/4R3/8/8/8/7k b - - 63 183
draw - no checkmate possible | 8/8/6k1/5N2/4b3/1K6/8/8 b - - 0 167
Stalemate | 8/4R3/8/K7/8/8/8/7k b - - 37 172
Stalemate | 8/8/8/1K6/8/8/8/7k b - - 48 217
50 move count reached | 8/2K5/6p1/6P1/8/8/3k4/7b w - - 100 211
50 move count reached | 8/8/2k5/3b4/8/8/8/1N2K2r w - - 100 177
50 move count reached | 5K2/8/1k6/8/8/7p/7P/8 w - - 100 185
50 move count reached | 8/8/8/8/2k5/8/8/6K1 w - - 100 214
Stalemate | 8/8/8/1K6/8/2N5/8/7k b - - 23 185
Stalemate | 8/8/8/8/8/7B/K7/7k b - - 7 228
White wins | 4r1n1/2N1n3/pp2k1p1/3Rp1Bp/2p2R1P/K6N/P3PPP1/5B2 b - - 0 34
50 move count reached | 8/4k3/8/8/8/4K3/8/8 w - - 100 215
50 move count reached | 8/K7/8/6k1/8/8/8/8 w - - 100 194
Stalemate | 8/2k5/1r6/1p3p2/p4P2/7b/6r1/7K w - - 18 94
50 move count reached | 8/7k/8/K7/8/8/8/8 w - - 100 322
White wins | 1r1k1b2/P2Q2p1/5p2/1ppNp1Pr/2n3B1/P6p/1N6/2R1K2R b - - 1 55
50 move count reached | 5k2/8/8/3K4/8/8/8/7n b - - 100 187
50 move count reached | 8/1k6/8/8/8/8/3K4/8 w - - 100 211
50 move count reached | 8/8/8/8/5k2/8/5K2/7r b - - 100 201
50 move count reached | 8/1k6/8/1p6/1P6/5K2/8/8 b - - 100 223
50 move count reached | K7/8/7k/8/1R6/6R1/8/3N3b w - - 100 123
50 move count reached | 8/8/2k2K2/8/8/8/8/8 w - - 100 221
50 move count reached | 8/8/2k5/8/7K/8/8/8 b - - 100 278
50 move count reached | 2k2n2/8/5b2/8/8/3K4/8/8 w - - 100 173
50 move count reached | 5K2/8/4k3/p7/P7/8/8/8 b - - 100 151
draw - no checkmate possible | 8/8/8/K7/8/4k3/8/6bB b - - 0 179
50 move count reached | 8/8/4K3/8/8/3k4/8/7r w - - 100 181
50 move count reached | 7Q/8/8/8/1R6/8/k2K4/8 b - - 100 159
Stalemate | k6N/8/6K1/1R6/8/8/5B2/8 b - - 50 162
Stalemate | 8/8/8/pK6/P7/8/8/7k b - - 82 242
Stalemate | 8/8/8/8/8/5N2/8/K6k b - - 85 138
50 move count reached | 8/8/4k3/8/8/B7/8/4K3 w - - 100 229
Black wins | 8/2Pk4/8/1P4B1/1P2p1rb/4Pq1n/8/5K2 w - - 2 73
50 move count reached | 4K3/8/8/8/2b5/7k/2n5/8 b - - 100 195
50 move count reached | 7k/8/8/8/8/8/8/4K3 b - - 100 203
50 move count reached | 4K3/8/8/8/8/1k6/8/8 b - - 100 173
50 move count reached | 8/8/8/8/8/5k2/2K5/8 b - - 100 252
50 move count reached | 8/7k/8/8/3K4/8/8/8 b - - 100 190
50 move count reached | 8/8/1k6/8/8/3K4/8/8 w - - 100 184
50 move count reached | 8/8/4k3/8/8/8/4K3/8 b - - 100 283
Stalemate | 8/8/8/8/K1N5/8/8/7k b - - 1 151
White wins | Q6k/4R3/5P1K/8/2n5/4P3/p7/8 b - - 3 84
Stalemate | 8/8/8/1K6/PP6/8/8/3B3k b - - 10 163
50 move count reached | 8/8/6K1/8/k7/8/8/8 w - - 100 215
50 move count reached | 8/8/8/8/5K2/8/8/1k6 b - - 100 221
50 move count reached | 8/8/6K1/8/8/8/1k6/7b b - - 100 202
Stalemate | 8/8/8/8/5N2/4K3/1N6/7k b - - 89 158
White wins | 4k1R1/3r1p1r/5P1p/7P/2PP1B2/6p1/RP5n/1K6 b - - 8 68
50 move count reached | 5K2/8/3k4/8/8/8/8/8 w - - 100 240
50 move count reached | 8/8/8/8/3k4/8/8/1K5b b - - 100 179
White wins | 8/2p2r2/8/1BnkQ3/PB2pPN1/8/6RP/3K1R2 b - - 4 63
Stalemate | 8/8/1N6/7P/8/K7/2B5/7k b - - 3 149
50 move count reached | 8/8/7k/8/4K3/8/8/8 b - - 100 193
50 move count reached | 8/8/8/8/1K6/8/4k3/8 b - - 100 221
50 move count reached | 8/8/4b3/2k5/8/4K3/8/8 b - - 100 194
draw - no checkmate possible | 8/1b6/6K1/8/5B2/8/2k5/8 b - - 0 185
50 move count reached | 8/5K2/8/8/8/8/8/4k3 w - - 100 280
50 move count reached | 8/8/8/8/8/2k5/5K2/8 b - - 100 248
draw - no checkmate possible | 8/2k5/8/3K4/8/3N4/1n6/8 w - - 0 143
50 move count reached | 8/5N2/8/8/7K/8/8/k7 b - - 100 172
Stalemate | 8/8/4N3/4PP2/3P4/2B5/p7/K6k b - - 0 99
draw - no checkmate possible | 2K5/8/8/N5k1/7n/8/8/8 b - - 0 128
50 move count reached | 8/4k3/1K6/8/8/7p/7p/7n w - - 100 197
draw - no checkmate possible | 8/1B6/1k5n/8/8/8/6K1/8 w - - 0 161
50 move count reached | 6k1/8/5K2/7p/7P/8/8/7r w - - 100 194
White wins | 7Q/8/7k/1p3R1P/pP6/P2K4/8/8 b - - 36 145
50 move count reached | 3b2K1/8/8/8/4nk2/8/8/8 b - - 100 178
50 move count reached | 3k4/8/8/8/8/2b5/K7/7r w - - 100 210
50 move count reached | 8/8/4k3/8/8/7K/8/8 b - - 100 225
50 move count reached | 8/6k1/3K4/8/8/8/8/8 w - - 100 196
50 move count reached | 2k5/8/8/8/8/K7/8/8 b - - 100 239
50 move count reached | 8/3K4/8/8/k7/8/8/7r w - - 100 232
Stalemate | 8/8/8/8/8/K7/8/7k b - - 91 197
50 move count reached | 8/8/8/8/2K5/8/1k6/8 w - - 100 282
50 move count reached | 8/8/8/3n4/7k/8/8/3K4 b - - 100 180
50 move count reached | 8/4k3/8/8/R7/8/1K6/8 w - - 100 203
50 move count reached | 8/8/1K6/8/8/4k3/8/3b4 b - - 100 199
50 move count reached | 8/8/8/2k5/8/8/1K6/8 b - - 100 191
50 move count reached | 8/8/4K3/8/8/8/8/1k6 b - - 100 222
50 move count reached | 8/6k1/2K5/8/8/8/8/7b w - - 100 215
50 move count reached | 1k6/8/8/8/8/8/2K5/8 w - - 100 268
50 move count reached | 8/8/4k3/8/8/8/8/2K5 b - - 100 259
50 move count reached | k7/8/8/8/8/6K1/8/7n b - - 100 202
50 move count reached | 8/8/K7/8/8/8/1k6/8 w - - 100 203
50 move count reached | 8/8/8/8/8/1K6/8/1k6 b - - 100 169
50 move count reached | 8/8/8/2k5/8/8/8/2K4b w - - 100 284
50 move count reached | 8/8/2K5/8/5k2/8/8/8 w - - 100 204
White wins | 8/P6b/8/7p/7r/8/6K1/7k b - - 0 116
50 move count reached | 8/8/1k6/8/8/1K6/8/8 b - - 100 318
50 move count reached | 8/8/3k4/8/5Kb1/8/8/8 b - - 100 235
Stalemate | 4Bk2/8/4R3/P7/8/8/8/6QK b - - 0 157
Stalemate | 8/2B5/8/p7/P3R1K1/8/8/7k b - - 69 160
50 move count reached | 8/8/2p3k1/1pPp4/1P1P4/8/8/3K3b w - - 100 149
50 move count reached | 7k/8/3K4/8/8/8/8/7q b - - 100 210
50 move count reached | 1k6/8/8/8/8/8/3K4/7n b - - 100 275
Stalemate | 8/8/8/8/6K1/8/8/7k b - - 80 251
50 move count reached | 1k6/8/8/8/2K5/8/8/8 b - - 100 223
50 move count reached | 8/8/8/8/7K/2k5/5N2/8 w - - 100 184
Black wins | 2r1k3/5p2/p1p1p2r/R1Pp1BNp/1b4nP/4P3/1P3q2/1NB3KR w - - 1 26
50 move count reached | 8/7p/7P/5k2/8/K3B3/8/8 w - - 100 186
50 move count reached | 8/3K4/8/8/8/k7/8/8 w - - 100 238
50 move count reached | 8/6K1/8/8/8/8/2k5/8 b - - 100 171
50 move count reached | 8/7K/8/1k6/8/8/8/8 b - - 100 175
Stalemate | 8/p7/P7/1K5p/7P/8/8/7k b - - 24 111
Stalemate | 8/4B3/7K/8/8/8/8/7k b - - 19 172
50 move count reached | 8/8/8/8/1K6/8/1k6/8 b - - 100 151
50 move count reached | 6k1/8/8/8/K7/8/8/8 b - - 100 232
50 move count reached | 6K1/8/7k/8/8/8/8/8 w - - 100 235
50 move count reached | 8/8/6K1/8/3k4/8/8/8 b - - 100 217
50 move count reached | 8/4k3/6K1/7p/7P/8/8/8 w - - 100 194
50 move count reached | 1r6/6k1/8/7K/8/8/8/7b w - - 100 156
Stalemate | 8/3N4/5K2/8/8/8/8/7k b - - 97 236
50 move count reached | 7k/8/8/3B4/8/2K5/8/8 w - - 100 227
White wins | 7b/3N4/3R4/7R/2p4P/p4B2/p1K5/7k b - - 1 86
50 move count reached | 8/2Nk4/8/1p6/1P6/8/8/K7 b - - 100 164
50 move count reached | 8/8/8/7B/2K2k2/8/8/8 w - - 100 236
Black wins | 8/8/1P1kpPp1/3p2r1/8/4r3/6q1/7K w - - 1 82
50 move count reached | 8/7p/1k2K2P/8/8/8/8/8 b - - 100 226
draw - no checkmate possible | 8/1B6/1n3k2/8/8/3K4/8/8 w - - 0 115
50 move count reached | 8/3k4/8/8/8/4K3/8/8 b - - 100 183
50 move count reached | 8/8/5K1B/8/8/8/2k5/8 w - - 100 189
50 move count reached | 8/8/8/2K5/8/8/2k5/2r5 b - - 100 259
White wins | 7Q/8/2pR2pk/1p2R3/1P2P1pP/8/4K3/8 b - - 2 82
50 move count reached | 8/8/5k2/8/K7/8/8/7b b - - 100 174
50 move count reached | 8/8/4k3/8/8/2K5/3B4/8 w - - 100 244
50 move count reached | 8/8/2k5/7p/p6P/Pb6/1K6/8 b - - 100 129
50 move count reached | 8/7p/1K5P/7P/5k2/8/8/8 w - - 100 205
Black wins | qr2k3/8/8/6b1/2p5/K2b4/1P6/2R5 w - - 24 97
Stalemate | 8/8/8/8/8/4K3/8/7k b - - 9 152
50 move count reached | 4K3/8/8/8/8/8/7k/7b w - - 100 196
50 move count reached | 8/4k3/8/8/8/8/8/6K1 w - - 100 178
50 move count reached | 8/8/8/3p4/3P4/3P3k/8/4K2b b - - 100 222
Stalemate | 8/8/8/R6p/7P/8/3K4/7k b - - 21 146
50 move count reached | 8/8/5N2/8/1k6/4K3/8/N7 b - - 100 178
50 move count reached | 8/1k6/8/8/2K5/8/8/8 b - - 100 243
50 move count reached | k7/3n4/6K1/8/8/8/8/8 w - - 100 215
50 move count reached | 8/2k5/8/8/4K3/8/3N4/7r w - - 100 193
White wins | q3r3/rb6/nQ3pn1/1kB1p3/1P2pPpP/1P6/2PP2PK/4R1NR b - - 7 32
Stalemate | 8/8/8/K7/P4p2/5P2/8/7k b - - 2 148
50 move count reached | 8/8/8/1K6/8/1k6/8/8 b - - 100 195
50 move count reached | 8/4K3/6R1/8/1k6/8/8/7r w - - 100 222
50 move count reached | 8/8/3K4/8/8/8/1k5p/7q b - - 100 191
White wins | 7B/8/2K5/8/8/7R/8/7k b - - 53 139
Stalemate | 6k1/8/3P2P1/3PBR2/8/8/8/3K4 b - - 68 138
50 move count reached | 8/8/5K2/8/8/6kb/8/6n1 w - - 100 158
50 move count reached | 1K6/8/8/2k5/8/8/8/8 w - - 100 188
draw - no checkmate possible | 8/8/8/1K5k/1B6/8/8/7b w - - 0 149
50 move count reached | 8/8/8/1K2k3/8/8/8/7b b - - 100 241
50 move count reached | 8/8/4K3/8/1k6/8/5b2/8 w - - 100 212
50 move count reached | 8/8/8/1K6/8/8/8/4k2r w - - 100 240
Stalemate | 8/8/6K1/8/7B/8/8/7k b - - 25 188
50 move count reached | 8/8/8/8/8/8/7k/3K3r b - - 100 201
Black wins | 8/3k4/K7/8/8/8/1r6/r7 w - - 2 105
50 move count reached | 8/8/3k2K1/8/7p/3p3P/3P4/8 w - - 100 151
50 move count reached | 8/8/8/4K2p/7P/8/2k5/8 b - - 100 217
Black wins | 1k6/8/P7/2P5/3B4/p4ppp/8/2r3K1 w - - 3 116
50 move count reached | 8/8/8/K7/8/8/3k4/8 b - - 100 210
White wins | 8/8/3n4/8/8/8/8/6Kk b - - 11 172
50 move count reached | 8/8/3p4/3P4/8/2K2k2/7p/7b w - - 100 167
draw - no checkmate possible | 8/K1b5/8/8/8/1k6/8/5B2 w - - 0 159
draw - no checkmate possible | 8/8/8/7B/7k/2K5/8/7n b - - 0 118
Stalemate | 8/8/1p6/1P6/8/8/2K5/7k b - - 84 191
50 move count reached | 8/8/2K5/8/8/6k1/8/8 w - - 100 207
Stalemate | 8/8/8/7p/7P/3K4/8/7k b - - 97 206
Stalemate | 5R1B/6Q1/8/8/8/8/3K4/7k b - - 17 140
50 move count reached | 8/2K5/8/k7/8/8/8/3N4 b - - 100 195
50 move count reached | 8/6k1/8/8/8/8/K6p/7b w - - 100 222
50 move count reached | 8/8/8/8/8/3n4/1K6/7k w - - 100 221
50 move count reached | 8/8/5K2/8/8/8/8/4k3 w - - 100 188
50 move count reached | 8/8/8/8/8/8/2k2K2/7b w - - 100 185
Black wins | 8/8/2B5/p5P1/P4k2/b7/r4q2/5K2 w - - 7 100
White wins | 2Qk1bnr/rpp1p3/2nN1p2/p2p2p1/3P1BP1/P6N/1PP1P2P/R3KB1R b KQ - 6 14
50 move count reached | 8/8/2k5/4n3/8/7K/8/8 b - - 100 164
draw - no checkmate possible | 7N/8/8/8/8/8/1K4b1/7k b - - 0 165
draw - no checkmate possible | 8/8/8/4B3/8/K6k/8/7b b - - 0 167
50 move count reached | 8/8/8/8/2K4k/8/8/8 w - - 100 254
50 move count reached | 8/8/4k3/8/8/8/2K5/8 b - - 100 314
50 move count reached | K7/8/8/8/4k3/8/8/8 w - - 100 224
50 move count reached | 8/8/8/3k4/8/8/8/1K6 b - - 100 234
draw - no checkmate possible | 8/8/8/8/b3k3/8/6KB/8 w - - 0 114
50 move count reached | 8/8/2k5/8/6K1/8/8/8 w - - 100 201
50 move count reached | 8/8/8/B1k5/8/4K3/8/8 w - - 100 263
50 move count reached | 3n4/8/8/8/8/8/1k6/5K2 w - - 100 185
Stalemate | 2R5/8/8/7P/P3K3/8/8/7k b - - 22 148
Stalemate | 8/4K3/8/8/8/8/8/7k b - - 79 242
50 move count reached | 3k4/8/8/1B6/8/7K/8/8 w - - 100 256
50 move count reached | 8/8/K7/8/5k2/8/8/8 w - - 100 177
Stalemate | 8/7K/8/8/8/8/8/7k b - - 99 221
Black wins | 2r5/3bk3/p7/5pnp/2R2p1N/2p3P1/1q6/K7 w - - 4 73
Stalemate | 8/8/8/8/4K3/8/8/7k b - - 26 227
50 move count reached | 8/6k1/8/8/2K5/8/8/7n b - - 100 161
50 move count reached | 8/8/8/K7/8/8/2k5/7r b - - 100 164
Stalemate | 8/8/7P/8/8/1K6/8/7k b - - 6 225
50 move count reached | 5K2/8/8/8/3k3b/8/8/8 w - - 100 235
White wins | n2q3r/3k4/2Q2p1n/3P1Pp1/p2pR3/Pp6/1P3BB1/4bK1N b - - 1 59
50 move count reached | 8/8/8/K7/8/8/7p/3k3b b - - 100 274
50 move count reached | 3K4/6k1/8/8/8/8/8/8 w - - 100 152
Stalemate | 4K3/8/7p/7P/8/2R5/8/7k b - - 12 196
50 move count reached | 8/8/8/8/8/2k5/6K1/8 b - - 100 258
50 move count reached | b6B/2K5/8/7p/6pP/6P1/8/7k w - - 100 190
Black wins | 5k2/2B5/5p1R/PN6/8/7p/6q1/6K1 w - - 10 107
Black wins | Nn5k/8/p1p4b/5B2/4Pp1p/1P1Q3K/6rq/5R2 w - - 0 46
50 move count reached | K7/8/7p/1k5P/8/8/4r3/8 b - - 100 166
Stalemate | 8/2K5/8/8/8/8/8/7k b - - 36 175
draw - no checkmate possible | 8/8/8/2b5/8/k3N3/2K5/8 w - - 0 159
50 move count reached | 8/8/8/8/K7/8/8/5k2 w - - 100 165
50 move count reached | 8/3k4/1K6/8/1n6/r7/5N2/8 w - - 100 196
50 move count reached | 8/6K1/8/8/8/8/8/k7 b - - 100 201
Stalemate | 8/2K5/8/8/8/8/8/7k b - - 39 144
Stalemate | 8/8/8/8/5K2/2B5/8/7k b - - 62 125
draw - no checkmate possible | 8/8/8/k4n2/6B1/8/8/6K1 b - - 0 142
White wins | kn6/1p6/1N2b3/1P3ppp/1p3p1P/8/Q3P2R/6K1 b - - 2 48
50 move count reached | 8/8/8/8/k4K2/8/8/8 w - - 100 244
Stalemate | 8/8/8/8/8/1K6/2B5/k7 b - - 80 168
50 move count reached | 8/8/5B2/8/2K5/8/2N1k3/7b w - - 100 175
Stalemate | 8/8/8/8/8/8/1K6/7k b - - 76 170
Stalemate | 8/8/8/7p/7P/4K3/8/7k b - - 67 168
50 move count reached | 2k5/8/8/8/8/8/8/3K4 b - - 100 226
White wins | 8/2p5/2P1N3/3pP3/b2P4/2K2N2/8/4R2k b - - 4 78
Black wins | 2b5/3n1k2/4p1rp/r1bpKpp1/2P5/5B2/1R5Q/4N3 w - - 2 54
50 move count reached | k7/8/5K2/8/8/8/8/7r w - - 100 167
Black wins | 8/4r3/p2b2p1/k2r2p1/P1p5/K4R2/8/1qn5 w - - 2 65
draw - no checkmate possible | 8/6k1/8/2n5/8/8/N7/7K b - - 0 179
draw - no checkmate possible | 2b5/5N2/8/2K2k2/8/8/8/8 b - - 0 167
50 move count reached | 8/7k/8/7K/8/8/8/8 b - - 100 149
Stalemate | 8/8/7P/8/2K5/8/8/7k b - - 16 143
50 move count reached | 2K1k3/8/8/8/8/8/8/8 b - - 100 351
50 move count reached | 7k/8/1K6/8/8/8/8/8 b - - 100 214
50 move count reached | 2k5/8/3K4/8/8/8/8/8 w - - 100 279
50 move count reached | 7k/8/8/8/8/2K5/8/7b b - - 100 240
White wins | 8/8/6N1/3B4/8/K7/8/1r5k b - - 27 107
draw - no checkmate possible | 1k6/1n6/8/8/2K5/8/8/7N w - - 0 105
50 move count reached | k7/8/8/8/8/8/3K4/7r b - - 100 229
50 move count reached | k7/8/1K6/8/8/8/8/8 b - - 100 212
Stalemate | 8/8/5K2/8/8/8/8/7k b - - 0 152
50 move count reached | 8/8/p2K4/P7/8/8/8/2k4n w - - 100 211
Black wins | k7/8/5p1R/1p2q3/3K4/2p1r3/8/8 w - - 2 107
50 move count reached | 8/6k1/8/8/8/8/8/2K4r b - - 100 256
White wins | 7R/6n1/6pk/5r2/4N3/7K/P7/3q4 b - - 7 72
50 move count reached | 8/8/8/3K4/8/8/8/6kb w - - 100 176
50 move count reached | b7/8/8/8/4k3/8/8/3K4 w - - 100 212
50 move count reached | 8/4k3/8/8/8/4K3/8/8 b - - 100 206
50 move count reached | 8/1K6/8/4k3/8/8/8/7r w - - 100 166
50 move count reached | 8/5k2/8/8/5K2/8/8/8 b - - 100 169
50 move count reached | 8/2k5/8/8/8/8/6K1/8 b - - 100 216
50 move count reached | 7K/8/8/8/8/4k3/8/8 w - - 100 212
50 move count reached | 8/8/8/4k3/8/8/2K5/8 w - - 100 211
50 move count reached | 8/4k3/8/8/8/4K3/8/8 b - - 100 288
50 move count reached | 1K6/8/8/8/2r5/8/8/7k w - - 100 154
50 move count reached | 7k/8/8/1K6/8/8/8/8 b - - 100 217
50 move count reached | 7k/8/8/8/1b6/1K6/4n2p/7b b - - 100 143
50 move count reached | 8/8/4K3/8/5k2/8/5b2/8 w - - 100 206
50 move count reached | 8/8/5b2/5K2/8/1k6/6n1/8 w - - 100 220
Stalemate | N7/8/3K4/8/5R2/3N4/8/7k b - - 91 183
50 move count reached | 3K4/8/8/p1p5/P1P5/8/7k/8 b - - 100 136
50 move count reached | 8/p3k3/P7/3p2p1/3P2P1/8/2K5/8 b - - 100 164
50 move count reached | 8/3b4/8/8/8/3K4/3B4/5k1n b - - 100 221
50 move count reached | 8/8/8/5K2/8/8/3k4/7b b - - 100 186
Stalemate | 8/8/8/2K5/8/8/8/7k b - - 87 315
50 move count reached | 8/8/3K4/8/8/8/8/k7 w - - 100 207
50 move count reached | 8/8/8/3k4/8/8/3K4/7b w - - 100 234
White wins | 6k1/7Q/6N1/1p2p1K1/p5p1/7R/P7/6R1 b - - 1 64
Stalemate | k6B/5R2/2N1p3/4P3/8/2R4p/3PK2P/8 b - - 0 86
50 move count reached | 8/8/8/8/1B1k4/6K1/8/8 w - - 100 189
50 move count reached | 8/3b4/7k/8/8/6K1/8/8 b - - 100 236
50 move count reached | 8/3K2k1/8/8/8/8/8/7r w - - 100 208
White wins | 8/8/7p/7P/8/8/1b4K1/7k b - - 90 199
50 move count reached | 4K3/8/8/5k2/8/8/8/7q w - - 100 278
50 move count reached | 8/8/8/8/2K5/8/6k1/8 b - - 100 266
50 move count reached | 1R6/p6N/P7/8/1K6/8/3k4/7q w - - 100 172
White wins | 2kRn2b/2P2r2/1B6/pp2p2p/P3B3/7K/1P6/1nN5 b - - 0 58
50 move count reached | 8/8/3N4/k5Kp/7P/8/8/8 b - - 100 190
draw - no checkmate possible | 7B/8/8/8/8/8/6b1/4K2k w - - 0 159
50 move count reached | 8/7B/2k5/4K3/8/8/8/8 w - - 100 225
Stalemate | 8/8/8/8/8/2K5/8/7k b - - 42 152
50 move count reached | 8/3k4/8/8/4r3/2K5/8/8 b - - 100 238
White wins | 8/8/B7/7P/3P4/4K3/8/2R1k3 b - - 26 100
Stalemate | 8/8/8/2K5/8/8/8/7k b - - 39 210
draw - no checkmate possible | 7N/8/8/6k1/8/3K4/8/7n w - - 0 181
50 move count reached | 8/8/4K3/8/8/8/k7/8 w - - 100 284
50 move count reached | 8/8/8/8/8/4n1K1/k7/8 w - - 100 177
draw - no checkmate possible | 8/8/3k4/8/n7/7K/8/5B2 w - - 0 140
50 move count reached | 8/8/8/k7/4K3/8/8/8 b - - 100 205
50 move count reached | 8/1N6/8/p2k4/P7/8/8/1K6 w - - 100 163
50 move count reached | 8/6k1/8/8/2K5/8/8/8 w - - 100 219
50 move count reached | 8/8/1k6/8/8/8/8/K6b b - - 100 259
50 move count reached | 5k2/8/5N2/5K2/8/8/8/8 w - - 100 251
50 move count reached | 8/5K2/8/8/8/1k6/8/7r b - - 100 177
draw - no checkmate possible | 2k5/8/8/2K1B3/8/5b2/8/8 b - - 0 105
50 move count reached | 8/8/5K2/8/8/1k6/8/8 b - - 100 238
50 move count reached | 1n6/8/8/8/k4K2/8/1b6/8 w - - 100 196
Black wins | 4kB2/2p5/2b3pN/P3p2r/5q1P/2bRK2B/3PP3/3R2N1 w - - 0 43
50 move count reached | 8/2k5/8/8/8/8/8/2K5 b - - 100 192
50 move count reached | 8/8/8/8/8/2K5/7k/8 b - - 100 207
50 move count reached | 8/8/1k6/8/8/8/8/1K6 b - - 100 219
50 move count reached | 8/4k3/8/8/8/7K/7n/7q b - - 100 175
50 move count reached | 8/8/8/8/7k/4R3/1K6/7q w - - 100 191
50 move count reached | 8/8/2K5/8/8/8/8/6k1 w - - 100 200
Black wins | 4rb1N/2pk3p/b2pp3/p2n4/1B1PNP1P/RP6/2P1q1B1/1Q2K3 w - - 0 39
50 move count reached | 8/8/4k3/8/8/8/3K2B1/8 b - - 100 175
50 move count reached | 8/8/8/8/8/1k6/6K1/7n w - - 100 221
50 move count reached | 8/5kn1/8/8/1p6/1P6/8/3K3b b - - 100 170
50 move count reached | 3K4/p7/P1k5/8/8/1p6/7b/8 b - - 100 187
50 move count reached | 8/8/6K1/1k6/8/8/8/7r w - - 100 193
Stalemate | 7k/4n3/4r3/8/1q6/4p3/7r/K7 w - - 6 146
Stalemate | 8/8/7p/7P/2K5/8/8/7k b - - 0 128
50 move count reached | 8/8/8/8/1K3p2/5P2/5b2/3k4 b - - 100 191
Stalemate | 1R6/8/8/8/8/8/4K3/7k b - - 71 201
Stalemate | 8/8/8/8/7K/8/8/7k b - - 84 239
50 move count reached | 8/8/8/5k2/8/8/8/2K5 w - - 100 183
50 move count reached | 5K2/8/8/5k2/8/3R4/8/2B5 w - - 100 221
50 move count reached | 8/8/2k5/8/8/6p1/6P1/1K5r b - - 100 187
draw - no checkmate possible | 8/8/2K5/8/6k1/4B3/1n6/8 w - - 0 163
50 move count reached | 8/8/8/8/8/8/4K1k1/7n b - - 100 267
50 move count reached | 8/8/8/8/8/7K/8/3k4 w - - 100 217
50 move count reached | 8/1K2k3/8/8/8/8/8/7b b - - 100 211
50 move count reached | 8/k7/8/8/8/8/2K5/8 w - - 100 224
50 move count reached | 8/8/8/4k3/1K6/8/8/8 b - - 100 286
Stalemate | 8/4B3/8/8/3P1K2/8/8/7k b - - 0 135
50 move count reached | 8/8/8/8/8/6K1/3k4/8 b - - 100 278
50 move count reached | 8/8/1k3K2/8/8/8/8/7r b - - 100 184
50 move count reached | 4K3/8/7k/N7/8/8/8/8 w - - 100 216
50 move count reached | 8/8/8/K7/8/8/k7/8 w - - 100 216
draw - no checkmate possible | 8/7n/8/8/7N/1K6/8/7k b - - 0 141
50 move count reached | 8/1k6/6K1/8/8/8/8/8 b - - 100 232
50 move count reached | 3k4/8/8/8/8/8/7K/8 b - - 100 183
White wins | 8/1p6/1P6/8/8/8/6p1/6Kk b - - 1 127
50 move count reached | 8/8/4K2k/8/8/8/8/8 w - - 100 199
50 move count reached | 6k1/8/8/8/8/1K6/8/8 w - - 100 240
50 move count reached | 6k1/8/b7/8/5K2/8/7p/7r w - - 100 151
Stalemate | 8/8/8/3K4/8/8/8/7k b - - 28 165
50 move count reached | 8/8/8/8/7p/7P/2k2K2/8 b - - 100 187
50 move count reached | 8/3B4/8/3k4/8/8/5K2/8 w - - 100 207
50 move count reached | 8/1b3K2/8/8/1k5b/8/8/8 b - - 100 175
Stalemate | 8/8/8/8/8/7K/8/7k b - - 19 197
Stalemate | 8/8/8/3K4/8/8/8/7k b - - 96 246
Stalemate | 8/8/8/8/8/K6p/7p/7k b - - 1 237
50 move count reached | 8/4K3/8/5k2/8/8/8/8 w - - 100 286
50 move count reached | 8/8/p7/P4K2/7N/8/5k2/8 w - - 100 191
White wins | 1R5k/7P/5N2/6R1/1P6/5p2/8/6Kn b - - 0 102
Stalemate | 3K4/8/8/6P1/8/8/R7/7k b - - 49 158
draw - no checkmate possible | 3B4/8/8/1k3n2/8/5K2/8/8 w - - 0 122
50 move count reached | 8/8/8/5k2/8/8/8/4K3 w - - 100 203
draw - no checkmate possible | 8/1Bk5/8/3n4/8/7K/8/8 w - - 0 124
50 move count reached | 3k4/8/8/8/8/6K1/8/4n2n b - - 100 204
50 move count reached | K7/8/8/8/8/8/8/1k5b b - - 100 219
50 move count reached | 8/4K3/8/8/8/5k2/8/8 w - - 100 251
Stalemate | 8/5P2/8/7P/4N3/4K3/8/7k b - - 0 134
50 move count reached | 8/8/3K4/7k/8/8/8/8 b - - 100 197
50 move count reached | 8/8/8/2K2k2/8/8/8/8 b - - 100 191
50 move count reached | 8/8/2K5/8/8/2p4k/2P5/8 b - - 100 183
50 move count reached | 3b1k2/1K6/8/8/8/8/7p/7n b - - 100 254
50 move count reached | 8/5k2/8/7K/3n4/8/8/7r w - - 100 157
50 move count reached | 8/8/k7/8/8/8/4K3/8 w - - 100 216
White wins | 8/8/1bB5/4P3/K7/8/8/7k b - - 10 169
50 move count reached | 4K3/k7/8/8/8/8/8/7B w - - 100 231
Stalemate | 7K/8/p5q1/7p/1p6/8/k7/7b w - - 34 127
50 move count reached | 8/8/8/8/k7/3B4/8/7K w - - 100 203
50 move count reached | 8/2K5/8/6k1/8/8/8/7n b - - 100 181
50 move count reached | 8/8/8/8/8/1K6/8/4k3 w - - 100 200
White wins | Q1kr4/4p3/1p1nP2p/bN3p2/p1P2P2/5B1p/P3K3/4R3 b - - 7 71
50 move count reached | 8/8/8/8/8/4K3/1k6/8 w - - 100 206
Stalemate | 8/8/7K/p7/P7/8/8/7k b - - 97 151
50 move count reached | 8/8/5K2/8/8/1k6/8/8 b - - 100 226
50 move count reached | 8/3k4/8/8/8/8/8/5K2 w - - 100 206
Stalemate | 8/8/8/3K4/8/8/8/7k b - - 29 180
draw - no checkmate possible | 8/8/8/8/n2NK3/8/k7/8 b - - 0 154
50 move count reached | 8/8/8/8/4K2k/8/8/8 b - - 100 237
50 move count reached | 6k1/8/8/7K/8/8/8/7q b - - 100 232
50 move count reached | 8/p4k2/P7/8/8/8/3K4/8 w - - 100 283
50 move count reached | 8/1K6/4k3/8/8/8/8/8 b - - 100 251
Stalemate | 8/6K1/2NP2B1/8/8/8/8/7k b - - 41 174
50 move count reached | 8/8/8/8/K7/8/5k2/8 w - - 100 182
50 move count reached | 8/5k2/8/8/8/8/7K/8 w - - 100 211
50 move count reached | 8/8/8/8/6k1/8/4K3/8 b - - 100 297
50 move count reached | 8/3K4/1k6/8/8/8/8/8 w - - 100 275
draw - no checkmate possible | 8/4b3/8/8/k7/8/8/6NK w - - 0 121
White wins | B4b1n/8/1p6/7r/3BN1pp/5k2/5R2/K7 b - - 12 84
50 move count reached | 8/8/8/8/8/8/K5k1/7b b - - 100 174
50 move count reached | 8/4N3/8/2k5/7K/8/8/7r w - - 100 168
50 move count reached | 8/3k4/K7/8/8/8/8/8 b - - 100 232
50 move count reached | 8/8/8/2K3k1/8/8/8/7r b - - 100 187
50 move count reached | 1k6/8/2K5/8/6p1/6P1/8/7b b - - 100 227
50 move count reached | 7K/8/4k3/8/8/2n5/8/7b b - - 100 162
50 move count reached | 8/8/6K1/8/k7/8/8/8 w - - 100 208
Stalemate | 8/8/4Q3/1R6/8/4K3/8/7k b - - 0 107
50 move count reached | 8/5k2/8/8/6K1/8/8/8 w - - 100 318
50 move count reached | 8/8/8/8/8/4K3/7k/8 w - - 100 242
50 move count reached | 1k2K3/8/8/8/8/8/8/8 w - - 100 209
Stalemate | 8/8/6NK/8/8/8/8/7k b - - 13 158
Black wins | 5b2/8/8/5p2/8/K7/2qk4/8 w - - 38 153
50 move count reached | 2K5/6k1/8/8/8/8/8/7q w - - 100 226
50 move count reached | 8/4K3/8/8/k7/8/8/8 w - - 100 287
50 move count reached | 1k6/7K/8/8/n7/8/8/8 b - - 100 192
Stalemate | 8/8/pK6/P7/8/8/8/7k b - - 29 246
White wins | 5bkr/5B1p/3p3P/3n1R2/PRPP4/N4bp1/3K2P1/8 b - - 0 58
White wins | 8/8/8/8/3bB2p/8/8/1K5k b - - 7 135
draw - no checkmate possible | 3b4/8/8/8/8/2K5/B7/6k1 b - - 0 114
White wins | 1k4Q1/5R2/8/p4P2/2p4p/2P5/5N1b/1n5K b - - 0 73
50 move count reached | 8/5K2/3k4/8/8/8/8/8 b - - 100 293
Black wins | 2k5/8/2P4r/8/2p3r1/p7/7K/8 w - - 3 118
draw - no checkmate possible | 4n3/8/8/2KN4/4k3/8/8/8 w - - 0 103
Stalemate | 8/8/3R4/R7/2B3K1/8/8/7k b - - 20 118
50 move count reached | 8/8/8/6k1/p2K4/P7/8/7r b - - 100 264
50 move count reached | 8/8/8/8/8/8/k4K2/8 w - - 100 224
50 move count reached | 5n2/8/8/8/4K3/8/k7/8 b - - 100 244
50 move count reached | 8/3K4/8/1k6/8/8/4b3/7n w - - 100 217
Stalemate | 7N/8/8/8/8/5K2/8/7k b - - 61 278
50 move count reached | 8/5K2/8/8/1k6/6B1/8/8 w - - 100 197
draw - no checkmate possible | 1k6/8/5n1N/8/8/8/8/4K3 b - - 0 119
50 move count reached | 4k3/2K5/8/8/8/8/7p/7r w - - 100 173
50 move count reached | 8/8/8/k1R5/8/8/8/3K4 b - - 100 229
50 move count reached | 8/7K/8/2k5/8/8/8/8 b - - 100 260
50 move count reached | 1R6/2K5/8/8/8/3k4/8/7b b - - 100 156
50 move count reached | 8/8/7B/8/1k6/4K3/8/7r b - - 100 213
draw - no checkmate possible | 7k/7N/4K3/8/8/8/8/b7 b - - 0 146
50 move count reached | 8/8/8/8/k7/8/3N4/K7 w - - 100 203
Stalemate | 8/8/8/3p4/3P4/8/3K4/7k b - - 24 126
50 move count reached | 8/8/7p/7P/8/8/1K2k3/8 w - - 100 224
50 move count reached | 4K2k/8/8/8/8/8/8/7b w - - 100 240
50 move count reached | 8/8/8/4p3/1k2P3/8/2K5/8 b - - 100 234
50 move count reached | 8/4N3/8/8/1k6/8/2K5/8 w - - 100 196
50 move count reached | 8/6k1/4K3/8/8/8/8/8 w - - 100 210
50 move count reached | 8/5k2/8/3r4/8/8/7K/8 b - - 100 213
50 move count reached | 4b3/8/8/1p6/1P6/4k3/8/5K1r b - - 100 205
50 move count reached | 8/8/1k6/8/8/8/8/5K2 w - - 100 247
50 move count reached | 4k3/8/8/8/K7/8/8/8 b - - 100 221
draw - no checkmate possible | k7/8/8/8/N7/8/8/n2K4 b - - 0 109
50 move count reached | 8/5K2/7k/7p/3B3P/8/8/7b w - - 100 185
draw - no checkmate possible | 8/8/7N/8/2K5/2b5/8/7k b - - 0 156
50 move count reached | 8/8/4k3/8/2K5/8/8/8 w - - 100 193
50 move count reached | 1K6/8/8/8/8/8/8/k7 b - - 100 173
50 move count reached | 8/8/8/1k6/8/8/8/3K3r w - - 100 191
50 move count reached | 8/8/8/8/k2K4/8/8/8 w - - 100 183
Black wins | 8/1k6/2R5/p1P1rN2/P2R2b1/5nP1/7p/6qK w - - 3 72
draw - no checkmate possible | 5n2/8/5k2/8/8/8/5K1N/8 w - - 0 110
White wins | 8/8/8/3n4/8/8/6K1/7k b - - 19 184
50 move count reached | 6K1/8/8/8/k7/8/8/7b b - - 100 284
50 move count reached | 8/2k5/8/8/8/8/7K/8 w - - 100 257
50 move count reached | 8/1K6/8/8/8/6k1/8/8 b - - 100 308
50 move count reached | 8/8/8/8/8/4K3/8/2k5 b - - 100 201
50 move count reached | 8/8/4k3/8/8/8/3K4/8 w - - 100 185
50 move count reached | 3k4/8/8/1K6/8/8/8/8 w - - 100 222
draw - no checkmate possible | 5k2/8/5N2/4n3/8/8/8/5K2 b - - 0 185
50 move count reached | 8/2k3K1/8/8/8/8/8/8 b - - 100 240
50 move count reached | 3k4/8/8/8/8/8/7K/8 w - - 100 186
50 move count reached | 3k4/8/8/8/4K3/7N/8/8 b - - 100 160
50 move count reached | 8/3K4/8/k7/8/8/8/3N3r w - - 100 181
50 move count reached | 8/4k3/8/3n4/2K5/8/8/7r w - - 100 160
50 move count reached | 3K4/8/5k2/8/6p1/6P1/8/8 w - - 100 252
50 move count reached | 8/6k1/8/8/K7/8/8/8 w - - 100 177
50 move count reached | 8/8/8/1k6/8/4K3/8/7r w - - 100 241
Stalemate | 8/8/8/8/3K4/1R6/8/7k b - - 30 124
Stalemate | 1Bk5/8/4PP2/8/8/1Q6/7K/2NR4 b - - 42 101
draw - no checkmate possible | 5k2/4N3/8/8/8/8/6K1/7n w - - 0 175
Stalemate | 8/8/4B3/8/N1K5/8/8/7k b - - 10 192
White wins | 5R1k/8/6K1/8/8/1n2n3/8/7r b - - 36 166
Stalemate | 4K3/8/2p5/2P5/8/8/8/7k b - - 20 109
White wins | 8/r7/1p1N1PR1/p1p3P1/P3R2k/1PN2Q2/5P2/B2K4 b - - 2 54
Stalemate | 8/8/3K4/8/8/8/8/7k b - - 73 186
50 move count reached | 8/k4K2/8/8/8/8/8/8 b - - 100 354
50 move count reached | 4k3/8/8/8/8/5K2/8/8 w - - 100 293
50 move count reached | 8/8/K7/8/7p/1k5P/8/7q w - - 100 185
50 move count reached | 8/8/8/5k2/8/8/8/5K1R b - - 100 217
50 move count reached | 8/8/7K/8/5k2/8/8/7n w - - 100 251
50 move count reached | 8/6K1/8/8/5k2/8/7p/7r w - - 100 205
50 move count reached | 8/8/2p5/2P5/8/6k1/2K5/8 w - - 100 176
draw - no checkmate possible | 8/8/8/2k5/8/6B1/1K6/1n6 b - - 0 142
Stalemate | 2R5/8/3K4/4P3/4P3/8/1R6/7k b - - 67 135
Stalemate | 2R5/6k1/6B1/1P3PK1/8/8/4R3/8 b - - 10 159
50 move count reached | 2k5/8/8/3K4/5b2/8/8/8 b - - 100 216
Stalemate | 8/8/8/8/2K5/8/8/7k b - - 64 200
Black wins | 3k3N/1R6/2n5/P1B2p2/3p4/Kb1rP1P1/7r/2q5 w - - 3 67
50 move count reached | 8/2K5/8/8/3b4/8/1k6/8 w - - 100 235
50 move count reached | 3k4/p7/P2p4/3P4/8/5b2/8/4K2r b - - 100 149
50 move count reached | 8/8/8/2K2k2/8/8/8/8 w - - 100 171
50 move count reached | 8/8/2k5/8/8/8/7p/2K4r w - - 100 157
draw - no checkmate possible | 8/8/1k6/6K1/8/8/B7/n7 b - - 0 172
draw - no checkmate possible | 8/3k4/8/8/b7/5N2/8/K7 w - - 0 156
50 move count reached | 8/8/4k3/8/1K6/8/8/8 b - - 100 237
50 move count reached | 4r3/n7/7p/7P/1k3b2/7b/8/4K3 w - - 100 124
draw - no checkmate possible | 8/8/B4K2/8/5b2/8/8/6k1 b - - 0 169
50 move count reached | 8/8/3k4/8/8/8/2r5/1K5q b - - 100 138
Stalemate | 8/8/8/1p6/1P6/8/K7/7k b - - 4 135
White wins | rnQ1k1n1/3p1pp1/1p2p2b/p1p2N1p/3Pb2P/1P4r1/P1P5/3RKBNR b - - 7 26
draw - no checkmate possible | 8/8/8/5B2/3k4/6K1/3b4/8 w - - 0 139
50 move count reached | 8/8/2p5/2P3k1/8/8/7p/5K1r b - - 100 214
50 move count reached | 6k1/2K5/8/8/8/8/8/7b w - - 100 190
Stalemate | 8/7R/4P3/7B/6R1/8/8/3K3k b - - 65 199
50 move count reached | 8/6k1/8/8/8/8/8/2K4n b - - 100 203
50 move count reached | 8/8/8/8/8/2K5/6k1/8 w - - 100 159
50 move count reached | 8/8/8/7K/3k4/8/8/8 w - - 100 196
50 move count reached | 8/8/8/8/1K5k/8/8/8 b - - 100 218
White wins | 3R3k/5B1P/6K1/8/1P1bP2P/8/8/8 b - - 2 113
White wins | 8/2Q5/P6n/2k1p2P/4Rp2/1KNp4/6R1/8 b - - 1 82
Stalemate | 8/8/8/8/8/8/K7/7k b - - 98 192
50 move count reached | 8/8/5kB1/P7/8/2N5/4K2B/7b w - - 100 170
draw - no checkmate possible | 8/2B5/8/8/k2b4/8/K7/8 w - - 0 136
50 move count reached | 8/8/7K/8/8/8/6k1/8 w - - 100 201
Stalemate | 8/8/8/3K4/8/8/8/7k b - - 30 179
50 move count reached | 4K3/8/8/8/8/4k3/8/8 b - - 100 231
Stalemate | 8/4K3/8/8/8/8/8/7k b - - 18 149
Black wins | 4K2r/8/4k3/4P3/8/8/8/8 w - - 24 131
Stalemate | 8/8/8/8/8/8/8/4K2k b - - 28 218
50 move count reached | 8/6K1/8/7p/1k5P/8/8/6B1 w - - 100 274
Stalemate | 8/3P4/8/8/8/K7/8/7k b - - 0 163
50 move count reached | 8/4k2p/7P/8/8/8/4K3/8 w - - 100 183
draw - no checkmate possible | 8/8/5b2/8/7K/8/k3N3/8 w - - 0 121
50 move count reached | 8/8/8/1k6/8/8/8/7K b - - 100 150
50 move count reached | 8/8/2K5/8/8/4k3/8/8 w - - 100 194
50 move count reached | 1B6/1K6/8/8/8/8/8/5k1r w - - 100 221
50 move count reached | 8/8/8/3K4/k7/8/8/8 b - - 100 219
Stalemate | 8/8/1N6/6K1/8/8/8/7k b - - 23 227
50 move count reached | 8/K7/8/8/6k1/8/8/8 b - - 100 212
White wins | 8/8/8/6Qk/3P1P2/8/3K2P1/8 b - - 14 131
White wins | 1r1k1b2/1R1Q4/3nP3/p1PP1rp1/P4N1p/4K2P/8/7q b - - 2 57
Stalemate | 8/8/8/p6K/P7/8/8/7k b - - 70 187
50 move count reached | 8/6K1/8/8/4N1k1/8/8/8 w - - 100 277
50 move count reached | 8/3B4/8/8/1K6/8/8/5k2 w - - 100 174
50 move count reached | 8/8/8/4k3/8/8/8/3K4 w - - 100 186
Stalemate | 2K5/8/8/8/8/8/8/7k b - - 66 225
50 move count reached | 8/1K6/8/8/8/6k1/8/7r w - - 100 246
50 move count reached | 8/1K6/6k1/8/8/8/8/7q b - - 100 177
50 move count reached | 8/8/8/2K5/8/8/8/1k6 b - - 100 232
50 move count reached | 8/8/8/2K1k2p/7P/8/8/8 b - - 100 190
Stalemate | 8/7p/5N1P/7P/8/8/B2K4/7k b - - 0 153
50 move count reached | 1K6/8/8/8/8/8/3k4/7r w - - 100 180
White wins | 8/7P/3PR3/8/1K3p2/8/6B1/7k b - - 1 75
50 move count reached | 1k6/8/8/8/8/5K2/8/7r w - - 100 158
Stalemate | 8/8/8/8/6K1/8/8/7k b - - 40 203
Black wins | b7/3k4/4p3/3p2b1/p4Q1P/5r1q/7K/3r4 w - - 2 84
50 move count reached | 8/8/8/3k4/8/8/4K3/8 w - - 100 162
50 move count reached | 8/1k6/8/8/8/2K5/7p/7b w - - 100 235
50 move count reached | 8/8/5NB1/p5k1/P7/7K/8/8 w - - 100 175
50 move count reached | 8/8/K7/8/8/8/8/2k5 b - - 100 221
50 move count reached | 4k3/8/8/8/8/4K3/b7/8 b - - 100 255
50 move count reached | 8/8/8/k7/8/3K4/8/8 w - - 100 269
50 move count reached | 8/8/7k/1B6/8/8/7K/8 w - - 100 179
draw - no checkmate possible | 8/8/8/b7/8/8/k1K5/7N b - - 0 150
Stalemate | 8/8/4K3/8/8/8/8/7k b - - 20 140
Stalemate | 8/4k3/8/2p4p/2p4n/1q6/8/K7 w - - 0 88
White wins | 8/1P6/8/K7/2P5/2P5/8/3R3k b - - 14 116
Stalemate | 8/2P5/8/8/8/8/3p4/3K3k b - - 0 142
50 move count reached | 8/8/8/8/8/1K6/8/3k4 w - - 100 262
Stalemate | 8/8/8/8/7p/7P/8/2K4k b - - 60 140
50 move count reached | 8/8/8/8/8/8/k7/5K2 b - - 100 259
50 move count reached | 8/8/8/K3k3/8/8/8/7r w - - 100 182
50 move count reached | 8/8/5k2/8/6K1/5r2/8/7b b - - 100 197
50 move count reached | 8/6K1/8/3k3p/7P/2p5/2P5/8 w - - 100 173
Stalemate | k7/p5b1/P7/8/5r1p/K5p1/8/2n5 w - - 5 88
50 move count reached | 8/8/8/8/1k6/8/5K2/7b b - - 100 192
50 move count reached | 8/8/7p/7P/7P/8/8/k5K1 w - - 100 226
50 move count reached | 8/8/2K1k3/8/8/8/8/8 w - - 100 221
Black wins | 8/7p/2p5/pkP4p/4Pn1P/rp2b3/8/3K2r1 w - - 2 63
50 move count reached | 8/8/8/2K5/8/8/1k6/7b w - - 100 209
Stalemate | 8/8/7p/7P/8/4K3/8/7k b - - 57 149
50 move count reached | 8/8/2k5/8/8/8/1K6/7b b - - 100 202
White wins | r1bqkbnr/1pppp2p/p7/5ppQ/1n2PP2/1P6/PBPP2PP/RN2KBNR b KQkq - 1 6
50 move count reached | 2K5/8/8/2k5/8/8/8/7b w - - 100 300
Stalemate | 3R4/8/7P/8/8/1K6/8/7k b - - 1 130
draw - no checkmate possible | 8/8/8/k7/8/5b2/5B2/5K2 b - - 0 139
50 move count reached | 5K2/8/8/8/8/8/4k3/8 b - - 100 262
50 move count reached | 8/7K/4k3/8/8/8/8/7r w - - 100 206
Black wins | r3kbbr/pp1np1p1/5n1p/4qp2/1P3KQB/P2P1PPP/1R6/3R4 w - - 0 31
Stalemate | 8/6N1/8/8/6K1/8/8/7k b - - 24 122
50 move count reached | 8/1K6/8/8/8/8/k7/8 w - - 100 183
50 move count reached | 8/8/3K4/8/8/8/4k3/7q b - - 100 232
50 move count reached | 8/8/2k5/8/6K1/8/8/8 b - - 100 224
Stalemate | K7/8/8/8/8/8/8/7k b - - 23 143
Stalemate | 8/8/8/2K5/8/8/8/7k b - - 28 224
White wins | 1K6/P7/1P6/8/8/5B2/8/7k b - - 8 233
Stalemate | 8/8/8/8/8/3p1Q1R/3K4/6k1 b - - 7 91
50 move count reached | 8/6R1/3k4/8/5K2/8/8/8 w - - 100 270
White wins | 8/K2R4/8/7p/7P/6N1/8/7k b - - 41 139
50 move count reached | 3K4/8/8/8/8/8/2k5/8 b - - 100 229
50 move count reached | 8/8/7k/8/3N4/1K6/8/7r w - - 100 194
50 move count reached | 8/6k1/8/8/8/8/8/3K3r w - - 100 218
50 move count reached | 8/7k/8/6p1/6P1/1K6/8/7b b - - 100 145
50 move count reached | 8/8/1K5k/8/8/8/8/8 w - - 100 172
Stalemate | 8/3b4/8/6p1/5k2/8/p5r1/K7 w - - 0 97
50 move count reached | 8/8/2K5/8/8/8/8/1k6 w - - 100 220
50 move count reached | 8/k7/8/2KR4/7p/4p2P/4P3/8 w - - 100 193
Black wins | 1R6/8/1r6/3p2kp/r7/6N1/K7/8 w - - 0 112
Stalemate | 8/8/8/2K5/8/8/8/7k b - - 55 225
50 move count reached | 7k/8/8/7p/K6P/8/3B4/8 w - - 100 160
50 move count reached | 8/8/7k/8/8/8/6K1/8 b - - 100 216
50 move count reached | 8/8/8/6k1/8/5K2/8/7r b - - 100 212
50 move count reached | 8/8/1N6/1k6/8/8/2K5/7r w - - 100 241
50 move count reached | 7k/8/8/8/8/8/8/2K5 w - - 100 211
50 move count reached | 8/8/8/8/2k4K/8/8/8 b - - 100 178
50 move count reached | 8/8/8/3K4/8/1k6/8/8 b - - 100 219
50 move count reached | k7/8/7p/7P/p5p1/P5p1/6P1/7K b - - 100 168
50 move count reached | n7/1k6/8/6r1/8/8/8/3K3q w - - 100 151
50 move count reached | 8/4K3/6b1/8/6k1/8/3n3p/7r w - - 100 248
50 move count reached | 8/6k1/8/8/8/2K5/8/8 b - - 100 216
Stalemate | 8/8/K7/8/8/8/8/7k b - - 98 200
50 move count reached | k7/8/8/8/8/8/1K6/8 b - - 100 200
50 move count reached | 3k4/8/8/1p6/1P6/4K3/8/7b b - - 100 224
50 move count reached | 8/1k6/4K3/8/8/8/8/8 b - - 100 245
50 move count reached | 8/8/3k4/7K/8/8/8/8 w - - 100 231
50 move count reached | 8/2k5/8/8/4K3/8/8/7n w - - 100 189
Stalemate | 8/8/8/8/8/8/2K5/7k b - - 6 130
50 move count reached | 8/8/1K6/8/8/k7/8/8 w - - 100 185
50 move count reached | 8/8/3K4/6k1/8/8/8/8 w - - 100 169
50 move count reached | 8/8/8/2K5/3N1k2/8/8/8 b - - 100 173
50 move count reached | 8/8/2k5/8/5K2/8/8/8 b - - 100 228
50 move count reached | 1k6/8/8/K7/8/8/8/8 w - - 100 214
Stalemate | 2b1k3/3p4/2p5/2P2p2/n4P2/6q1/8/3n3K w - - 0 53
50 move count reached | 3K4/8/8/8/8/5k2/8/8 w - - 100 162
50 move count reached | 8/1k6/8/8/2r2r2/6K1/8/8 b - - 100 178
50 move count reached | 8/3k4/8/8/8/K7/8/8 b - - 100 222
Stalemate | 8/8/8/8/K5p1/6P1/8/7k b - - 9 193
50 move count reached | 8/8/8/8/8/K7/8/4k3 b - - 100 239
Stalemate | 8/8/8/3p4/3P4/8/2R5/1K5k b - - 17 118
50 move count reached | 8/7k/8/6Kp/7P/8/8/7b w - - 100 212
Black wins | 6Q1/k7/3P2BP/1p1p3r/pP1n4/PpRKR3/8/3r3n w - - 4 83
draw - no checkmate possible | 1k6/4b3/8/8/8/8/2B3K1/8 b - - 0 180
draw - no checkmate possible | 8/5n2/8/8/1k4K1/8/1B6/8 b - - 0 143
50 move count reached | 4K3/8/8/7k/8/8/8/8 w - - 100 214
draw - no checkmate possible | 1B1k2K1/8/8/8/b7/8/8/8 b - - 0 109
50 move count reached | 8/8/8/8/8/8/1k2K3/8 w - - 100 237
50 move count reached | 5K2/8/8/4k3/8/8/8/7b w - - 100 196
50 move count reached | 1K6/8/4k3/8/8/8/8/8 b - - 100 236
White wins | R1k5/7p/2K4P/8/8/1P3N2/8/8 b - - 25 101
50 move count reached | 8/8/5K2/8/8/3k4/8/8 b - - 100 218
50 move count reached | 8/k7/8/2K5/6q1/8/8/8 b - - 100 170
50 move count reached | 5k2/8/8/8/8/6K1/3R4/8 b - - 100 166
50 move count reached | K7/8/1k6/8/8/8/8/8 w - - 100 282
Stalemate | 8/4N3/P6P/8/BR6/7K/7B/7k b - - 30 129
50 move count reached | 8/8/6K1/8/8/1k6/8/8 b - - 100 224
Stalemate | 8/8/2K5/8/8/8/8/7k b - - 4 123
draw - no checkmate possible | 5k2/1K6/8/8/8/8/3N4/7b w - - 0 154
Stalemate | 8/8/5K2/8/8/8/8/7k b - - 71 174
White wins | 1r1k1b2/pb1Q4/p1n1P1p1/5P2/5P1p/2p5/P2P2PP/RNBK3R b - - 0 34
50 move count reached | 8/8/8/8/6k1/2K5/8/7n w - - 100 162
50 move count reached | 8/8/8/2k5/8/8/8/2K4b w - - 100 251
50 move count reached | 8/8/8/8/8/1K6/6k1/8 b - - 100 174
draw - no checkmate possible | 8/8/8/k5b1/8/7K/4B3/8 w - - 0 135
50 move count reached | 8/2K5/8/8/8/8/8/1k6 b - - 100 216
50 move count reached | 8/2K3k1/8/8/8/1pR5/1P6/8 w - - 100 224
50 move count reached | 8/8/2k5/8/8/3N4/6K1/8 w - - 100 181
Stalemate | 8/8/8/8/8/4B3/3K4/7k b - - 74 152
White wins | 2k5/2Q4R/8/8/2P5/6P1/6K1/8 b - - 0 75
Stalemate | 8/8/8/1P1R4/8/8/3K4/7k b - - 32 177
Black wins | 3n2n1/8/2P1p1kp/2P1Pr2/6p1/2pP1r2/2Nq2BR/3K4 w - - 0 51
50 move count reached | 3N4/8/5K2/8/8/8/5k2/7r b - - 100 171
50 move count reached | 8/7k/8/8/8/8/8/5K2 b - - 100 202
Stalemate | 8/6P1/1K6/8/8/8/8/7k b - - 2 99
50 move count reached | 2Q5/8/5K1k/8/8/8/8/8 w - - 100 167
draw - no checkmate possible | 8/8/B4k2/8/2K5/8/8/7b w - - 0 151
White wins | r1k1Qbn1/1p5p/pPppb2P/5pp1/P3P1B1/6P1/2RPP2R/1NB1K1N1 b - - 8 31
Stalemate | 8/8/6R1/8/2KB4/8/8/7k b - - 22 114
Stalemate | 8/8/8/8/8/8/8/1K5k b - - 38 214
White wins | 8/8/7P/3p2NP/3P2n1/1K3Q2/8/B6k b - - 10 100
White wins | 7k/7Q/1b4P1/N3p3/2P5/B7/4K1B1/6Nr b - - 1 64
White wins | 3Br2k/5Nbp/4nNP1/rB1p4/p3b2q/P1pR4/8/1K6 b - - 14 59
50 move count reached | 8/4k3/8/8/8/8/6K1/8 b - - 100 165
50 move count reached | 8/8/K7/8/8/4k3/8/7r b - - 100 259
Stalemate | k7/2Q4N/7P/3NP3/1R6/2K5/8/8 b - - 0 81
50 move count reached | 8/8/8/p7/P7/8/1K2k3/8 w - - 100 196
White wins | 1k4R1/8/1K6/8/8/8/8/8 b - - 12 176
Black wins | 2r2bnr/p1p1pk2/1Pn4p/2P2Pp1/2Npq3/3K1b1P/1P1BB1P1/R5NR w - - 3 20
50 move count reached | 8/8/8/5K2/k7/8/8/8 b - - 100 298
Stalemate | 7k/4R3/8/8/8/1B6/8/3K4 b - - 1 156
50 move count reached | 2k5/8/8/8/8/6K1/8/8 w - - 100 216
50 move count reached | 8/8/3K4/8/k7/8/8/8 b - - 100 222
50 move count reached | 8/8/8/7k/3K4/8/8/8 w - - 100 219
50 move count reached | 2K5/8/8/1k6/8/8/7p/7b b - - 100 159
50 move count reached | 8/8/8/1K6/8/8/8/7k w - - 100 188
50 move count reached | 8/8/1K6/8/8/5k2/8/8 b - - 100 233
50 move count reached | 8/8/8/8/8/6K1/8/2k5 b - - 100 187
Black wins | 4rN2/6np/3k3n/1p1pp1p1/3PPb2/3p1N2/3R3P/r2K4 w - - 0 57
White wins | 3Q2k1/3R4/5B2/1p6/p7/P1K2p2/5R2/7q b - - 1 94
Black wins | r7/1pR1b2k/1P6/1p3R1p/1Pp2P1p/K1P2P2/3r4/N7 w - - 1 66
50 move count reached | 5K2/8/8/6k1/8/8/8/8 w - - 100 245
50 move count reached | 8/8/8/8/1k6/8/8/5K2 b - - 100 282
50 move count reached | 8/8/6k1/8/8/8/1K6/7r b - - 100 215
50 move count reached | 5k2/8/8/8/4n3/8/3r4/5K1b b - - 100 162
50 move count reached | 8/8/8/8/8/2k5/K7/8 w - - 100 248
draw - no checkmate possible | 8/4n3/8/3k4/6N1/2K5/8/8 w - - 0 164
50 move count reached | 5K2/8/8/8/5k2/8/8/8 w - - 100 210
White wins | 3R2B1/k3b2n/1R6/Q5p1/4NPp1/p1P1p1N1/2n1K3/8 b - - 3 67
50 move count reached | 5K2/8/8/8/3k4/8/8/8 b - - 100 220
Stalemate | 3br1r1/5K2/5n2/8/4k3/5p2/4b3/8 w - - 4 156
White wins | rnbqkb2/pp1pp1pr/2p1n1Q1/7p/P1P5/5N1B/1P1PPP1P/RNB1K2R b KQq - 8 11
Stalemate | k7/P4R1P/8/3p4/K2p4/3Pp3/4N1P1/8 b - - 1 71
50 move count reached | 2K5/8/8/8/8/4k3/8/8 b - - 100 176
50 move count reached | 8/8/8/8/2k5/4K3/8/8 b - - 100 209
50 move count reached | 6k1/8/8/8/8/4K3/8/8 b - - 100 243
50 move count reached | 8/8/8/3B4/8/8/1k1K4/8 w - - 100 192
Stalemate | B7/8/5Q2/2k2p2/2P2R2/K3P3/8/8 b - - 7 74
50 move count reached | 8/3n4/8/2k5/8/8/4K3/n6r b - - 100 219
draw - no checkmate possible | 8/3k4/8/8/3N1n2/8/8/5K2 w - - 0 115
50 move count reached | 8/8/8/8/3K1n2/8/8/5k2 b - - 100 185
50 move count reached | 8/1K6/8/8/8/6k1/8/7b b - - 100 197
Stalemate | 1r6/8/3rknb1/2p3p1/q5P1/2p5/2P5/2K3b1 w - - 0 87
draw - no checkmate possible | 8/4k3/8/8/8/2B1K3/8/7b w - - 0 146
50 move count reached | 8/1K6/8/p7/P7/8/8/1k6 b - - 100 177
50 move count reached | K7/5k2/8/8/8/8/8/8 b - - 100 197
50 move count reached | 8/8/6p1/6p1/3k2P1/5K2/8/8 b - - 100 196
50 move count reached | 8/7K/8/k7/8/8/8/8 w - - 100 223
Stalemate | 8/8/8/8/8/8/8/3K3k b - - 76 228
Stalemate | 8/3K4/8/8/8/8/8/7k b - - 0 156
50 move count reached | 8/8/8/7K/k7/8/7p/7r w - - 100 194
White wins | k1R5/3B3p/7P/8/p3b3/P7/1R4nK/6Br b - - 10 87
Stalemate | k7/1R6/P7/1B2P3/1N6/8/2K5/8 b - - 22 108
Stalemate | 8/7p/7P/4K3/8/8/8/7k b - - 26 149
50 move count reached | 8/8/8/8/3B4/k3K3/8/8 w - - 100 192
50 move count reached | 8/8/7K/8/p2k4/P7/8/8 b - - 100 115
Stalemate | 8/8/8/8/8/4N3/3N4/R1K4k b - - 26 116
50 move count reached | K7/5k2/8/8/8/8/8/8 b - - 100 293
draw - no checkmate possible | 8/5k2/8/1N6/8/8/8/2K4b w - - 0 135
50 move count reached | 8/8/8/8/8/6K1/1k6/8 w - - 100 158
50 move count reached | 8/7K/1k6/8/8/8/8/8 b - - 100 250
Stalemate | 8/8/8/8/8/8/2K5/7k b - - 73 188
Black wins | 5r2/N2pk1b1/7p/2p5/2P2P2/P1Rq1n2/5P1n/RN2K2b w - - 4 45
50 move count reached | 8/8/8/8/3K2k1/8/8/8 b - - 100 233
draw - no checkmate possible | 8/8/2b5/8/1B6/7K/1k6/8 b - - 0 179
50 move count reached | 3K4/8/8/1k6/8/8/8/7b b - - 100 211
50 move count reached | 8/8/8/K7/8/8/8/1k5n w - - 100 181
Stalemate | 2K5/4P3/8/8/8/8/8/7k b - - 0 194
50 move count reached | 8/1k3K2/8/8/8/8/8/8 b - - 100 207
Stalemate | 5n2/7q/1k6/6p1/p7/8/7r/K7 w - - 24 144
50 move count reached | 8/8/p4k2/P7/8/8/5K2/8 w - - 100 182
50 move count reached | 8/b1K5/8/8/8/3k4/8/7r b - - 100 179
50 move count reached | 5K2/8/7k/8/8/1N6/8/8 b - - 100 236
50 move count reached | 8/8/8/8/8/1k6/7K/8 b - - 100 209
draw - no checkmate possible | 8/2k5/3b4/8/K5B1/8/8/8 b - - 0 119
50 move count reached | 8/4k3/8/5K2/8/8/8/8 b - - 100 259
draw - no checkmate possible | 2K5/2n5/8/8/7N/1k6/8/8 w - - 0 95
50 move count reached | 8/8/8/k3K3/8/8/8/8 w - - 100 234
50 move count reached | 8/8/1K6/8/8/8/2k5/8 w - - 100 211
50 move count reached | 8/8/1K6/8/4k3/8/8/8 w - - 100 171
Stalemate | 8/8/1K6/8/8/8/8/7k b - - 28 189
Stalemate | 2K5/8/8/8/8/8/8/7k b - - 87 260
Stalemate | 8/8/4k2n/1q1p4/p2K4/5b2/3b4/8 w - - 2 85
50 move count reached | 8/8/8/8/6K1/8/8/2k5 b - - 100 192
Stalemate | 8/8/k7/4p3/8/2q5/K1p5/8 w - - 10 89
50 move count reached | 7K/8/8/3k1B2/8/8/8/8 w - - 100 178
draw - no checkmate possible | N7/8/8/8/K2k4/8/5n2/8 w - - 0 121
50 move count reached | 8/8/3k4/8/8/K5n1/8/7b w - - 100 207
50 move count reached | 8/8/3p4/3P4/4K1k1/8/8/5R2 b - - 100 174
50 move count reached | 8/8/2k3K1/8/8/8/8/8 b - - 100 217
50 move count reached | 8/8/8/8/8/8/K3k3/7b w - - 100 178
50 move count reached | R7/8/8/8/8/1k6/8/7K w - - 100 253
Stalemate | 8/8/p7/P7/1K3R2/8/8/7k b - - 14 153
50 move count reached | 8/8/8/8/8/3k4/K7/8 b - - 100 186
50 move count reached | 8/5K2/8/8/1k6/8/8/8 w - - 100 188
50 move count reached | k4K2/8/8/8/8/8/8/7b b - - 100 209
50 move count reached | 8/6k1/8/8/8/K7/8/8 w - - 100 189
Stalemate | 8/8/8/3K4/8/8/8/7k b - - 0 216
50 move count reached | 8/2B5/8/8/8/1k6/8/5K2 w - - 100 202
White wins | r3r3/8/p1p1pBp1/1pPn3k/3P1P2/3Q1PP1/2K5/4b1NR b - - 8 38
50 move count reached | 8/8/8/8/8/5k2/8/4K3 w - - 100 199
50 move count reached | 8/6k1/8/1p6/1P6/8/3K4/8 w - - 100 228
50 move count reached | 8/5k2/1N6/8/8/7K/8/8 b - - 100 178
50 move count reached | 8/8/8/8/3K4/8/4k3/8 b - - 100 262
50 move count reached | 8/8/8/8/8/6B1/8/k6K w - - 100 235
50 move count reached | 8/8/8/7K/8/2k5/8/8 w - - 100 209
50 move count reached | 8/8/7k/8/1K6/8/7p/7b b - - 100 177
Stalemate | 4k3/1Q2B3/5P2/8/2B1K3/8/8/8 b - - 9 129
50 move count reached | 8/8/8/8/8/8/1k4K1/8 w - - 100 259
50 move count reached | 8/7k/8/8/5B1n/8/8/5K1b w - - 100 197
50 move count reached | 4k3/8/7N/8/8/8/8/1K5r w - - 100 157
White wins | br2kQ2/3r4/2PpP1Np/p1n5/1pP5/PP4RP/4KB2/2RB3q b - - 5 53
50 move count reached | 8/3k4/8/8/8/8/8/2K5 b - - 100 275
50 move count reached | K7/8/8/8/8/k7/8/8 b - - 100 166
draw - no checkmate possible | k2K4/8/8/8/4n3/2N5/8/8 w - - 0 164
50 move count reached | 8/7k/8/5K2/3B4/8/6N1/8 w - - 100 223
50 move count reached | 8/2k5/8/8/5K2/8/8/8 b - - 100 236
Stalemate | R7/8/8/R7/3P1P1k/4N3/6K1/8 b - - 4 110
Stalemate | 8/8/8/8/4K3/8/7p/7k b - - 1 127
50 move count reached | k7/5K2/8/8/8/8/8/8 b - - 100 245
Stalemate | k7/p7/P7/8/8/N7/1Q6/4K3 b - - 4 88
50 move count reached | 1k6/3n4/8/3K4/8/8/8/8 b - - 100 180
50 move count reached | 8/8/8/3k4/8/8/5K2/8 b - - 100 183
White wins | 8/1p6/2nbQ1B1/2P1kP2/1r5p/1P2B2P/2K5/7r b - - 0 41
Stalemate | 8/8/7K/8/8/8/8/7k b - - 10 227
50 move count reached | 8/8/8/7p/7P/8/6k1/4K2r b - - 100 177
Stalemate | 8/8/8/8/3K4/8/8/7k b - - 47 233
Stalemate | 8/8/8/7N/8/1K6/8/7k b - - 81 185
Stalemate | 8/6R1/3K4/8/4N3/8/8/7k b - - 96 212
50 move count reached | 8/8/6p1/3k2P1/8/8/8/5K2 b - - 100 140
50 move count reached | 5K2/8/4k3/8/8/8/8/8 w - - 100 312
50 move count reached | 6K1/8/8/6k1/8/8/8/8 w - - 100 175
50 move count reached | 2K5/8/6k1/8/8/5R2/8/7r w - - 100 245
50 move count reached | 8/8/5K2/1k6/8/8/8/8 w - - 100 218
50 move count reached | 8/8/8/2K5/8/8/8/6k1 w - - 100 218
50 move count reached | 8/6k1/8/8/8/8/4K3/8 w - - 100 202
50 move count reached | 8/2k5/6B1/8/8/5K2/6N1/8 w - - 100 143
draw - no checkmate possible | k7/8/8/5bB1/5K2/8/8/8 b - - 0 145
50 move count reached | 8/8/4k3/8/8/5K2/8/8 b - - 100 218
50 move count reached | 8/5k2/8/8/3K3b/8/8/7r w - - 100 195
50 move count reached | 8/8/8/1K6/3k4/8/8/7r b - - 100 217
50 move count reached | 6k1/8/8/8/7b/8/4K3/8 w - - 100 184
50 move count reached | 8/8/2k5/5K2/8/8/8/8 w - - 100 172
Stalemate | 7N/5B2/3P4/2P3P1/8/8/3K4/7k b - - 28 100
50 move count reached | 8/8/8/2k5/8/7K/8/6r1 b - - 100 153
Stalemate | 8/8/3R4/p1P5/P3p3/4K3/7p/7k b - - 1 117
White wins | 8/8/4K3/8/8/8/8/3R3k b - - 68 170
50 move count reached | 8/8/4k1K1/8/8/8/8/8 w - - 100 171
50 move count reached | 8/8/8/p4k2/P4p2/5P2/4K3/8 b - - 100 149
50 move count reached | 8/8/8/5K2/8/5k2/8/8 w - - 100 253
50 move count reached | 8/2K5/8/8/3k4/8/7p/7q w - - 100 239
50 move count reached | 8/3k4/8/8/8/4K3/8/7n b - - 100 197
Stalemate | K1k5/8/8/pn6/6p1/4p3/8/8 w - - 3 109
50 move count reached | 8/8/8/4K3/8/2p5/3b4/1k6 w - - 100 182
50 move count reached | 8/8/8/8/5k2/8/8/K6r b - - 100 201
50 move count reached | 8/K7/7p/7P/8/8/8/2k4b b - - 100 192
Stalemate | 8/8/8/8/8/2B3K1/8/7k b - - 77 178
50 move count reached | 1k6/3K4/8/8/8/8/8/7b w - - 100 207
draw - no checkmate possible | 8/8/8/2K5/8/7k/7N/7n b - - 0 197
50 move count reached | 8/8/1K6/8/7k/8/7p/7b w - - 100 194
50 move count reached | 8/8/8/4k3/8/6R1/8/6Kb w - - 100 213
50 move count reached | 8/K3n3/8/8/1k6/8/8/8 b - - 100 187
50 move count reached | 8/8/3k4/8/1KB5/8/8/8 w - - 100 249
50 move count reached | 2k5/8/8/8/8/5K2/8/8 w - - 100 227
Stalemate | 8/8/8/8/6K1/8/8/7k b - - 0 184
50 move count reached | 8/8/1K6/8/8/8/8/1k6 b - - 100 227
50 move count reached | 1K6/5k2/7p/7P/8/8/8/8 w - - 100 181
50 move count reached | 8/8/7b/8/3K4/8/8/7k b - - 100 263
White wins | 8/2b5/1P6/3k1P2/3Q1nN1/1p2P3/3K4/2R5 b - - 9 73
50 move count reached | 4k3/8/n7/7p/7P/3K4/8/B7 b - - 100 210
50 move count reached | 8/6K1/8/p1k5/P7/8/8/8 b - - 100 198
50 move count reached | 8/8/8/5K2/8/8/8/3k4 w - - 100 276
50 move count reached | 8/8/8/8/8/3K1k2/8/8 b - - 100 198
Stalemate | 3N4/P7/8/4BN2/K7/2P5/8/7k b - - 6 118
Black wins | 6n1/4bkp1/2N2p2/p2r1Ppr/P4q2/6Kb/7P/8 w - - 14 58
Stalemate | 8/4N3/3K4/8/8/8/8/7k b - - 1 149
White wins | 5R1k/1R6/8/B6P/2N5/4K1P1/8/8 b - - 10 103
draw - no checkmate possible | 8/k7/8/1K5b/1B6/8/8/8 b - - 0 140
50 move count reached | 8/5k2/8/8/8/8/8/5K2 w - - 100 202
50 move count reached | 8/1k6/8/8/5K2/8/8/8 b - - 100 245
50 move count reached | 8/8/8/8/8/1k6/8/4K3 w - - 100 170
White wins | 4N3/8/8/8/P7/N7/3Q2Kp/7k b - - 1 105
50 move count reached | 2k5/8/8/N7/8/8/K7/8 w - - 100 205
50 move count reached | 1Bk5/8/8/8/1N6/8/8/1K6 w - - 100 270
50 move count reached | 8/8/8/8/8/8/1K3k2/7q w - - 100 206
50 move count reached | 8/K7/8/8/4k3/8/8/7r b - - 100 233
Stalemate | 7k/5KR1/8/N7/8/8/8/6Bn b - - 54 155
Stalemate | 8/8/p3p2b/7P/6k1/8/b1n4K/5q2 w - - 4 101
50 move count reached | 8/8/1b5p/7P/8/5K2/8/4k3 b - - 100 219
50 move count reached | 8/8/8/6k1/4b3/2K5/7n/8 w - - 100 167
Stalemate | 8/8/PR4K1/8/4N3/8/8/7k b - - 42 176
50 move count reached | 8/8/8/8/7K/8/8/4n2k b - - 100 194
Stalemate | 3nk3/5r2/K7/2q5/8/8/8/7b w - - 69 165
50 move count reached | 8/8/5k2/8/8/8/3K4/8 w - - 100 168
50 move count reached | 8/8/8/8/8/3K4/8/5k1r b - - 100 226
draw - no checkmate possible | 2b5/8/1k3N2/8/8/8/8/4K3 b - - 0 155
draw - no checkmate possible | 8/8/8/3k4/8/8/6K1/2B4b w - - 0 124
50 move count reached | K7/8/8/8/8/4k3/8/7r w - - 100 164
50 move count reached | 8/8/8/8/k7/8/8/1K5r w - - 100 215
draw - no checkmate possible | 8/8/6n1/8/2k5/8/7N/1K6 b - - 0 149
Stalemate | 8/4Q3/1P4k1/8/6P1/3P4/3BN3/3K4 b - - 6 97
White wins | 1R6/2p1k1Q1/2Pr1p2/P1P1PP1p/3p3N/4bN1R/4K3/7B b - - 3 67
50 move count reached | 8/8/4k3/8/8/3K4/8/8 w - - 100 234
draw - no checkmate possible | 8/8/8/4K3/2N3k1/8/8/7b w - - 0 133
50 move count reached | 8/K7/6k1/8/b7/8/8/8 b - - 100 153
Stalemate | k7/1R6/2P2P2/7p/P2P3P/2N5/8/6K1 b - - 2 85
50 move count reached | 8/8/8/1n1k4/6K1/8/8/7q w - - 100 224
50 move count reached | 8/8/6K1/8/8/8/7k/8 b - - 100 175
Stalemate | 8/8/8/8/1p3K2/1P6/8/7k b - - 97 210
50 move count reached | 8/8/3K3p/7P/8/8/1k6/8 w - - 100 202
Stalemate | 8/8/8/8/5K2/8/8/7k b - - 91 202
50 move count reached | 8/3k3K/8/8/8/8/8/3N4 b - - 100 167
50 move count reached | 8/8/8/8/2K2k2/8/8/7r b - - 100 206
50 move count reached | 8/8/8/2K5/8/7k/8/8 w - - 100 218
50 move count reached | 2k5/8/p4K2/P7/8/8/8/7b b - - 100 163
50 move count reached | 8/8/1k6/n7/7K/8/5R2/8 w - - 100 241
50 move count reached | 3k4/2p3K1/2P5/8/4r3/8/8/7b b - - 100 163
50 move count reached | 4k3/8/8/8/8/6K1/8/8 w - - 100 224
50 move count reached | 4k2K/8/8/8/8/8/2B5/8 w - - 100 182
White wins | 3R1k1r/7R/rn6/6P1/2pp4/2P5/NN5P/5K2 b - - 1 70
50 move count reached | 8/8/8/8/7k/8/8/4K3 b - - 100 255
Stalemate | 8/8/7K/8/4R3/8/8/7k b - - 39 224
50 move count reached | 8/1k6/8/4K3/8/8/8/8 b - - 100 191
50 move count reached | 8/8/8/1K6/8/4k3/8/7r b - - 100 268
Black wins | 8/8/7k/P2q3P/6p1/4pp2/2p3rK/r7 w - - 1 97
50 move count reached | 3K4/8/2p5/2P5/8/8/5k2/8 w - - 100 206
50 move count reached | 8/2K5/8/3k4/8/8/8/8 b - - 100 183
White wins | rnQ1kbnr/p1p1pp1p/1q6/3p4/1p3p2/3PP3/PPPNBPPP/R1BK3R b kq - 5 9
50 move count reached | 8/8/8/5K2/8/8/1k6/8 b - - 100 175
50 move count reached | 8/8/3K4/8/p7/P6k/8/8 w - - 100 176
50 move count reached | 7k/8/5bB1/8/8/8/8/1K5r w - - 100 167
50 move count reached | 8/3k4/5pK1/1p3P2/1P6/8/8/8 w - - 100 204
50 move count reached | 7k/8/8/4b1K1/8/8/4B3/7r b - - 100 206
Stalemate | 8/8/5P2/8/8/8/B3K3/7k b - - 30 164
50 move count reached | 8/8/8/8/4K3/8/1k6/8 b - - 100 231
50 move count reached | 8/1k6/8/8/8/8/8/3K4 w - - 100 218
50 move count reached | 8/2B5/8/8/k7/7K/8/7r w - - 100 201
White wins | 1rbbk2Q/6R1/1PP5/5P2/2K1p3/8/8/6r1 b - - 10 89
White wins | 8/n3n3/8/8/p7/P7/5N2/K6k b - - 2 123
Stalemate | 8/8/8/8/8/8/8/K6k b - - 35 148
Stalemate | 8/8/8/3K3P/8/8/R7/7k b - - 50 201
50 move count reached | k7/8/8/3K4/8/8/8/8 w - - 100 203
50 move count reached | 2k5/2r5/8/8/8/8/8/3K3n w - - 100 182
Stalemate | 4K3/8/8/p7/P7/8/8/7k b - - 0 120
50 move count reached | 1K6/8/6b1/8/8/8/6k1/8 b - - 100 232
50 move count reached | 2k5/5K2/8/8/8/8/8/8 w - - 100 221
50 move count reached | 8/8/8/8/8/8/k7/2K5 w - - 100 193
Black wins | 2r5/6k1/pP6/2p2p1p/2P1R3/8/6r1/5q1K w - - 13 83
50 move count reached | 8/8/8/8/6r1/8/4K1kp/7n w - - 100 218
50 move count reached | 8/8/8/8/1K6/8/8/1k6 w - - 100 333
50 move count reached | 8/8/4K3/8/8/3k4/8/8 b - - 100 220
50 move count reached | 1b6/5n2/8/8/1k6/8/8/3K4 w - - 100 245
50 move count reached | 8/8/8/8/1K6/5k2/8/8 w - - 100 217
50 move count reached | 8/8/8/8/K7/8/1k4n1/7b w - - 100 173
50 move count reached | 8/8/8/8/1k6/8/1K6/8 b - - 100 226
50 move count reached | 8/8/7k/1K6/8/8/8/8 b - - 100 225
50 move count reached | 8/8/8/8/3K4/6r1/1k6/8 w - - 100 242
50 move count reached | 4K3/8/2k5/8/8/8/8/8 w - - 100 285
50 move count reached | 8/8/8/8/3K4/8/3k4/8 b - - 100 215
draw - no checkmate possible | 8/8/4b3/8/k7/8/8/3K1N2 b - - 0 161
50 move count reached | 8/3k4/8/8/5K2/8/8/7q w - - 100 197
50 move count reached | 8/8/2k5/4K3/1r6/1n6/8/7b b - - 100 195
50 move count reached | 8/3k4/7K/8/8/8/8/7n b - - 100 193
Stalemate | 8/1b6/3n2r1/8/3k1K2/8/8/8 w - - 19 190
50 move count reached | 8/6k1/8/6B1/8/5K2/8/7r w - - 100 271
White wins | 7R/8/8/8/2n5/1K6/8/7k b - - 45 174
50 move count reached | 4k3/8/8/1K6/8/8/8/8 w - - 100 240
50 move count reached | 8/4k3/8/8/8/2K5/8/8 w - - 100 239
draw - no checkmate possible | 8/8/6K1/8/8/4k3/1B6/7b w - - 0 131
50 move count reached | 4R3/5k2/2n5/5P2/8/8/2B5/2B3K1 w - - 100 160
Black wins | 8/7p/8/k1b1p3/1p1q3r/8/4p3/4n1K1 w - - 0 79
50 move count reached | 8/8/3K4/1k6/8/8/6r1/8 b - - 100 170
50 move count reached | 8/8/8/8/5k2/8/2K5/8 w - - 100 211
Stalemate | 8/2K5/p7/P7/8/8/8/7k b - - 4 193
Black wins | 7r/3n4/3P1r2/6q1/k7/2b5/6K1/3b4 w - - 5 87
50 move count reached | 8/8/1k6/8/5K2/8/8/8 b - - 100 172
Black wins | 8/8/1p3k2/1P6/5p2/7p/6q1/6K1 w - - 36 135
50 move count reached | 8/3K4/8/8/6k1/8/8/8 b - - 100 190
50 move count reached | 8/8/8/8/2K5/8/2k5/7r w - - 100 189
50 move count reached | 8/7K/1b6/8/8/8/8/4k3 b - - 100 171
50 move count reached | 8/8/8/1k6/8/8/1K6/8 b - - 100 230
50 move count reached | 8/8/8/3k4/8/8/8/K6b w - - 100 199
50 move count reached | 8/8/8/2k1p3/4P3/6K1/8/8 w - - 100 198
50 move count reached | 1k1K4/8/8/8/6N1/8/8/8 w - - 100 253
50 move count reached | 8/8/6k1/3K4/8/8/8/8 w - - 100 219
Black wins | 5r2/3p2kp/b1pp4/3P2b1/2B1p1P1/2n5/6P1/2q1K1R1 w - - 4 53
Stalemate | 8/8/6K1/8/8/8/8/7k b - - 57 160
50 move count reached | 8/8/8/7k/8/8/8/3R3K w - - 100 257
50 move count reached | 8/3n4/3k4/8/K7/4R3/8/8 w - - 100 197
50 move count reached | 8/7R/8/8/4n1k1/3K4/8/8 b - - 100 218
Black wins | 2N5/4p3/4P3/k4N2/8/8/1r6/3r1K2 w - - 13 107
50 move count reached | 8/8/6K1/8/8/2k5/8/8 b - - 100 236
50 move count reached | 8/2K5/5k2/4p3/4P3/8/8/8 w - - 100 198
50 move count reached | 3K4/8/8/8/8/1p6/1P6/1k6 w - - 100 259
Black wins | r3kbnr/1p2p3/n1p4p/p4p2/2p2B1Q/6PN/PP2qP1P/RN2Kb1R w k - 4 16
draw - no checkmate possible | 5K2/2n5/8/8/1N6/8/8/7k w - - 0 195
50 move count reached | 2k5/8/8/8/8/K7/8/7r w - - 100 169
50 move count reached | 8/6k1/2K5/8/8/8/8/8 b - - 100 211
White wins | r3kRnr/p1q5/n1pp2Np/7P/Pp2P1BK/bP4P1/2P5/6R1 b - - 6 42
50 move count reached | 8/8/8/5k2/8/8/7K/8 b - - 100 209
Stalemate | 8/8/B7/8/1K6/8/7p/7k b - - 1 139
draw - no checkmate possible | 4k3/8/2b5/8/5B2/8/8/6K1 w - - 0 89
50 move count reached | k7/8/8/8/4K3/8/8/6Br w - - 100 207
50 move count reached | 8/4p3/4Pk2/8/8/R7/2K5/7r b - - 100 160
50 move count reached | 5K2/3k4/8/7p/7P/8/8/7b w - - 100 165
50 move count reached | 8/1k6/8/3K4/8/8/7p/7n w - - 100 165
draw - no checkmate possible | 8/8/3k4/8/3N4/7K/8/7b w - - 0 202
50 move count reached | 8/8/7p/K3k2P/8/8/8/8 w - - 100 188
50 move count reached | 8/2K5/8/8/8/5k2/8/8 b - - 100 200
Stalemate | 8/8/4P3/8/P7/K4N2/8/7k b - - 51 134
50 move count reached | 8/8/8/4K3/8/4k3/8/8 w - - 100 258
Black wins | 1k6/8/Pb1rp3/pR4pp/P3qpP1/8/1Pp1K3/5Q2 w - - 3 62
Stalemate | 8/8/8/8/8/6K1/8/7k b - - 0 210
White wins | R1kr3b/3p4/1B2rP2/3B3p/3np2p/5P2/KpP5/2N4R b - - 13 56
50 move count reached | 8/8/4p3/1K2P3/8/8/5k2/7b b - - 100 234
50 move count reached | 8/8/8/8/8/2k5/r7/2K4b b - - 100 232
Stalemate | 8/p7/P7/6q1/1k3p2/8/4r3/7K w - - 0 154
50 move count reached | 5K2/8/8/8/p7/p1k5/P7/8 b - - 100 189
White wins | 8/7p/8/7p/8/8/6K1/7k b - - 1 159
Stalemate | 8/8/8/8/8/1k6/3n4/K7 w - - 12 131
50 move count reached | 8/8/5k2/3K4/8/8/8/7b b - - 100 210
50 move count reached | 8/8/8/8/7k/8/4K3/7n b - - 100 216
50 move count reached | 8/8/5k2/8/8/8/5K2/7r w - - 100 196
50 move count reached | 8/7K/8/2k5/8/8/8/8 w - - 100 252
White wins | k7/8/8/8/4K3/R7/BR6/8 b - - 13 105
50 move count reached | 2K5/8/8/8/2r5/8/8/7k w - - 100 170
White wins | r7/P1n1Q3/2Pp1kp1/1b2Rp2/1N1P3p/1q4PP/1B3b1K/8 b - - 2 61
50 move count reached | 8/8/8/6K1/8/5k2/3B4/8 w - - 100 182
50 move count reached | 8/8/8/8/6K1/8/4k3/7r b - - 100 223
Black wins | 2b1nr2/2pp3k/2P4b/8/4P2P/r2n4/2BqK3/1RN5 w - - 4 62
draw - no checkmate possible | b7/8/8/1k6/8/6N1/8/5K2 w - - 0 115
50 move count reached | 8/8/8/6K1/8/8/8/2k5 b - - 100 220
50 move count reached | 8/8/5R2/3PP3/5K2/8/1B4k1/7b w - - 100 153
draw - no checkmate possible | 8/2k5/8/5B2/8/8/8/6Kb b - - 0 195
Stalemate | 8/8/8/7K/8/8/8/7k b - - 68 197
50 move count reached | 1k6/8/5n2/8/8/8/4K3/8 w - - 100 197
50 move count reached | 5R2/6k1/8/8/p7/P7/2K5/8 w - - 100 186
Stalemate | 8/8/8/8/8/8/7p/5K1k b - - 1 152
Black wins | rnbqk1nr/pp1p1p2/7p/1Pp3p1/P3P2P/6b1/1RPPP3/1NBQKBNR w Kkq - 0 11
50 move count reached | 8/8/1k6/8/2K5/8/8/8 w - - 100 193
50 move count reached | 8/8/8/8/8/6k1/1K6/8 w - - 100 218
50 move count reached | 8/8/8/k7/6K1/8/8/8 w - - 100 240
draw - no checkmate possible | 3K4/8/3n4/3N4/8/8/8/7k b - - 0 172
50 move count reached | 1k6/8/4N3/7K/7b/8/n7/8 w - - 100 185
White wins | 1n6/B5Qp/k5rP/1r1R1P2/R2p4/8/2P5/3NKB2 b - - 2 75
50 move count reached | 8/8/8/8/2k5/4K3/8/8 w - - 100 189
Black wins | N3k1n1/6B1/7p/p1P3pP/P2Pp1q1/3nb1rb/4K3/RB5R w - - 1 46
50 move count reached | 8/8/8/8/k7/5K2/8/8 b - - 100 183
50 move count reached | 8/8/8/3K4/6k1/8/8/7b b - - 100 195
50 move count reached | 8/8/8/3k4/5K2/8/8/8 b - - 100 213
50 move count reached | 8/8/8/5k2/8/8/5K2/8 w - - 100 186
Stalemate | 8/8/8/7K/8/8/8/7k b - - 32 202
50 move count reached | 8/8/8/8/3k4/8/8/1K5r b - - 100 151
50 move count reached | 5K2/8/8/4k3/8/8/8/7r b - - 100 253
draw - no checkmate possible | 8/8/4k3/8/8/5K2/5b2/5B2 w - - 0 134
50 move count reached | 8/1k6/8/3K4/8/8/8/8 w - - 100 194
White wins | 8/8/6N1/8/8/7R/8/2Kb3k b - - 11 104
draw - no checkmate possible | 2k5/8/K7/8/2n2N2/8/8/8 b - - 0 166
50 move count reached | 8/8/8/2K5/6k1/6p1/6P1/8 w - - 100 152
Stalemate | 8/8/7P/8/1K6/3N4/8/7k b - - 0 163
50 move count reached | 8/K7/8/8/8/8/8/3k3n b - - 100 329
50 move count reached | 8/8/8/7p/1k5P/8/8/5K2 w - - 100 162
Stalemate | 8/8/8/8/8/7K/8/7k b - - 4 171
50 move count reached | 4K3/8/8/5p2/k4P2/8/7p/7r w - - 100 222
50 move count reached | 8/8/2K5/8/5k2/8/8/7b w - - 100 233
draw - no checkmate possible | 8/3k4/8/8/8/2K5/6B1/7b b - - 0 138
draw - no checkmate possible | 8/8/6k1/8/2K3B1/8/8/1b6 b - - 0 154
Stalemate | 8/7K/8/8/8/8/8/7k b - - 31 192
50 move count reached | 8/8/6k1/4K3/8/8/8/8 b - - 100 189
50 move count reached | 5R2/8/8/4k3/8/8/7K/8 w - - 100 201
50 move count reached | 8/8/8/8/8/8/3K1k2/7r w - - 100 180
Stalemate | 3K4/8/8/8/8/8/8/7k b - - 77 239
50 move count reached | 4K3/8/8/3k4/8/7p/7P/8 w - - 100 157
50 move count reached | 4K3/8/8/8/2k5/8/8/8 w - - 100 252
50 move count reached | 8/8/5k2/8/2K5/8/8/8 b - - 100 249
50 move count reached | 8/8/6K1/8/8/2B1k3/8/8 w - - 100 214
50 move count reached | 8/4k3/8/7K/8/8/8/8 w - - 100 205
50 move count reached | 3b4/2k5/8/8/8/8/7R/1K6 w - - 100 176
Stalemate | 8/6K1/8/8/8/1R6/8/7k b - - 85 183
50 move count reached | 8/2K5/8/6k1/8/8/8/8 b - - 100 202
Stalemate | 8/8/k1b5/8/1r3p2/6p1/4r3/K6q w - - 0 118
Black wins | b3q3/2k2B2/p4r2/2n3pp/3P4/8/2p2KPb/8 w - - 2 71
50 move count reached | 6k1/8/8/8/8/8/8/K7 w - - 100 198
50 move count reached | 8/8/5K2/8/k7/8/8/8 b - - 100 177
50 move count reached | 8/8/8/8/2kb3p/7P/8/6K1 w - - 100 156
50 move count reached | 8/8/8/8/K7/3k4/8/8 b - - 100 236
Stalemate | 8/8/8/8/8/8/8/3K3k b - - 14 201
50 move count reached | 8/6k1/2B4p/p6P/P7/8/8/K7 b - - 100 166
50 move count reached | 8/3B4/8/8/7K/8/3k4/8 w - - 100 185
50 move count reached | 8/8/8/N7/8/2k5/8/6K1 w - - 100 242
Stalemate | 8/6K1/8/8/8/8/8/7k b - - 99 266
50 move count reached | 8/8/8/3k4/8/8/7K/8 w - - 100 245
50 move count reached | 8/8/8/8/8/8/1K6/5k2 b - - 100 217
White wins | 7R/8/3P4/p4K1k/P7/7P/6B1/8 b - - 7 132
50 move count reached | 5k2/8/8/8/4K3/8/8/8 w - - 100 242
50 move count reached | 8/p4n2/p7/P7/8/8/8/1k1K4 w - - 100 131
Stalemate | 8/8/8/3Q4/4R3/8/8/k1K5 b - - 7 135
50 move count reached | 8/k7/8/7p/3K2pP/6P1/8/8 b - - 100 164
50 move count reached | 8/8/8/8/4K3/8/3k4/8 w - - 100 244
50 move count reached | 8/8/4k3/5N2/8/8/5K2/8 w - - 100 185
Stalemate | 8/K7/8/8/8/8/8/7k b - - 9 185
draw - no checkmate possible | 5k2/5n2/8/6K1/3B4/8/8/8 w - - 0 119
50 move count reached | 8/5k2/8/K7/8/8/8/7b w - - 100 186
50 move count reached | 5k2/7p/1N5P/3K2r1/8/8/8/7q w - - 100 194
50 move count reached | 8/4b3/8/4k3/6K1/8/n7/7r w - - 100 143
Black wins | 1b2k3/3n4/2N5/p2p2pp/4p2N/2PP2P1/2K3PP/Br1q1BR1 w - - 4 54
50 move count reached | 8/8/K7/8/8/8/4k3/8 w - - 100 208
50 move count reached | 1k6/8/8/8/8/8/8/2K5 w - - 100 177
50 move count reached | 8/8/8/1K6/p7/P7/5k2/8 w - - 100 171
Stalemate | 8/8/8/7K/8/8/8/7k b - - 56 194
50 move count reached | 8/K7/8/8/8/8/k7/8 b - - 100 245
50 move count reached | 8/8/8/8/3k4/8/1K6/8 w - - 100 243
50 move count reached | 8/8/2N4p/3K3P/8/8/8/3k4 b - - 100 169
Stalemate | 8/8/8/4b3/1pq5/2rb1p1K/5p2/6k1 w - - 4 107
50 move count reached | 8/2k5/7p/7P/6B1/8/7K/8 w - - 100 148
50 move count reached | 8/7k/K7/8/8/8/8/8 w - - 100 214
Black wins | 8/8/3k3r/pP2p3/P2PPpP1/7K/3R2B1/8 w - - 0 79
50 move count reached | 4K3/8/8/8/8/8/3k4/7b w - - 100 193
50 move count reached | 8/8/k7/4K3/8/8/8/8 b - - 100 196
draw - no checkmate possible | 6N1/1k2K3/8/8/8/8/8/7b b - - 0 148
White wins | 8/4n3/8/5P2/8/8/1K3N2/7k b - - 4 118
50 move count reached | 8/4K3/8/8/8/8/8/2k5 w - - 100 165
50 move count reached | 6K1/8/8/8/6k1/8/8/8 b - - 100 211
Stalemate | 8/8/8/p7/P7/8/8/3K3k b - - 57 145
50 move count reached | 8/5p2/5P1p/7P/8/8/K1k5/7r w - - 100 152
50 move count reached | 8/8/8/8/8/4k3/8/1K6 w - - 100 303
50 move count reached | 2k5/8/8/8/K7/8/8/7b b - - 100 196
50 move count reached | 8/8/8/8/1K6/3k4/8/7b b - - 100 193
50 move count reached | 8/8/8/2K5/8/8/3k4/7q w - - 100 172
Stalemate | 8/8/8/8/3K4/8/8/7k b - - 13 181
Stalemate | 8/8/8/8/8/8/8/2K4k b - - 13 189
50 move count reached | 8/4K3/8/8/1k6/6N1/8/8 w - - 100 185
50 move count reached | 8/2k5/8/8/8/8/5K2/8 w - - 100 172
50 move count reached | 2K5/8/1k6/8/8/8/8/7b w - - 100 208
50 move count reached | 1K6/8/8/8/8/8/2k5/8 w - - 100 223
50 move count reached | 8/5k2/8/8/8/8/8/5K2 w - - 100 228
50 move count reached | 8/k7/p7/P2B1K2/8/8/8/8 w - - 100 191
50 move count reached | 8/8/8/8/3k4/K1b5/8/8 b - - 100 215
Stalemate | 6Q1/4R3/1P3P2/7K/2p5/2R2B2/5N1k/1N6 b - - 4 74
50 move count reached | 5k2/8/8/8/6K1/8/8/8 b - - 100 179
Stalemate | 8/8/8/8/5K2/8/1B6/7k b - - 59 164
White wins | k6B/2P4P/2P1p1p1/4P3/8/R6K/8/8 b - - 8 102
Black wins | 5b2/r3k3/P1p4n/1p3b2/1PR2Ppp/8/4r3/4qK2 w - - 0 63
Stalemate | 8/8/8/8/3K4/8/8/7k b - - 0 239
50 move count reached | 8/8/8/k7/8/8/8/6Kr w - - 100 250
50 move count reached | 8/3k4/8/8/6K1/8/8/8 b - - 100 295
50 move count reached | 8/8/8/K7/8/8/k7/8 b - - 100 276
50 move count reached | 8/8/8/5k2/8/1K6/8/8 b - - 100 153
50 move count reached | 8/3k4/8/p4K2/P7/8/8/8 w - - 100 213
50 move count reached | 8/5n2/8/3k4/8/1K6/8/7r w - - 100 177
Stalemate | 1K6/8/8/8/8/8/8/7k b - - 87 235
50 move count reached | 8/7k/8/8/3K4/8/7p/7r w - - 100 221
Stalemate | 8/2K5/7P/1R6/4PN2/8/p7/k7 b - - 1 175
50 move count reached | 8/6K1/8/5k2/8/8/8/8 w - - 100 161
50 move count reached | 8/8/8/8/6N1/2k5/8/2K5 w - - 100 194
50 move count reached | 8/K7/8/6k1/8/8/8/8 b - - 100 275
White wins | 7k/1b3P2/3KP1P1/p2P2P1/8/1pQ5/2PR4/4N3 b - - 0 71
Stalemate | 8/8/8/8/5K2/8/8/7k b - - 27 207
50 move count reached | 8/3K4/8/4k3/8/8/8/8 b - - 100 185
50 move count reached | 8/5K2/8/8/3k4/8/8/8 w - - 100 256
Black wins | r4r1k/ppn1pp1p/q7/3p2b1/1pPn2p1/B4NP1/P1b1B2P/RN1KQ2R w - - 8 23
50 move count reached | 4n3/8/8/3k4/8/7p/K6P/7q b - - 100 229
Stalemate | 4K3/8/8/8/8/8/8/7k b - - 87 170
Stalemate | 8/8/8/3K4/8/8/8/7k b - - 83 167
50 move count reached | 8/8/8/8/3B4/k2K4/8/8 w - - 100 197
50 move count reached | r3r3/3b4/8/5k2/8/8/2K5/8 b - - 100 214
50 move count reached | 8/8/2K5/8/8/8/8/k7 w - - 100 227
50 move count reached | 8/8/8/8/8/5k2/1K6/8 w - - 100 179
50 move count reached | 8/7k/8/8/8/n7/1K6/8 w - - 100 217
50 move count reached | 1k6/8/8/8/8/8/3K4/3n4 w - - 100 220
50 move count reached | 8/5K2/8/8/8/6k1/8/7q w - - 100 201
Stalemate | 8/8/8/8/3K4/8/8/7k b - - 76 184
50 move count reached | 8/K7/8/8/8/5k2/8/8 w - - 100 150
50 move count reached | 8/8/8/1k6/4K3/8/8/7b b - - 100 211
draw - no checkmate possible | 8/4k3/7K/8/2n5/1B6/8/8 w - - 0 146
Stalemate | 8/3K4/8/8/8/8/8/7k b - - 83 193
50 move count reached | 6K1/8/8/6k1/8/8/8/8 b - - 100 246
50 move count reached | 8/6K1/8/4k3/8/3r4/8/7r w - - 100 177
50 move count reached | 8/8/8/8/4K3/8/3k4/7b w - - 100 190
50 move count reached | 7K/8/8/8/8/8/2k5/7r w - - 100 178
draw - no checkmate possible | 8/3k2b1/8/8/8/8/6K1/1B6 w - - 0 185
50 move count reached | 8/8/8/2k5/8/8/3K4/8 b - - 100 204
White wins | 1n6/8/5P2/p7/Np6/1P6/8/1K1R3k b - - 1 118
50 move count reached | 8/8/8/8/2k2K2/8/8/8 w - - 100 196
50 move count reached | 8/8/4K3/8/5k2/8/8/8 w - - 100 266
50 move count reached | 8/8/8/8/2K5/4k3/8/7n b - - 100 230
50 move count reached | 8/8/8/3k4/Bp6/1P4K1/3b4/8 w - - 100 198
50 move count reached | 8/8/8/8/1N2K1k1/8/8/7q w - - 100 215
50 move count reached | 8/8/8/8/8/8/1k4K1/8 w - - 100 197
50 move count reached | 8/6k1/8/8/8/2K5/8/8 b - - 100 246
50 move count reached | 8/K7/8/8/8/8/8/3k4 b - - 100 172
50 move count reached | 8/5k2/8/8/8/1K6/8/8 w - - 100 207
50 move count reached | 4K3/8/1p6/1P1k4/8/8/8/8 w - - 100 192
Black wins | 1k6/6Q1/1Pp3n1/2P1n3/2RKP3/r7/2B2b2/8 w - - 0 90
50 move count reached | 8/6k1/K7/8/8/4N3/8/8 w - - 100 263
50 move count reached | 1R6/8/6K1/3k4/8/8/8/8 w - - 100 221
50 move count reached | 8/8/7K/8/8/8/8/4k3 b - - 100 252
draw - no checkmate possible | 8/8/7k/6n1/8/3B4/8/4K3 w - - 0 171
50 move count reached | 8/8/p7/P3n3/4K3/8/8/6kn b - - 100 171
draw - no checkmate possible | 2K5/7b/8/1k4B1/8/8/8/8 w - - 0 120
Stalemate | 8/8/8/8/8/4k2p/6rP/7K w - - 32 138
50 move count reached | 8/8/5K2/8/8/8/8/4k3 b - - 100 214
50 move count reached | 8/K7/3k4/8/8/8/8/8 b - - 100 208
50 move count reached | 8/8/8/4k3/7p/7P/5K2/8 b - - 100 220
50 move count reached | 8/1K6/8/8/2k5/8/8/8 w - - 100 219
50 move count reached | 8/8/4k3/8/8/8/5K2/8 b - - 100 223
White wins | 4nb2/8/8/8/K7/5B2/8/7k b - - 84 161
50 move count reached | 8/8/7K/8/8/8/6k1/8 w - - 100 255
Stalemate | 8/8/8/8/8/8/2K5/7k b - - 51 175
50 move count reached | 8/8/8/K5k1/8/8/8/8 w - - 100 176
50 move count reached | 8/8/8/6k1/8/8/7K/8 b - - 100 244
50 move count reached | 8/8/2K5/8/2k5/8/8/8 w - - 100 168
50 move count reached | 8/8/8/8/6K1/8/k7/7r b - - 100 169
50 move count reached | 8/8/3K4/8/8/k7/8/8 w - - 100 274
draw - no checkmate possible | 8/1b6/3B4/8/7k/2K5/8/8 b - - 0 128
50 move count reached | 8/2k5/8/8/8/6K1/8/8 b - - 100 169
Stalemate | 8/2K5/8/8/8/8/8/7k b - - 29 149
50 move count reached | 8/2k5/8/8/3K4/8/8/7r w - - 100 233
50 move count reached | 8/K7/8/2k4p/7P/8/8/8 b - - 100 162
50 move count reached | 8/8/5N2/8/8/6K1/8/1k6 w - - 100 226
50 move count reached | 8/2K5/8/8/8/3k3B/8/8 w - - 100 206
50 move count reached | 8/4k3/8/8/2K5/5n2/8/8 b - - 100 216
Stalemate | 3K4/8/7p/7P/8/8/8/7k b - - 62 172
50 move count reached | 8/8/5K2/8/8/1k6/8/8 w - - 100 161
50 move count reached | 8/8/8/8/8/8/5K2/3k2B1 w - - 100 210
White wins | 6k1/7Q/1P6/2B1P3/3K3b/2RB2P1/8/3b4 b - - 2 81
Black wins | 1R6/p1r1k3/2bp3r/b1pK4/2P4P/8/6n1/8 w - - 0 69
50 move count reached | 8/3K4/8/8/8/rk6/8/7r b - - 100 209
50 move count reached | 8/4n3/1k2K3/8/8/8/8/7r b - - 100 160
50 move count reached | 8/8/8/3K4/8/2k5/8/8 b - - 100 193
50 move count reached | 8/8/K7/2k5/8/8/8/7n b - - 100 218
50 move count reached | 8/8/4K3/8/1k6/8/8/8 w - - 100 231
50 move count reached | 2K5/8/8/8/5k2/8/3R4/8 w - - 100 272
50 move count reached | 8/8/8/4K3/3p4/3P4/8/5k1r b - - 100 230
50 move count reached | 8/8/4R3/8/3k4/6K1/8/8 b - - 100 184
50 move count reached | 6K1/8/8/2N5/8/8/3k4/8 w - - 100 193
