draw by insufficient material | B4k2/8/1K6/8/8/8/8/8 b - - 0 183
draw by 50 move rule | 8/8/5K2/8/8/4Q3/3k4/8 b - - 100 278
draw by insufficient material | 8/8/4k3/8/1K6/8/8/8 w - - 0 193
draw by insufficient material | 8/7K/2k5/8/2N5/8/8/8 w - - 0 130
black win | 4B3/2k5/8/p7/P6K/7r/6q1/8 w - - 74 237
draw by insufficient material | 7k/8/5n2/8/8/8/1N6/2K5 b - - 0 183
draw by insufficient material | 8/6k1/8/8/6K1/8/8/8 b - - 0 189
draw by 50 move rule | 8/2k5/8/8/2K5/8/8/2N2N2 w - - 100 201
draw by insufficient material | 4K3/8/7k/8/8/8/1n6/8 b - - 0 215
draw by 50 move rule | 8/k7/2p5/2P5/8/8/7K/8 b - - 100 218
draw by insufficient material | 3K4/8/8/6n1/8/8/8/1k6 b - - 0 170
draw by insufficient material | 8/6Kb/8/8/8/1k6/8/8 b - - 0 196
draw by insufficient material | 8/6k1/8/8/6K1/8/8/8 b - - 0 245
draw by 50 move rule | N7/8/8/7k/7N/8/6K1/8 b - - 100 227
black win | 4k1N1/8/3p1p2/1P3Pr1/7K/8/8/7r w - - 5 99
draw by insufficient material | 2K5/8/8/8/8/1b6/8/6k1 b - - 0 265
draw by insufficient material | 7b/8/8/6K1/3k4/8/8/8 b - - 0 213
black win | 5k2/2QR1Pnr/5b1B/7P/7N/3p2P1/3R2b1/r1K5 w - - 7 66
draw by insufficient material | 8/6k1/8/8/5KN1/1b6/8/8 b - - 0 132
draw by insufficient material | 8/3K4/k7/8/2n2B2/8/8/8 b - - 0 186
draw by insufficient material | 8/8/6k1/8/8/8/3K4/8 b - - 0 124
draw by insufficient material | 3k4/8/8/7K/8/6N1/8/2b5 w - - 0 153
draw by insufficient material | 4n3/8/8/6k1/N7/8/4K3/8 w - - 0 175
draw by threefold repitition | 8/6k1/8/p7/P7/8/1K6/8 w - - 62 179
draw by insufficient material | 4k3/8/8/3K4/8/8/8/8 b - - 0 155
draw by 50 move rule | 8/8/5q2/4k1K1/8/8/8/8 w - - 100 202
black win | b7/1qp4R/2kp1n1p/1p6/2P1pP1P/4K3/3NB3/6q1 w - - 4 52
white win | 5k1R/p7/5K2/3PP3/6b1/8/2r5/6b1 b - - 0 95
draw by insufficient material | 8/3k4/8/8/1Kn2N2/8/8/8 w - - 0 171
draw by 50 move rule | 2R5/6K1/1P6/8/8/3k4/8/8 w - - 100 221
draw by insufficient material | 8/8/8/8/2K5/8/5b2/4k3 b - - 0 204
draw by insufficient material | 8/8/8/6b1/8/8/8/1K2k3 w - - 0 177
draw by stalemate | 8/6R1/8/8/4Q3/7p/2K4k/8 b - - 7 136
draw by 50 move rule | 8/8/3k4/5n2/2b2K2/p7/8/8 w - - 100 182
draw by threefold repitition | 8/5p2/5P2/8/8/2K5/8/7k w - - 83 198
black win | 4k3/8/1B1PnpP1/4P3/b2NB2p/1pp1KP2/3q4/8 w - - 3 64
draw by threefold repitition | 8/5k2/8/8/3p4/3P4/5K2/8 b - - 18 167
draw by insufficient material | 7k/8/8/3Nn3/8/8/1K6/8 b - - 0 164
draw by insufficient material | 8/2K5/8/8/6k1/8/8/8 w - - 0 200
draw by insufficient material | 5N2/8/4K2k/8/8/8/2n5/8 b - - 0 149
draw by insufficient material | 6k1/7b/8/8/8/4K3/8/8 w - - 0 179
draw by insufficient material | 8/8/3k4/8/N7/8/7K/6n1 b - - 0 181
draw by 50 move rule | 4K3/8/8/8/8/1R6/6k1/8 b - - 100 223
draw by insufficient material | 8/3b3K/8/8/5B2/8/8/k7 w - - 0 161
draw by insufficient material | 2K5/8/8/8/8/8/8/7k w - - 0 234
draw by insufficient material | 7K/8/8/8/5k2/8/8/8 b - - 0 168
draw by insufficient material | 8/6k1/8/8/2B5/8/8/1K6 b - - 0 138
draw by 50 move rule | 8/1K6/8/5k2/8/8/6r1/8 w - - 100 188
draw by insufficient material | 8/2k5/8/8/8/5K2/8/8 b - - 0 140
draw by insufficient material | 8/8/8/k7/8/6n1/6K1/8 w - - 0 208
white win | k6r/1Q2R3/8/P4p2/5P2/8/1K6/8 b - - 1 91
draw by insufficient material | 2n5/8/4K3/8/2k5/8/8/8 w - - 0 158
draw by 50 move rule | 8/8/8/8/8/2Q5/k5K1/8 b - - 100 246
draw by stalemate | 7q/4k3/1q6/4pb2/K5p1/2r1r3/8/8 w - - 0 107
draw by insufficient material | 1k6/8/7K/8/8/3n4/8/B7 w - - 0 176
draw by insufficient material | 8/6K1/8/8/8/8/6k1/8 w - - 0 229
draw by insufficient material | 8/8/5N2/8/K7/8/7k/8 w - - 0 225
black win | rn5k/1pN2B1P/2np4/p3p1p1/P6R/2P1K1r1/7q/1b1b4 w - - 1 58
draw by threefold repitition | 8/8/1R6/P7/K7/8/6k1/8 b - - 12 119
draw by insufficient material | 8/8/3k4/6B1/8/8/2K5/8 b - - 0 130
draw by insufficient material | 8/8/8/B7/8/5k2/2b5/3K4 w - - 0 202
draw by insufficient material | 8/8/5k2/8/6K1/8/7N/n7 b - - 0 160
black win | 8/1r4Br/pk2nP2/3p3p/1bbP2pP/3N2PR/P3K1n1/4q3 w - - 0 56
draw by insufficient material | 7k/8/4K3/8/8/8/8/8 b - - 0 193
draw by insufficient material | 4K3/8/8/2k5/8/8/8/8 b - - 0 200
draw by 50 move rule | 8/p7/P7/4k3/8/8/8/1K6 b - - 100 207
draw by insufficient material | 5k2/7b/3K4/8/8/8/8/8 b - - 0 203
black win | 2r4n/1b1pr1k1/1p4q1/pPp1b2K/P1P1pP1P/7Q/R2P1N1R/1NB5 w - - 0 44
draw by 50 move rule | 1B6/8/7k/8/8/2r5/4K3/8 w - - 100 169
draw by 50 move rule | 8/1K6/B2B4/8/8/8/8/3k4 b - - 100 199
white win | 1R2kqB1/3p2b1/p1bP1npr/2p1NpB1/5P1P/3p4/P3NRQ1/3Kn3 b - - 2 40
draw by insufficient material | 1K6/N7/8/8/1k6/8/8/8 w - - 0 160
draw by insufficient material | 2K5/8/8/2N5/8/8/3k4/8 w - - 0 167
draw by insufficient material | 8/4k3/8/8/5K2/8/8/8 b - - 0 160
draw by insufficient material | 8/8/7k/K7/8/8/2N5/8 b - - 0 189
draw by insufficient material | 8/8/1K2k3/8/8/8/8/8 b - - 0 198
draw by insufficient material | 8/8/8/7k/8/3B4/1K6/8 w - - 0 226
draw by insufficient material | 8/8/8/k7/2K4b/3B4/8/8 b - - 0 167
draw by insufficient material | 8/8/6K1/8/k6b/8/8/8 b - - 0 152
draw by 50 move rule | 8/8/8/6K1/8/8/6k1/r7 w - - 100 279
draw by insufficient material | 8/8/3k4/8/8/8/8/2K5 b - - 0 209
draw by insufficient material | 8/8/8/3K4/8/k7/8/8 b - - 0 214
draw by insufficient material | 1k6/8/7B/8/8/1K3n2/8/8 b - - 0 138
draw by insufficient material | 8/7K/2n5/8/8/8/8/7k b - - 0 235
draw by insufficient material | 8/3K4/8/6k1/1N6/8/8/8 b - - 0 168
draw by 50 move rule | 8/8/3q4/1N6/2K5/8/2k5/8 w - - 100 181
draw by insufficient material | 8/8/8/K7/8/6k1/8/8 w - - 0 181
draw by 50 move rule | 8/8/8/8/8/3k4/7B/3RK3 b - - 100 171
draw by insufficient material | 5K2/8/5k2/b7/6B1/8/8/8 w - - 0 154
draw by insufficient material | 8/5k2/N7/8/1K6/8/8/8 b - - 0 164
draw by insufficient material | 8/8/8/8/5k2/8/3b4/3K4 w - - 0 173
draw by insufficient material | 8/5K2/8/7k/8/8/8/8 w - - 0 311
draw by insufficient material | 4k3/8/1K6/8/8/8/8/8 b - - 0 175
black win | 5b1k/5P2/8/p1p2np1/P1P2P2/4p1R1/1q1r4/KN3R2 w - - 2 79
draw by insufficient material | 3B4/8/8/2K5/8/3k4/8/n7 w - - 0 198
white win | 8/8/8/6R1/8/5K1k/8/7Q b - - 14 140
draw by insufficient material | 8/8/8/8/6K1/8/4k3/8 b - - 0 194
draw by insufficient material | 2k4B/8/8/8/8/8/8/K7 b - - 0 154
draw by insufficient material | 8/8/2k4K/8/8/8/8/8 w - - 0 214
draw by stalemate | 8/1k6/8/8/8/6n1/1q4n1/3K4 w - - 0 141
draw by insufficient material | 3k4/8/8/8/8/8/8/K7 b - - 0 207
white win | 2k5/2Q5/N1P3pq/2R5/1rP3r1/5K2/8/2n5 b - - 4 78
draw by 50 move rule | 3k4/8/8/8/8/8/4R3/2K5 w - - 100 225
white win | 2R3R1/4N3/P2P3P/8/7k/8/8/K6R b - - 2 169
draw by insufficient material | 8/1k6/8/8/8/8/1K6/8 b - - 0 152
draw by insufficient material | 8/8/8/8/8/8/K3k2N/8 w - - 0 148
draw by insufficient material | 2k5/8/8/1K6/8/8/8/8 b - - 0 159
draw by insufficient material | 8/8/8/8/8/4k3/8/6KB w - - 0 164
black win | 2r5/p7/P4b2/7N/6PP/pb2k3/3p4/3K1R2 w - - 0 62
draw by insufficient material | 8/8/8/6K1/8/8/5k2/4n3 w - - 0 140
draw by insufficient material | 1B6/5k2/8/K7/8/8/8/8 b - - 0 141
draw by insufficient material | k7/8/8/8/8/8/2K5/b7 b - - 0 161
draw by insufficient material | 8/3k3n/8/8/8/4K3/8/8 b - - 0 200
draw by insufficient material | 8/8/8/8/8/1K5k/8/8 b - - 0 165
white win | 4Q3/r1bk4/4R3/7p/p6P/P7/2K5/8 b - - 0 74
draw by 50 move rule | 2k5/8/8/8/8/8/2B5/B1K5 w - - 100 153
white win | 4nk1R/8/2N2P2/7B/3P4/1P1R4/5Q2/3K3n b - - 9 89
draw by insufficient material | 8/8/8/1K2k3/8/3n4/8/8 b - - 0 114
white win | 3K4/4rk2/8/5Q2/8/8/8/6R1 b - - 26 222
black win | 8/N2R4/3Pk3/2P2b2/8/2P2n2/8/6rK w - - 12 95
draw by 50 move rule | 8/8/2K2n2/7R/8/2k5/2b5/8 b - - 100 178
draw by insufficient material | 8/8/3N4/1b5k/8/7K/8/8 b - - 0 153
draw by insufficient material | 8/8/8/8/8/2K5/8/k7 w - - 0 200
draw by insufficient material | 3B4/4k3/K7/8/8/8/8/8 b - - 0 120
draw by insufficient material | 2k5/8/8/8/8/7b/5K2/B7 w - - 0 177
draw by insufficient material | 8/8/1k6/8/8/3N4/8/5K2 w - - 0 154
draw by threefold repitition | 8/k7/8/2P2K2/4P3/7P/B7/8 w - - 21 122
draw by 50 move rule | 8/8/5bK1/8/1p6/k2B4/8/8 w - - 100 210
draw by 50 move rule | 8/2b5/7p/7P/5k2/8/8/7K b - - 100 271
draw by insufficient material | 7b/3k4/8/8/K7/8/8/8 b - - 0 168
draw by insufficient material | 7k/2B1b3/8/8/8/8/6K1/8 b - - 0 212
draw by 50 move rule | 8/8/6p1/4k1Pp/7P/8/8/6K1 b - - 100 234
draw by insufficient material | 8/8/3k4/8/8/3N2K1/3b4/8 b - - 0 91
draw by insufficient material | 3k4/6K1/8/8/8/8/8/8 w - - 0 180
draw by insufficient material | 8/8/8/k7/8/b6K/8/8 b - - 0 154
draw by insufficient material | 8/8/1K6/8/8/7k/8/8 w - - 0 246
white win | 2Bk4/n2Q4/r4p2/3PpN1P/2RP4/B1P1nPP1/3K2R1/8 b - - 8 47
black win | 2q5/5k2/8/6rN/7P/7K/5B1B/8 w - - 9 122
draw by insufficient material | k7/6N1/8/8/8/8/4K3/b7 w - - 0 165
black win | 4k3/7N/8/p3p2p/1P6/1P4N1/pq4r1/Kb6 w - - 2 92
draw by insufficient material | 8/8/8/8/8/1k6/8/4NK2 w - - 0 220
draw by 50 move rule | 8/8/8/4n3/8/4k3/1K6/6n1 w - - 100 214
draw by insufficient material | 8/6B1/2k5/8/8/3b4/8/1K6 w - - 0 171
draw by insufficient material | 8/8/2k5/8/8/4K3/8/8 w - - 0 276
black win | rn1k4/3qpnb1/ppp3b1/1B1p2Bp/1P1Kr2P/N2P2Q1/P1P2PPN/4R1R1 w - - 0 33
draw by insufficient material | 6B1/8/3n4/3K4/1k6/8/8/8 b - - 0 167
draw by insufficient material | 8/4k3/8/K7/8/8/8/8 b - - 0 192
draw by insufficient material | 8/7K/8/8/3k4/8/8/8 w - - 0 199
draw by insufficient material | 8/8/7k/8/1K6/8/8/3N4 b - - 0 136
draw by 50 move rule | 4K3/4b3/8/8/4B3/6b1/5kr1/8 w - - 100 234
random--random 50 game(s) computed in 32618ms
