black win | 4rrk1/p5pp/3qN3/3pp2P/P1pnn3/R3K3/5pP1/2b2B1R w - - 0 26
black win | 4rrk1/7N/8/p1p4P/2Pq4/P1nnb3/4K1p1/2B5 w - - 3 31
black win | 4r1k1/p6p/p7/3p4/3pn1p1/R2b3B/6pP/4Kr2 w - - 0 30
black win | 4rrk1/p7/3q1p2/1Pp5/1bp1npbP/1P6/P1nPp1P1/RNB1KR2 w Q - 2 22
black win | 4r1k1/p6p/8/3Pp3/4nrbP/1Pb5/p3pPP1/4K3 w - - 0 29
black win | 3r2k1/p6p/3r4/1N1p4/2P1n1b1/P5PN/4p1BP/r3KR2 w - - 0 25
black win | 4rrk1/p6p/7P/1p1qp3/1R1nb3/P3p3/6p1/2r1KB1R w - - 0 31
draw by threefold repitition | 4r1k1/8/8/8/8/p7/p2p3K/8 b - - 41 86
black win | 4r1k1/p6p/8/4q3/3np2P/p1b2r2/R1p5/5qK1 w - - 0 32
black win | r4rk1/ppp2ppp/5n2/3p4/1P4b1/N3P1P1/PP3P1P/R1BqKB1R w KQ - 1 13
black win | r2qk2r/ppp2ppp/2n2n2/4p3/Pb1p2b1/3PK3/1PPBPPPP/RN1Q1BNR w kq - 0 8
black win | 4rrk1/pp3ppp/8/1Pppn2P/4n1P1/N7/RP2PqPR/2BQKB2 w - - 1 16
black win | 4rrk1/pp4pp/8/2pnqp2/1b1n3P/P2PP1PN/2P1b3/RNBK3R w - - 0 16
black win | 4rrk1/p6p/8/1p1ppp2/3nn3/7q/RPpB1p1P/3Q1K1R w - - 2 26
black win | 4rrk1/p1p4p/8/2np1pp1/4b2P/1p6/3PPPP1/q2K1BR1 w - - 1 23
draw by threefold repitition | 4r1k1/7p/7P/3qp3/3nn3/p2b4/Pppp3K/8 b - - 16 53
black win | 3rk2r/ppp3pp/2n5/4pp2/1B2n1bP/2N1P3/P2q1PPR/RQ2KBN1 w Qk - 0 12
black win | 4rrk1/ppp3pp/2nq4/3pp3/1P2n3/4b1PP/P1PPP3/1RBQ1KrR w - - 0 18
black win | 4rrk1/7p/6P1/Q3n3/3pn1b1/3pP3/1p1B4/R3K2r w - - 0 28
black win | 4r1k1/p6p/7R/1Bp1p1P1/3n2b1/P1N5/1P1pr1q1/1RB3K1 w - - 0 27
black win | 4r1k1/pp4pp/3q4/2ppp3/1b1nn1p1/NPP1B3/P5PP/1RQK1rNR w - - 0 16
black win | 4r1k1/7p/7P/3b4/3q4/8/ppK3p1/3b4 w - - 0 48
black win | r4rk1/ppp2ppp/2n5/3pp3/Pb2n1b1/2PP2P1/RP1B1q1P/1NQ1KBNR w K - 0 11
black win | 4rrk1/pp4pp/8/1Npppp2/1PBnn1bP/1P6/P2P1qP1/R1BQK2R w K - 0 16
black win | 4rrk1/pp5p/8/4p1P1/3n4/2ppP3/P1Q2P2/RNB1K2q w Q - 1 20
black win | r4rk1/ppp2ppp/3q1n2/3pp3/1bP3b1/1P2P2P/P1nP1P1R/RNB1KB2 w Q - 0 11
black win | 4rrk1/p4p1p/3q1n2/1pppp3/1RBn1pP1/4b3/P1bP3P/2BKQ1R1 w - - 0 21
black win | 3rk2r/ppp2ppp/2n3N1/3pp1Q1/1b2n1b1/P7/1PPP1qPP/RNB1KB1R w KQk - 2 12
black win | 4rrk1/pp4pp/3q4/1Pppp1Q1/4nNb1/2P3P1/1PnP1P1P/RNB1KBR1 w - - 1 16
black win | 3rkr2/7p/8/8/3nn1b1/p3b1qP/Pp6/2RQK3 w - - 6 36
black win | 4rrk1/p6p/3q4/3pn1p1/2pbn1bP/1pN5/1B1PP3/4KrNR w K - 0 26
black win | 3rr1k1/p6p/8/4qp2/1pp1n2P/QP3b1N/2n1P1PR/1R2KB2 w - - 2 22
draw by threefold repitition | 4r1k1/7p/8/4p2P/3qn3/5K2/8/7B b - - 20 63
black win | r4rk1/ppp2ppp/8/3pp3/1b2nqb1/2P3P1/P1n2P1P/RNB1KBR1 w Q - 0 13
black win | 4rrk1/p7/3q1p2/1p1p1p1P/P2nn1b1/4p2R/4P1P1/RNr1KB2 w Q - 0 22
black win | 4rrk1/ppp3pp/1R6/P2ppp2/4nq2/2P2b1N/2nP2PP/2B1KB1R w - - 0 17
black win | 6k1/8/3r2K1/3q4/3n4/pP2p3/P1p1Pp2/4R3 w - - 30 50
black win | 4rrk1/pp3p1p/8/2pqn1p1/3bnKb1/1P1Q3P/P2PP1PR/R1B2BN1 w - g6 0 16
black win | 4r1k1/p6p/8/2Bpq1P1/6b1/8/pp3rP1/1R2KrR1 w - - 0 31
black win | 4rrk1/7p/8/pp1p4/3b2p1/3p4/PBP1q1PP/4K1R1 w - - 0 24
black win | 4r1k1/p6p/3q4/2ppp1p1/Pbpnnr1P/2B5/3NPp2/R2QKB2 w - - 0 21
black win | 4rrk1/pp4pp/3q4/2pppp2/2Pnn2P/1Qb1P1PN/PP2b3/R1BK2R1 w - - 0 18
black win | 4r1k1/p6p/3b4/2pnq2P/4b3/P5p1/Rp6/1N1q1K2 w - - 0 34
black win | 6k1/4r2p/8/8/3n2p1/1qb1p1pP/Rp2P1PR/1N1K1B2 w - - 1 33
draw by threefold repitition | 4rk2/7p/7P/6K1/3nq3/8/8/8 b - - 18 78
black win | 4r1k1/7p/3q3P/pR1pp1p1/p1Nnn3/3b2R1/4P1p1/3QKr2 w - - 2 30
black win | 4rrk1/p6p/B7/2p1n1p1/1b2n3/N3PbpP/R2P2R1/2r1K3 w - - 0 28
black win | 4rrk1/ppp2ppp/2nq4/4B3/8/PP2PbP1/2Pp1P1P/R3KB1R w KQ - 0 16
black win | 4rrk1/pp3ppp/5n2/2ppq3/P1Pn1B2/2bb4/1P3PBP/2R2KR1 w - - 2 17
black win | 4rrk1/pp5p/8/P1ppqppP/RQ2n1b1/2P1P1PN/1Pn2P2/1N2KB1R w K - 1 17
black win | 4rrk1/p6p/7R/Ppp1q1P1/3np3/2b2b2/1PR1P3/3K1rN1 w - - 0 27
black win | 4r1k1/pR6/P7/2Rqn3/3b2b1/4p1P1/2Kp4/2r2B2 w - - 4 39
black win | 3r1k1r/pp3ppQ/3q1n2/2ppp1P1/2P5/PnbbP3/1P1BN2P/2KR1B1R w - - 5 16
black win | 3r2k1/8/p7/P5p1/2q5/2Kb4/1R1pr3/5B2 w - - 4 38
black win | r2q1rk1/ppp2ppp/5n2/3pp3/PbP1P1b1/R2P4/1PnQ1PPP/1NB1KBR1 w - - 1 10
black win | r2qk2r/ppp2ppp/2n2n2/4p3/1bPp2bP/1P1PK2N/P3PPP1/RNBQ1B1R w kq - 0 8
black win | r4rk1/ppQ2ppp/8/BP1pp3/1P1nn1b1/8/P4qPP/RN2KBNR w KQ - 0 12
black win | 3r2k1/7p/4r3/3q4/1b6/B1p4P/p1nppppR/K4B2 w - - 2 38
black win | 4rrk1/pp5p/3q4/2ppp1p1/3n2bP/P1N5/1P1PpbP1/1RB1KB1R w - - 2 20
black win | 4rrk1/pp4pp/8/2pp1pN1/1b2n1bP/P1PB4/1P4P1/RNq1K1BR w KQ - 2 17
black win | 6k1/8/8/7p/3pn2P/3b1Kq1/pR1P4/3B4 w - - 4 54
black win | 4rrk1/pp4pp/B7/P1ppqp2/1b2n1bP/4P3/1PnP2PR/RNB1KQN1 w Q - 0 16
draw by threefold repitition | 4rrk1/8/3p3P/3n4/3b2K1/8/1p1p1p2/8 b - - 12 49
black win | 4r1k1/7p/8/p2pp3/P2np1b1/q3pB2/1K2p2P/r7 w - - 4 33
black win | 4rrk1/p4p1p/8/P2pp3/1p1nn3/Rpb2q1P/1B1PN2R/1N1K2r1 w - - 0 25
black win | 2B1rrk1/p5pp/3q4/P1bpp1R1/3nn1P1/1P5N/3pP3/RN1K1r2 w - - 0 23
black win | 6k1/3r3p/7P/3pq3/Pb1nn3/5p2/1p6/3r1K2 w - - 0 53
black win | 4r1k1/7p/8/8/6P1/4q2P/pppppK1B/6r1 w - - 6 42
black win | 4rrk1/p4p1p/8/3pp3/Bb1pnN2/P4q2/3P3P/RNB1K2r w - - 0 21
black win | 4r1k1/p3B2p/3q4/1pp1p1P1/1b1nn1pR/P1P5/1P1pP3/3Kr1N1 w - - 0 23
black win | 4rrk1/p6p/8/3qp1p1/2pn1pbP/2p1p1P1/P3PK2/N3RBNR w - - 0 24
black win | 4rrk1/ppp2ppp/2n5/3pP3/1bP1n1b1/3PKq2/PP1Q3P/RNB2B1R w - - 0 12
black win | 4rrk1/ppp2ppp/5q2/3pp3/1b2n1b1/6PP/PPnQ1P2/RNB1KBNR w KQ - 0 13
black win | 4rrk1/5p1p/4R3/P2p4/4p3/3b3P/2pP4/1RB1K1q1 w - - 2 31
draw by threefold repitition | 6k1/8/3r4/8/6K1/1p6/pp2p3/8 b - - 19 66
black win | 4rrk1/ppp2ppp/2n5/3pp3/1b2n1b1/N4qPB/PPPPN1KP/1RBQ2R1 w - - 2 13
black win | r2q1rk1/ppp2ppp/8/B2pp3/Pb2n3/2N2bPP/1Pn2P2/R3KBNR w KQ - 0 12
black win | 4rrk1/ppp3pp/2n5/3ppp1P/P3nNb1/4P1P1/1P1P1P2/RNq1KBR1 w Q - 0 15
black win | r2qkb1r/ppp2ppp/5n2/3pp3/5Qb1/2P1P3/PPnP1P1P/RNB1KB1R w KQkq - 1 8
draw by threefold repitition | 4r1k1/3r4/8/8/7P/3p4/2pp3K/8 b - - 24 74
black win | 4rrk1/ppp2ppp/8/3pn3/Pb2n1bP/N3K3/R1PP1qP1/2BQ1B1R w - - 0 13
black win | 4rrk1/p6p/7P/2b5/3pn1b1/5p1N/p7/RNr2K2 w - - 0 32
black win | 4rrk1/ppp2ppp/8/3Pn3/1b1N2bP/6q1/PP1P2P1/1RB1KBNR w K - 2 14
black win | 4r1k1/3r4/8/3qp2B/3nn3/Np4p1/1B1P3P/4K2r w - - 0 38
black win | 4rrk1/pp5p/Q2q4/P1pppp2/1b2npb1/3RP2N/2nP2PP/BN2KBR1 w - - 0 17
black win | 3Brrk1/p6p/3q4/1pppppp1/3nn1b1/NP1PP3/P2b1PPP/R3KB1R w KQ - 0 18
black win | 4rrk1/ppp1B1pp/2nq4/3ppp1P/P3n1b1/1P1P4/2Pb1PP1/R3KBNR w - - 0 16
black win | 4r1k1/5r1p/8/3R4/p3n2P/3pbp2/P2P1p2/3K2r1 w - - 0 38
black win | 4rrk1/ppp2ppp/5n2/1B1p4/1P4b1/1PN1p3/P4qPP/R1B1K1NR w - - 2 15
black win | 4r1k1/ppp3pp/5q2/1B1pp3/1P2nrbP/7N/PPnP3R/RNB1K3 w Q - 5 16
black win | 4r1k1/p6p/3q4/1p1p4/2pnnpp1/PP4P1/4RR2/2r1KB2 w - - 2 27
black win | 3Nrrk1/p6p/8/1p1pq3/3nn1b1/8/4P2P/2RQKrBR w K - 0 26
black win | 4rrk1/pp3ppp/3q4/2ppp2P/1bPn4/N2PP3/PP3nP1/R1BK1BR1 w - - 0 15
black win | 4rrk1/3Kq2p/8/6p1/4b1B1/1p1p4/1B1Ppp1P/RNR5 w - - 5 36
black win | 4rrk1/p6p/B7/Ppppp1p1/3np3/7P/R1PPq3/B3K2R w K - 2 22
black win | r4rk1/ppp2ppp/2n5/3pp3/Nb2n1P1/1P6/P1PP1qNP/R1BQKB1R w KQ - 1 11
black win | 4rrk1/p3Rppp/8/1p1p4/1b2n1b1/N3p1PP/P2Q1q2/4K1NR w K - 0 18
black win | 3r2k1/p6p/8/8/P3n2P/3r4/2p1K3/4RBn1 w - - 0 35
black win | 4rrk1/pp5p/8/1P1pp1p1/3np2P/8/2q1P1PR/2K2B2 w - - 0 24
black win | 4rrk1/p4p1p/5q2/1p1ppb2/1p1nn1B1/BP4P1/P2P3P/RN1K3r w - - 0 21
100 game(s) computed in 189659ms
