black win | 1r1n4/1P6/1P4P1/2Np4/p7/5k2/8/3r1K2 w - - 1 85
black win | N5n1/4pkp1/6p1/2P2BB1/p3Pp2/3P1P2/P1K1R3/2q4r w - - 3 43
draw by insufficient material | 8/4K3/7k/8/8/8/8/1b6 b - - 0 141
draw by 50 move rule | 8/1B6/2B3k1/2p5/1pP5/1P6/8/7K w - - 100 175
white win | b7/1r4b1/2p1p3/2QkNppp/p4P1P/3P1NK1/PB4PR/2R5 b - - 3 42
black win | B6r/1pbP2k1/nP1P4/2R5/q7/1r3Np1/K7/8 w - - 1 67
draw by 50 move rule | 5b2/8/8/1K4k1/6n1/8/8/8 b - - 100 187
draw by insufficient material | 8/8/8/1B6/3K4/5k2/8/8 b - - 0 176
draw by insufficient material | 8/4k2K/8/8/8/8/8/8 b - - 0 182
draw by insufficient material | 7B/4K3/8/4b3/8/8/8/5k2 b - - 0 184
draw by insufficient material | 8/1k6/8/5b1K/8/8/8/8 w - - 0 173
draw by 50 move rule | 8/6q1/2n5/8/K7/4k3/8/8 w - - 100 213
draw by insufficient material | 8/8/k4N2/8/8/8/8/2K5 w - - 0 239
draw by insufficient material | 8/3K4/8/1k6/2n5/8/8/8 b - - 0 183
black win | 2bqk1nr/Bpp1b2p/5pp1/p2pr3/2P3P1/PP1P1n2/4PP1P/RN1QKB1R w KQk - 1 16
black win | rnb1kbnr/pppp1p1p/6p1/4p3/1P4Pq/5P2/P1PPP2P/RNBQKBNR w KQkq - 1 4
white win | 1n6/7R/8/2N3rk/P1p2p2/5Pp1/2B5/2K3N1 b - - 3 63
draw by insufficient material | 8/2K5/8/1k6/3b4/8/8/8 b - - 0 182
black win | 8/8/N4k2/7P/p2q4/4KB2/8/3q4 w - - 1 91
black win | bnr3n1/r7/1p1R2N1/1k1q2pp/5p2/K1p2PPP/8/8 w - - 3 58
draw by insufficient material | 8/5k1b/8/8/8/5K2/8/8 w - - 0 139
draw by 50 move rule | 1R6/4k3/8/8/8/8/6K1/8 b - - 100 244
black win | r1bqN3/2pkn1b1/1p4r1/p1n3pp/P2pP1p1/4K2B/1PPPQP1P/R1B4R w - - 0 19
black win | 2r5/2Bk3N/3r3N/8/8/4P1p1/1QP2p1R/2K1qb2 w - - 13 63
black win | 1nb1r1k1/r2p1pnp/p3pB2/bpp5/PNP1q1P1/1P4P1/3PKP2/2RQ1B1R w - - 0 20
draw by insufficient material | 8/1B5n/8/5k2/3K4/8/8/8 w - - 0 184
draw by stalemate | 5B1k/8/5N2/8/6K1/6R1/8/8 b - - 6 136
black win | k1r5/1b6/1P5b/2p1P3/1B6/2n5/7q/1BK5 w - - 6 67
white win | rrk5/2Q5/3P1b2/1p2Pp1R/P4P2/5b1P/1B1nB3/4K3 b - - 0 52
draw by insufficient material | 8/8/8/8/5k2/8/8/n1K5 b - - 0 175
black win | rnb3nr/pp1k1pb1/3p2pp/2p1p3/P1P2NPq/5P2/RP1PP2P/1NBQKB1R w K - 2 12
draw by 50 move rule | 8/8/K1k5/B7/8/8/8/5B2 w - - 100 240
black win | 6r1/1k5K/6q1/2B5/8/3p4/8/8 w - - 18 115
draw by 50 move rule | 8/8/3R1K2/8/8/4kN2/8/8 b - - 100 196
white win | 5k1Q/5r2/p7/3P2p1/Pp2R1n1/1P1r4/1K5R/8 b - - 0 76
draw by 50 move rule | 8/8/6kB/8/8/1R6/8/1K6 w - - 100 239
black win | R2b4/5B2/7P/8/8/6k1/1p6/3r2K1 w - - 14 119
draw by insufficient material | 8/8/8/1B6/8/8/5k2/3K4 w - - 0 193
black win | r1b1qbnr/1pppk1pp/5p2/p7/P3pPPP/1PPnP3/3PN3/RNBQKB1R w KQ - 1 12
draw by insufficient material | 8/8/8/1K6/3b4/8/5k2/8 b - - 0 160
draw by insufficient material | 8/k3K3/8/1n6/8/8/8/8 b - - 0 185
draw by insufficient material | 1B6/8/5k2/8/8/8/1K6/2n5 b - - 0 167
draw by insufficient material | 6k1/8/4K3/8/N3b3/8/8/8 w - - 0 163
black win | 2k2r2/2pp1n2/p1b4p/1r5N/1R3P1P/1PPp4/N1RP2qK/8 w - - 0 48
black win | 6kr/3pn3/b6p/2P5/5P1N/3p3P/4q3/4K2R w - - 3 50
draw by insufficient material | 1K6/8/6k1/8/8/8/8/8 w - - 0 229
draw by insufficient material | 6k1/8/8/4n3/7K/8/7N/8 b - - 0 127
black win | 8/8/1p6/8/P5Bp/1p4kp/8/4r1K1 w - - 3 94
draw by insufficient material | 8/8/8/4B3/7k/8/K7/8 w - - 0 159
draw by insufficient material | 8/3K4/8/4k3/8/8/1b6/8 w - - 0 150
black win | 1r2kbnr/1N2p2p/8/ppn3p1/P1p3PP/2Pq4/1PbPKPB1/RNB1R3 w k - 8 31
black win | 7k/N7/7B/4bB2/8/8/8/4q1Kb w - - 10 133
draw by insufficient material | 8/8/2K5/7k/8/8/8/n7 w - - 0 168
black win | 4k3/p2b3r/P7/8/8/8/5r2/6RK w - - 1 93
black win | r2nb3/p5b1/5pBn/Pp2p1k1/2P5/1P1P2P1/1B2PPN1/1NR2K1r w - - 0 36
draw by 50 move rule | 8/1k6/8/5p1p/5P1P/3K4/8/8 b - - 100 175
draw by insufficient material | 7N/1k6/8/8/8/8/8/2K5 b - - 0 161
draw by insufficient material | 8/8/8/4k3/8/6K1/8/8 w - - 0 173
draw by 50 move rule | 4R3/8/8/3K4/8/6k1/1b6/8 b - - 100 215
black win | 1nbk1b2/4p1rp/6pN/r1qp2p1/1K6/1P1RPPPP/2PQ1R2/8 w - - 0 30
draw by insufficient material | 8/8/7K/8/8/8/8/bk6 w - - 0 171
black win | 4N3/1k6/8/3P3P/p7/N3p3/5q2/5K2 w - - 7 110
black win | 8/8/2R1Rrk1/p1p5/2pB3p/8/P3r3/1K3q2 w - - 0 68
white win | R2k4/8/3K4/2R5/2N4P/7P/4B3/8 b - - 12 97
white win | 1R6/1k6/1P1Q1Pr1/1P1n4/p2K3p/N7/1N6/8 b - - 4 61
black win | 3N3k/p4n2/N1bR2p1/r7/7p/7P/8/KBq5 w - - 12 79
black win | n5r1/4k3/7N/1p6/1P3NBP/4p3/4P3/r3K3 w - - 0 80
black win | r1b5/p2pnpbr/1p3k1p/1P2p3/2npP2p/B5PP/PK4B1/R2qQN1R w - - 6 27
draw by stalemate | 8/4R3/2k5/8/PPPQ4/8/2K5/8 b - - 54 137
draw by insufficient material | 8/8/8/2k5/8/8/4K3/8 b - - 0 156
black win | 1n2Q3/2b3k1/2pp1N2/5P2/3p2n1/B7/P6r/qrK5 w - - 0 44
draw by insufficient material | 1K6/8/4k3/8/8/8/8/8 w - - 0 158
black win | 2r1k3/8/p4q1r/1p2n1Kp/8/5P2/4R3/4R3 w - - 9 66
draw by insufficient material | 4B3/8/8/1K2k3/8/8/8/8 b - - 0 159
draw by insufficient material | 2B5/8/8/8/2k5/8/3b2K1/8 w - - 0 200
white win | 7b/8/1P6/k3p2P/7P/Q3K3/6r1/1R6 b - - 1 81
draw by insufficient material | 4K3/6b1/8/8/7k/8/8/8 w - - 0 134
white win | 8/4R3/8/5kRN/7P/1pb2K2/8/8 b - - 1 98
black win | r1b2bn1/p3pk2/4ppr1/6p1/p1n1P2p/1P3P1P/P2qK1PB/R4B1R w - - 0 21
black win | rnb1kb1r/pp3p1p/2ppp3/P5P1/1P2n1PP/2P5/3PPq2/RNBQKBNR w kq - 1 11
draw by insufficient material | 1k6/8/8/8/1K6/5b2/8/8 w - - 0 145
draw by insufficient material | 8/8/1N2k3/7K/8/8/8/8 w - - 0 120
draw by insufficient material | 8/8/6K1/8/8/6k1/1N6/8 w - - 0 155
draw by 50 move rule | 8/6k1/5R2/8/1b6/8/4K3/8 b - - 100 251
draw by insufficient material | 8/8/2k5/8/8/2b5/8/7K w - - 0 135
black win | r1k5/pp5p/3nppn1/2P5/4b1P1/4P3/PP1r1Q2/RKB5 w - - 3 43
black win | 8/nk6/p1n5/P4b2/2p3p1/5p1p/5P1P/q4K2 w - - 0 99
black win | 1k3b2/8/Pp1p4/3P1p2/2p5/2P3P1/7q/r3KR1r w - - 1 69
draw by insufficient material | 8/8/8/8/2K1k3/8/8/3b4 w - - 0 131
draw by insufficient material | 8/3K4/8/8/2k5/8/8/8 w - - 0 210
black win | 3r4/N5q1/7R/P2b1p2/1b1k3p/2p1p2P/4P3/K5r1 w - - 2 61
black win | 4k1n1/1p1b2r1/2pp2pN/2n1b3/p1P1P3/P2R1pP1/1rK5/4r3 w - - 0 43
black win | 1n1k1bnr/1p2ppp1/3p4/P1p1PQ1p/1pP3PP/8/3r1P1R/RNq1KBN1 w Q - 1 21
black win | Q3r1k1/6p1/6P1/1PPp1q2/5p2/N1BKb3/P3P3/1R6 w - - 9 60
black win | 3k4/8/rP6/p3P1p1/B4pp1/1p6/8/K1q5 w - - 2 70
draw by insufficient material | 7B/1k2b3/8/8/8/8/7K/8 b - - 0 118
draw by insufficient material | 8/2k5/8/7K/8/8/8/8 b - - 0 189
draw by insufficient material | 3K4/8/8/8/k7/8/8/B7 b - - 0 122
draw by insufficient material | 8/3k4/8/8/8/8/8/7K w - - 0 188
black win | 1rb2r2/p4k1p/7q/nppPbppP/2p1p2B/PPK1P3/R1PN1PPn/5BR1 w - - 1 29
100 game(s) computed in 386493ms
