black win | r2q1rk1/pppn1p1p/8/3pp3/4n1b1/1PBP3P/P1N2pP1/1R1QKBNR w - - 0 14
black win | 4r1k1/5r1p/p2b3P/Pp6/1K1p4/3rn3/4p3/8 w - - 6 67
draw by threefold repitition | 5k2/8/8/3q3P/3p4/4p3/4Pp2/1K6 b - - 10 74
black win | r4rk1/ppp4p/2n5/P2bP1P1/4n3/1Pp1b3/5qp1/1RBQK3 w - - 0 27
draw by threefold repitition | 3k4/8/4r3/1K1b4/3r4/8/3p1pp1/8 w - - 8 76
black win | 6k1/ppp5/2n1rK1p/8/P1pnp3/1PP5/1B5P/2R4R w - - 2 37
black win | r2q4/4n3/bpp2k2/2Bp4/3Pn3/4P1R1/P1N2pB1/R4K2 w - - 2 32
black win | 6k1/r6p/4r2P/3n4/4n3/2p5/2p2p2/K7 w - - 1 58
black win | 4rk2/8/1p6/p1pp4/4q3/8/3K4/r3q3 w - - 0 67
black win | r5k1/4r3/8/p1b2b1P/P2p4/1P6/K7/1q6 w - - 4 66
black win | 6k1/1p6/4rK1p/1Nn4P/6b1/8/3pp3/1R6 w - - 2 53
black win | 4r1k1/pp2n1p1/8/4p3/P2pn2p/1p6/2q2BpP/2K5 w - - 0 49
draw by threefold repitition | 4rrk1/p6p/7P/4n1b1/8/3p4/5pK1/8 b - - 11 55
draw by threefold repitition | 2K2k2/8/8/8/3n4/4b3/8/8 b - - 32 98
black win | 2rk4/p6p/8/2p4P/3nnp2/2b5/8/2K2q2 w - - 0 57
black win | r1bqkb1r/ppp2p1p/2n5/3pp2K/5P2/2P3nP/PP1PP1P1/RNBQ1BNR w kq - 2 9
black win | r1b1kb1r/pp1n1pp1/8/2pB4/2Pp2nq/P1N5/RP1P1pP1/2B2R1K w kq - 0 17
black win | rnb2rk1/pp2b2p/2p5/2P1p2n/P2q1p2/1P3p1P/5pPN/1NB1KB1R w K - 0 18
draw by threefold repitition | 4r1k1/pp1K2p1/8/2p4p/P1P1n2P/6R1/N3prp1/8 b - - 11 57
black win | r3kb1r/pp2p2N/2nq4/1PKp4/8/P3Qb2/R1PP2pP/1N3B1R w kq - 1 19
black win | rn3knr/8/p2p1q1p/3p1b2/B6P/PP2b2R/R5P1/1N1K1qN1 w - - 0 27
black win | r4rk1/pp5p/P1pp4/4q3/RPPK2bb/3B3R/3P2P1/1NB3N1 w - - 2 25
black win | r5k1/8/7p/7P/8/K2b4/3p1p2/1r6 w - - 12 107
black win | 3q1k2/5p2/3ppn2/p2n2Kr/P1n1b3/1P6/4p2P/R2R4 w - - 1 38
black win | rnb1k2r/pp5p/2p1P2n/2b5/1Pp5/6p1/P2NPqP1/R1BQKBNR w Qkq - 1 15
black win | r2qkb1r/1p5p/3p4/p1pPn1p1/P1P1n1b1/1PK1P3/1BN2PpP/RR4N1 w kq - 2 21
black win | 3r1rk1/ppp2p1n/8/2b1p3/2b2NP1/1P6/P1P5/2R1K2q w - - 0 33
draw by threefold repitition | 4r1k1/1p6/1p6/1P1n4/5p2/K4P2/4p3/8 b - - 28 129
draw by threefold repitition | 1B2kr2/8/8/8/P7/7p/P1r2p1P/2K5 w - - 13 84
black win | r2qk1r1/ppp5/3p4/4p2p/2Bnnp1P/BP3bPR/R1PPN3/2QK1q2 w q - 0 21
black win | r2q1rk1/p1p4p/2n5/P2pp1N1/1b2b2P/N5p1/RPPPPp1n/2BQ1K2 w - - 0 19
black win | r6n/pbpk3p/2n3p1/3p4/Pb5P/6P1/RBP5/1NKqrB2 w - - 0 36
black win | rn2kb1r/pppb4/8/P2Pp3/6pq/BP1Pn1K1/4p2P/2RQ1BNR w kq - 3 22
black win | r1b3k1/2p5/6p1/BK1p4/2q3P1/p3rb1B/5P2/RN1Q4 w - - 0 39
draw by threefold repitition | 5k2/8/8/p2b2K1/P3r3/8/6p1/r7 b - - 46 101
black win | 2kr1b1r/pp1nn1pp/2p2p2/3p4/4pP2/PPP1P1Pb/3B3P/RN2KqNR w KQ - 0 15
black win | 4rr2/4n1k1/1P3R2/p7/P5p1/1q2b1P1/4K1R1/3q4 w - - 0 55
black win | r3k2r/ppp5/2n3p1/2p4p/P3bp2/1PPq2b1/3Kp3/RNB5 w kq - 0 21
black win | 4rrk1/ppp2ppp/8/P2nn3/2Pb3P/RPN1P1Pb/7R/2B2qK1 w - - 0 25
black win | r1b1r3/p1pn1k2/1pn4P/2b4P/2P4R/8/1P3q2/5KR1 w - - 6 43
black win | r3r1k1/8/2Pq1n1p/p2p3P/2P2K2/3b1Pp1/P3P1PR/R3QBN1 w - - 1 29
black win | r5k1/2n3b1/1p1p1p2/p2b3B/PK1n4/4r3/1P2P1p1/3r4 w - a6 0 41
black win | 4r3/ppp3kp/4p3/3n4/3npb1P/PP6/1B1K4/5r2 w - - 10 45
black win | r2q1rk1/p1p1n3/4b2P/p1np4/2Pb1p2/5K2/1P3r2/6N1 w - - 0 35
black win | r3kB1r/ppp3pp/n7/3ppb2/3Pn3/1PP2KqP/P1Q1P3/RN3BNR w kq - 3 14
black win | r2qk3/2p2p2/pp4pr/7p/Pb4nP/2P2bPN/1B1P3K/5r2 w q - 2 28
black win | r3r1k1/2pn1p2/1pn3p1/1p3b1p/2Pq3P/NP6/P1K1p2R/2R5 w - - 4 30
black win | 6k1/7r/8/6p1/8/7K/2p5/6r1 w - - 12 88
black win | rr4k1/7p/1p6/4b3/p6P/P1n3p1/2P1PPR1/3qK3 w - - 0 40
black win | 1k1r4/7p/1p6/1p3P1P/1p6/8/4r3/K2q4 w - - 0 62
50 game(s) computed in 1193307ms
black win | 5rk1/8/1p6/3p4/1PB1b2q/2p1nP2/2r4P/4K3 w - - 2 45
black win | r1b1kr2/p6p/2n1p3/1P5P/1b2N2R/p1p3P1/R1pPN3/2BQKq2 w q - 0 22
black win | r1b1k3/pp6/6p1/b4p2/P3n2P/3R4/qK6/r6B w q - 4 32
black win | 3r2k1/1p5p/4r3/8/P7/3Kn1PP/1b3R2/4r3 w - - 0 71
black win | B3rk1r/8/5q2/P3b3/3p4/R1pP1p1b/5P1P/2q1K1NR w - - 0 37
black win | rnb1kb1r/8/4p3/1p2B3/4n3/1PpqPP2/P4pPP/R1Q2K1R w kq - 2 24
black win | r1b2rk1/p5pp/Bp1q4/K2pp3/P2p1b2/NPn2PP1/2P2P1P/1R4NR w - - 0 19
black win | 5rk1/1bp1q3/2n5/rK1p1Nn1/4pP2/PP1PP1pp/R3B1PP/5QNR w - - 2 27
black win | r4rk1/8/pPb4p/2p5/2qbB2P/1R2K3/3P1ppR/1NB5 w - - 3 30
white win | r1bqkb1r/pppnp3/6Qp/5n2/3N1p1P/N1P1B3/P3PPP1/R3KB1R b KQkq - 0 14
draw by threefold repitition | N3k2r/ppp1np1p/8/6b1/4p2P/1p3p2/Pn3P2/3K1R1R w k - 10 37
black win | r3rk2/p1p5/8/2q5/1p4p1/3b1n1N/P1pP2P1/4K1R1 w - - 2 33
black win | r5k1/3n4/1p2p3/p3b3/P3q3/6P1/R1B3pP/1K3rNR w - - 4 43
black win | r2qrk2/ppp1np2/8/8/1P1Pn1bp/B3P3/B7/R3K1q1 w - - 0 32
black win | 2r1kr1B/p7/Pp6/2p4P/2n1pp2/2K1n1p1/2q3P1/5BR1 w - - 2 39
draw by threefold repitition | 6k1/8/8/r7/5P1p/p6P/P1p5/7K b - - 8 76
black win | 5rk1/1b2p2p/1n5n/r1p2p1P/1pK2P2/RP1P2p1/6PR/1N4N1 w - - 2 27
black win | 4rr2/pp3k2/8/2p5/3R3p/P4P2/4q1PP/5KR1 w - - 5 42
draw by threefold repitition | k7/8/8/8/8/8/3K4/r7 b - - 16 110
draw by threefold repitition | 5k2/8/7P/8/8/8/6K1/8 w - - 45 183
black win | r4rk1/1p5p/2nbq3/1P2pR2/p1b1n2P/P2p4/1BK5/RN2r3 w - - 0 32
black win | r4rkn/8/p7/1p1p4/8/3n1PBP/1q2PpPR/1K3B2 w - - 0 41
draw by threefold repitition | 4rk2/8/K7/3b4/8/3n1p2/5pp1/8 b - - 42 114
black win | rn2k2r/pp6/2p2p1n/1B2p1p1/1bPqK1b1/6PN/PP1P1P1P/RNBQ1R2 w kq - 1 14
black win | 5rk1/1p6/5pn1/8/B2b2b1/Bp1r3p/3p3P/3K4 w - - 2 49
black win | 4r1k1/8/7P/2pn1np1/b1p3P1/8/3K4/3r4 w - - 1 46
black win | r4rN1/1p1n1pk1/8/P2b4/8/4p3/P1pp2qP/R4KNR w - - 2 39
white win | r2qkb1r/3nn2p/p1pN4/p2p4/P1bP3P/1P4p1/R1P2PP1/2K2BNR b kq - 3 23
black win | r3k1r1/2p3b1/1p1p3p/5PBP/1P6/1n1b1R2/1np5/R1KN2N1 w q - 18 41
black win | r4rk1/ppp5/2R5/5q2/P2np2p/1P2n1bK/7P/7R w - - 4 39
black win | k2rr3/7p/7P/8/P5b1/4K1b1/4p3/8 w - - 1 77
black win | r3k2r/pp1n1n2/5P2/4p3/1pp1P1b1/1P1B2p1/5qpP/RNB1K2R w kq - 4 21
draw by threefold repitition | 6k1/8/8/8/1K2n3/3r4/p1pp2p1/8 b - - 17 98
black win | r1b1kb1r/pp2n2p/3p2p1/8/6P1/4n1K1/Pp5P/1RB1qq1R w kq - 0 26
black win | r2qrk2/pp5p/2p2n2/P1b1P1Q1/2p1p1p1/4P3/BPPN3P/R1BK1q2 w - - 0 30
black win | r4rk1/3n2b1/bpp2B2/2n4p/5P1P/1pp2R2/4P3/1K2q1NB w - - 0 35
draw by threefold repitition | 4rk1r/8/8/4p3/4n3/4b2p/5p2/7K w - - 10 65
black win | r3k2r/ppp4p/1N1q2p1/1bbnKp2/4n3/1P3NP1/PBP1PP1P/4RB1R w kq - 6 18
black win | 2kr3r/pp4bp/3p4/2qK1b2/1p1np3/N7/5NPP/R1BQ1BR1 w - - 0 22
black win | r4rk1/p7/8/3p3P/1P4p1/N1p2n2/P1P3P1/R2Kq3 w - - 4 44
black win | r1b1kb1r/pppp3p/4q1p1/1N2pp2/1nK1nP2/8/PPPPN1PP/R1BQ1B1R w kq - 10 12
black win | 4rr2/ppp2pk1/3p4/2PP3p/P7/7P/7b/5Kq1 w - - 0 30
black win | 3R4/1b4k1/7N/1p5P/8/3p2p1/8/1r2rK1R w - - 0 67
draw by threefold repitition | 1k2r3/8/8/p3nK1p/P6P/3n4/1p6/8 b - - 28 77
black win | r1b1k2r/p7/p1p5/2b1n3/PP6/3P2p1/4R2P/RN3Kq1 w - - 2 26
draw by threefold repitition | 6k1/p7/p7/P7/4K3/4b3/6p1/r7 b - - 9 80
black win | r4rk1/2p4p/7q/1p2n3/P2b1p2/RP1p1b1K/8/8 w - - 0 53
draw by threefold repitition | 3r2k1/8/8/4n3/7K/4b3/pp1p4/6r1 b - - 9 86
black win | r1bqk2r/pp4pp/2n1p3/2bp1p2/P4P2/2P3PK/Q2PPnBP/RN4NR w kq - 3 14
black win | 4r1k1/8/5b1p/4p2P/P2nn3/Kq6/4p1p1/8 w - - 4 50
random--alpha2 50 game(s) computed in 1287913 ms
