draw by insufficient material | 8/1K6/8/4k3/8/8/8/6B1 w - - 0 241
draw by 50 move rule | 8/8/1k6/3K4/8/7Q/8/8 b - - 100 247
draw by insufficient material | 8/8/8/6K1/8/2N5/8/b5k1 w - - 0 156
white win | 8/6r1/1p3Q2/1P6/2P1Pk1P/5B2/5K2/2R2N2 b - - 2 84
draw by insufficient material | 8/8/2k5/8/2N5/8/8/6K1 w - - 0 181
white win | 4k1R1/8/4K3/7p/3P3P/8/8/8 b - - 35 92
draw by 50 move rule | 7k/4N3/8/6B1/4b3/7K/8/8 w - - 100 209
black win | 4n3/8/2p2p1N/4k1p1/KPp1P1p1/6P1/5N2/r7 w - - 5 57
draw by insufficient material | 8/8/8/4K3/8/6k1/8/4n3 w - - 0 177
draw by 50 move rule | 8/5k2/8/8/8/6R1/8/4K3 b - - 100 202
draw by insufficient material | 8/2k5/8/8/6K1/8/6b1/8 b - - 0 233
draw by insufficient material | k7/8/5N2/8/1K6/8/8/6b1 b - - 0 124
draw by stalemate | 4b3/r2k4/8/8/7K/1r6/8/6r1 w - - 2 149
draw by insufficient material | 8/8/8/5k2/2K5/8/8/8 b - - 0 231
draw by 50 move rule | 4k3/8/8/7p/K6P/8/8/8 b - - 100 192
draw by 50 move rule | 8/3K1bk1/8/8/8/8/3b4/8 b - - 100 165
white win | k3K3/1Q6/P1P5/3b4/1b6/1pR5/8/8 b - - 20 106
black win | k3b3/8/1p6/3p1N1p/3np2P/p1B3p1/P5P1/K1q5 w - - 0 77
draw by insufficient material | 3k4/8/8/8/8/8/8/4K3 b - - 0 207
black win | 6nb/1p6/B2p1kr1/P3pq1P/4KP1P/2p1B1r1/b7/6Q1 w - - 0 52
draw by insufficient material | 8/8/8/K7/8/8/7k/8 w - - 0 184
draw by 50 move rule | 4r3/3k4/8/8/8/8/K7/8 w - - 100 164
draw by insufficient material | 8/8/n7/8/5k2/2K5/8/8 w - - 0 201
draw by insufficient material | 1B6/8/8/6k1/8/8/7K/8 w - - 0 159
draw by threefold repitition | 8/k7/8/p7/P7/3K4/8/8 w - - 27 256
white win | 5R1k/7r/7P/4b1KP/8/8/1p6/8 b - - 1 101
black win | 3k3B/8/1R6/1P6/8/5B2/1N3r2/3K2q1 w - - 0 85
draw by insufficient material | 1B6/8/8/k2K4/8/8/8/8 w - - 0 173
draw by 50 move rule | r7/8/3n4/8/8/2k5/1b6/4K3 w - - 100 213
white win | 5Qk1/1P3R1r/N7/7p/5K2/8/3P4/1N6 b - - 4 61
draw by insufficient material | 8/8/8/7k/8/8/1N6/3K4 w - - 0 227
draw by stalemate | 4K3/8/2k2q1q/8/1p6/8/8/8 w - - 4 171
draw by insufficient material | 1n6/8/1k6/8/8/4K3/8/8 b - - 0 190
draw by insufficient material | 8/2k5/8/8/7B/8/8/2b1K3 w - - 0 185
draw by insufficient material | N7/8/4k3/8/8/4b3/8/3K4 w - - 0 178
draw by 50 move rule | 8/4K3/1k6/7p/7P/8/8/8 w - - 100 182
draw by insufficient material | 8/8/8/4b3/8/4K1k1/8/8 w - - 0 186
draw by insufficient material | 8/8/1n6/5K2/8/8/2k5/8 b - - 0 145
draw by insufficient material | 2B5/8/8/8/8/1nk1K3/8/8 b - - 0 193
draw by 50 move rule | k7/5n2/B7/3K4/P6n/8/8/8 w - - 100 161
draw by insufficient material | 8/8/8/8/4B3/4k3/b1K5/8 b - - 0 143
draw by insufficient material | 8/8/4K3/8/8/8/8/5k2 b - - 0 195
draw by 50 move rule | 2k5/8/5p2/3K1Pb1/8/8/8/8 b - - 100 234
draw by insufficient material | 8/7k/8/8/8/3b4/8/B1K5 w - - 0 183
white win | r3B2N/1b6/ppp1p3/3p1p1p/PP1Pk3/4B3/2Q1KP1P/R4R2 b - - 1 38
draw by insufficient material | 7b/3k4/8/1K6/8/8/8/8 b - - 0 167
draw by insufficient material | 8/K7/6k1/8/8/8/8/8 b - - 0 197
draw by insufficient material | 8/8/8/2b5/K7/4k3/8/8 b - - 0 206
draw by insufficient material | 8/8/8/8/8/8/5k2/3n3K w - - 0 252
white win | 2rqkb2/pbpppBpr/1p5p/8/PP1nPPn1/1Q6/2PP2PP/RNB1K1NR b KQ - 0 12
draw by insufficient material | 8/4B3/8/8/8/8/7k/K7 w - - 0 207
draw by insufficient material | 8/8/8/8/1k6/5K2/8/1b6 w - - 0 220
draw by 50 move rule | 5k2/8/8/5N2/8/4K3/8/7N b - - 100 274
draw by threefold repitition | 8/5k2/8/1K6/8/1p6/1P6/8 w - - 70 219
draw by insufficient material | 8/8/4k3/8/8/8/8/K7 b - - 0 158
draw by insufficient material | 8/8/8/8/8/n7/8/3K2k1 w - - 0 149
draw by insufficient material | B7/8/3k4/8/8/1K2b3/8/8 b - - 0 159
draw by 50 move rule | 8/6k1/5R2/4K3/8/8/8/8 b - - 100 221
draw by insufficient material | 8/8/3K4/8/3k4/8/8/1n6 w - - 0 155
draw by 50 move rule | 8/8/2Q3B1/8/1N6/4k3/1K6/8 b - - 100 217
draw by stalemate | 2n5/8/8/1k6/8/8/3p3q/5K2 w - - 20 196
draw by insufficient material | 8/8/8/5k2/8/1K6/6b1/8 b - - 0 112
draw by insufficient material | 1K5N/4k3/8/8/8/8/8/8 b - - 0 167
draw by insufficient material | 1k6/8/8/8/8/8/8/K7 w - - 0 167
draw by 50 move rule | 4r3/8/8/4k3/8/8/2K5/8 w - - 100 281
draw by insufficient material | 8/8/8/2k5/8/2n5/8/4K2N w - - 0 179
draw by 50 move rule | 8/8/1N6/8/8/6k1/7R/2K5 w - - 100 209
draw by 50 move rule | 3k4/1r6/8/6K1/8/8/8/8 w - - 100 181
draw by 50 move rule | 1b1b4/8/8/8/4k3/8/4K3/8 b - - 100 208
white win | r1n5/2p3r1/1p6/P2p4/RP2Q1pP/NnP5/5K1k/7R b - - 4 51
draw by insufficient material | 8/8/8/3Kb3/8/2k5/8/8 b - - 0 152
white win | 1qk1Qbnr/1rpp4/n7/p1P2pp1/Pp2p2P/1P1PK3/2R2Bb1/N4BNR b - - 3 37
draw by insufficient material | 8/5K2/8/2B5/6k1/8/8/8 w - - 0 147
draw by insufficient material | 8/8/8/2k1K3/8/8/8/8 w - - 0 192
draw by 50 move rule | 4K3/8/6r1/5k2/8/8/8/8 b - - 100 201
draw by insufficient material | 8/8/2B5/K7/8/8/2k5/8 w - - 0 233
white win | 1n1qkb1r/1r1pp3/b4nQp/1N3P2/p4P2/2PPP2P/1P1K4/R1B2B1R b k - 0 22
draw by 50 move rule | 3b4/7k/1p1p4/1P1P4/8/7r/6K1/8 w - - 100 189
draw by insufficient material | 2N5/5k2/8/4K3/8/8/8/1b6 w - - 0 150
draw by insufficient material | 2b5/8/8/8/6k1/1K6/8/8 b - - 0 189
draw by insufficient material | 3k4/1K6/8/6N1/8/8/8/8 w - - 0 180
draw by insufficient material | 8/8/4k3/8/1K6/8/8/8 w - - 0 206
draw by insufficient material | 8/5K2/8/8/4b3/8/8/1k6 b - - 0 174
draw by 50 move rule | 2Q5/8/7k/8/8/8/1BK5/8 b - - 100 216
white win | 4k3/4Q3/4NP2/7p/3P3P/p1P5/4b3/N1K5 b - - 12 83
draw by insufficient material | 6k1/8/8/8/3K4/8/8/5B2 b - - 0 148
draw by insufficient material | 8/1k6/8/3K4/8/8/8/7N w - - 0 110
white win | 2Q3n1/8/1P5Q/p3pk2/8/2P2Nr1/1P1NK3/2B2B2 b - - 21 53
draw by 50 move rule | 8/8/8/3K1R2/8/8/1B6/3N3k b - - 100 250
draw by 50 move rule | 8/4r3/3k4/8/8/8/6K1/8 b - - 100 185
draw by insufficient material | 8/7k/8/8/8/8/6Kn/8 w - - 0 139
white win | r1b2br1/2p4N/p1q2p1k/Bp1ppP2/4P2Q/2N4P/P1PP1P2/1R2KBR1 b - - 4 23
draw by insufficient material | 8/6k1/8/3n4/8/8/8/4NK2 w - - 0 118
draw by insufficient material | 5K2/1k6/8/8/8/8/8/8 w - - 0 178
draw by insufficient material | 3bk3/8/8/8/4K3/8/8/N7 b - - 0 120
draw by insufficient material | 1k6/8/7K/8/8/8/8/7b w - - 0 214
draw by insufficient material | 8/2k5/8/8/8/8/8/5bK1 w - - 0 146
draw by insufficient material | 7b/8/8/8/7K/8/8/4k3 b - - 0 193
black win | 3b4/1b3Pk1/R7/1P6/n7/1n2p1p1/8/2r1N1Kq w - - 14 95
draw by insufficient material | 8/3K4/8/1k6/8/8/8/1b6 w - - 0 164
draw by 50 move rule | 6K1/8/8/8/8/3Q4/8/4k3 b - - 100 203
draw by insufficient material | 8/8/5K2/8/4k3/8/8/8 w - - 0 252
draw by insufficient material | 8/7B/4K3/8/8/7k/8/8 w - - 0 159
draw by insufficient material | 8/4n3/8/7K/8/4k3/8/7B b - - 0 147
draw by insufficient material | 8/8/1K6/5k2/8/8/8/8 b - - 0 144
draw by threefold repitition | 8/1K4p1/8/3k4/7p/7P/8/8 b - - 33 187
draw by 50 move rule | 8/8/8/5k1p/7P/K2N4/8/8 w - - 100 235
draw by insufficient material | 7B/8/8/3k4/6K1/8/8/8 b - - 0 139
draw by insufficient material | 8/K7/8/8/b7/8/8/4k3 b - - 0 195
draw by insufficient material | 8/8/1K6/8/8/8/8/5k2 w - - 0 159
draw by insufficient material | 8/8/8/8/8/8/1k4K1/8 w - - 0 167
draw by 50 move rule | 4K3/1k6/8/p7/P7/8/8/8 w - - 100 217
draw by 50 move rule | 8/2k1B3/6K1/8/8/1r6/8/8 b - - 100 182
draw by insufficient material | 7K/8/8/8/1k6/8/8/n1N5 b - - 0 167
draw by insufficient material | 8/3n4/8/2N5/8/8/1k6/4K3 b - - 0 125
draw by insufficient material | 3k4/8/1n6/8/8/3K4/8/8 b - - 0 184
white win | 4R1k1/1R6/6P1/8/8/7p/3K4/7n b - - 0 84
draw by insufficient material | 8/8/5K2/1k6/8/8/8/8 w - - 0 155
draw by stalemate | 8/8/8/8/1p6/2k4b/K7/5r2 w - - 16 121
draw by 50 move rule | 8/5K2/8/3B4/7k/p2R4/P7/8 b - - 100 195
draw by 50 move rule | 8/8/2B5/3N2N1/3k4/7K/8/8 b - - 100 165
draw by insufficient material | k7/3bK3/8/8/8/8/8/3N4 b - - 0 177
draw by insufficient material | 8/8/5n2/2k5/8/8/3N4/K7 w - - 0 157
white win | 5Q1k/p3r2b/2p1p3/8/nBp2p2/p1P2P2/N3P3/R3K2R b - - 6 55
draw by insufficient material | 8/8/4k3/7K/8/8/8/2n5 b - - 0 110
draw by insufficient material | 8/b7/8/5K2/8/8/8/6k1 b - - 0 216
draw by 50 move rule | 8/8/1R6/8/8/7k/2K5/8 b - - 100 236
draw by insufficient material | N2k4/8/8/8/8/8/8/3K4 b - - 0 171
draw by 50 move rule | 1K6/4R3/8/8/7k/8/8/8 b - - 100 245
draw by stalemate | 3n4/1r1k4/p7/8/b4q2/3p4/8/1n2K3 w - - 0 92
draw by insufficient material | 6k1/8/8/8/8/2K5/5b2/8 b - - 0 121
draw by insufficient material | 8/8/6k1/8/8/8/8/K6b w - - 0 180
draw by 50 move rule | 6k1/8/8/6K1/8/B4N2/8/8 b - - 100 214
draw by insufficient material | 7N/8/K7/8/8/8/6k1/8 b - - 0 171
draw by 50 move rule | 8/1n6/2b5/6p1/8/6k1/8/3K4 w - - 100 201
draw by 50 move rule | k7/8/1p6/1P4K1/8/8/8/2r5 w - - 100 152
draw by insufficient material | 8/8/8/8/8/bk6/8/7K b - - 0 192
draw by threefold repitition | 3K4/8/8/8/7p/7P/k7/8 w - - 85 171
draw by 50 move rule | 8/1k6/8/7B/8/3B4/8/3K4 b - - 100 181
draw by insufficient material | 4k3/8/8/8/8/8/1N6/1K6 w - - 0 188
draw by insufficient material | 8/8/5K2/8/8/5n2/8/6k1 b - - 0 196
draw by 50 move rule | 8/8/3n4/8/8/3K4/5b2/6k1 w - - 100 223
draw by 50 move rule | 8/8/5bK1/3k4/8/8/8/3n4 w - - 100 264
draw by insufficient material | 8/8/3K4/8/8/8/k7/8 b - - 0 212
draw by insufficient material | 8/8/1k6/8/4B3/8/3K4/8 w - - 0 221
draw by 50 move rule | 6k1/1B6/1R6/7R/7P/P7/8/5K2 w - - 100 141
white win | 6nr/prpp2bp/n6k/Pp4pQ/4pNP1/1RPPK2P/5PB1/2R5 b - - 3 28
draw by insufficient material | 8/8/5n2/Nk2K3/8/8/8/8 b - - 0 154
draw by insufficient material | 8/3K4/2n4k/8/5N2/8/8/8 w - - 0 216
draw by insufficient material | 8/2k5/8/8/8/8/8/2K5 w - - 0 171
draw by insufficient material | 1B6/8/8/8/k2K4/8/8/8 w - - 0 242
draw by insufficient material | 8/8/8/8/1K3b2/8/8/3k4 b - - 0 199
draw by 50 move rule | 1K3b2/8/4k3/8/8/7b/8/8 w - - 100 162
draw by insufficient material | 8/8/8/7K/8/8/3k4/8 w - - 0 188
draw by stalemate | 5r1k/7P/8/4p3/4P3/3q4/8/1b2K3 w - - 14 139
draw by insufficient material | 8/3K4/8/8/6k1/8/8/8 b - - 0 155
draw by insufficient material | 8/8/8/8/1B2k3/3b4/8/7K b - - 0 221
draw by 50 move rule | 8/4k3/8/8/8/p7/8/4K3 w - - 100 238
draw by insufficient material | 6k1/8/8/8/8/8/8/1K6 w - - 0 141
draw by insufficient material | 7B/8/8/6K1/8/8/5k2/8 b - - 0 233
draw by 50 move rule | 2k5/6N1/8/8/K7/3N4/8/8 b - - 100 180
draw by insufficient material | 8/3n4/2K5/8/8/8/8/3k4 w - - 0 213
draw by insufficient material | 5k2/8/8/8/2K5/8/8/n7 b - - 0 181
black win | 8/1k6/8/p1p5/4r3/8/r7/3q2K1 w - - 0 124
draw by insufficient material | 1b6/8/1K6/8/8/8/8/1k6 b - - 0 168
draw by insufficient material | 8/2K5/8/8/8/8/8/nk6 w - - 0 246
draw by insufficient material | 6K1/8/8/6b1/8/8/8/3k4 b - - 0 193
draw by 50 move rule | 8/8/3K4/8/8/5k2/2bB4/1b6 w - - 100 228
draw by insufficient material | 8/8/8/8/8/8/2k1b3/6K1 b - - 0 164
draw by insufficient material | 8/8/7N/8/8/8/k7/3K4 b - - 0 233
draw by insufficient material | 8/4N3/8/8/8/7k/3K4/2n5 w - - 0 184
draw by insufficient material | 8/kn6/6K1/8/8/8/8/8 b - - 0 186
draw by insufficient material | 8/7k/8/3B4/8/8/8/4K3 w - - 0 108
draw by 50 move rule | 8/k7/8/4r3/5K2/8/8/8 b - - 100 253
white win | q4n1b/p7/3pp2p/P3r3/1PR1P2P/3NNkr1/3K4/5R2 b - - 1 58
black win | 8/8/8/2p3k1/1R6/8/7q/1r3n1K w - - 10 135
draw by insufficient material | 8/8/8/8/3K2k1/8/8/8 b - - 0 232
draw by 50 move rule | 8/6k1/2R5/8/8/8/8/6K1 b - - 100 228
draw by insufficient material | 2b5/5N2/8/8/8/8/6K1/3k4 b - - 0 126
draw by insufficient material | BK6/8/8/8/8/8/2k5/8 b - - 0 198
draw by insufficient material | B7/6k1/8/3b2K1/8/8/8/8 b - - 0 175
draw by 50 move rule | 8/n7/4K3/8/N7/8/3b4/k7 w - - 100 182
draw by 50 move rule | 1k4K1/8/8/2n5/1b6/8/3b4/7B b - - 100 202
draw by insufficient material | 8/k7/8/1K6/8/8/8/8 b - - 0 258
draw by stalemate | 8/8/7P/1B1R4/3R4/8/6K1/4k3 b - - 8 211
draw by 50 move rule | 5k2/8/8/5n2/8/8/3n2K1/n7 w - - 100 183
draw by 50 move rule | 8/8/8/8/k1r5/8/1K6/8 b - - 100 223
draw by insufficient material | 8/8/8/8/2N5/2k5/8/5K2 b - - 0 154
draw by insufficient material | 8/8/2k5/8/8/4K3/4N3/8 w - - 0 175
white win | 2k3R1/Q7/2K5/3p4/7p/P3p2P/5p2/n2R4 b - - 1 103
draw by insufficient material | 8/8/8/5k2/8/8/1K6/8 w - - 0 189
