draw by 50 move rule | 8/5p2/2K2P2/8/8/n7/2k2n2/8 w - - 100 234
draw by 50 move rule | 8/8/8/6p1/2k1p1Pp/3bP2P/2r5/2b3K1 w - - 100 179
draw by insufficient material | 8/2k5/8/8/6K1/8/8/8 w - - 0 167
draw by 50 move rule | 7k/8/8/4R3/8/4K3/8/8 w - - 100 305
draw by 50 move rule | 3K4/8/7r/8/8/8/7k/8 b - - 100 240
draw by insufficient material | 4k3/8/8/8/8/6K1/1n6/8 b - - 0 190
draw by 50 move rule | Bk6/8/8/8/1K6/8/5N2/8 b - - 100 245
draw by 50 move rule | 8/6K1/k7/3N4/8/4R3/8/8 w - - 100 215
draw by 50 move rule | 8/3k4/8/8/5K2/8/4r3/8 b - - 100 233
draw by threefold repitition | 8/5k2/p7/p7/P7/8/5K2/8 b - - 39 175
draw by insufficient material | 8/8/8/8/2k5/8/8/K7 b - - 0 206
draw by insufficient material | 7k/8/8/2N5/4K3/8/8/8 w - - 0 188
black win | 2B1n2r/2p1kpp1/p2b4/1r1P1P1N/3pb3/nP6/2P4q/1RBQ1RK1 w - - 1 31
draw by insufficient material | 8/8/7k/8/8/6b1/4K3/8 b - - 0 170
white win | 5N2/8/1R1kNB2/5K2/5P2/2p4p/B7/7r b - - 3 80
white win | 8/8/8/8/r2B1kQ1/7K/8/8 b - - 18 112
draw by insufficient material | 8/8/1K6/8/8/8/8/k7 w - - 0 275
draw by insufficient material | 8/8/8/6K1/8/4B3/8/5k2 w - - 0 141
draw by insufficient material | B7/8/7k/8/8/8/8/5K2 b - - 0 195
draw by insufficient material | 8/5k2/8/8/2K5/8/8/8 b - - 0 218
draw by insufficient material | 8/8/5k2/8/8/2N5/1K6/6n1 w - - 0 153
draw by insufficient material | 8/8/3K4/n4k2/8/8/8/8 b - - 0 133
draw by 50 move rule | 8/5n2/8/8/6k1/8/1K4n1/2N5 b - - 100 205
draw by insufficient material | 8/7K/8/1k6/8/8/8/8 w - - 0 200
draw by insufficient material | 3N4/8/8/8/8/k6K/8/8 w - - 0 133
draw by threefold repitition | 8/8/P7/8/8/8/1K2k3/8 b - - 21 139
draw by insufficient material | 8/5n2/8/4K3/8/8/4k3/8 w - - 0 229
draw by insufficient material | 8/5k2/8/B7/8/8/2K5/1n6 b - - 0 184
black win | 2Br2b1/3P1k2/R6K/2P2pP1/5P1q/8/8/3R4 w - - 0 62
draw by insufficient material | 8/4N3/8/8/8/4k3/8/K7 w - - 0 126
draw by stalemate | 8/7k/8/8/3bq3/8/8/n4K2 w - - 8 150
draw by insufficient material | 3N4/k7/8/8/8/2K5/8/8 b - - 0 212
draw by insufficient material | 8/k3n3/4K3/8/8/8/8/N7 b - - 0 143
draw by 50 move rule | 8/8/7b/6p1/4K1P1/8/8/2k5 b - - 100 257
draw by insufficient material | 2bk4/8/8/8/8/8/3K4/8 w - - 0 172
draw by insufficient material | 8/8/4K3/8/4k3/8/8/8 w - - 0 232
draw by 50 move rule | 8/8/2B4n/4K3/7P/8/8/1k2N3 b - - 100 137
draw by insufficient material | 8/8/k5K1/8/B7/8/8/1b6 w - - 0 147
white win | 2R1k1n1/4p3/rp2P2b/1b4pr/Pn5p/8/1Q1K1R2/5N1q b - - 0 46
draw by 50 move rule | 8/1r6/3k4/7p/8/3K4/8/8 w - - 100 158
draw by 50 move rule | 8/7N/2k5/1r6/8/5N2/3K4/8 b - - 100 180
draw by insufficient material | 8/8/8/8/3b4/2k4K/8/8 w - - 0 204
draw by 50 move rule | 8/8/6k1/8/8/8/3K4/3R4 b - - 100 207
draw by insufficient material | 8/8/1k6/8/8/6n1/K7/8 b - - 0 123
draw by insufficient material | 1k6/8/8/8/8/7N/8/5bK1 b - - 0 198
draw by insufficient material | 8/8/7k/8/8/8/8/2Kn4 b - - 0 176
draw by 50 move rule | 5r2/8/8/5k2/8/8/K7/8 w - - 100 258
draw by insufficient material | 5K2/8/8/8/2k5/8/8/8 w - - 0 187
draw by insufficient material | 8/8/8/8/7K/8/7k/1b6 w - - 0 145
draw by insufficient material | 3N4/8/8/8/1k2K3/8/8/8 w - - 0 138
draw by 50 move rule | 8/8/8/7k/2K5/8/1R6/8 b - - 100 203
black win | 3r2nr/p3p2k/P2pP3/2pP2Pp/2P1bp2/2b5/R1N3q1/6K1 w - - 3 47
draw by insufficient material | 8/8/8/5k2/8/8/4K3/7n w - - 0 153
white win | 8/3B2N1/1r1PRQ2/3K4/3B1k1p/7P/5PP1/6N1 b - - 10 73
draw by insufficient material | 8/K7/7n/8/4k3/8/B7/8 b - - 0 129
draw by insufficient material | 8/6K1/8/8/3k4/8/8/8 b - - 0 299
draw by 50 move rule | 3b4/6b1/3K4/1q6/8/8/2k5/8 b - - 100 248
draw by insufficient material | 3K4/6B1/8/8/6n1/k7/8/8 w - - 0 143
draw by insufficient material | 8/8/4K3/4B3/8/1k6/8/1n6 w - - 0 147
draw by 50 move rule | 8/8/6p1/6P1/8/6K1/8/3k4 b - - 100 179
draw by insufficient material | 8/8/8/8/4k3/8/7K/8 w - - 0 110
draw by insufficient material | 8/6k1/8/7B/8/4K3/8/6b1 w - - 0 154
draw by insufficient material | N6k/8/8/8/7K/8/8/8 w - - 0 242
draw by 50 move rule | 8/8/5k2/7B/3K3p/6bP/8/8 w - - 100 162
draw by insufficient material | 1k6/3K4/8/8/2b5/8/8/8 w - - 0 154
black win | 1r6/5k2/8/8/r7/5B2/K2N4/8 w - - 32 160
draw by insufficient material | 8/8/5K2/8/4k2n/8/8/8 w - - 0 145
draw by stalemate | 8/p5k1/P5Pp/8/4p3/3q4/8/4K1b1 w - - 10 80
draw by insufficient material | 4k3/8/8/4b3/8/5K2/8/8 b - - 0 155
draw by insufficient material | 5k2/8/4B3/8/8/8/8/5K2 w - - 0 174
draw by insufficient material | 4n3/8/8/7k/8/6BK/8/8 w - - 0 199
draw by stalemate | 5b2/7n/8/8/1p3k2/4p1n1/r7/6K1 w - - 7 172
draw by 50 move rule | 8/8/6N1/1B1k4/8/8/3K4/8 b - - 100 205
draw by insufficient material | 8/8/1k6/8/8/8/4K3/8 b - - 0 152
draw by insufficient material | 3k4/1n6/8/8/8/7K/8/8 b - - 0 239
draw by insufficient material | 8/8/8/4K3/1k6/8/8/3n4 b - - 0 155
draw by insufficient material | 8/8/3N4/4k3/K7/8/8/8 w - - 0 166
draw by insufficient material | 8/b7/8/8/8/k7/4B3/K7 b - - 0 153
draw by insufficient material | 8/8/5k2/1B6/8/8/3K4/8 w - - 0 174
draw by insufficient material | 8/8/2k5/8/8/5K1b/8/8 w - - 0 136
draw by threefold repitition | 5B2/1k6/8/6np/7P/8/8/b4KR1 b - - 9 85
draw by insufficient material | 3K4/8/4N3/5k2/8/8/8/8 b - - 0 222
white win | Q7/8/k7/2K5/8/3R4/5n2/8 b - - 5 174
draw by insufficient material | 7k/8/8/8/8/8/6K1/8 w - - 0 151
draw by insufficient material | 5K2/8/8/8/8/4k3/8/8 w - - 0 180
draw by insufficient material | 8/8/2b5/2K2k2/8/8/8/B7 w - - 0 164
draw by stalemate | 7r/5K2/3q4/8/5k2/8/8/6r1 w - - 2 172
draw by 50 move rule | 8/8/8/K7/8/5R2/k7/8 w - - 100 214
draw by insufficient material | 8/8/8/7k/1B6/6K1/8/8 w - - 0 126
draw by 50 move rule | 7k/7r/8/8/2K5/6b1/8/8 w - - 100 178
draw by insufficient material | k7/8/8/5B2/8/8/8/5K2 b - - 0 141
draw by 50 move rule | 8/3k4/8/8/8/3r4/6R1/4K3 w - - 100 177
white win | 2R2k2/8/P4K2/1p6/5P1p/2p3r1/2n5/8 b - - 5 105
black win | 8/1br2BrN/1k2pb2/2n2p2/2p3pp/4P2K/Q2P1R1P/B5NR w - - 0 57
draw by stalemate | 8/5q1k/8/6Kp/7P/8/8/8 w - - 6 181
draw by insufficient material | 4k3/8/8/8/1K6/3B4/8/8 w - - 0 151
draw by insufficient material | 8/3b1k2/8/8/8/8/7K/8 b - - 0 179
draw by 50 move rule | 8/8/8/4k3/8/2RK4/8/8 w - - 100 267
draw by stalemate | 1b6/8/8/6k1/8/1p5K/2r5/n7 w - - 12 142
draw by insufficient material | 8/2K5/8/8/8/8/1k6/n3N3 w - - 0 187
white win | 8/3Q1Q2/2b2k2/B1r2P2/N4PP1/8/7r/rn2KR2 b - - 2 96
black win | 3q1b1r/3bp2p/r3kppn/1Bppn3/P3KP2/P1P1P2P/1RQP2P1/1NB3NR w - - 0 16
black win | 6r1/3kB3/5pP1/P3p3/2P2Pq1/3Bp1K1/2p2n1P/5R2 w - - 1 47
draw by insufficient material | 8/8/8/8/k7/6n1/8/2K5 b - - 0 205
white win | 1rk1r1B1/2Qp1p2/3P2P1/4pn2/1p2N1P1/3b4/PP2RK2/R1Br4 b - - 1 38
draw by stalemate | 8/8/8/8/8/K5Q1/8/7k b - - 26 156
draw by insufficient material | N7/8/8/8/2K5/8/8/7k w - - 0 284
draw by 50 move rule | b7/4N3/8/8/3B4/8/8/1k2K3 w - - 100 225
draw by 50 move rule | 8/3K4/5k2/8/8/8/2R5/8 w - - 100 263
draw by insufficient material | 8/8/8/8/5NK1/4k3/8/8 w - - 0 190
draw by 50 move rule | 8/8/b6b/8/8/K7/8/4k3 w - - 100 206
black win | 8/8/8/p1k5/3q4/4K3/5r2/8 w - - 2 208
draw by insufficient material | 8/8/k7/8/8/1K6/8/8 w - - 0 198
draw by insufficient material | 8/8/4N3/8/7k/8/6K1/1n6 b - - 0 189
white win | 1bQ5/8/8/1kQ5/p7/K7/1n3R2/8 b - - 3 118
draw by insufficient material | 8/8/8/4k3/8/5K2/8/8 b - - 0 110
draw by threefold repitition | 8/8/p6k/P7/8/1K6/8/8 w - - 21 233
draw by insufficient material | 8/k7/5K2/8/8/8/2B5/7n w - - 0 130
white win | 2rk4/nr2pNb1/1p3N2/p2P1p2/5R2/qP2P3/n4P2/B1QK3R b - - 5 52
draw by insufficient material | 8/5k2/8/5n2/8/3B4/K7/8 w - - 0 163
draw by stalemate | 8/8/6P1/8/8/1Q6/3BK3/k7 b - - 13 156
draw by insufficient material | 8/5k2/8/8/7K/8/8/8 w - - 0 259
black win | 4r2k/7p/3pn1p1/6R1/pP1Pp2B/PpKb2PR/2r4N/8 w - - 25 75
draw by insufficient material | 5BK1/8/8/k7/8/8/8/8 w - - 0 194
draw by insufficient material | 8/K7/8/8/7k/3N4/6b1/8 b - - 0 180
draw by insufficient material | 8/8/6k1/8/8/8/8/4K3 b - - 0 220
draw by 50 move rule | 8/8/8/4k3/p1K5/P7/8/8 b - - 100 251
draw by insufficient material | 8/2k5/8/8/2K5/8/8/8 w - - 0 179
draw by insufficient material | 8/k7/8/7N/8/3K4/3n4/8 w - - 0 137
draw by insufficient material | 8/1K6/8/8/5n1k/8/8/8 b - - 0 208
draw by threefold repitition | 6k1/K7/8/7r/8/8/8/8 b - - 68 157
draw by insufficient material | 3k4/8/7K/8/8/3N4/1b6/8 b - - 0 128
black win | 5n2/8/4pk1K/8/8/p7/8/7r w - - 21 111
draw by 50 move rule | 8/k7/8/8/6K1/8/5r2/8 b - - 100 196
draw by insufficient material | 8/7k/1K6/8/8/8/8/8 w - - 0 162
draw by insufficient material | 6n1/8/8/2k5/8/6K1/8/N7 w - - 0 174
draw by stalemate | 8/8/8/2n2k2/7p/K6P/1r3p2/b7 w - - 0 125
draw by insufficient material | 8/1b6/8/8/1k6/4K3/8/8 b - - 0 164
draw by insufficient material | 8/7k/8/8/8/6b1/2K5/8 b - - 0 120
draw by 50 move rule | 8/1R6/k7/8/4K3/8/8/8 b - - 100 289
draw by insufficient material | 8/3B3k/8/8/8/4K3/4n3/8 b - - 0 170
draw by insufficient material | 6k1/8/8/8/2K5/8/1B6/1b6 b - - 0 142
draw by stalemate | k7/8/1Q6/8/8/3K4/8/8 b - - 18 214
draw by insufficient material | 8/6K1/8/8/8/8/8/b1k5 w - - 0 219
draw by insufficient material | 2k5/8/3K4/8/4N3/8/8/8 b - - 0 179
draw by 50 move rule | 1k6/8/8/8/5K2/p7/P7/8 b - - 100 199
draw by insufficient material | 7k/3K4/8/8/8/8/8/8 b - - 0 182
draw by 50 move rule | 8/8/8/4N2p/3N3P/1K4b1/1n6/1k5B w - - 100 171
black win | rr4k1/4b2R/6p1/K2nPp2/8/RPP2qp1/3P4/2BN1b2 w - - 2 58
white win | r4bn1/qBpr4/4p3/p1p3p1/3kQ3/Pp3P1P/1P1P4/R1BK2N1 b - - 1 36
white win | 2k1RN2/7R/8/2P3K1/8/8/nrB1n3/8 b - - 4 94
draw by insufficient material | 8/8/3n4/2k5/8/8/3K4/8 w - - 0 176
draw by insufficient material | 8/8/8/8/4K2k/8/8/8 b - - 0 227
draw by threefold repitition | 8/8/8/p7/P7/8/7k/1K6 w - - 27 169
black win | 8/p3kr2/3N4/1PP3q1/B3P3/3pKp2/1b2bP2/8 w - - 3 65
draw by insufficient material | 8/8/8/8/2K5/8/8/6k1 b - - 0 180
white win | 7N/7R/8/2P5/p7/5K1k/4n3/8 b - - 2 95
draw by insufficient material | 8/8/8/8/8/5k2/7K/8 b - - 0 196
black win | 3r4/8/b2k3b/Kq5p/7N/8/8/4r3 w - - 0 90
draw by 50 move rule | 4n3/8/6R1/8/2K5/8/2k5/8 w - - 100 229
draw by 50 move rule | 8/8/7p/7P/8/2k2K2/8/8 b - - 100 208
draw by 50 move rule | 8/8/5n2/k7/7K/8/8/b7 w - - 100 170
draw by 50 move rule | 8/8/5k2/Kb1b4/8/8/8/2q5 w - - 100 214
draw by insufficient material | 3Bk3/8/8/7K/8/8/8/8 w - - 0 198
draw by insufficient material | 8/8/1B6/1k6/8/8/6K1/3b4 w - - 0 209
draw by insufficient material | 6B1/8/8/8/4k3/7K/8/8 b - - 0 190
draw by insufficient material | 8/5k2/7K/8/8/8/8/3b4 w - - 0 150
draw by insufficient material | 8/8/8/2k5/8/5K2/8/5b2 b - - 0 147
draw by insufficient material | 7K/8/8/8/8/5k2/8/5n2 w - - 0 177
draw by insufficient material | 8/8/8/8/5k2/8/8/5K2 w - - 0 131
black win | 3k4/R1r5/P2p4/1Q6/3Prbp1/2P3P1/4bK2/5q2 w - - 4 63
white win | 8/7k/8/2N3R1/8/8/7R/3K4 b - - 2 142
draw by threefold repitition | 8/8/8/p5k1/P7/8/8/K7 b - - 53 207
draw by insufficient material | N7/2K5/8/8/8/8/8/3k4 w - - 0 183
draw by 50 move rule | 8/8/8/7p/3k1K1P/8/8/8 b - - 100 183
black win | 8/8/6k1/8/1p4r1/3b2Np/1p4qP/6K1 w - - 7 98
draw by threefold repitition | 5K2/R7/8/6k1/8/8/8/8 w - - 75 245
draw by insufficient material | 8/8/1k6/8/8/5n2/1K5N/8 b - - 0 142
draw by insufficient material | 8/8/2k4n/8/8/8/5K2/8 b - - 0 242
black win | 5bkr/4p3/8/1p1p2Pp/r2P2n1/3Pp1Pb/nBBR3P/3RKq2 w - - 0 37
black win | 8/P2k4/8/2b4p/Kq6/8/8/2b5 w - - 1 140
draw by stalemate | 6k1/6P1/8/p5r1/8/2p2n1K/8/8 w - - 5 129
draw by stalemate | 8/8/6K1/8/7k/5Q2/8/8 b - - 13 188
draw by insufficient material | 8/1k6/8/8/8/8/n3K3/8 w - - 0 163
draw by insufficient material | 8/2K5/8/8/8/6k1/1b6/8 b - - 0 177
draw by insufficient material | 8/8/3bB3/8/8/8/3K4/7k w - - 0 150
draw by insufficient material | 8/8/8/2K5/B7/n1k5/8/8 b - - 0 129
white win | 1n5N/ppp4p/3p1k2/3Pb1Q1/2P2r2/NP2np2/PR6/B1K2BR1 b - - 0 38
draw by insufficient material | 4k3/8/8/8/N7/8/4K3/8 w - - 0 196
draw by insufficient material | 8/8/8/8/2K5/8/5k2/8 w - - 0 216
white win | 1k2N3/1Q6/B7/4K3/3P4/2P5/4p3/8 b - - 7 135
draw by insufficient material | 8/8/8/3k4/8/3K4/8/8 w - - 0 151
draw by insufficient material | 8/2K5/8/n7/5k2/8/8/8 b - - 0 275
draw by insufficient material | 8/3k4/8/8/8/8/7K/6n1 w - - 0 204
draw by insufficient material | 8/5k2/8/8/8/8/8/3K4 w - - 0 236
draw by insufficient material | 3N4/k7/6K1/8/8/1n6/8/8 b - - 0 139
draw by insufficient material | 3B4/3b4/8/1K6/6k1/8/8/8 w - - 0 102
black win | R2B3k/2N5/p4P1p/n6P/3p4/1P3p2/5P2/2r2K1R w - - 1 82
draw by insufficient material | 8/1k6/5K2/8/8/8/8/4b3 w - - 0 167
draw by insufficient material | 3k4/8/8/5K2/8/8/4N3/8 b - - 0 153
draw by insufficient material | B7/1k2K3/8/8/8/8/8/8 b - - 0 205
draw by insufficient material | 8/8/8/8/4K3/k5N1/8/8 w - - 0 182
draw by insufficient material | 8/8/6k1/8/8/8/4K3/8 w - - 0 209
draw by stalemate | 7k/1Q6/3R4/8/2B4N/3R4/4K3/8 b - - 16 161
draw by 50 move rule | 8/8/8/6k1/8/8/1b2K3/3r4 w - - 100 222
draw by insufficient material | 7N/1n2k3/8/8/5K2/8/8/8 b - - 0 103
draw by insufficient material | 6KB/8/8/8/1k6/8/8/8 b - - 0 180
draw by insufficient material | 4B3/8/8/8/8/3k4/8/2K5 w - - 0 148
draw by insufficient material | 6N1/8/8/6K1/8/8/3k4/8 b - - 0 232
draw by insufficient material | 8/8/1k6/8/6Kn/8/8/8 w - - 0 213
draw by insufficient material | 8/4B3/1k6/8/8/8/K7/8 b - - 0 160
draw by insufficient material | 5B2/8/8/8/K7/4k3/8/8 w - - 0 190
draw by stalemate | 7k/8/6Q1/3K4/8/8/8/2B5 b - - 32 163
draw by insufficient material | 8/8/8/5K2/8/1k6/8/8 b - - 0 241
draw by insufficient material | k4K2/8/8/8/8/8/8/8 b - - 0 207
draw by insufficient material | 8/K7/6k1/8/8/2N5/8/8 b - - 0 226
black win | 8/8/5k2/1r6/5N2/K7/6N1/r7 w - - 0 154
draw by insufficient material | 3n1k2/8/8/8/8/8/3K4/8 w - - 0 191
white win | 1n3k1Q/1p1b1pp1/r1p2P2/p3p3/1q1p2P1/3P1P1P/1P2B3/RNB2KNR b - - 0 27
draw by 50 move rule | 3k4/8/1K6/7p/7P/8/8/8 b - - 100 205
draw by insufficient material | 8/8/1K6/8/3k4/8/1b6/8 b - - 0 194
draw by insufficient material | 4k3/7B/8/8/6K1/8/8/8 w - - 0 262
draw by insufficient material | 7k/8/8/2K5/8/8/8/3b4 b - - 0 192
draw by insufficient material | 7n/8/8/8/2K5/8/1k6/8 b - - 0 222
draw by 50 move rule | 6k1/8/p7/1n6/4b3/8/8/3K4 w - - 100 185
draw by insufficient material | 8/8/8/3K1B2/1k6/8/8/8 b - - 0 121
draw by insufficient material | 4k3/8/8/8/8/5N2/8/7K b - - 0 167
draw by insufficient material | 8/8/K7/8/8/8/2k5/8 w - - 0 203
draw by insufficient material | 8/5n2/8/8/8/8/K7/5k2 b - - 0 167
draw by insufficient material | 8/8/8/4b3/8/7K/8/5k2 w - - 0 148
draw by threefold repitition | 8/6k1/8/7p/7P/8/6K1/8 b - - 79 203
draw by insufficient material | 6k1/8/6B1/8/8/7K/8/n7 w - - 0 154
white win | Q2k4/2pprr2/5B2/5P1p/7P/1N2P1P1/7n/3K4 b - - 2 50
draw by 50 move rule | 1N6/N7/8/4K2p/2k4p/7P/8/8 b - - 100 189
draw by insufficient material | 8/1b6/5k2/8/6K1/8/8/8 w - - 0 179
draw by insufficient material | k7/8/8/8/6K1/8/8/8 b - - 0 152
draw by insufficient material | 8/6N1/8/8/8/1K3k2/8/8 w - - 0 181
white win | 7k/5N2/6Qp/3N3P/6R1/1p1pp1p1/1K6/2r4R b - - 1 67
draw by insufficient material | 3k4/8/8/8/8/8/8/7K w - - 0 158
black win | r6k/1p2Q3/4b1P1/7p/2r2p2/NN1P2R1/P4q2/3K1r2 w - - 0 53
draw by 50 move rule | 2K1k3/8/8/8/8/8/8/1b5r w - - 100 242
black win | 3k4/5B2/1pP1p1n1/5p2/b4bP1/P1N5/7R/1nn2q1K w - - 4 65
draw by 50 move rule | 8/8/8/3k4/8/R5B1/3K4/1b6 w - - 100 171
draw by 50 move rule | 8/8/8/6K1/8/8/8/1k1r4 w - - 100 207
draw by insufficient material | 8/5K2/8/8/7k/8/8/8 w - - 0 214
draw by insufficient material | 6K1/3k4/8/8/8/1n6/1B6/8 b - - 0 151
draw by insufficient material | 8/8/4k3/8/5K2/8/8/2n5 b - - 0 206
black win | 8/4P2p/7p/6PP/8/2pk4/8/q1K1bN2 w - - 0 93
draw by insufficient material | 8/6k1/8/4N3/3K4/8/8/4n3 b - - 0 153
draw by 50 move rule | 8/8/2K5/8/6b1/4k3/8/6n1 w - - 100 201
draw by insufficient material | 8/8/8/2k5/8/1K6/8/8 b - - 0 195
draw by insufficient material | 8/2K5/8/k7/8/8/8/8 w - - 0 215
draw by insufficient material | 8/8/3K4/8/k7/8/8/8 b - - 0 176
white win | k3R3/3R4/1p6/1P5P/PK6/8/6nN/8 b - - 0 111
draw by insufficient material | 8/8/8/3k4/6K1/8/N7/4b3 w - - 0 207
draw by insufficient material | 8/8/7k/8/8/K7/7N/8 w - - 0 198
black win | 1k6/8/Pp6/6pP/1PR2q2/5r1K/8/4n3 w - - 4 85
draw by insufficient material | 8/8/8/8/2n5/3k4/6K1/8 b - - 0 195
draw by insufficient material | 8/8/3B3k/K7/8/8/8/8 w - - 0 153
draw by insufficient material | 7k/8/8/8/8/2K5/8/8 b - - 0 153
draw by insufficient material | 8/8/8/3K4/8/8/2k5/8 w - - 0 264
black win | 1q4nr/1R1bP1kB/1p5p/8/4pp1b/6pP/7r/1q1K2N1 w - - 0 51
black win | 6N1/p1k5/b4r2/2N4p/8/2b1K3/4q3/8 w - - 8 97
black win | 8/P1R4n/8/2p3p1/2R5/3b1q1K/1b1k4/6b1 w - - 0 78
black win | 6n1/7k/8/p1p2p2/5P2/4PB2/1qr2N2/1K6 w - - 5 60
white win | R7/3b4/k1P4B/2K2p2/p4P2/6p1/P5R1/8 b - - 5 73
draw by insufficient material | 8/8/8/8/7k/8/1K6/8 b - - 0 143
draw by insufficient material | b4K2/8/8/4B3/8/8/3k4/8 w - - 0 135
white win | 1r3qn1/1Qpp1p1r/1p1n4/p1k1P2p/P3PP1p/P1P1B2N/4B1PR/RN1K4 b - - 2 27
draw by insufficient material | 8/8/4k3/8/8/6b1/8/5K2 b - - 0 128
draw by 50 move rule | 8/8/r2n4/8/8/1Kp5/8/6k1 w - - 100 190
draw by insufficient material | 8/8/k7/8/8/8/3K4/8 w - - 0 179
white win | 3QQ3/5R2/4k3/8/8/8/4K3/8 b - - 0 193
draw by 50 move rule | 8/8/K7/8/2k5/8/3B4/2B5 b - - 100 244
draw by insufficient material | 8/8/8/8/8/8/3k2b1/N4K2 w - - 0 111
draw by insufficient material | 6k1/8/8/3K4/8/8/8/7n w - - 0 119
draw by insufficient material | 6K1/8/4k3/4B3/8/n7/8/8 b - - 0 214
draw by stalemate | 8/8/8/k4n2/8/2p5/7K/5q2 w - - 30 146
draw by stalemate | 7K/1q6/8/8/8/2p5/6r1/k7 w - - 87 160
draw by 50 move rule | 5n2/8/8/4B3/1k6/3b4/8/K7 b - - 100 153
draw by insufficient material | 8/8/5K2/8/1k6/1n6/8/8 b - - 0 237
white win | 5k1R/R7/3Nn3/r7/PN6/8/5B2/5K2 b - - 2 90
draw by stalemate | K7/2qk4/8/5r2/8/8/8/8 w - - 38 216
draw by insufficient material | 8/8/8/K6k/8/8/6n1/8 w - - 0 208
black win | 2r1k2r/p7/2p2Pq1/7p/NB1pp3/1P1bbK2/4B2P/3R2R1 w - - 0 38
draw by 50 move rule | 8/8/1r6/2K5/8/8/8/3k4 b - - 100 181
draw by 50 move rule | 3R4/1K6/8/8/8/8/6k1/8 w - - 100 247
draw by stalemate | 7K/5q2/7p/7P/8/5r2/8/n1k5 w - - 13 134
white win | 7R/4p3/2q1rb1n/3Pk3/P5b1/2P2QB1/RP6/2K5 b - - 20 60
draw by insufficient material | 8/8/8/8/1k6/8/8/K7 b - - 0 216
draw by stalemate | 8/3q4/1K6/8/1k6/r7/2b5/8 w - - 57 143
draw by insufficient material | 4k3/8/5b2/8/8/2N5/8/5K2 b - - 0 158
black win | 6nn/P7/8/8/2k5/Kq6/3p4/8 w - - 3 154
draw by insufficient material | 8/6k1/8/3K4/8/8/2N5/4n3 w - - 0 152
draw by 50 move rule | 8/8/2kN1N2/8/7R/8/8/K7 b - - 100 162
draw by insufficient material | 8/8/5b2/5B2/k7/8/8/7K w - - 0 125
draw by insufficient material | 8/8/8/3K3k/8/8/8/1b6 w - - 0 120
draw by 50 move rule | 4K3/1k6/8/3q4/8/8/2n5/8 w - - 100 198
draw by insufficient material | 8/8/8/4k3/7K/8/8/8 w - - 0 214
draw by insufficient material | 8/7k/8/8/2n5/2K5/8/8 b - - 0 162
draw by 50 move rule | 8/2Q5/8/8/8/8/1K4k1/8 b - - 100 278
draw by insufficient material | 7B/8/8/8/1k6/7K/8/8 b - - 0 168
draw by insufficient material | 8/5K2/3k4/8/8/8/8/8 w - - 0 218
draw by insufficient material | 8/8/5B1k/8/b4K2/8/8/8 b - - 0 191
draw by insufficient material | 5k2/8/8/8/5K2/8/8/8 w - - 0 279
draw by insufficient material | 5b2/8/8/8/k4K2/8/8/8 b - - 0 221
draw by 50 move rule | 8/2k5/8/2R5/1K6/8/8/8 b - - 100 239
draw by stalemate | 8/5Q2/6K1/8/7k/8/6Q1/8 b - - 24 190
draw by insufficient material | 8/8/8/7k/5n2/8/8/6K1 w - - 0 154
draw by insufficient material | 2N5/5k2/8/8/7K/8/6n1/8 w - - 0 143
draw by insufficient material | 3k4/8/8/8/2K5/8/2B5/8 b - - 0 178
draw by 50 move rule | 8/8/8/8/6N1/3N4/4K2k/8 b - - 100 188
draw by insufficient material | 8/8/8/8/8/1K6/8/6k1 b - - 0 158
draw by insufficient material | 8/1k6/8/5K2/2B5/8/8/8 w - - 0 214
draw by insufficient material | 8/8/3k4/8/8/1B6/5K2/8 w - - 0 136
draw by insufficient material | 8/8/4N1n1/k7/8/5K2/8/8 b - - 0 165
draw by insufficient material | B7/8/2K5/8/8/8/8/5k1n w - - 0 162
draw by insufficient material | 8/2k3N1/8/8/K7/8/8/8 w - - 0 182
draw by insufficient material | 8/8/6k1/8/8/8/2K5/8 w - - 0 141
white win | 2bqk2r/1ppnpQ2/r2pP1pN/p7/2nP1P2/B1N3PB/P6P/R3K2R b KQk - 5 19
draw by insufficient material | 8/8/8/8/2K5/8/1k6/1N6 w - - 0 199
draw by insufficient material | 7N/8/2K5/8/4k3/8/8/8 w - - 0 172
draw by insufficient material | 2N5/8/k7/6n1/8/4K3/8/8 b - - 0 156
white win | 4Q1k1/5R2/7B/8/3r1n2/1b5p/5R2/1K2b3 b - - 11 76
draw by insufficient material | 8/8/8/4K3/7k/8/8/8 b - - 0 197
draw by threefold repitition | 8/2k5/8/7K/8/1p1p4/8/8 w - - 8 184
draw by insufficient material | 8/7N/8/4K3/8/8/8/2k5 w - - 0 182
draw by insufficient material | 2k5/7K/8/3b4/8/8/3B4/8 w - - 0 105
draw by insufficient material | 5k2/8/3K4/8/8/8/n7/8 b - - 0 152
draw by insufficient material | 8/8/5K2/8/5b2/8/8/6k1 w - - 0 147
white win | rn1qk1Q1/3pb3/3P1p2/ppp1R3/6Pp/2P1PN2/PPK2PbP/1N3B1R b - - 7 23
draw by insufficient material | 8/8/7k/8/3K4/8/8/8 w - - 0 228
draw by 50 move rule | 8/3N4/8/8/8/p3k1B1/P7/6K1 w - - 100 193
draw by insufficient material | 4b3/2k5/8/5K2/8/8/8/8 b - - 0 174
draw by 50 move rule | 8/8/8/4k3/3r4/8/8/5K2 b - - 100 213
draw by 50 move rule | 8/7k/8/p7/P7/2K5/8/8 b - - 100 236
draw by threefold repitition | 8/8/3P4/5K2/8/8/6k1/8 w - - 8 162
draw by insufficient material | 8/8/8/5k2/8/6K1/3N4/8 b - - 0 170
black win | q1k5/5P1b/3P3B/p1p5/1P4RN/Pbb5/2R4P/2K1r3 w - - 0 64
black win | 1nb1k3/r2pppbr/7n/PpP5/P1P1PPBp/6PP/1q5B/1K1R1NNR w - - 1 24
draw by insufficient material | 8/kb6/8/2K5/8/8/8/8 w - - 0 140
draw by insufficient material | 8/8/3k4/8/8/5K2/8/8 w - - 0 163
draw by insufficient material | 7b/8/2K5/8/8/8/8/7k b - - 0 177
black win | 8/2P3nk/1p6/P7/8/8/P5r1/1K1q4 w - - 1 75
black win | r1b1kbr1/pp2pppp/n2p4/4P3/2p1n1PP/N1P5/PP1PNq2/R1BQKB2 w Qq - 0 11
white win | 2k2Q2/7R/8/P7/2p5/8/3B4/Q2K4 b - - 1 141
draw by insufficient material | 8/8/8/8/2k5/4n3/7N/2K5 w - - 0 186
draw by stalemate | 1R6/7K/8/8/8/7Q/4Q3/6k1 b - - 0 178
draw by 50 move rule | 8/2r5/4K2n/7b/6k1/8/8/8 b - - 100 191
draw by insufficient material | 8/8/8/7k/8/3K3b/8/8 b - - 0 187
draw by insufficient material | 8/8/8/3k4/5n2/1K6/8/8 b - - 0 132
white win | 2kQ4/8/P3N3/8/1n6/8/8/5K2 b - - 5 121
draw by 50 move rule | 2K5/4R3/5P2/8/8/8/8/5k2 w - - 100 161
draw by 50 move rule | 8/8/8/8/1k6/8/8/1K3Q2 w - - 100 236
draw by insufficient material | 3k4/8/6K1/8/8/8/8/8 b - - 0 213
draw by insufficient material | 3K4/8/8/1k6/8/8/4n3/8 w - - 0 139
black win | 8/r2bk3/3q4/1P2K2p/4P3/2R2N2/5P2/Q5N1 w - - 1 55
draw by insufficient material | 8/8/8/5k2/2K5/8/8/6B1 w - - 0 208
black win | 8/8/8/k6p/r6n/3pn2K/4N1q1/8 w - - 12 105
draw by insufficient material | 6K1/8/8/5k2/8/8/8/8 b - - 0 279
draw by insufficient material | 6k1/3b4/8/8/4K3/8/8/8 b - - 0 230
draw by insufficient material | 8/8/8/1k6/8/3K4/8/8 w - - 0 158
draw by insufficient material | k7/8/8/8/8/5K2/8/8 w - - 0 163
draw by insufficient material | 8/8/8/2K5/7k/8/8/8 w - - 0 256
black win | 6n1/2k4r/7P/3PP3/8/2r3p1/Rn6/3qK3 w - - 8 81
draw by 50 move rule | 1B6/8/4r3/5k2/3K4/8/8/8 b - - 100 186
white win | 7R/2R5/8/5N2/5rp1/7k/8/6K1 b - - 0 145
draw by insufficient material | 8/3k4/5K2/6N1/8/8/8/8 w - - 0 205
white win | 1nk1R2b/2p5/2P2r1P/1p3nK1/1P2bP1P/6pN/R7/r4B2 b - - 1 56
draw by 50 move rule | 8/3N4/8/5K2/5N2/8/2k5/5B2 b - - 100 237
draw by insufficient material | 3n4/8/8/2k5/6K1/8/8/8 b - - 0 216
draw by insufficient material | 7k/8/2b5/2K5/6B1/8/8/8 w - - 0 144
draw by 50 move rule | 8/2K5/8/4R3/5k2/8/8/8 b - - 100 201
draw by 50 move rule | 8/5k2/6N1/8/8/8/K3N3/8 b - - 100 261
draw by insufficient material | 8/1b6/8/8/8/6K1/3k4/8 b - - 0 195
draw by insufficient material | 6b1/6k1/K7/8/8/8/8/8 w - - 0 212
draw by stalemate | 7K/8/7k/6q1/8/8/8/8 w - - 76 234
draw by 50 move rule | 7k/8/1K6/8/7n/8/r4R2/8 w - - 100 182
draw by 50 move rule | 5q2/8/4K3/8/2n5/8/8/6k1 b - - 100 271
draw by insufficient material | 1B6/1k6/8/8/8/5K2/8/8 b - - 0 182
draw by 50 move rule | 1k3B2/8/8/8/6r1/8/7K/3b4 b - - 100 244
draw by insufficient material | 8/8/k7/8/8/8/2K5/7n w - - 0 174
draw by 50 move rule | 5k2/8/8/8/8/3K4/8/4r3 w - - 100 197
draw by 50 move rule | 8/8/8/8/1K5p/5R1P/6k1/8 b - - 100 165
draw by insufficient material | 8/K7/8/8/8/1k6/8/8 b - - 0 239
draw by insufficient material | 8/8/1B6/8/8/3k4/8/5K2 b - - 0 184
draw by 50 move rule | 8/8/8/4b3/2k3K1/6R1/8/8 w - - 100 155
draw by insufficient material | 8/3k4/8/8/3K4/8/1B6/7b w - - 0 142
draw by insufficient material | 1k4B1/8/6K1/8/8/8/8/1n6 b - - 0 131
draw by insufficient material | k3B3/8/8/8/6K1/8/8/8 b - - 0 156
white win | 2k2R2/8/n2P4/2N3B1/8/1p6/1K4B1/2R5 b - - 3 93
white win | rn6/p3bp2/2B1kp1p/2R5/3N3P/5RBK/8/4q1N1 b - - 0 50
draw by 50 move rule | 3R4/8/5k2/8/8/p2K4/P7/8 w - - 100 228
white win | 1N6/8/8/8/P4K2/7k/1b6/7Q b - - 12 109
draw by insufficient material | 8/8/8/8/1k6/7K/8/8 w - - 0 234
draw by insufficient material | 8/5K2/8/8/8/8/8/4k3 w - - 0 305
draw by insufficient material | 1k6/8/8/8/3n1N2/7K/8/8 b - - 0 204
draw by insufficient material | 8/8/5k2/8/8/3K4/8/8 w - - 0 195
draw by insufficient material | 3k4/3B4/8/8/8/5K2/8/8 b - - 0 163
draw by insufficient material | 8/8/8/8/2k5/6K1/8/2n5 b - - 0 197
draw by 50 move rule | 8/5r2/p1k5/P5K1/P7/8/8/8 w - - 100 143
draw by insufficient material | 8/3n4/5K2/8/8/8/8/3k4 w - - 0 205
draw by insufficient material | 8/8/8/8/k7/8/3K4/8 b - - 0 153
draw by insufficient material | 1n6/8/8/8/1k6/3BK3/8/8 b - - 0 189
draw by 50 move rule | 4k3/8/8/6p1/6P1/8/3K4/8 w - - 100 181
draw by insufficient material | k7/6K1/8/8/8/8/8/1n6 w - - 0 244
draw by insufficient material | 8/7k/8/3K4/8/8/8/8 w - - 0 157
draw by 50 move rule | 8/8/1B1k2p1/6P1/3K4/2n5/8/8 w - - 100 163
draw by 50 move rule | 7n/2n5/8/8/8/k2b4/8/6K1 w - - 100 181
draw by insufficient material | 8/NK6/4k3/8/8/8/8/8 b - - 0 123
draw by 50 move rule | 8/8/8/7p/7P/k7/7K/8 b - - 100 216
draw by insufficient material | 7k/8/1K6/8/8/8/8/8 b - - 0 185
white win | 3nkb1r/rpNbpp1p/p7/5Pp1/P1P3PP/2RP4/3BNn2/4KB1R b k - 10 25
white win | rnb3n1/1pk2N2/p2Q2p1/P1p1pp1r/4P1Pp/2PK4/R2P3P/1NBB3R b - - 0 32
draw by insufficient material | 8/5k2/8/8/4B3/8/K7/8 w - - 0 138
draw by 50 move rule | 8/p7/P7/5K2/8/8/8/6k1 b - - 100 243
draw by insufficient material | 6k1/7b/5K2/8/8/5B2/8/8 b - - 0 130
draw by insufficient material | 8/2k5/8/8/8/3K4/8/8 w - - 0 133
draw by insufficient material | 8/8/8/8/6n1/8/1K6/4k3 b - - 0 182
black win | 3k4/1r6/6b1/8/8/2p5/7B/2K1q3 w - - 0 128
draw by 50 move rule | 8/8/3R4/4K3/8/7k/8/8 w - - 100 322
white win | 1nQ1kbn1/4p3/r1pp3r/pp4N1/8/R2BP3/qP1N1PpP/5RK1 b - - 0 28
draw by insufficient material | 8/2k5/8/8/1N4K1/8/8/8 b - - 0 159
white win | rnbqkb2/1p1pp3/1P4Q1/p1p3P1/7p/P1BBn3/2PP1P1R/RN2K1N1 b Qq - 2 17
white win | 5k1R/8/Pb3Pp1/1P2p3/p1B3p1/3r2P1/2N3K1/1q6 b - - 0 75
draw by 50 move rule | 2K5/8/8/4k3/8/5q2/8/8 w - - 100 237
white win | 1N6/8/B7/6Qk/3q4/8/4K3/6R1 b - - 4 133
draw by insufficient material | 8/8/3K4/8/8/1k6/8/8 w - - 0 245
draw by insufficient material | 8/8/8/8/1k6/8/7K/8 w - - 0 242
draw by insufficient material | 8/3k4/8/8/8/4n2K/8/8 b - - 0 147
draw by insufficient material | 5k2/2K5/8/8/8/8/7B/5b2 w - - 0 199
draw by insufficient material | 8/6k1/2N5/8/4K3/8/8/b7 w - - 0 141
draw by 50 move rule | 8/8/1p6/1P6/8/4K3/2k5/8 w - - 100 136
draw by insufficient material | 6k1/8/3K4/8/8/8/8/8 w - - 0 182
draw by 50 move rule | 8/3k4/8/6p1/6P1/8/8/4K3 w - - 100 270
black win | 5B2/3k4/p7/7p/p6n/1N6/6q1/6K1 w - - 4 86
draw by insufficient material | 8/8/8/6B1/k5K1/2b5/8/8 w - - 0 238
draw by insufficient material | 8/8/8/6k1/8/4BK2/8/3n4 b - - 0 147
white win | rn1Q2nr/1p2p1b1/p4kbp/5p2/P1B2P2/4K3/1B1NN3/R7 b - - 4 44
draw by threefold repitition | 1K6/8/6p1/k5P1/8/8/8/8 w - - 14 170
draw by insufficient material | 8/8/7k/8/K7/8/8/8 w - - 0 149
draw by 50 move rule | 8/6b1/8/2k5/4n3/7K/2B2N2/8 w - - 100 187
draw by insufficient material | 8/8/8/4K3/8/b7/4k3/8 b - - 0 234
draw by insufficient material | 8/8/2b5/8/5k2/2K5/8/4B3 w - - 0 183
draw by insufficient material | 8/8/7N/8/3k4/8/6K1/8 b - - 0 174
draw by insufficient material | 8/8/8/8/8/8/2K5/5k2 b - - 0 182
draw by insufficient material | 8/1k6/8/8/8/3K4/8/8 w - - 0 197
draw by 50 move rule | 4N3/7k/8/1p6/1P6/8/8/3K4 w - - 100 194
draw by stalemate | 7K/5k2/5n2/8/p7/P7/8/8 w - - 36 163
black win | 4k3/1P3p2/4B1r1/p3p3/P2pP3/2N4p/7R/5r1K w - - 1 65
draw by stalemate | 8/8/3K4/8/2N5/2N5/8/k4N2 b - - 78 191
draw by 50 move rule | B7/8/8/2Q5/K7/8/8/3k4 b - - 100 220
draw by insufficient material | 8/8/8/K7/5k2/8/8/5N2 w - - 0 241
draw by insufficient material | 8/8/8/k7/8/2K5/b7/8 b - - 0 207
draw by 50 move rule | 8/2k2K2/8/7p/7P/2n5/8/8 w - - 100 162
draw by insufficient material | 8/8/8/1k1N4/5K2/8/8/8 b - - 0 261
draw by insufficient material | 6B1/K7/8/8/3k4/2b5/8/8 b - - 0 166
draw by 50 move rule | 8/8/3R1k2/8/8/8/8/1K6 b - - 100 197
draw by 50 move rule | 8/5b2/4k3/8/K7/8/7q/8 b - - 100 166
draw by insufficient material | 3k4/8/8/8/6K1/8/8/8 b - - 0 190
draw by threefold repitition | 8/p7/P7/8/2K5/8/5k2/8 w - - 56 161
draw by insufficient material | 8/8/8/4N3/8/8/2k4K/8 w - - 0 246
draw by 50 move rule | 1k6/8/8/7p/7P/8/1K6/8 w - - 100 230
draw by 50 move rule | 4k3/3n4/8/7p/7P/8/5K2/8 w - - 100 171
draw by stalemate | 3k4/5r2/8/8/8/6q1/8/7K w - - 79 192
draw by insufficient material | 8/8/8/5K2/n2k4/6B1/8/8 w - - 0 151
draw by insufficient material | 8/3k4/8/8/7K/1n6/8/8 b - - 0 168
draw by 50 move rule | k7/8/8/q7/8/8/2K5/1r6 w - - 100 215
draw by 50 move rule | 5k2/8/8/n7/8/6b1/8/6K1 b - - 100 158
draw by insufficient material | 6K1/8/8/7k/8/8/8/8 b - - 0 117
draw by stalemate | 1K6/r7/8/2q1k3/8/7p/8/8 w - - 40 153
draw by insufficient material | 5B2/4k3/2K5/8/8/8/8/8 b - - 0 176
draw by insufficient material | 8/6k1/8/b7/8/7K/8/3B4 b - - 0 151
draw by 50 move rule | 8/7k/8/8/8/R7/6K1/2n5 w - - 100 229
white win | 6Qk/8/3b4/r1p1p3/p6r/BPPK3N/R2P2R1/8 b - - 1 61
white win | 8/5B2/4p1Qk/n3P1p1/4P1b1/P1P1qN2/8/1KB3q1 b - - 1 43
draw by insufficient material | 8/8/4b3/2k1K3/8/8/8/8 b - - 0 155
draw by insufficient material | 4k3/8/2K5/8/8/8/8/n7 w - - 0 150
draw by stalemate | 7r/6n1/8/1k3p2/8/8/1r4p1/6K1 w - - 0 100
draw by insufficient material | 4B1k1/8/8/8/5K2/8/8/8 w - - 0 201
draw by 50 move rule | k7/6n1/4R3/b7/8/8/1K6/8 w - - 100 213
draw by insufficient material | 8/8/3k4/8/8/8/K7/8 b - - 0 205
black win | 2r1r3/8/1p1k1pNb/2n3pp/2PK3P/3Pn3/1q2P1PN/R4BR1 w - - 2 36
draw by 50 move rule | 6b1/2B5/8/3k3p/3N1n1P/4K3/8/8 w - - 100 123
draw by insufficient material | 7N/8/8/8/6K1/8/7k/8 b - - 0 190
draw by 50 move rule | 3R4/4k3/7K/8/8/8/8/8 b - - 100 214
black win | N3B3/p3n3/3P3b/3kn3/2rp1p1P/3Kpb2/1q1P1P1P/2B1R2R w - - 2 41
draw by threefold repitition | 8/8/8/2k5/p7/P6K/8/8 b - - 90 158
draw by insufficient material | 8/8/8/8/5k2/8/3K4/8 b - - 0 156
draw by insufficient material | 8/8/K7/8/3k4/8/B7/8 b - - 0 156
black win | 8/1R6/N7/P7/6P1/4N1nk/R6p/7K w - - 6 117
white win | 5rk1/2P2R1Q/8/p6p/p1bp3P/5P1p/5K1B/7B b - - 1 76
draw by insufficient material | 8/8/8/1k6/8/8/8/3K4 b - - 0 158
draw by insufficient material | 8/2k5/2B5/8/8/7n/7K/8 b - - 0 137
draw by stalemate | 8/8/8/4B3/6K1/8/5Q2/7k b - - 58 180
draw by 50 move rule | 8/8/8/1K3k2/8/8/6N1/7N w - - 100 245
draw by insufficient material | 8/k7/8/8/6K1/8/6b1/8 b - - 0 220
draw by insufficient material | 8/8/2Nk4/8/3b4/8/3K4/8 b - - 0 107
white win | 5bn1/6pr/6Qk/1b6/1P2Bp2/p3p2P/4P3/3KBr2 b - - 3 58
draw by insufficient material | 8/1b6/7k/8/5N2/6K1/8/8 w - - 0 141
draw by insufficient material | 8/8/8/4k3/8/7n/8/4K3 w - - 0 151
draw by insufficient material | 4B3/8/3k4/8/5K2/8/8/8 w - - 0 246
draw by insufficient material | 8/4N3/8/8/8/8/7k/3K2b1 w - - 0 247
draw by 50 move rule | 3K4/8/8/8/3B1N2/n5k1/8/8 b - - 100 155
draw by insufficient material | 8/5k2/8/8/K7/8/8/8 b - - 0 191
draw by 50 move rule | 8/5K2/3k4/8/7b/1R6/8/8 w - - 100 222
white win | 8/n4B2/4N2k/Q4K2/Pp6/7R/R7/2n5 b - - 12 103
draw by 50 move rule | 8/8/K7/7p/7P/3k4/8/8 w - - 100 183
draw by insufficient material | 8/8/1N4k1/8/1K6/3b4/8/8 b - - 0 162
draw by insufficient material | 1k6/4K3/8/8/8/8/8/8 b - - 0 220
draw by insufficient material | 8/1k4K1/8/8/8/8/8/8 w - - 0 245
draw by insufficient material | 8/8/2k1K3/8/8/8/8/8 w - - 0 239
draw by insufficient material | 8/8/5k2/8/8/2b1K3/8/8 w - - 0 152
draw by insufficient material | 5n2/8/8/k6K/8/8/8/8 b - - 0 155
draw by insufficient material | 3k4/8/8/8/8/8/8/3K4 w - - 0 184
draw by insufficient material | 5B1k/8/8/8/K6n/8/8/8 b - - 0 149
draw by insufficient material | 8/8/8/8/4k3/8/8/6K1 w - - 0 198
draw by insufficient material | 1N6/8/8/6K1/8/8/8/2k5 w - - 0 239
black win | b1k5/2q3P1/4R3/p1p5/P7/4B1Rp/7K/7r w - - 20 93
draw by insufficient material | 8/8/8/B7/k7/8/K7/8 b - - 0 127
white win | 5q1r/r3n2p/4bbp1/1pk1NBp1/pN1Q4/4PP2/P1P3PP/1R1K1R2 b - - 0 35
draw by insufficient material | 7k/8/8/6K1/8/8/8/8 w - - 0 231
draw by threefold repitition | 8/2K5/8/5k2/p7/P7/8/8 w - - 85 230
draw by 50 move rule | 8/8/8/8/1k6/7R/8/K7 b - - 100 215
draw by insufficient material | 3n1k2/8/8/1K6/8/8/8/8 w - - 0 192
draw by insufficient material | 8/K1k5/8/8/8/8/8/2b5 w - - 0 137
draw by insufficient material | 8/5b2/8/4K3/7k/8/8/8 b - - 0 162
draw by insufficient material | 8/N7/7K/8/8/8/2b5/k7 b - - 0 133
draw by 50 move rule | 7K/8/3B4/8/8/4Q3/2k5/8 b - - 100 212
white win | 2Q1kbnr/3p4/ppP1P1p1/4R2p/6pB/1Pp2P1P/8/1B3K2 b - - 0 44
draw by insufficient material | 2b5/8/2k5/8/K7/8/8/8 b - - 0 224
draw by insufficient material | 8/5k2/1B6/8/1n6/K7/8/8 b - - 0 166
draw by insufficient material | 8/8/8/3K3k/8/8/8/8 b - - 0 233
draw by insufficient material | 8/8/8/8/8/8/7k/3K4 w - - 0 186
draw by stalemate | 2n5/2k5/1b5r/3K4/4r3/6b1/8/1b4b1 w - - 12 153
draw by insufficient material | 8/6k1/2K5/8/8/8/7N/8 w - - 0 150
draw by 50 move rule | 8/7N/8/1rK5/8/8/3k4/8 w - - 100 226
draw by 50 move rule | 8/8/6K1/8/8/2k5/5r2/8 w - - 100 157
black win | 3n4/1R6/2rp2k1/1p6/1P6/2nPpR2/1q1N1b2/3K1B2 w - - 2 55
white win | 3Q1k1b/1N3r2/7P/2p3BK/8/P1p3P1/5R2/8 b - - 0 75
draw by insufficient material | 8/8/8/8/8/k7/2K5/4n3 w - - 0 170
draw by 50 move rule | 8/1p6/1P6/8/5K2/7k/8/8 b - - 100 172
draw by stalemate | 8/8/8/8/8/8/3q3k/5K2 w - - 94 255
draw by insufficient material | 8/1k6/8/8/8/5K2/4n3/8 b - - 0 181
draw by insufficient material | 8/8/5N2/8/3k4/7K/8/8 w - - 0 171
draw by insufficient material | 8/8/8/8/5k2/2B5/2K5/3b4 w - - 0 221
black win | 8/8/5kN1/6qK/2p5/8/7R/8 w - - 62 151
draw by insufficient material | 2K5/8/8/8/8/8/3kB3/8 w - - 0 182
black win | 1k1b3B/3b4/K3r3/8/P2p1p2/1n3P2/8/8 w - - 9 91
draw by 50 move rule | 8/4k3/3R4/8/8/8/8/5K2 w - - 100 212
draw by insufficient material | 8/8/4k1K1/8/8/8/8/3B4 w - - 0 194
draw by insufficient material | 8/6k1/8/8/8/8/8/2B4K w - - 0 170
draw by insufficient material | 8/8/8/8/3k4/6K1/8/8 b - - 0 213
draw by threefold repitition | 2k5/4K3/3p4/1p1P4/pPp5/P1r5/8/8 w - - 14 112
draw by insufficient material | 8/8/8/2k3K1/8/1bB5/8/8 b - - 0 242
draw by insufficient material | 2k5/8/1n6/8/4K3/8/8/8 b - - 0 230
draw by 50 move rule | 8/3K4/8/8/8/3r4/6k1/8 w - - 100 145
black win | N5B1/4k3/2n5/b4pNp/R3pP1P/3rK3/P5r1/Q7 w - - 3 61
draw by insufficient material | 8/8/8/4k3/8/8/3K4/6b1 w - - 0 124
draw by insufficient material | 8/8/6k1/8/8/6K1/3n4/8 w - - 0 192
draw by insufficient material | 8/5B2/7K/8/8/8/3k4/8 w - - 0 184
draw by insufficient material | 8/8/8/5K2/5n2/8/8/6k1 b - - 0 171
draw by insufficient material | 7B/8/2k5/8/8/8/4K3/8 b - - 0 201
draw by insufficient material | 8/8/8/8/8/2K4k/8/7b w - - 0 263
draw by insufficient material | 8/8/8/8/5K2/8/2k5/8 w - - 0 238
draw by stalemate | 8/8/8/3q4/5K2/3k4/8/6r1 w - - 20 150
draw by 50 move rule | 8/3k4/8/2n5/4b3/7K/8/8 w - - 100 273
black win | r1b2bn1/q3pkpr/p7/1P1pP3/1n3PP1/PP3K2/5q1P/2R3N1 w - - 6 31
draw by 50 move rule | 2K5/6k1/8/8/7r/8/8/6b1 b - - 100 195
draw by insufficient material | 8/B7/8/8/1k6/8/8/3K4 w - - 0 171
black win | 1n3br1/p1k2p2/r1p5/3pPp1p/PP1p2n1/2P5/2Q2PP1/R1B1q1K1 w - - 0 32
draw by 50 move rule | 8/1k6/8/8/8/4qK2/8/8 w - - 100 238
draw by 50 move rule | 8/8/2n5/2n3R1/8/K7/8/7k w - - 100 182
draw by 50 move rule | 5r2/8/1k6/7K/8/8/8/7b w - - 100 216
draw by 50 move rule | 5K2/8/3r4/8/8/8/8/3k4 w - - 100 250
draw by insufficient material | 8/4k3/8/8/8/4K3/8/7n b - - 0 155
draw by insufficient material | 1k3N2/8/8/8/8/8/4K3/8 w - - 0 162
black win | 2b1k2r/2pp1p1p/1b3np1/1P2p3/p1P1PP2/P2B2P1/R2q4/BN3K1r w k - 1 26
draw by insufficient material | 8/8/6k1/8/3K4/8/8/8 b - - 0 224
draw by 50 move rule | 8/8/4K3/8/8/1k6/8/r7 w - - 100 246
draw by insufficient material | 7N/8/8/5K2/1k6/n7/8/8 w - - 0 179
draw by insufficient material | 4K3/8/8/8/8/b7/k7/8 w - - 0 164
draw by stalemate | 3k4/8/8/2r5/6n1/7p/3K4/5q2 w - - 0 111
draw by 50 move rule | 6K1/4B3/8/8/8/1k2r3/8/1B6 b - - 100 186
draw by 50 move rule | 4k3/7B/8/K7/8/8/8/4r3 b - - 100 166
draw by insufficient material | 7K/1N6/7k/8/8/8/8/8 w - - 0 168
black win | 8/q3B2k/6p1/3p2P1/5p1N/p1n5/8/3rK3 w - - 2 75
draw by insufficient material | 8/5B2/7k/6n1/8/8/8/2K5 b - - 0 130
draw by insufficient material | 1k6/3B4/1K6/8/8/8/3n4/8 b - - 0 130
draw by 50 move rule | 3k4/8/8/8/8/2K5/r7/8 b - - 100 265
draw by 50 move rule | 8/2k5/8/8/2b5/5K2/7R/1r6 w - - 100 155
draw by insufficient material | 8/8/8/1K6/8/3b4/8/3k4 w - - 0 189
draw by 50 move rule | 8/2K5/8/5n2/p7/P7/8/k7 b - - 100 224
white win | 7Q/N7/7k/5K2/R7/8/8/8 b - - 14 337
draw by insufficient material | 8/8/6k1/8/8/8/3K4/8 b - - 0 192
draw by 50 move rule | 8/3b1n2/K7/8/8/8/1k6/8 w - - 100 200
draw by 50 move rule | 8/8/p5K1/P7/8/8/8/1k6 b - - 100 242
draw by 50 move rule | N1R5/8/1K6/8/8/8/8/k7 b - - 100 227
draw by insufficient material | 8/8/K7/2k5/2b5/8/8/8 w - - 0 166
draw by insufficient material | 1k6/8/8/4K3/8/8/8/8 w - - 0 270
draw by insufficient material | 6k1/8/8/2B5/8/8/8/3K4 b - - 0 165
draw by 50 move rule | 4r3/8/8/8/6K1/8/8/4k3 b - - 100 188
white win | Q3k3/Q6p/3p1p1P/4p3/4P3/2NP1K2/2P1N1r1/8 b - - 0 53
draw by 50 move rule | 8/8/2K2n2/5k2/1b6/6n1/8/8 w - - 100 222
draw by insufficient material | 8/8/4k3/8/8/8/8/6K1 w - - 0 136
draw by insufficient material | 4kn2/8/1N6/5K2/8/8/8/8 w - - 0 158
draw by insufficient material | 8/8/2K5/8/8/4k3/8/1B6 w - - 0 165
draw by stalemate | 8/7R/2k1B3/4P3/N1K1P3/8/8/8 b - - 0 86
draw by insufficient material | 8/8/4k3/8/1b6/8/8/6K1 w - - 0 126
draw by insufficient material | 8/8/8/2K5/8/8/2k5/8 w - - 0 188
draw by insufficient material | 8/8/8/4k3/8/8/5K2/8 w - - 0 226
black win | 3R4/1k6/3P4/pK3rbp/7r/8/8/8 w - - 1 102
draw by insufficient material | 1N6/8/8/8/2k5/8/8/2K5 b - - 0 139
draw by insufficient material | B7/4k3/8/1n6/8/8/8/5K2 b - - 0 142
draw by insufficient material | 7B/3k4/1K2n3/8/8/8/8/8 b - - 0 157
draw by stalemate | 8/k7/6b1/8/p7/Pr1p4/K7/6r1 w - - 0 122
draw by insufficient material | 8/5K2/8/8/8/8/8/4k3 b - - 0 189
draw by threefold repitition | 8/7p/7p/7P/8/6K1/3k4/8 b - - 84 198
draw by stalemate | 5Q2/7k/4R3/2P5/8/5P2/8/5K2 b - - 8 171
draw by stalemate | k1b5/8/6q1/8/7K/8/8/8 w - - 56 169
white win | 5Q1k/8/8/4b3/8/3B3P/8/1K6 b - - 11 140
draw by insufficient material | 8/8/8/8/1K6/8/k7/8 w - - 0 215
draw by insufficient material | B1K5/8/6k1/8/8/8/8/8 b - - 0 162
draw by 50 move rule | 5k2/8/3K4/8/1N4R1/8/8/8 b - - 100 241
draw by stalemate | 7k/8/8/p7/P1p5/K7/5r2/8 w - - 22 119
black win | 4bB1R/5k2/1b2p3/1p1p4/P4PP1/8/nr2p3/3rK2R w - - 0 67
draw by insufficient material | 3k4/8/8/K7/8/b7/8/7B b - - 0 132
draw by 50 move rule | 8/1K6/8/1k6/8/8/R7/8 w - - 100 260
draw by insufficient material | 8/2k5/8/8/4K3/8/8/7N w - - 0 185
black win | 8/8/5N2/8/8/3P2k1/8/2r4K w - - 8 118
draw by insufficient material | 4k3/8/2n5/8/8/6K1/8/B7 b - - 0 133
black win | 8/8/r7/Kbk5/8/6p1/4B3/8 w - - 1 143
draw by threefold repitition | 8/8/7p/7P/8/3k4/K7/8 b - - 47 205
draw by insufficient material | K7/8/8/8/8/8/6k1/8 w - - 0 187
draw by insufficient material | 3n4/8/3k4/8/2K5/8/8/8 b - - 0 131
draw by 50 move rule | 2K5/8/8/3n4/p3k3/8/1r6/b7 w - - 100 235
draw by insufficient material | 3k4/4b2K/8/8/8/8/8/8 b - - 0 167
draw by 50 move rule | 8/4K3/7r/8/7N/8/1k6/8 w - - 100 197
draw by threefold repitition | 8/8/p7/P5k1/8/8/3K4/8 b - - 61 165
draw by 50 move rule | 4k3/8/8/p7/P6p/7P/5K2/8 b - - 100 137
draw by insufficient material | 8/8/8/8/4k3/6K1/8/6b1 b - - 0 232
draw by insufficient material | 7k/8/2n3K1/8/8/B7/8/8 w - - 0 128
draw by stalemate | 8/7k/4Q3/8/3B4/8/6K1/8 b - - 7 170
draw by insufficient material | 8/8/8/8/8/5b2/1K6/5k2 b - - 0 179
draw by insufficient material | 6N1/8/4k3/1K6/3b4/8/8/8 b - - 0 102
draw by insufficient material | 1k6/8/6B1/8/8/2b5/5K2/8 w - - 0 203
draw by insufficient material | 8/8/6k1/8/8/1N1K4/8/8 w - - 0 160
white win | 3r2kr/4nQ2/p1p3P1/1p6/1q1PP1N1/BPR3PB/P3N3/4K3 b - - 3 47
draw by stalemate | 8/8/8/5k2/6n1/5p2/8/1b1r2bK w - - 0 135
draw by insufficient material | 8/8/2K5/8/8/8/6k1/8 w - - 0 105
draw by insufficient material | 8/8/1K6/8/8/8/8/4k1b1 w - - 0 187
draw by insufficient material | n7/8/8/8/k1K5/8/8/8 b - - 0 178
draw by 50 move rule | 8/4K3/1k4q1/8/8/8/8/8 w - - 100 312
white win | k4R2/2R5/7P/8/1P3Pp1/6P1/8/1K1N4 b - - 4 111
draw by insufficient material | 6k1/8/8/2n5/8/3K1N2/8/8 w - - 0 140
draw by threefold repitition | 8/3k4/8/7p/7P/8/8/4K3 b - - 50 201
draw by insufficient material | 8/k7/8/8/2B5/8/7K/8 w - - 0 180
draw by insufficient material | 8/8/8/8/8/3k4/7n/2K5 b - - 0 143
draw by insufficient material | 1k6/8/3K4/5b2/8/3B4/8/8 w - - 0 206
draw by threefold repitition | 8/1k6/8/5R2/8/4K3/8/8 w - - 34 164
draw by insufficient material | 8/8/8/7k/8/8/1K6/8 w - - 0 265
draw by insufficient material | 5K2/8/8/8/8/8/8/4k3 w - - 0 200
draw by insufficient material | 8/8/2n5/8/8/8/5K2/k7 w - - 0 203
draw by 50 move rule | 8/8/7p/7P/8/k7/1N6/2K2B2 b - - 100 241
draw by 50 move rule | 8/7R/4k3/6K1/8/8/8/8 b - - 100 183
draw by stalemate | 2k1K3/1R2R3/8/8/8/8/8/5B2 b - - 14 122
draw by insufficient material | 8/1k6/5b2/8/8/6B1/8/2K5 w - - 0 117
draw by insufficient material | 7k/2K5/8/8/8/8/8/8 b - - 0 145
draw by insufficient material | 1k3b2/5N2/8/8/8/8/3K4/8 b - - 0 133
draw by insufficient material | 8/8/5k2/8/8/8/1N6/3K4 w - - 0 159
draw by insufficient material | 6K1/k7/8/8/8/8/8/8 b - - 0 294
draw by insufficient material | 6K1/8/8/8/b7/8/8/6k1 w - - 0 171
draw by insufficient material | 8/1K6/3k4/8/7B/8/8/8 b - - 0 205
draw by 50 move rule | 8/8/Kb3kB1/2b5/6B1/8/8/8 b - - 100 172
draw by insufficient material | 8/3k4/8/8/6K1/8/8/8 w - - 0 151
white win | Q7/8/8/k7/8/8/8/1R3K2 b - - 76 197
draw by insufficient material | 7k/8/1n6/8/5K2/8/8/8 b - - 0 244
draw by insufficient material | 6K1/8/1k6/8/8/5n2/8/5N2 b - - 0 168
draw by 50 move rule | 8/8/8/8/R5k1/8/7K/8 b - - 100 232
black win | 2R5/5k2/1p6/7q/8/4p3/1R6/4K1q1 w - - 0 119
draw by 50 move rule | 8/2K2k2/p7/p5n1/P7/8/8/6r1 b - - 100 161
draw by 50 move rule | 4k3/8/8/4n3/1K6/5R2/8/8 b - - 100 181
draw by insufficient material | 8/1n6/k5K1/8/8/8/8/8 b - - 0 173
draw by insufficient material | 8/5B2/8/8/8/7n/1k6/3K4 b - - 0 125
draw by insufficient material | 4k3/6K1/8/8/8/8/8/b7 w - - 0 162
draw by 50 move rule | 8/n1k5/8/3b4/8/8/5K2/8 w - - 100 200
draw by insufficient material | 8/4K3/8/3b4/8/8/1k6/8 w - - 0 181
white win | 2Q5/1Qp2N1r/2k2n1p/p1P2Pp1/P1K2bB1/3P3P/1P6/R1B5 b - - 5 43
draw by insufficient material | 3k4/8/8/3K4/8/8/8/8 w - - 0 208
white win | 6Q1/8/7k/6Q1/8/7K/8/8 b - - 0 157
draw by 50 move rule | 6R1/8/8/4K3/4Q3/2k5/8/8 b - - 100 206
draw by 50 move rule | 8/8/8/R7/1k2K3/8/8/8 w - - 100 202
draw by stalemate | 5k2/8/1P3P2/7p/2B4P/4QK1B/2P1PB2/1R6 b - - 30 80
draw by insufficient material | 8/8/8/3k2K1/8/8/8/7n b - - 0 173
draw by 50 move rule | 8/8/8/4K3/6R1/8/4k3/n7 b - - 100 227
draw by 50 move rule | k7/8/1r6/8/8/8/8/5K2 w - - 100 223
white win | k3R3/8/K7/8/8/8/8/8 b - - 60 205
draw by 50 move rule | 8/8/4k3/8/8/6R1/8/4K3 w - - 100 226
draw by insufficient material | 8/8/8/8/k7/8/8/3K4 w - - 0 238
draw by insufficient material | 8/8/8/8/8/8/7K/1k6 w - - 0 240
draw by 50 move rule | 2k5/8/8/8/K7/8/6R1/8 b - - 100 258
black win | 8/8/P7/8/8/2pp4/7k/2K2r1n w - - 0 108
white win | r1b1Q3/p3k1r1/2pN4/PpP1B1R1/1B6/1P4pp/3nPNBP/R3K3 b Q - 3 34
draw by stalemate | 8/2K5/4Q3/Q4P2/3k1P2/8/5NR1/8 b - - 1 176
draw by stalemate | 2k1r3/8/8/2p3n1/p1pbb3/P7/K7/8 w - - 0 92
draw by insufficient material | 5k2/7K/8/8/8/8/8/1B6 w - - 0 190
draw by insufficient material | 1K6/7k/8/8/8/3b4/8/8 b - - 0 221
draw by stalemate | 8/8/6B1/8/7R/2Q5/k3K3/3R4 b - - 0 146
white win | Q2k4/1K6/3PB3/6P1/8/8/4n3/5B2 b - - 0 107
draw by 50 move rule | 8/8/8/8/3k2p1/6P1/6K1/8 b - - 100 223
draw by insufficient material | 8/3K4/8/4k3/8/8/8/8 b - - 0 216
draw by insufficient material | 8/8/3k2BK/8/8/8/8/8 w - - 0 195
draw by 50 move rule | 1q6/8/5p2/1K5k/8/b7/8/8 w - - 100 191
draw by insufficient material | 8/7K/1B6/8/8/8/1k6/8 w - - 0 157
draw by insufficient material | 8/8/7k/8/8/5K2/8/1b6 b - - 0 215
draw by insufficient material | 8/8/2n4K/k7/8/8/8/8 w - - 0 176
draw by 50 move rule | 8/2r5/8/8/1B6/7k/3K4/8 w - - 100 201
draw by insufficient material | 8/5b2/8/4k3/8/8/5K2/8 b - - 0 182
draw by insufficient material | 8/8/1k6/8/8/K7/8/7b b - - 0 207
draw by 50 move rule | 7R/8/8/8/5k2/B7/2K5/8 b - - 100 186
draw by insufficient material | 8/8/8/6k1/2B5/K7/8/8 w - - 0 225
draw by insufficient material | 8/8/1k6/8/4n3/8/8/7K b - - 0 170
black win | 1n5r/2Nk3p/8/2bN1pp1/R1P1p1B1/Pb2KP2/r3P3/2n5 w - - 7 47
draw by insufficient material | 8/8/8/8/3k4/8/3K4/8 b - - 0 138
white win | b3n1r1/p7/Pp1rpp1p/1k4Bp/1b1Np3/Q1R1P3/n1PK1PPR/5B2 b - - 3 35
draw by 50 move rule | 8/7q/2k5/8/8/8/1K6/8 w - - 100 222
draw by insufficient material | 8/6k1/1b6/8/8/8/K7/8 w - - 0 175
draw by 50 move rule | 8/8/8/p7/P7/1K6/3kN3/8 w - - 100 253
draw by insufficient material | 8/8/8/8/1K6/3k4/8/n7 w - - 0 136
draw by insufficient material | 6K1/8/8/5k2/8/8/8/b7 w - - 0 183
draw by 50 move rule | 6R1/8/1kN5/8/8/K7/8/8 b - - 100 249
white win | 2r5/6b1/5p1n/1qpbp1p1/P2k2P1/3P1P2/3KN3/R1B2r2 b - - 6 39
draw by insufficient material | 2k5/2b5/8/8/8/1K6/8/8 b - - 0 217
draw by insufficient material | 8/8/8/2b5/8/4k3/1K6/8 b - - 0 201
draw by insufficient material | 8/8/2k5/8/1n6/8/8/2K5 b - - 0 193
draw by stalemate | 2B4k/8/8/5B2/8/K7/8/6R1 b - - 90 226
draw by 50 move rule | 8/8/7p/7P/4K3/6B1/8/1k6 b - - 100 162
draw by 50 move rule | 8/8/p4K2/P7/1k6/8/8/8 w - - 100 214
draw by insufficient material | 2n5/8/8/1k6/8/8/2K5/8 b - - 0 163
draw by 50 move rule | 8/7p/6pP/6P1/8/1k6/3K4/4R3 w - - 100 230
draw by insufficient material | k5K1/8/8/8/8/8/8/8 b - - 0 173
draw by stalemate | N6k/3R4/8/5P2/8/4K3/6R1/8 b - - 0 97
draw by insufficient material | 8/8/6k1/8/8/5K2/8/8 b - - 0 156
draw by threefold repitition | 8/8/7k/1K6/4Q3/8/7B/8 w - - 69 203
white win | 5Q1k/8/1r2N1P1/5n1p/7P/8/2p3b1/4K2B b - - 13 112
draw by insufficient material | 8/1k6/4n3/8/8/6K1/8/8 b - - 0 167
black win | 1n6/8/b2n4/2p4p/1p6/6k1/8/4r2K w - - 6 89
white win | r1R5/3Q2b1/p2k4/PB4P1/2p5/5N1p/2PBPq1P/5R1K b - - 4 44
draw by insufficient material | 8/8/8/1K6/8/B7/4k3/8 w - - 0 184
draw by threefold repitition | 8/8/8/p7/P2k4/6K1/8/8 w - - 60 152
draw by insufficient material | 2b5/8/1k6/4K3/8/8/8/8 b - - 0 157
draw by insufficient material | 8/8/1k3B2/8/3K4/8/8/1n6 w - - 0 153
draw by 50 move rule | 3R4/8/8/8/5B2/8/1k5K/8 w - - 100 249
draw by 50 move rule | k6R/8/8/6K1/8/8/8/8 b - - 100 205
draw by threefold repitition | 1K6/8/1k6/5p2/5P2/8/8/8 w - - 59 252
draw by 50 move rule | 2N2B2/3k2B1/8/8/8/8/8/1K6 b - - 100 213
draw by insufficient material | 8/2k5/8/8/8/1K6/8/8 w - - 0 226
draw by 50 move rule | 8/8/8/4KN2/8/8/8/1k3r2 b - - 100 202
draw by stalemate | 7k/6R1/6K1/2P2P2/2P5/2BB4/8/8 b - - 37 116
draw by insufficient material | 4K3/8/8/8/8/8/8/2k5 w - - 0 220
draw by insufficient material | 8/8/8/2k4K/8/3B4/8/8 w - - 0 222
black win | 5r2/n3k3/p1b5/BQP3q1/P2p3r/bP6/R6K/8 w - - 0 60
draw by 50 move rule | 8/8/p6K/P3k3/8/8/8/8 w - - 100 264
draw by 50 move rule | 2k5/8/8/5K2/4p3/4P3/6b1/8 w - - 100 233
draw by insufficient material | 4k3/8/8/3K4/8/8/2B5/8 w - - 0 146
draw by insufficient material | 8/8/8/8/8/4K3/2k5/6n1 w - - 0 171
draw by insufficient material | 2b5/8/8/8/4k3/8/4K3/8 w - - 0 155
draw by insufficient material | 8/8/8/4k3/8/8/8/nK6 b - - 0 135
draw by insufficient material | 8/8/3k4/1n4K1/8/8/8/8 w - - 0 155
black win | 8/7b/6k1/3p1p2/1p3P1p/2n5/8/K1q5 w - - 10 100
black win | 6k1/8/7K/8/8/3b2n1/8/2q5 w - - 66 192
black win | B1k5/4K3/5r2/4q2P/2p5/8/5b2/8 w - - 38 119
draw by 50 move rule | 8/8/6Q1/6k1/8/K1B5/8/8 b - - 100 204
draw by insufficient material | 1K6/5k2/8/8/8/8/8/7n w - - 0 224
draw by 50 move rule | 8/8/8/4k3/8/8/3r4/n2R2K1 w - - 100 204
draw by insufficient material | 1k6/8/1b6/8/8/8/2K5/8 b - - 0 161
draw by insufficient material | 8/4k3/8/5n2/8/8/8/4K3 b - - 0 170
draw by 50 move rule | 5r2/8/8/p7/P7/6k1/8/3K4 w - - 100 204
draw by 50 move rule | 8/8/3N3k/3N4/8/3K4/8/8 b - - 100 197
draw by insufficient material | N7/8/8/6k1/8/5K2/8/8 w - - 0 119
draw by 50 move rule | 8/nr6/4k3/8/8/7K/8/8 b - - 100 226
black win | 8/8/8/1R6/7p/1b4k1/8/5q1K w - - 0 127
draw by insufficient material | 8/8/2k5/6N1/8/8/1K6/8 w - - 0 193
draw by threefold repitition | 8/6p1/6P1/2K5/8/8/6k1/8 w - - 95 177
draw by threefold repitition | 8/8/8/3R4/8/7K/1k6/8 w - - 50 260
draw by insufficient material | B7/8/3K4/8/8/5k2/5b2/8 b - - 0 214
draw by insufficient material | 1k2K3/2B5/8/8/8/8/8/8 b - - 0 164
draw by insufficient material | 6k1/8/8/8/8/8/1K6/8 b - - 0 147
black win | 1r3bn1/1p1n1p2/k6r/2q3PB/p1KppPP1/P1N5/5QR1/RN5b w - - 0 31
draw by insufficient material | 8/8/8/7K/8/8/3k4/8 w - - 0 144
draw by stalemate | 8/5k2/6r1/4r3/7K/p7/5n2/8 w - - 10 129
draw by stalemate | 6R1/8/3B1K2/8/1P6/8/8/7k b - - 91 228
draw by insufficient material | 4B3/8/8/8/5k2/8/8/6K1 b - - 0 180
draw by insufficient material | 8/8/8/8/6K1/2k5/8/8 w - - 0 190
black win | 3k4/3P3K/8/1p1pP3/1p1b3r/8/8/6q1 w - - 1 85
draw by insufficient material | 4b3/8/8/4k3/7K/8/8/8 b - - 0 165
draw by insufficient material | 8/8/8/2N5/b1K5/4k3/8/8 b - - 0 218
draw by insufficient material | 8/8/3k4/8/6n1/8/8/4K3 b - - 0 230
white win | kQ4R1/8/p5P1/4p2K/2P1p1BP/8/4q3/2r5 b - - 0 86
draw by insufficient material | 8/8/8/7k/8/8/8/3n2K1 w - - 0 154
draw by insufficient material | 8/8/b7/7k/8/8/8/K7 b - - 0 210
draw by insufficient material | 8/7b/8/8/5k2/8/8/6K1 b - - 0 228
draw by insufficient material | 6k1/b7/8/8/4K3/8/8/8 b - - 0 164
draw by 50 move rule | 3R4/8/2n5/8/8/5K2/8/4k3 b - - 100 204
draw by stalemate | 8/8/8/8/6K1/8/2B3Q1/4k3 b - - 2 146
draw by stalemate | 8/4Q3/k7/1R5R/4p3/4P3/8/3K4 b - - 40 168
draw by stalemate | 6N1/8/k7/2B5/K7/8/6B1/8 b - - 36 222
black win | 2b1k3/1r6/1pn5/5pp1/p1p1n3/P1p1R1r1/1q2PP2/1NKR3B w - - 4 37
white win | 2B1kb2/3Q4/2pp1p1r/2BPp2p/6P1/1P1P2PP/P1P4R/RN2K3 b Q - 2 24
black win | K6k/q2r4/8/1B5p/7P/p7/8/8 w - - 24 115
draw by insufficient material | 8/8/8/5B2/2k5/8/8/6K1 w - - 0 154
draw by insufficient material | 6b1/8/8/8/8/4B3/8/3k3K b - - 0 142
draw by insufficient material | 8/5k2/8/5K2/8/8/8/3N4 w - - 0 152
draw by insufficient material | 8/8/8/2k5/8/5K2/8/5n2 b - - 0 216
draw by insufficient material | 1B6/8/8/3k4/3n4/8/8/4K3 b - - 0 151
draw by insufficient material | 6K1/3k4/8/8/8/8/8/8 b - - 0 217
draw by 50 move rule | 8/2K5/7k/8/8/8/q7/8 w - - 100 222
draw by 50 move rule | 3N4/8/8/8/5K2/7R/8/4k3 b - - 100 201
draw by 50 move rule | 4K3/8/8/8/1k5P/8/8/5B2 b - - 100 230
draw by insufficient material | 7N/1k6/8/8/8/8/3K4/8 w - - 0 219
white win | 6r1/1r6/2kQ2P1/4P3/2PP1B2/pp6/8/3K2R1 b - - 3 87
draw by insufficient material | k7/3K4/8/8/8/n7/8/8 b - - 0 251
draw by 50 move rule | 8/2K3k1/8/8/8/4r1n1/8/8 b - - 100 197
white win | 5K2/8/5B2/8/8/8/R7/1R4k1 b - - 24 139
draw by insufficient material | 8/8/8/8/4k3/2K5/8/6b1 w - - 0 170
draw by insufficient material | 1K6/8/8/8/8/5n2/8/3k4 w - - 0 153
white win | 6Qb/5Bk1/p3p3/PppnP3/5pp1/BP2NR2/2K2prR/8 b - - 1 56
draw by insufficient material | 8/8/8/8/8/7K/3k4/8 w - - 0 205
draw by insufficient material | 8/8/b7/8/1k6/8/8/K7 w - - 0 144
draw by insufficient material | 8/6k1/3b4/8/8/8/6K1/8 w - - 0 176
draw by insufficient material | 8/4n3/8/4k3/8/6K1/8/8 b - - 0 161
draw by insufficient material | 8/2k5/6N1/6n1/8/8/8/2K5 w - - 0 171
draw by stalemate | 6B1/1P6/7k/4K3/6R1/6N1/8/8 b - - 18 219
black win | N7/1r2k3/r7/8/K7/7n/8/8 w - - 5 109
draw by 50 move rule | K7/3k4/8/8/8/8/4Q3/8 b - - 100 188
draw by insufficient material | 8/4B3/8/8/8/3k4/K7/8 b - - 0 139
draw by 50 move rule | 5K2/8/8/8/8/8/4k3/7Q b - - 100 260
draw by 50 move rule | 4kn2/8/8/8/2n5/4b2K/8/8 w - - 100 216
draw by insufficient material | 6b1/6K1/8/8/1N6/6k1/8/8 b - - 0 150
draw by threefold repitition | 8/8/8/8/7K/8/6r1/k7 b - - 84 201
draw by insufficient material | 8/5B2/8/8/8/8/1k6/3K1n2 w - - 0 159
draw by insufficient material | 5K2/1k6/8/8/8/8/8/8 w - - 0 178
draw by 50 move rule | 8/3k4/8/7p/7P/8/b7/3K4 b - - 100 239
draw by insufficient material | 8/8/4k3/8/2K5/8/8/8 b - - 0 207
draw by insufficient material | 7n/8/8/8/1k6/8/8/K7 b - - 0 126
draw by insufficient material | 8/2kb3B/8/8/8/K7/8/8 b - - 0 120
draw by insufficient material | 3k4/8/5b2/1K6/8/8/8/8 b - - 0 128
draw by stalemate | 5R2/3k4/N7/8/1Q1N1B2/6p1/1P4K1/3N4 b - - 1 92
draw by insufficient material | 8/8/k7/8/6K1/8/8/8 w - - 0 188
draw by insufficient material | 1K6/5k2/8/8/8/8/4b3/8 b - - 0 125
draw by 50 move rule | 8/4RR2/8/7k/8/8/8/2K5 b - - 100 212
draw by 50 move rule | 6K1/8/4k3/2b1n3/4q3/8/8/8 w - - 100 175
draw by insufficient material | 8/7K/8/8/8/8/8/3k4 w - - 0 189
draw by insufficient material | 8/1k2K3/4N3/8/8/8/6b1/8 w - - 0 183
draw by insufficient material | 8/8/8/8/4K3/8/5k2/8 b - - 0 190
draw by insufficient material | 8/7b/1k2K3/8/8/8/8/8 b - - 0 206
white win | 1n6/4Q3/4kBP1/6p1/3pP2P/3q4/P5b1/6K1 b - - 0 62
draw by stalemate | 8/6k1/3q4/7r/K2n4/8/8/8 w - - 9 159
draw by insufficient material | k7/8/8/3K4/8/8/8/1b6 w - - 0 182
draw by insufficient material | 8/8/8/8/6k1/8/8/7K w - - 0 160
draw by 50 move rule | 8/6K1/1p6/1P6/8/q7/8/3k4 b - - 100 198
draw by 50 move rule | 7k/8/8/5R2/8/8/8/6K1 b - - 100 264
draw by insufficient material | 8/8/8/8/5k2/8/6K1/8 b - - 0 304
draw by insufficient material | 8/1k6/7N/1K6/8/8/8/8 w - - 0 168
draw by insufficient material | 8/8/7k/8/8/8/1K6/5B2 w - - 0 175
draw by insufficient material | 8/8/3b4/8/4k3/8/3K4/8 b - - 0 188
draw by insufficient material | 2k5/8/8/1B6/8/3K4/8/8 w - - 0 281
black win | 8/2Q1N1k1/N7/7p/3P1p2/2bb1P2/8/2K3r1 w - - 9 84
draw by insufficient material | 8/6k1/1K6/8/8/8/8/8 b - - 0 188
draw by 50 move rule | 8/8/6k1/6p1/6P1/5r2/6K1/8 b - - 100 188
draw by 50 move rule | 8/6r1/8/1K6/4k3/8/8/8 w - - 100 196
draw by insufficient material | 3K4/2B5/6k1/8/8/8/2b5/8 w - - 0 225
draw by 50 move rule | 2B5/8/8/7k/7p/4K2P/8/8 w - - 100 205
draw by stalemate | 7k/6n1/7p/7P/2r5/1q6/8/K7 w - - 40 126
draw by insufficient material | 5K2/8/8/8/8/2k5/8/8 w - - 0 167
draw by insufficient material | 8/8/8/8/8/8/1k3K2/8 b - - 0 256
draw by insufficient material | 3N4/8/8/K6k/8/8/8/7n w - - 0 143
draw by stalemate | 8/8/6p1/5n2/4p3/r4k2/5r1b/7K w - - 10 106
draw by insufficient material | 6KN/8/8/3k4/8/8/8/8 b - - 0 197
draw by 50 move rule | 8/5R2/8/8/8/1k1K4/8/8 w - - 100 166
white win | 1N1k4/3Q4/8/8/8/8/8/7K b - - 10 196
draw by insufficient material | 7N/8/6K1/8/4k3/8/8/8 b - - 0 223
draw by insufficient material | 7K/8/8/8/8/8/8/4kn2 w - - 0 128
draw by 50 move rule | 8/1Nk5/8/8/5B2/8/6K1/8 b - - 100 206
draw by insufficient material | 8/8/4N3/4K3/8/8/8/n5k1 w - - 0 168
draw by insufficient material | 2n1N3/k7/8/8/8/8/K7/8 b - - 0 171
black win | 5b2/p2rp1R1/3NP2k/P7/1pbp2P1/1P5P/n3q1B1/1R1KB3 w - - 2 44
draw by insufficient material | 2b3k1/4K3/8/8/8/8/8/8 w - - 0 214
white win | 4R3/2bk4/1P6/pB1K4/P7/8/7b/4N3 b - - 16 105
draw by insufficient material | 8/8/8/k7/8/8/3K3b/8 b - - 0 227
white win | 4k1Q1/8/2PB3p/r4n1P/p1KN3r/P7/1N2n3/8 b - - 4 87
draw by stalemate | 5bk1/8/8/8/1r5p/7K/1p1r4/6q1 w - - 0 116
white win | r1bqkbnr/2ppp3/2n2pBp/p7/Pp1PPP2/8/1PPN2PP/R1BQK1NR b KQkq - 0 10
draw by 50 move rule | 8/3k1B2/8/7p/7P/2B5/2K5/8 b - - 100 149
draw by insufficient material | 8/8/7k/8/8/8/8/1K6 b - - 0 222
draw by insufficient material | 8/8/8/2B5/K7/8/8/1k6 w - - 0 218
draw by insufficient material | 8/8/8/5k2/8/4K3/8/8 w - - 0 204
draw by insufficient material | 4K3/8/8/7k/8/8/8/8 b - - 0 276
draw by 50 move rule | 8/8/8/8/8/2p1K3/2P5/1k6 w - - 100 169
white win | 1nR1k1nr/4p1bp/1p2P3/1p1p2pb/1p1P1PpP/r4Nq1/PQ1B4/3K3R b - - 1 35
draw by 50 move rule | 1K6/3R4/4P3/1k6/8/8/8/4B3 b - - 100 168
draw by insufficient material | 8/4K3/8/2k5/8/7b/8/8 b - - 0 191
draw by insufficient material | 8/8/8/8/N3K3/k6b/8/8 b - - 0 168
white win | 1k4R1/8/2K2p2/3P1P1N/R1P5/8/7p/8 b - - 0 120
draw by insufficient material | 8/8/8/7k/1n6/8/8/5K2 w - - 0 116
draw by 50 move rule | 8/1b1k4/8/8/7p/7P/1K6/8 b - - 100 205
draw by insufficient material | N7/8/8/3k4/8/8/5K2/6n1 w - - 0 150
draw by stalemate | 3r4/1k6/8/p7/8/8/q7/2K5 w - - 22 139
draw by insufficient material | 8/8/8/8/8/7K/4k3/8 b - - 0 194
draw by insufficient material | 8/1k6/8/8/8/8/4K3/8 w - - 0 161
draw by insufficient material | 8/6K1/8/8/8/8/1k6/8 w - - 0 201
draw by insufficient material | 8/8/8/8/7k/8/2K5/8 b - - 0 167
draw by 50 move rule | 8/7b/3K4/8/8/1k6/5n2/8 b - - 100 325
draw by insufficient material | 7k/8/8/5K2/8/8/8/8 b - - 0 288
draw by insufficient material | 8/8/6k1/8/1K5n/8/8/8 b - - 0 200
black win | 8/4k3/7K/2p5/8/8/bb5r/6r1 w - - 22 166
draw by insufficient material | 8/8/8/8/8/5K2/1k6/8 b - - 0 174
draw by insufficient material | 1B6/8/8/6Kn/8/8/8/6k1 b - - 0 109
draw by insufficient material | 6N1/4n3/8/8/8/8/2k5/5K2 b - - 0 178
draw by 50 move rule | 2Q5/8/8/4k3/K7/8/8/8 w - - 100 211
draw by insufficient material | 1k6/8/8/8/7n/2B5/8/5K2 w - - 0 109
draw by insufficient material | 4K3/8/7B/8/6k1/1n6/8/8 b - - 0 226
draw by 50 move rule | 8/8/4K3/Q3N3/8/8/5k2/8 b - - 100 184
draw by insufficient material | k7/8/8/8/8/8/1K6/8 b - - 0 241
draw by 50 move rule | 8/8/7p/1K5P/8/2k5/8/8 b - - 100 210
draw by insufficient material | 8/8/8/8/4k3/8/4K3/8 w - - 0 140
draw by insufficient material | 1N3k2/8/8/8/5K2/8/8/8 b - - 0 118
draw by stalemate | 6k1/8/8/8/3b1p2/8/r7/7K w - - 76 193
white win | 1k4R1/3R4/5p2/4P3/2BK1p1p/4N3/1r5R/3N4 b - - 0 95
draw by 50 move rule | 4k3/8/8/8/1K6/2rr4/8/8 b - - 100 192
draw by 50 move rule | 8/6R1/2K5/8/4B3/8/1k6/8 w - - 100 279
draw by stalemate | 8/5k2/p7/P3p3/2q5/K1p5/5r1p/2r5 w - - 0 106
draw by insufficient material | 8/4K3/1k6/8/8/8/8/1n6 b - - 0 128
white win | 2R1k3/4P3/5P2/4N2P/5P2/1P6/pP4K1/6Q1 b - - 0 73
draw by insufficient material | 8/8/8/1N3K2/8/8/8/4k3 w - - 0 158
draw by insufficient material | 1N6/4b3/8/8/5k2/8/6K1/8 b - - 0 105
draw by insufficient material | 8/8/8/8/5K2/k1N5/8/8 w - - 0 238
draw by insufficient material | 8/6k1/n7/8/8/1K6/N7/8 w - - 0 183
draw by insufficient material | 8/8/8/6K1/8/4k3/8/4b3 w - - 0 211
draw by insufficient material | 2k5/4K3/8/8/b7/4B3/8/8 b - - 0 165
draw by 50 move rule | 3K4/8/8/8/8/nr5k/8/8 w - - 100 174
white win | rk1R4/p4B1P/P4P2/1N6/5PB1/8/8/6K1 b - - 0 100
black win | 8/8/2Pk2r1/8/8/8/1p3R2/3q1K2 w - - 2 111
draw by insufficient material | 2K5/8/4k3/8/8/8/8/3n4 w - - 0 150
draw by insufficient material | 8/8/k7/8/8/8/K7/8 b - - 0 172
draw by insufficient material | 2K5/7k/8/8/8/8/8/8 b - - 0 198
draw by 50 move rule | 8/3k4/7K/7r/8/8/8/2r5 w - - 100 207
draw by insufficient material | 7k/8/8/8/4N3/7K/8/8 b - - 0 197
draw by insufficient material | 6N1/8/8/3K4/8/7k/8/8 w - - 0 186
draw by threefold repitition | 8/2k5/8/7p/p6P/P7/8/7K w - - 94 158
white win | 3B4/6b1/2P2k2/p1Q5/P1B2P1P/4n3/2N1K3/6R1 b - - 3 118
draw by insufficient material | 8/8/8/8/8/2k5/8/7K w - - 0 145
draw by insufficient material | k7/8/8/7K/8/8/6b1/8 b - - 0 171
draw by stalemate | 5K1k/7p/7P/8/8/8/8/8 b - - 30 116
draw by insufficient material | 8/5k2/8/8/4B3/8/8/1K6 b - - 0 141
draw by insufficient material | 8/8/b7/8/2k5/8/6K1/8 w - - 0 226
draw by insufficient material | 8/8/1k6/8/8/5K2/8/8 w - - 0 196
draw by insufficient material | 8/1K6/3b4/8/6k1/3B4/8/8 b - - 0 183
draw by stalemate | 8/8/1P4R1/4K3/8/4k3/2R5/3Q4 b - - 42 188
draw by insufficient material | 8/3k4/8/8/8/2K5/8/8 w - - 0 157
draw by stalemate | 5R2/7B/N7/8/7P/p1K5/k5N1/7R b - - 1 149
draw by insufficient material | 2B5/8/8/8/5K1k/2n5/8/8 b - - 0 184
draw by insufficient material | 8/k7/2B5/8/3b4/8/8/K7 w - - 0 166
draw by 50 move rule | 8/3K2k1/2B5/8/8/5B2/8/8 b - - 100 254
draw by insufficient material | 8/8/7k/8/8/8/4K3/8 b - - 0 178
draw by 50 move rule | 8/3nR3/k7/8/6P1/8/6K1/8 b - - 100 176
draw by 50 move rule | 2K5/RN6/8/8/8/8/8/5k2 b - - 100 175
black win | 3k3N/8/1p1p3n/4r3/7P/4R3/R3PPqN/6Kb w - - 15 57
draw by stalemate | 7K/4r3/2k5/8/8/1b5p/8/8 w - - 59 170
draw by insufficient material | 8/8/8/8/3nk3/2K5/8/8 b - - 0 173
draw by insufficient material | 3k4/8/8/2n5/4N3/8/3K4/8 w - - 0 175
draw by insufficient material | 8/8/8/8/1K6/5k2/8/8 b - - 0 195
draw by 50 move rule | 2K5/8/8/2N1p3/R3P3/2k5/8/8 b - - 100 173
draw by 50 move rule | 8/8/8/p6K/P7/8/2B5/5k2 b - - 100 175
draw by insufficient material | 4k3/8/8/8/8/8/8/1n3K2 w - - 0 128
draw by 50 move rule | 1B3k2/8/8/8/8/1K6/5N2/8 b - - 100 191
white win | 1N1k2Q1/7B/3P3p/p2r4/P4n2/4P3/8/5nK1 b - - 0 68
draw by insufficient material | k7/8/8/8/6K1/n7/8/8 b - - 0 188
white win | 8/5N2/p1B2Rp1/P3k1P1/1Q6/7p/2r4P/4K3 b - - 21 87
draw by threefold repitition | 8/4BN2/8/8/6k1/8/8/5QK1 w - - 37 156
white win | 2r3k1/5Q2/8/4N3/8/p4n1R/R7/1N1K4 b - - 3 86
draw by insufficient material | 8/8/1kB5/5b2/8/8/8/7K w - - 0 162
black win | 3b4/8/8/3P4/8/4k3/8/1r2K3 w - - 1 113
draw by insufficient material | 8/8/8/8/8/k7/3K4/8 w - - 0 206
white win | r1b2qnr/pppp4/4pp1p/1B1k2p1/1b1Q2PP/2P1PP2/PB6/RN2K1NR b KQ - 0 12
draw by insufficient material | 8/8/k7/8/8/8/1B6/4K3 w - - 0 208
draw by stalemate | 8/5R2/7k/2P4P/1BP4K/8/8/4N3 b - - 8 108
draw by 50 move rule | 8/2K5/8/1k6/8/8/7r/8 w - - 100 168
draw by insufficient material | 3N4/8/8/8/3K4/8/8/3k4 w - - 0 154
draw by 50 move rule | 8/4k3/p7/P7/4b3/8/1R6/2K5 b - - 100 196
draw by stalemate | 8/8/2Kbk3/8/8/1r4p1/8/8 w - - 30 153
draw by threefold repitition | 4k3/8/p7/P1K5/8/8/8/8 b - - 30 168
draw by insufficient material | 8/2B3k1/8/8/8/1K6/8/6n1 w - - 0 146
draw by insufficient material | 8/1N6/K7/8/6k1/8/8/8 w - - 0 227
draw by 50 move rule | 1r6/8/3n4/8/8/4k3/8/K7 w - - 100 220
black win | 8/8/1P6/4kN2/2pR1pB1/5P1p/PBRP3P/2K3r1 w - - 2 61
draw by stalemate | 8/8/6P1/6B1/5K2/8/5Q2/7k b - - 14 114
draw by 50 move rule | 8/8/4k2R/8/8/8/8/7K b - - 100 180
white win | bnRnkQ2/8/p1P2p1p/P7/2Bp1N2/B1PP1p2/7R/3K4 b - - 0 42
draw by insufficient material | 2N5/5k2/8/8/3K4/8/8/8 b - - 0 212
